{"timestamp":"2025-06-22T09:38:10.874865","level":"info","event":"DAG bundles loaded: dags-folder","logger":"airflow.dag_processing.bundles.manager.DagBundlesManager"}
{"timestamp":"2025-06-22T09:38:10.875294","level":"info","event":"Filling up the DagBag from /opt/airflow/dags/wiki_monitoring.py","logger":"airflow.models.dagbag.DagBag"}
{"timestamp":"2025-06-22T09:38:10.989427","level":"info","event":"Topic wiki_edits already exists","logger":"unusual_prefix_05f7c68866a4b9981d661b83f7c582db0b838856_wiki_monitoring"}
{"timestamp":"2025-06-22T09:38:10.989498","level":"info","event":"---------------topic metadata created------------------","logger":"unusual_prefix_05f7c68866a4b9981d661b83f7c582db0b838856_wiki_monitoring"}
{"timestamp":"2025-06-22T09:38:11.990786","level":"info","event":"----------------Processing messages: None------------","logger":"unusual_prefix_05f7c68866a4b9981d661b83f7c582db0b838856_wiki_monitoring"}
{"timestamp":"2025-06-22T09:38:12.991295","level":"info","event":"----------------Processing messages: None------------","logger":"unusual_prefix_05f7c68866a4b9981d661b83f7c582db0b838856_wiki_monitoring"}
{"timestamp":"2025-06-22T09:38:13.991552","level":"info","event":"----------------Processing messages: None------------","logger":"unusual_prefix_05f7c68866a4b9981d661b83f7c582db0b838856_wiki_monitoring"}
{"timestamp":"2025-06-22T09:38:14.991823","level":"info","event":"----------------Processing messages: None------------","logger":"unusual_prefix_05f7c68866a4b9981d661b83f7c582db0b838856_wiki_monitoring"}
{"timestamp":"2025-06-22T09:38:15.992185","level":"info","event":"----------------Processing messages: None------------","logger":"unusual_prefix_05f7c68866a4b9981d661b83f7c582db0b838856_wiki_monitoring"}
{"timestamp":"2025-06-22T09:38:16.992434","level":"info","event":"----------------Processing messages: None------------","logger":"unusual_prefix_05f7c68866a4b9981d661b83f7c582db0b838856_wiki_monitoring"}
{"timestamp":"2025-06-22T09:38:17.992671","level":"info","event":"----------------Processing messages: None------------","logger":"unusual_prefix_05f7c68866a4b9981d661b83f7c582db0b838856_wiki_monitoring"}
{"timestamp":"2025-06-22T09:38:18.992950","level":"info","event":"----------------Processing messages: None------------","logger":"unusual_prefix_05f7c68866a4b9981d661b83f7c582db0b838856_wiki_monitoring"}
{"timestamp":"2025-06-22T09:38:19.993219","level":"info","event":"----------------Processing messages: None------------","logger":"unusual_prefix_05f7c68866a4b9981d661b83f7c582db0b838856_wiki_monitoring"}
{"timestamp":"2025-06-22T09:38:20.993646","level":"info","event":"----------------Processing messages: None------------","logger":"unusual_prefix_05f7c68866a4b9981d661b83f7c582db0b838856_wiki_monitoring"}
{"timestamp":"2025-06-22T09:38:21.068613Z","level":"error","event":"%6|1750585101.068|FAIL|rdkafka#consumer-2| [thrd:kafka:9092/bootstrap]: kafka:9092/1: Disconnected (after 10076ms in state UP)","chan":"stderr","logger":"task"}
{"timestamp":"2025-06-22T09:38:21.069520Z","level":"error","event":"%6|1750585101.069|FAIL|rdkafka#consumer-2| [thrd:GroupCoordinator]: GroupCoordinator: kafka:9092: Disconnected (after 10076ms in state UP)","chan":"stderr","logger":"task"}
{"timestamp":"2025-06-22T09:38:21.071320Z","level":"error","event":"%3|1750585101.070|FAIL|rdkafka#consumer-2| [thrd:GroupCoordinator]: GroupCoordinator: kafka:9092: Connect to ipv4#172.19.0.7:9092 failed: Connection refused (after 0ms in state CONNECT)","chan":"stderr","logger":"task"}
{"timestamp":"2025-06-22T09:38:21.071677Z","level":"error","event":"%6|1750585101.070|FAIL|rdkafka#producer-1| [thrd:kafka:9092/bootstrap]: kafka:9092/1: Disconnected (after 10081ms in state UP)","chan":"stderr","logger":"task"}
{"timestamp":"2025-06-22T09:38:21.072098Z","level":"error","event":"%3|1750585101.070|FAIL|rdkafka#consumer-2| [thrd:kafka:9092/bootstrap]: kafka:9092/1: Connect to ipv4#172.19.0.7:9092 failed: Connection refused (after 0ms in state CONNECT)","chan":"stderr","logger":"task"}
{"timestamp":"2025-06-22T09:38:21.180571Z","level":"error","event":"%3|1750585101.180|FAIL|rdkafka#consumer-2| [thrd:kafka:9092/bootstrap]: kafka:9092/1: Connect to ipv4#172.19.0.7:9092 failed: Connection refused (after 0ms in state CONNECT, 1 identical error(s) suppressed)","chan":"stderr","logger":"task"}
{"timestamp":"2025-06-22T09:38:21.300495Z","level":"error","event":"%3|1750585101.300|FAIL|rdkafka#consumer-2| [thrd:GroupCoordinator]: GroupCoordinator: kafka:9092: Connect to ipv4#172.19.0.7:9092 failed: Connection refused (after 0ms in state CONNECT, 1 identical error(s) suppressed)","chan":"stderr","logger":"task"}
{"timestamp":"2025-06-22T09:38:21.988187Z","level":"error","event":"%3|1750585101.988|FAIL|rdkafka#producer-1| [thrd:kafka:9092/bootstrap]: kafka:9092/1: Connect to ipv4#172.19.0.7:9092 failed: Connection refused (after 0ms in state CONNECT)","chan":"stderr","logger":"task"}
{"timestamp":"2025-06-22T09:38:21.994062","level":"info","event":"----------------Processing messages: None------------","logger":"unusual_prefix_05f7c68866a4b9981d661b83f7c582db0b838856_wiki_monitoring"}
{"timestamp":"2025-06-22T09:38:22.994402","level":"info","event":"----------------Processing messages: None------------","logger":"unusual_prefix_05f7c68866a4b9981d661b83f7c582db0b838856_wiki_monitoring"}
{"timestamp":"2025-06-22T09:38:23.994630","level":"info","event":"----------------Processing messages: None------------","logger":"unusual_prefix_05f7c68866a4b9981d661b83f7c582db0b838856_wiki_monitoring"}
{"timestamp":"2025-06-22T09:38:24.994872","level":"info","event":"----------------Processing messages: None------------","logger":"unusual_prefix_05f7c68866a4b9981d661b83f7c582db0b838856_wiki_monitoring"}
{"timestamp":"2025-06-22T09:38:25.995112","level":"info","event":"----------------Processing messages: None------------","logger":"unusual_prefix_05f7c68866a4b9981d661b83f7c582db0b838856_wiki_monitoring"}
{"timestamp":"2025-06-22T09:38:26.995357","level":"info","event":"----------------Processing messages: None------------","logger":"unusual_prefix_05f7c68866a4b9981d661b83f7c582db0b838856_wiki_monitoring"}
{"timestamp":"2025-06-22T09:38:27.995614","level":"info","event":"----------------Processing messages: None------------","logger":"unusual_prefix_05f7c68866a4b9981d661b83f7c582db0b838856_wiki_monitoring"}
{"timestamp":"2025-06-22T09:38:28.995851","level":"info","event":"----------------Processing messages: None------------","logger":"unusual_prefix_05f7c68866a4b9981d661b83f7c582db0b838856_wiki_monitoring"}
{"timestamp":"2025-06-22T09:38:29.996091","level":"info","event":"----------------Processing messages: None------------","logger":"unusual_prefix_05f7c68866a4b9981d661b83f7c582db0b838856_wiki_monitoring"}
