{"timestamp":"2025-06-26T09:51:53.377310","level":"info","event":"DAG bundles loaded: dags-folder","logger":"airflow.dag_processing.bundles.manager.DagBundlesManager"}
{"timestamp":"2025-06-26T09:51:53.377779","level":"info","event":"Filling up the DagBag from /opt/airflow/dags/wiki_monitoring.py","logger":"airflow.models.dagbag.DagBag"}
{"timestamp":"2025-06-26T09:51:53.507030","level":"info","event":"Topic wiki_edits already exists","logger":"unusual_prefix_05f7c68866a4b9981d661b83f7c582db0b838856_wiki_monitoring"}
{"timestamp":"2025-06-26T09:51:53.507118","level":"info","event":"---------------topic metadata created------------------","logger":"unusual_prefix_05f7c68866a4b9981d661b83f7c582db0b838856_wiki_monitoring"}
{"timestamp":"2025-06-26T09:51:56.668816","level":"info","event":"----------------Processing messages: <cimpl.Message object at 0x7fa5708be540>------------","logger":"unusual_prefix_05f7c68866a4b9981d661b83f7c582db0b838856_wiki_monitoring"}
{"timestamp":"2025-06-26T09:51:56.669073","level":"info","event":"-----------edit: {'title': 'Qualifikation zum ICC Men’s T20 World Cup 2026', 'user': 'Becksperson', 'is_bot': False, 'server_name': 'de.wikipedia.org', 'timestamp': 1750771595}-------------","logger":"unusual_prefix_05f7c68866a4b9981d661b83f7c582db0b838856_wiki_monitoring"}
{"timestamp":"2025-06-26T09:51:56.675987","level":"info","event":"----------------Processing messages: <cimpl.Message object at 0x7fa5708bf0c0>------------","logger":"unusual_prefix_05f7c68866a4b9981d661b83f7c582db0b838856_wiki_monitoring"}
{"timestamp":"2025-06-26T09:51:56.676149","level":"info","event":"-----------edit: {'title': 'Template:CHIf2', 'user': '影佑樹', 'is_bot': False, 'server_name': 'ja.wikipedia.org', 'timestamp': 1750771598}-------------","logger":"unusual_prefix_05f7c68866a4b9981d661b83f7c582db0b838856_wiki_monitoring"}
{"timestamp":"2025-06-26T09:51:56.679558","level":"info","event":"----------------Processing messages: <cimpl.Message object at 0x7fa5708bf440>------------","logger":"unusual_prefix_05f7c68866a4b9981d661b83f7c582db0b838856_wiki_monitoring"}
{"timestamp":"2025-06-26T09:51:56.679693","level":"info","event":"-----------edit: {'title': 'Didemnidae', 'user': 'OAbot', 'is_bot': True, 'server_name': 'en.wikipedia.org', 'timestamp': 1750771595}-------------","logger":"unusual_prefix_05f7c68866a4b9981d661b83f7c582db0b838856_wiki_monitoring"}
{"timestamp":"2025-06-26T09:51:56.682743","level":"info","event":"----------------Processing messages: <cimpl.Message object at 0x7fa5708bf9c0>------------","logger":"unusual_prefix_05f7c68866a4b9981d661b83f7c582db0b838856_wiki_monitoring"}
{"timestamp":"2025-06-26T09:51:56.682874","level":"info","event":"-----------edit: {'title': 'File:Luis Otero, 1925.png', 'user': 'BotMultichillT', 'is_bot': True, 'server_name': 'commons.wikimedia.org', 'timestamp': 1750771599}-------------","logger":"unusual_prefix_05f7c68866a4b9981d661b83f7c582db0b838856_wiki_monitoring"}
{"timestamp":"2025-06-26T09:51:56.686160","level":"info","event":"----------------Processing messages: <cimpl.Message object at 0x7fa5708bfb40>------------","logger":"unusual_prefix_05f7c68866a4b9981d661b83f7c582db0b838856_wiki_monitoring"}
{"timestamp":"2025-06-26T09:51:56.686302","level":"info","event":"-----------edit: {'title': 'File:Thirparappu waterfalls in Thamilnadu (76942).jpg', 'user': 'SchlurcherBot', 'is_bot': True, 'server_name': 'commons.wikimedia.org', 'timestamp': 1750771599}-------------","logger":"unusual_prefix_05f7c68866a4b9981d661b83f7c582db0b838856_wiki_monitoring"}
{"timestamp":"2025-06-26T09:51:56.690665","level":"info","event":"----------------Processing messages: <cimpl.Message object at 0x7fa5708bf9c0>------------","logger":"unusual_prefix_05f7c68866a4b9981d661b83f7c582db0b838856_wiki_monitoring"}
{"timestamp":"2025-06-26T09:51:56.690814","level":"info","event":"-----------edit: {'title': 'Q414748', 'user': 'Logjohn', 'is_bot': False, 'server_name': 'www.wikidata.org', 'timestamp': 1750771599}-------------","logger":"unusual_prefix_05f7c68866a4b9981d661b83f7c582db0b838856_wiki_monitoring"}
{"timestamp":"2025-06-26T09:51:56.693833","level":"info","event":"----------------Processing messages: <cimpl.Message object at 0x7fa5708bfb40>------------","logger":"unusual_prefix_05f7c68866a4b9981d661b83f7c582db0b838856_wiki_monitoring"}
{"timestamp":"2025-06-26T09:51:56.693971","level":"info","event":"-----------edit: {'title': '10月23日', 'user': 'Aronlee90', 'is_bot': False, 'server_name': 'zh.wikipedia.org', 'timestamp': 1750771598}-------------","logger":"unusual_prefix_05f7c68866a4b9981d661b83f7c582db0b838856_wiki_monitoring"}
{"timestamp":"2025-06-26T09:51:56.697216","level":"info","event":"----------------Processing messages: <cimpl.Message object at 0x7fa5708bf6c0>------------","logger":"unusual_prefix_05f7c68866a4b9981d661b83f7c582db0b838856_wiki_monitoring"}
{"timestamp":"2025-06-26T09:51:56.697361","level":"info","event":"-----------edit: {'title': 'Category:チリのスポーツ関連のテンプレート', 'user': '影佑樹', 'is_bot': False, 'server_name': 'ja.wikipedia.org', 'timestamp': 1750771598}-------------","logger":"unusual_prefix_05f7c68866a4b9981d661b83f7c582db0b838856_wiki_monitoring"}
{"timestamp":"2025-06-26T09:51:56.700850","level":"info","event":"----------------Processing messages: <cimpl.Message object at 0x7fa5708bf240>------------","logger":"unusual_prefix_05f7c68866a4b9981d661b83f7c582db0b838856_wiki_monitoring"}
{"timestamp":"2025-06-26T09:51:56.700987","level":"info","event":"-----------edit: {'title': 'Ρεθυμνιακός Α.Ο.', 'user': 'Eranistis1908', 'is_bot': False, 'server_name': 'el.wikipedia.org', 'timestamp': 1750771599}-------------","logger":"unusual_prefix_05f7c68866a4b9981d661b83f7c582db0b838856_wiki_monitoring"}
{"timestamp":"2025-06-26T09:51:56.704453","level":"info","event":"----------------Processing messages: <cimpl.Message object at 0x7fa5708be940>------------","logger":"unusual_prefix_05f7c68866a4b9981d661b83f7c582db0b838856_wiki_monitoring"}
{"timestamp":"2025-06-26T09:51:56.704632","level":"info","event":"-----------edit: {'title': 'Участник:Leokand', 'user': 'Drakosh', 'is_bot': False, 'server_name': 'ru.wikipedia.org', 'timestamp': 1750771598}-------------","logger":"unusual_prefix_05f7c68866a4b9981d661b83f7c582db0b838856_wiki_monitoring"}
{"timestamp":"2025-06-26T09:51:56.707861","level":"info","event":"----------------Processing messages: <cimpl.Message object at 0x7fa5708bfec0>------------","logger":"unusual_prefix_05f7c68866a4b9981d661b83f7c582db0b838856_wiki_monitoring"}
{"timestamp":"2025-06-26T09:51:56.708116","level":"info","event":"-----------edit: {'title': 'List of black Academy Award winners and nominees', 'user': 'Ebernardez', 'is_bot': False, 'server_name': 'en.wikipedia.org', 'timestamp': 1750771596}-------------","logger":"unusual_prefix_05f7c68866a4b9981d661b83f7c582db0b838856_wiki_monitoring"}
{"timestamp":"2025-06-26T09:51:56.711649","level":"info","event":"----------------Processing messages: <cimpl.Message object at 0x7fa5708f8140>------------","logger":"unusual_prefix_05f7c68866a4b9981d661b83f7c582db0b838856_wiki_monitoring"}
{"timestamp":"2025-06-26T09:51:56.711779","level":"info","event":"-----------edit: {'title': 'File:ÖBB Mureck Schreiner (66) (45044408735).jpg', 'user': 'Emijrpbot', 'is_bot': True, 'server_name': 'commons.wikimedia.org', 'timestamp': 1750771599}-------------","logger":"unusual_prefix_05f7c68866a4b9981d661b83f7c582db0b838856_wiki_monitoring"}
{"timestamp":"2025-06-26T09:51:56.714910","level":"info","event":"----------------Processing messages: <cimpl.Message object at 0x7fa5708f83c0>------------","logger":"unusual_prefix_05f7c68866a4b9981d661b83f7c582db0b838856_wiki_monitoring"}
{"timestamp":"2025-06-26T09:51:56.715057","level":"info","event":"-----------edit: {'title': 'File:La Clef des chansonniers ou Recueil des Vaudevilles depuis cent ans et plus, notez et recueillis pour la première fois par J. B. Christophe Ballard... Tome I - bpt6k3261425 (222 of 324).jpg', 'user': 'Gzen92Bot', 'is_bot': True, 'server_name': 'commons.wikimedia.org', 'timestamp': 1750771598}-------------","logger":"unusual_prefix_05f7c68866a4b9981d661b83f7c582db0b838856_wiki_monitoring"}
{"timestamp":"2025-06-26T09:51:56.718159","level":"info","event":"----------------Processing messages: <cimpl.Message object at 0x7fa5708f8540>------------","logger":"unusual_prefix_05f7c68866a4b9981d661b83f7c582db0b838856_wiki_monitoring"}
{"timestamp":"2025-06-26T09:51:56.718290","level":"info","event":"-----------edit: {'title': 'Q414748', 'user': 'Logjohn', 'is_bot': False, 'server_name': 'www.wikidata.org', 'timestamp': 1750771599}-------------","logger":"unusual_prefix_05f7c68866a4b9981d661b83f7c582db0b838856_wiki_monitoring"}
{"timestamp":"2025-06-26T09:51:56.721561","level":"info","event":"----------------Processing messages: <cimpl.Message object at 0x7fa5708f8740>------------","logger":"unusual_prefix_05f7c68866a4b9981d661b83f7c582db0b838856_wiki_monitoring"}
{"timestamp":"2025-06-26T09:51:56.721718","level":"info","event":"-----------edit: {'title': 'File:Lille mon morts face.jpg', 'user': 'Totorvdr59', 'is_bot': False, 'server_name': 'commons.wikimedia.org', 'timestamp': 1750771598}-------------","logger":"unusual_prefix_05f7c68866a4b9981d661b83f7c582db0b838856_wiki_monitoring"}
{"timestamp":"2025-06-26T09:51:56.724665","level":"info","event":"----------------Processing messages: <cimpl.Message object at 0x7fa5708f8940>------------","logger":"unusual_prefix_05f7c68866a4b9981d661b83f7c582db0b838856_wiki_monitoring"}
{"timestamp":"2025-06-26T09:51:56.724802","level":"info","event":"-----------edit: {'title': 'Аспромонте (национальный парк)', 'user': 'KristinaKovalenko', 'is_bot': False, 'server_name': 'ru.wikipedia.org', 'timestamp': 1750771597}-------------","logger":"unusual_prefix_05f7c68866a4b9981d661b83f7c582db0b838856_wiki_monitoring"}
{"timestamp":"2025-06-26T09:51:56.727558","level":"info","event":"----------------Processing messages: <cimpl.Message object at 0x7fa5708f8dc0>------------","logger":"unusual_prefix_05f7c68866a4b9981d661b83f7c582db0b838856_wiki_monitoring"}
{"timestamp":"2025-06-26T09:51:56.727689","level":"info","event":"-----------edit: {'title': 'Jeisyville, Illinois', 'user': 'ListeriaBot', 'is_bot': True, 'server_name': 'cy.wikipedia.org', 'timestamp': 1750771598}-------------","logger":"unusual_prefix_05f7c68866a4b9981d661b83f7c582db0b838856_wiki_monitoring"}
{"timestamp":"2025-06-26T09:51:56.730542","level":"info","event":"----------------Processing messages: <cimpl.Message object at 0x7fa5708f8fc0>------------","logger":"unusual_prefix_05f7c68866a4b9981d661b83f7c582db0b838856_wiki_monitoring"}
{"timestamp":"2025-06-26T09:51:56.730659","level":"info","event":"-----------edit: {'title': 'Category:Noindexed pages', 'user': 'Proscribe', 'is_bot': False, 'server_name': 'en.wikipedia.org', 'timestamp': 1750771595}-------------","logger":"unusual_prefix_05f7c68866a4b9981d661b83f7c582db0b838856_wiki_monitoring"}
{"timestamp":"2025-06-26T09:51:56.733683","level":"info","event":"----------------Processing messages: <cimpl.Message object at 0x7fa5708be940>------------","logger":"unusual_prefix_05f7c68866a4b9981d661b83f7c582db0b838856_wiki_monitoring"}
{"timestamp":"2025-06-26T09:51:56.733809","level":"info","event":"-----------edit: {'title': 'Category:Biography articles of living people', 'user': 'Proscribe', 'is_bot': False, 'server_name': 'en.wikipedia.org', 'timestamp': 1750771595}-------------","logger":"unusual_prefix_05f7c68866a4b9981d661b83f7c582db0b838856_wiki_monitoring"}
{"timestamp":"2025-06-26T09:51:56.736315","level":"info","event":"----------------Processing messages: <cimpl.Message object at 0x7fa5708bf040>------------","logger":"unusual_prefix_05f7c68866a4b9981d661b83f7c582db0b838856_wiki_monitoring"}
{"timestamp":"2025-06-26T09:51:56.736441","level":"info","event":"-----------edit: {'title': 'Henri de Lacaze-Duthiers', 'user': 'Jameslwoodward', 'is_bot': False, 'server_name': 'commons.wikimedia.org', 'timestamp': 1750771600}-------------","logger":"unusual_prefix_05f7c68866a4b9981d661b83f7c582db0b838856_wiki_monitoring"}
{"timestamp":"2025-06-26T09:51:56.739134","level":"info","event":"----------------Processing messages: <cimpl.Message object at 0x7fa5708bf0c0>------------","logger":"unusual_prefix_05f7c68866a4b9981d661b83f7c582db0b838856_wiki_monitoring"}
{"timestamp":"2025-06-26T09:51:56.739266","level":"info","event":"-----------edit: {'title': 'Category:Start-Class biography articles', 'user': 'Proscribe', 'is_bot': False, 'server_name': 'en.wikipedia.org', 'timestamp': 1750771595}-------------","logger":"unusual_prefix_05f7c68866a4b9981d661b83f7c582db0b838856_wiki_monitoring"}
{"timestamp":"2025-06-26T09:51:56.742030","level":"info","event":"----------------Processing messages: <cimpl.Message object at 0x7fa5708becc0>------------","logger":"unusual_prefix_05f7c68866a4b9981d661b83f7c582db0b838856_wiki_monitoring"}
{"timestamp":"2025-06-26T09:51:56.742159","level":"info","event":"-----------edit: {'title': 'Q414748', 'user': 'Logjohn', 'is_bot': False, 'server_name': 'www.wikidata.org', 'timestamp': 1750771600}-------------","logger":"unusual_prefix_05f7c68866a4b9981d661b83f7c582db0b838856_wiki_monitoring"}
{"timestamp":"2025-06-26T09:51:56.745130","level":"info","event":"----------------Processing messages: <cimpl.Message object at 0x7fa5708bef40>------------","logger":"unusual_prefix_05f7c68866a4b9981d661b83f7c582db0b838856_wiki_monitoring"}
{"timestamp":"2025-06-26T09:51:56.745263","level":"info","event":"-----------edit: {'title': 'Catégorie:Portail:Années 2010/Articles liés', 'user': 'SenseiAC', 'is_bot': False, 'server_name': 'fr.wikipedia.org', 'timestamp': 1750771596}-------------","logger":"unusual_prefix_05f7c68866a4b9981d661b83f7c582db0b838856_wiki_monitoring"}
{"timestamp":"2025-06-26T09:51:56.748102","level":"info","event":"----------------Processing messages: <cimpl.Message object at 0x7fa5708bf540>------------","logger":"unusual_prefix_05f7c68866a4b9981d661b83f7c582db0b838856_wiki_monitoring"}
{"timestamp":"2025-06-26T09:51:56.748302","level":"info","event":"-----------edit: {'title': 'Io (moon)', 'user': '103.100.235.143', 'is_bot': False, 'server_name': 'en.wikipedia.org', 'timestamp': 1750771594}-------------","logger":"unusual_prefix_05f7c68866a4b9981d661b83f7c582db0b838856_wiki_monitoring"}
{"timestamp":"2025-06-26T09:51:56.751169","level":"info","event":"----------------Processing messages: <cimpl.Message object at 0x7fa5708bf7c0>------------","logger":"unusual_prefix_05f7c68866a4b9981d661b83f7c582db0b838856_wiki_monitoring"}
{"timestamp":"2025-06-26T09:51:56.751299","level":"info","event":"-----------edit: {'title': 'Category:Start-Class biography (actors and filmmakers) articles', 'user': 'Proscribe', 'is_bot': False, 'server_name': 'en.wikipedia.org', 'timestamp': 1750771595}-------------","logger":"unusual_prefix_05f7c68866a4b9981d661b83f7c582db0b838856_wiki_monitoring"}
{"timestamp":"2025-06-26T09:51:56.753864","level":"info","event":"----------------Processing messages: <cimpl.Message object at 0x7fa5708bfac0>------------","logger":"unusual_prefix_05f7c68866a4b9981d661b83f7c582db0b838856_wiki_monitoring"}
{"timestamp":"2025-06-26T09:51:56.753999","level":"info","event":"-----------edit: {'title': 'Q125522602', 'user': 'Reblip', 'is_bot': False, 'server_name': 'www.wikidata.org', 'timestamp': 1750771600}-------------","logger":"unusual_prefix_05f7c68866a4b9981d661b83f7c582db0b838856_wiki_monitoring"}
{"timestamp":"2025-06-26T09:51:56.756722","level":"info","event":"----------------Processing messages: <cimpl.Message object at 0x7fa57412d740>------------","logger":"unusual_prefix_05f7c68866a4b9981d661b83f7c582db0b838856_wiki_monitoring"}
{"timestamp":"2025-06-26T09:51:56.756855","level":"info","event":"-----------edit: {'title': 'Category:Unknown-importance biography (actors and filmmakers) articles', 'user': 'Proscribe', 'is_bot': False, 'server_name': 'en.wikipedia.org', 'timestamp': 1750771595}-------------","logger":"unusual_prefix_05f7c68866a4b9981d661b83f7c582db0b838856_wiki_monitoring"}
{"timestamp":"2025-06-26T09:51:56.759611","level":"info","event":"----------------Processing messages: <cimpl.Message object at 0x7fa5708f8e40>------------","logger":"unusual_prefix_05f7c68866a4b9981d661b83f7c582db0b838856_wiki_monitoring"}
{"timestamp":"2025-06-26T09:51:56.759744","level":"info","event":"-----------edit: {'title': 'Catégorie:Portail:XXIe siècle/Articles liés', 'user': 'SenseiAC', 'is_bot': False, 'server_name': 'fr.wikipedia.org', 'timestamp': 1750771596}-------------","logger":"unusual_prefix_05f7c68866a4b9981d661b83f7c582db0b838856_wiki_monitoring"}
{"timestamp":"2025-06-26T09:51:56.762664","level":"info","event":"----------------Processing messages: <cimpl.Message object at 0x7fa5708f8d40>------------","logger":"unusual_prefix_05f7c68866a4b9981d661b83f7c582db0b838856_wiki_monitoring"}
{"timestamp":"2025-06-26T09:51:56.762793","level":"info","event":"-----------edit: {'title': \"File:Lucifer's Loch - geograph.org.uk - 7825193.jpg\", 'user': 'GeographBot', 'is_bot': True, 'server_name': 'commons.wikimedia.org', 'timestamp': 1750771600}-------------","logger":"unusual_prefix_05f7c68866a4b9981d661b83f7c582db0b838856_wiki_monitoring"}
{"timestamp":"2025-06-26T09:51:56.765733","level":"info","event":"----------------Processing messages: <cimpl.Message object at 0x7fa5708f83c0>------------","logger":"unusual_prefix_05f7c68866a4b9981d661b83f7c582db0b838856_wiki_monitoring"}
{"timestamp":"2025-06-26T09:51:56.765854","level":"info","event":"-----------edit: {'title': 'Category:Actors and filmmakers work group articles', 'user': 'Proscribe', 'is_bot': False, 'server_name': 'en.wikipedia.org', 'timestamp': 1750771595}-------------","logger":"unusual_prefix_05f7c68866a4b9981d661b83f7c582db0b838856_wiki_monitoring"}
{"timestamp":"2025-06-26T09:51:56.768566","level":"info","event":"----------------Processing messages: <cimpl.Message object at 0x7fa5708f87c0>------------","logger":"unusual_prefix_05f7c68866a4b9981d661b83f7c582db0b838856_wiki_monitoring"}
{"timestamp":"2025-06-26T09:51:56.768688","level":"info","event":"-----------edit: {'title': 'Catégorie:Portail:Cinquième République/Articles liés', 'user': 'SenseiAC', 'is_bot': False, 'server_name': 'fr.wikipedia.org', 'timestamp': 1750771596}-------------","logger":"unusual_prefix_05f7c68866a4b9981d661b83f7c582db0b838856_wiki_monitoring"}
{"timestamp":"2025-06-26T09:51:56.771422","level":"info","event":"----------------Processing messages: <cimpl.Message object at 0x7fa5708bfac0>------------","logger":"unusual_prefix_05f7c68866a4b9981d661b83f7c582db0b838856_wiki_monitoring"}
{"timestamp":"2025-06-26T09:51:56.771554","level":"info","event":"-----------edit: {'title': 'Catégorie:Portail:Libéralisme/Articles liés', 'user': 'SenseiAC', 'is_bot': False, 'server_name': 'fr.wikipedia.org', 'timestamp': 1750771596}-------------","logger":"unusual_prefix_05f7c68866a4b9981d661b83f7c582db0b838856_wiki_monitoring"}
{"timestamp":"2025-06-26T09:51:56.774242","level":"info","event":"----------------Processing messages: <cimpl.Message object at 0x7fa5708bf740>------------","logger":"unusual_prefix_05f7c68866a4b9981d661b83f7c582db0b838856_wiki_monitoring"}
{"timestamp":"2025-06-26T09:51:56.774361","level":"info","event":"-----------edit: {'title': 'Category:Paintings of women', 'user': 'Doomhope', 'is_bot': False, 'server_name': 'en.wikipedia.org', 'timestamp': 1750771598}-------------","logger":"unusual_prefix_05f7c68866a4b9981d661b83f7c582db0b838856_wiki_monitoring"}
{"timestamp":"2025-06-26T09:51:56.777018","level":"info","event":"----------------Processing messages: <cimpl.Message object at 0x7fa5708bf640>------------","logger":"unusual_prefix_05f7c68866a4b9981d661b83f7c582db0b838856_wiki_monitoring"}
{"timestamp":"2025-06-26T09:51:56.777157","level":"info","event":"-----------edit: {'title': 'Category:Wikipedia requested photographs of actors and filmmakers', 'user': 'Proscribe', 'is_bot': False, 'server_name': 'en.wikipedia.org', 'timestamp': 1750771595}-------------","logger":"unusual_prefix_05f7c68866a4b9981d661b83f7c582db0b838856_wiki_monitoring"}
{"timestamp":"2025-06-26T09:51:56.780027","level":"info","event":"----------------Processing messages: <cimpl.Message object at 0x7fa5708bf5c0>------------","logger":"unusual_prefix_05f7c68866a4b9981d661b83f7c582db0b838856_wiki_monitoring"}
{"timestamp":"2025-06-26T09:51:56.780166","level":"info","event":"-----------edit: {'title': 'Morning Midas', 'user': 'Roupheinos', 'is_bot': False, 'server_name': 'de.wikipedia.org', 'timestamp': 1750771599}-------------","logger":"unusual_prefix_05f7c68866a4b9981d661b83f7c582db0b838856_wiki_monitoring"}
{"timestamp":"2025-06-26T09:51:56.782832","level":"info","event":"----------------Processing messages: <cimpl.Message object at 0x7fa5708bf9c0>------------","logger":"unusual_prefix_05f7c68866a4b9981d661b83f7c582db0b838856_wiki_monitoring"}
{"timestamp":"2025-06-26T09:51:56.782962","level":"info","event":"-----------edit: {'title': 'Category:Wikipedia requested photographs of people', 'user': 'Proscribe', 'is_bot': False, 'server_name': 'en.wikipedia.org', 'timestamp': 1750771595}-------------","logger":"unusual_prefix_05f7c68866a4b9981d661b83f7c582db0b838856_wiki_monitoring"}
{"timestamp":"2025-06-26T09:51:56.785615","level":"info","event":"----------------Processing messages: <cimpl.Message object at 0x7fa5708bfb40>------------","logger":"unusual_prefix_05f7c68866a4b9981d661b83f7c582db0b838856_wiki_monitoring"}
{"timestamp":"2025-06-26T09:51:56.785744","level":"info","event":"-----------edit: {'title': 'Category:WikiProject Biography articles', 'user': 'Proscribe', 'is_bot': False, 'server_name': 'en.wikipedia.org', 'timestamp': 1750771595}-------------","logger":"unusual_prefix_05f7c68866a4b9981d661b83f7c582db0b838856_wiki_monitoring"}
{"timestamp":"2025-06-26T09:51:56.788419","level":"info","event":"----------------Processing messages: <cimpl.Message object at 0x7fa5708bfdc0>------------","logger":"unusual_prefix_05f7c68866a4b9981d661b83f7c582db0b838856_wiki_monitoring"}
{"timestamp":"2025-06-26T09:51:56.788546","level":"info","event":"-----------edit: {'title': 'Category:Start-Class African diaspora articles', 'user': 'Proscribe', 'is_bot': False, 'server_name': 'en.wikipedia.org', 'timestamp': 1750771595}-------------","logger":"unusual_prefix_05f7c68866a4b9981d661b83f7c582db0b838856_wiki_monitoring"}
{"timestamp":"2025-06-26T09:51:56.791158","level":"info","event":"----------------Processing messages: <cimpl.Message object at 0x7fa5708bf440>------------","logger":"unusual_prefix_05f7c68866a4b9981d661b83f7c582db0b838856_wiki_monitoring"}
{"timestamp":"2025-06-26T09:51:56.791279","level":"info","event":"-----------edit: {'title': 'File:Luis Pérez Pombo, 1925.png', 'user': 'BotMultichillT', 'is_bot': True, 'server_name': 'commons.wikimedia.org', 'timestamp': 1750771600}-------------","logger":"unusual_prefix_05f7c68866a4b9981d661b83f7c582db0b838856_wiki_monitoring"}
{"timestamp":"2025-06-26T09:51:56.793831","level":"info","event":"----------------Processing messages: <cimpl.Message object at 0x7fa570a3b2c0>------------","logger":"unusual_prefix_05f7c68866a4b9981d661b83f7c582db0b838856_wiki_monitoring"}
{"timestamp":"2025-06-26T09:51:56.793956","level":"info","event":"-----------edit: {'title': 'Category:Low-importance African diaspora articles', 'user': 'Proscribe', 'is_bot': False, 'server_name': 'en.wikipedia.org', 'timestamp': 1750771595}-------------","logger":"unusual_prefix_05f7c68866a4b9981d661b83f7c582db0b838856_wiki_monitoring"}
{"timestamp":"2025-06-26T09:51:56.796526","level":"info","event":"----------------Processing messages: <cimpl.Message object at 0x7fa5708f87c0>------------","logger":"unusual_prefix_05f7c68866a4b9981d661b83f7c582db0b838856_wiki_monitoring"}
{"timestamp":"2025-06-26T09:51:56.796652","level":"info","event":"-----------edit: {'title': 'Benutzer:Kawona67/Artikelentwurf Jonathan Vervenne', 'user': 'Nordprinz', 'is_bot': False, 'server_name': 'de.wikipedia.org', 'timestamp': 1750771599}-------------","logger":"unusual_prefix_05f7c68866a4b9981d661b83f7c582db0b838856_wiki_monitoring"}
{"timestamp":"2025-06-26T09:51:56.799309","level":"info","event":"----------------Processing messages: <cimpl.Message object at 0x7fa5708f84c0>------------","logger":"unusual_prefix_05f7c68866a4b9981d661b83f7c582db0b838856_wiki_monitoring"}
{"timestamp":"2025-06-26T09:51:56.799433","level":"info","event":"-----------edit: {'title': 'Category:WikiProject African diaspora articles', 'user': 'Proscribe', 'is_bot': False, 'server_name': 'en.wikipedia.org', 'timestamp': 1750771595}-------------","logger":"unusual_prefix_05f7c68866a4b9981d661b83f7c582db0b838856_wiki_monitoring"}
{"timestamp":"2025-06-26T09:51:56.802186","level":"info","event":"----------------Processing messages: <cimpl.Message object at 0x7fa5708f89c0>------------","logger":"unusual_prefix_05f7c68866a4b9981d661b83f7c582db0b838856_wiki_monitoring"}
{"timestamp":"2025-06-26T09:51:56.802304","level":"info","event":"-----------edit: {'title': 'Category:Files from Gallica', 'user': 'Gzen92Bot', 'is_bot': True, 'server_name': 'commons.wikimedia.org', 'timestamp': 1750771598}-------------","logger":"unusual_prefix_05f7c68866a4b9981d661b83f7c582db0b838856_wiki_monitoring"}
{"timestamp":"2025-06-26T09:51:56.804956","level":"info","event":"----------------Processing messages: <cimpl.Message object at 0x7fa5708f8fc0>------------","logger":"unusual_prefix_05f7c68866a4b9981d661b83f7c582db0b838856_wiki_monitoring"}
{"timestamp":"2025-06-26T09:51:56.805078","level":"info","event":"-----------edit: {'title': 'Category:Start-Class WikiProject Women articles', 'user': 'Proscribe', 'is_bot': False, 'server_name': 'en.wikipedia.org', 'timestamp': 1750771595}-------------","logger":"unusual_prefix_05f7c68866a4b9981d661b83f7c582db0b838856_wiki_monitoring"}
{"timestamp":"2025-06-26T09:51:56.807904","level":"info","event":"----------------Processing messages: <cimpl.Message object at 0x7fa570a3b2c0>------------","logger":"unusual_prefix_05f7c68866a4b9981d661b83f7c582db0b838856_wiki_monitoring"}
{"timestamp":"2025-06-26T09:51:56.808032","level":"info","event":"-----------edit: {'title': 'Category:All WikiProject Women-related pages', 'user': 'Proscribe', 'is_bot': False, 'server_name': 'en.wikipedia.org', 'timestamp': 1750771595}-------------","logger":"unusual_prefix_05f7c68866a4b9981d661b83f7c582db0b838856_wiki_monitoring"}
{"timestamp":"2025-06-26T09:51:56.810757","level":"info","event":"----------------Processing messages: <cimpl.Message object at 0x7fa5708bf9c0>------------","logger":"unusual_prefix_05f7c68866a4b9981d661b83f7c582db0b838856_wiki_monitoring"}
{"timestamp":"2025-06-26T09:51:56.810889","level":"info","event":"-----------edit: {'title': 'Category:WikiProject Women articles', 'user': 'Proscribe', 'is_bot': False, 'server_name': 'en.wikipedia.org', 'timestamp': 1750771595}-------------","logger":"unusual_prefix_05f7c68866a4b9981d661b83f7c582db0b838856_wiki_monitoring"}
{"timestamp":"2025-06-26T09:51:56.814371","level":"info","event":"----------------Processing messages: <cimpl.Message object at 0x7fa5708bf5c0>------------","logger":"unusual_prefix_05f7c68866a4b9981d661b83f7c582db0b838856_wiki_monitoring"}
{"timestamp":"2025-06-26T09:51:56.814521","level":"info","event":"-----------edit: {'title': 'Category:Artworks without Wikidata item', 'user': 'Gzen92Bot', 'is_bot': True, 'server_name': 'commons.wikimedia.org', 'timestamp': 1750771598}-------------","logger":"unusual_prefix_05f7c68866a4b9981d661b83f7c582db0b838856_wiki_monitoring"}
{"timestamp":"2025-06-26T09:51:56.817254","level":"info","event":"----------------Processing messages: <cimpl.Message object at 0x7fa5708bf640>------------","logger":"unusual_prefix_05f7c68866a4b9981d661b83f7c582db0b838856_wiki_monitoring"}
{"timestamp":"2025-06-26T09:51:56.817377","level":"info","event":"-----------edit: {'title': 'Lūi-pia̍t:Webarchive pang-bô͘ wayback liân-kiat', 'user': 'InternetArchiveBot', 'is_bot': True, 'server_name': 'zh-min-nan.wikipedia.org', 'timestamp': 1750771594}-------------","logger":"unusual_prefix_05f7c68866a4b9981d661b83f7c582db0b838856_wiki_monitoring"}
{"timestamp":"2025-06-26T09:51:56.819972","level":"info","event":"----------------Processing messages: <cimpl.Message object at 0x7fa5708bf740>------------","logger":"unusual_prefix_05f7c68866a4b9981d661b83f7c582db0b838856_wiki_monitoring"}
{"timestamp":"2025-06-26T09:51:56.820094","level":"info","event":"-----------edit: {'title': 'Category:PD France', 'user': 'Gzen92Bot', 'is_bot': True, 'server_name': 'commons.wikimedia.org', 'timestamp': 1750771598}-------------","logger":"unusual_prefix_05f7c68866a4b9981d661b83f7c582db0b838856_wiki_monitoring"}
{"timestamp":"2025-06-26T09:51:56.822618","level":"info","event":"----------------Processing messages: <cimpl.Message object at 0x7fa5708bfac0>------------","logger":"unusual_prefix_05f7c68866a4b9981d661b83f7c582db0b838856_wiki_monitoring"}
{"timestamp":"2025-06-26T09:51:56.822739","level":"info","event":"-----------edit: {'title': 'Lūi-pia̍t:Internet Archive pang-bô͘', 'user': 'InternetArchiveBot', 'is_bot': True, 'server_name': 'zh-min-nan.wikipedia.org', 'timestamp': 1750771594}-------------","logger":"unusual_prefix_05f7c68866a4b9981d661b83f7c582db0b838856_wiki_monitoring"}
{"timestamp":"2025-06-26T09:51:56.825264","level":"info","event":"----------------Processing messages: <cimpl.Message object at 0x7fa5708bf840>------------","logger":"unusual_prefix_05f7c68866a4b9981d661b83f7c582db0b838856_wiki_monitoring"}
{"timestamp":"2025-06-26T09:51:56.825391","level":"info","event":"-----------edit: {'title': 'Category:PD-old missing SDC copyright status', 'user': 'Gzen92Bot', 'is_bot': True, 'server_name': 'commons.wikimedia.org', 'timestamp': 1750771598}-------------","logger":"unusual_prefix_05f7c68866a4b9981d661b83f7c582db0b838856_wiki_monitoring"}
{"timestamp":"2025-06-26T09:51:56.828526","level":"info","event":"----------------Processing messages: <cimpl.Message object at 0x7fa5708bfa40>------------","logger":"unusual_prefix_05f7c68866a4b9981d661b83f7c582db0b838856_wiki_monitoring"}
{"timestamp":"2025-06-26T09:51:56.828655","level":"info","event":"-----------edit: {'title': 'Q414748', 'user': 'Logjohn', 'is_bot': False, 'server_name': 'www.wikidata.org', 'timestamp': 1750771600}-------------","logger":"unusual_prefix_05f7c68866a4b9981d661b83f7c582db0b838856_wiki_monitoring"}
{"timestamp":"2025-06-26T09:51:56.831503","level":"info","event":"----------------Processing messages: <cimpl.Message object at 0x7fa57412d640>------------","logger":"unusual_prefix_05f7c68866a4b9981d661b83f7c582db0b838856_wiki_monitoring"}
{"timestamp":"2025-06-26T09:51:56.831625","level":"info","event":"-----------edit: {'title': 'Category:WikiProject Women in Red articles not associated with a meetup', 'user': 'Proscribe', 'is_bot': False, 'server_name': 'en.wikipedia.org', 'timestamp': 1750771595}-------------","logger":"unusual_prefix_05f7c68866a4b9981d661b83f7c582db0b838856_wiki_monitoring"}
{"timestamp":"2025-06-26T09:51:56.834199","level":"info","event":"----------------Processing messages: <cimpl.Message object at 0x7fa5708f8f40>------------","logger":"unusual_prefix_05f7c68866a4b9981d661b83f7c582db0b838856_wiki_monitoring"}
{"timestamp":"2025-06-26T09:51:56.834319","level":"info","event":"-----------edit: {'title': 'Category:CC-PD-Mark', 'user': 'Gzen92Bot', 'is_bot': True, 'server_name': 'commons.wikimedia.org', 'timestamp': 1750771598}-------------","logger":"unusual_prefix_05f7c68866a4b9981d661b83f7c582db0b838856_wiki_monitoring"}
{"timestamp":"2025-06-26T09:51:56.836779","level":"info","event":"----------------Processing messages: <cimpl.Message object at 0x7fa5708f8b40>------------","logger":"unusual_prefix_05f7c68866a4b9981d661b83f7c582db0b838856_wiki_monitoring"}
{"timestamp":"2025-06-26T09:51:56.836893","level":"info","event":"-----------edit: {'title': 'Category:All WikiProject Women in Red pages', 'user': 'Proscribe', 'is_bot': False, 'server_name': 'en.wikipedia.org', 'timestamp': 1750771595}-------------","logger":"unusual_prefix_05f7c68866a4b9981d661b83f7c582db0b838856_wiki_monitoring"}
{"timestamp":"2025-06-26T09:51:56.839386","level":"info","event":"----------------Processing messages: <cimpl.Message object at 0x7fa5708f8640>------------","logger":"unusual_prefix_05f7c68866a4b9981d661b83f7c582db0b838856_wiki_monitoring"}
{"timestamp":"2025-06-26T09:51:56.839507","level":"info","event":"-----------edit: {'title': 'Category:Edgar Boutry', 'user': 'Totorvdr59', 'is_bot': False, 'server_name': 'commons.wikimedia.org', 'timestamp': 1750771598}-------------","logger":"unusual_prefix_05f7c68866a4b9981d661b83f7c582db0b838856_wiki_monitoring"}
{"timestamp":"2025-06-26T09:51:56.842187","level":"info","event":"----------------Processing messages: <cimpl.Message object at 0x7fa5708f8ac0>------------","logger":"unusual_prefix_05f7c68866a4b9981d661b83f7c582db0b838856_wiki_monitoring"}
{"timestamp":"2025-06-26T09:51:56.842322","level":"info","event":"-----------edit: {'title': 'Category:PD-old-100-expired', 'user': 'Gzen92Bot', 'is_bot': True, 'server_name': 'commons.wikimedia.org', 'timestamp': 1750771598}-------------","logger":"unusual_prefix_05f7c68866a4b9981d661b83f7c582db0b838856_wiki_monitoring"}
{"timestamp":"2025-06-26T09:51:56.845246","level":"info","event":"----------------Processing messages: <cimpl.Message object at 0x7fa57412d340>------------","logger":"unusual_prefix_05f7c68866a4b9981d661b83f7c582db0b838856_wiki_monitoring"}
{"timestamp":"2025-06-26T09:51:56.845374","level":"info","event":"-----------edit: {'title': 'Category:PD US expired', 'user': 'Gzen92Bot', 'is_bot': True, 'server_name': 'commons.wikimedia.org', 'timestamp': 1750771598}-------------","logger":"unusual_prefix_05f7c68866a4b9981d661b83f7c582db0b838856_wiki_monitoring"}
{"timestamp":"2025-06-26T09:51:56.848078","level":"info","event":"----------------Processing messages: <cimpl.Message object at 0x7fa5708bf940>------------","logger":"unusual_prefix_05f7c68866a4b9981d661b83f7c582db0b838856_wiki_monitoring"}
{"timestamp":"2025-06-26T09:51:56.848228","level":"info","event":"-----------edit: {'title': \"2025 IHF Men's U21 Handball World Championship\", 'user': 'Kante4', 'is_bot': False, 'server_name': 'en.wikipedia.org', 'timestamp': 1750771595}-------------","logger":"unusual_prefix_05f7c68866a4b9981d661b83f7c582db0b838856_wiki_monitoring"}
{"timestamp":"2025-06-26T09:51:56.850966","level":"info","event":"----------------Processing messages: <cimpl.Message object at 0x7fa5708befc0>------------","logger":"unusual_prefix_05f7c68866a4b9981d661b83f7c582db0b838856_wiki_monitoring"}
{"timestamp":"2025-06-26T09:51:56.851090","level":"info","event":"-----------edit: {'title': 'Wikipedia:Bot requests/topic list', 'user': 'Cewbot', 'is_bot': True, 'server_name': 'en.wikipedia.org', 'timestamp': 1750771600}-------------","logger":"unusual_prefix_05f7c68866a4b9981d661b83f7c582db0b838856_wiki_monitoring"}
{"timestamp":"2025-06-26T09:51:56.853603","level":"info","event":"----------------Processing messages: <cimpl.Message object at 0x7fa5708be3c0>------------","logger":"unusual_prefix_05f7c68866a4b9981d661b83f7c582db0b838856_wiki_monitoring"}
{"timestamp":"2025-06-26T09:51:56.853726","level":"info","event":"-----------edit: {'title': 'Category:PD-US missing SDC copyright status', 'user': 'Gzen92Bot', 'is_bot': True, 'server_name': 'commons.wikimedia.org', 'timestamp': 1750771598}-------------","logger":"unusual_prefix_05f7c68866a4b9981d661b83f7c582db0b838856_wiki_monitoring"}
{"timestamp":"2025-06-26T09:51:56.856343","level":"info","event":"----------------Processing messages: <cimpl.Message object at 0x7fa5708bec40>------------","logger":"unusual_prefix_05f7c68866a4b9981d661b83f7c582db0b838856_wiki_monitoring"}
{"timestamp":"2025-06-26T09:51:56.856465","level":"info","event":"-----------edit: {'title': 'Category:Sheet music from Gallica (Bibliothèque nationale de France) uploaded by Gzen92Bot', 'user': 'Gzen92Bot', 'is_bot': True, 'server_name': 'commons.wikimedia.org', 'timestamp': 1750771598}-------------","logger":"unusual_prefix_05f7c68866a4b9981d661b83f7c582db0b838856_wiki_monitoring"}
{"timestamp":"2025-06-26T09:51:56.859104","level":"info","event":"----------------Processing messages: <cimpl.Message object at 0x7fa5708bfcc0>------------","logger":"unusual_prefix_05f7c68866a4b9981d661b83f7c582db0b838856_wiki_monitoring"}
{"timestamp":"2025-06-26T09:51:56.859236","level":"info","event":"-----------edit: {'title': 'Category:La Clef des chansonniers ou Recueil des Vaudevilles depuis cent ans et plus, notez et recueillis pour la première fois par J. B. Christophe Ballard... Tome I - bpt6k3261425', 'user': 'Gzen92Bot', 'is_bot': True, 'server_name': 'commons.wikimedia.org', 'timestamp': 1750771598}-------------","logger":"unusual_prefix_05f7c68866a4b9981d661b83f7c582db0b838856_wiki_monitoring"}
{"timestamp":"2025-06-26T09:51:56.861787","level":"info","event":"----------------Processing messages: <cimpl.Message object at 0x7fa5708bfec0>------------","logger":"unusual_prefix_05f7c68866a4b9981d661b83f7c582db0b838856_wiki_monitoring"}
{"timestamp":"2025-06-26T09:51:56.861912","level":"info","event":"-----------edit: {'title': 'Category:Reflistで3列を指定しているページ', 'user': 'Mister0124', 'is_bot': False, 'server_name': 'ja.wikipedia.org', 'timestamp': 1750771596}-------------","logger":"unusual_prefix_05f7c68866a4b9981d661b83f7c582db0b838856_wiki_monitoring"}
{"timestamp":"2025-06-26T09:51:56.864377","level":"info","event":"----------------Processing messages: <cimpl.Message object at 0x7fa5708bf240>------------","logger":"unusual_prefix_05f7c68866a4b9981d661b83f7c582db0b838856_wiki_monitoring"}
{"timestamp":"2025-06-26T09:51:56.864498","level":"info","event":"-----------edit: {'title': 'Central Brahui Range', 'user': 'Sir Calculus', 'is_bot': False, 'server_name': 'en.wikipedia.org', 'timestamp': 1750771599}-------------","logger":"unusual_prefix_05f7c68866a4b9981d661b83f7c582db0b838856_wiki_monitoring"}
{"timestamp":"2025-06-26T09:51:56.867289","level":"info","event":"----------------Processing messages: <cimpl.Message object at 0x7fa5708bf8c0>------------","logger":"unusual_prefix_05f7c68866a4b9981d661b83f7c582db0b838856_wiki_monitoring"}
{"timestamp":"2025-06-26T09:51:56.867416","level":"info","event":"-----------edit: {'title': 'ইগনাসিও মিরামোন', 'user': 'Waraka Saki', 'is_bot': False, 'server_name': 'bn.wikipedia.org', 'timestamp': 1750771599}-------------","logger":"unusual_prefix_05f7c68866a4b9981d661b83f7c582db0b838856_wiki_monitoring"}
{"timestamp":"2025-06-26T09:51:56.870479","level":"info","event":"----------------Processing messages: <cimpl.Message object at 0x7fa5708f8b40>------------","logger":"unusual_prefix_05f7c68866a4b9981d661b83f7c582db0b838856_wiki_monitoring"}
{"timestamp":"2025-06-26T09:51:56.870632","level":"info","event":"-----------edit: {'title': 'Utilisateur:37.61.113.216', 'user': 'Ariel Provost', 'is_bot': False, 'server_name': 'fr.wikipedia.org', 'timestamp': 1750771601}-------------","logger":"unusual_prefix_05f7c68866a4b9981d661b83f7c582db0b838856_wiki_monitoring"}
{"timestamp":"2025-06-26T09:51:56.873749","level":"info","event":"----------------Processing messages: <cimpl.Message object at 0x7fa5708f8140>------------","logger":"unusual_prefix_05f7c68866a4b9981d661b83f7c582db0b838856_wiki_monitoring"}
{"timestamp":"2025-06-26T09:51:56.873923","level":"info","event":"-----------edit: {'title': 'Q123407349', 'user': 'Florentyna', 'is_bot': False, 'server_name': 'www.wikidata.org', 'timestamp': 1750771601}-------------","logger":"unusual_prefix_05f7c68866a4b9981d661b83f7c582db0b838856_wiki_monitoring"}
{"timestamp":"2025-06-26T09:51:56.876688","level":"info","event":"----------------Processing messages: <cimpl.Message object at 0x7fa5708f88c0>------------","logger":"unusual_prefix_05f7c68866a4b9981d661b83f7c582db0b838856_wiki_monitoring"}
{"timestamp":"2025-06-26T09:51:56.876812","level":"info","event":"-----------edit: {'title': 'Q5146094', 'user': '83.61.242.133', 'is_bot': False, 'server_name': 'www.wikidata.org', 'timestamp': 1750771601}-------------","logger":"unusual_prefix_05f7c68866a4b9981d661b83f7c582db0b838856_wiki_monitoring"}
{"timestamp":"2025-06-26T09:51:56.879506","level":"info","event":"----------------Processing messages: <cimpl.Message object at 0x7fa5708f84c0>------------","logger":"unusual_prefix_05f7c68866a4b9981d661b83f7c582db0b838856_wiki_monitoring"}
{"timestamp":"2025-06-26T09:51:56.879631","level":"info","event":"-----------edit: {'title': 'Q414748', 'user': 'Logjohn', 'is_bot': False, 'server_name': 'www.wikidata.org', 'timestamp': 1750771601}-------------","logger":"unusual_prefix_05f7c68866a4b9981d661b83f7c582db0b838856_wiki_monitoring"}
{"timestamp":"2025-06-26T09:51:56.882485","level":"info","event":"----------------Processing messages: <cimpl.Message object at 0x7fa57412d340>------------","logger":"unusual_prefix_05f7c68866a4b9981d661b83f7c582db0b838856_wiki_monitoring"}
{"timestamp":"2025-06-26T09:51:56.882613","level":"info","event":"-----------edit: {'title': 'Sensor', 'user': '2A02:8109:9CA2:A700:399C:E593:42F8:C165', 'is_bot': False, 'server_name': 'en.wikipedia.org', 'timestamp': 1750771599}-------------","logger":"unusual_prefix_05f7c68866a4b9981d661b83f7c582db0b838856_wiki_monitoring"}
{"timestamp":"2025-06-26T09:51:56.885269","level":"info","event":"----------------Processing messages: <cimpl.Message object at 0x7fa5708bfcc0>------------","logger":"unusual_prefix_05f7c68866a4b9981d661b83f7c582db0b838856_wiki_monitoring"}
{"timestamp":"2025-06-26T09:51:56.885399","level":"info","event":"-----------edit: {'title': 'User talk:2001:4DD1:6BF2:0:A4CD:2A11:903C:A79D', 'user': '185.113.97.247', 'is_bot': False, 'server_name': 'en.wikipedia.org', 'timestamp': 1750771601}-------------","logger":"unusual_prefix_05f7c68866a4b9981d661b83f7c582db0b838856_wiki_monitoring"}
{"timestamp":"2025-06-26T09:51:56.888038","level":"info","event":"----------------Processing messages: <cimpl.Message object at 0x7fa5708bfdc0>------------","logger":"unusual_prefix_05f7c68866a4b9981d661b83f7c582db0b838856_wiki_monitoring"}
{"timestamp":"2025-06-26T09:51:56.888155","level":"info","event":"-----------edit: {'title': 'Q2415950', 'user': 'Kbseah', 'is_bot': False, 'server_name': 'www.wikidata.org', 'timestamp': 1750771601}-------------","logger":"unusual_prefix_05f7c68866a4b9981d661b83f7c582db0b838856_wiki_monitoring"}
{"timestamp":"2025-06-26T09:51:56.891042","level":"info","event":"----------------Processing messages: <cimpl.Message object at 0x7fa5708bfd40>------------","logger":"unusual_prefix_05f7c68866a4b9981d661b83f7c582db0b838856_wiki_monitoring"}
{"timestamp":"2025-06-26T09:51:56.891184","level":"info","event":"-----------edit: {'title': 'تصنيف:صفحات تستخدم امتداد JsonConfig', 'user': 'MenoBot', 'is_bot': True, 'server_name': 'ar.wikipedia.org', 'timestamp': 1750771591}-------------","logger":"unusual_prefix_05f7c68866a4b9981d661b83f7c582db0b838856_wiki_monitoring"}
{"timestamp":"2025-06-26T09:51:56.894063","level":"info","event":"----------------Processing messages: <cimpl.Message object at 0x7fa5708bf3c0>------------","logger":"unusual_prefix_05f7c68866a4b9981d661b83f7c582db0b838856_wiki_monitoring"}
{"timestamp":"2025-06-26T09:51:56.894196","level":"info","event":"-----------edit: {'title': 'User talk:2001:4DD1:6BF2:0:A4CD:2A11:903C:A79D', 'user': '185.113.97.247', 'is_bot': False, 'server_name': 'en.wikipedia.org', 'timestamp': 1750771601}-------------","logger":"unusual_prefix_05f7c68866a4b9981d661b83f7c582db0b838856_wiki_monitoring"}
{"timestamp":"2025-06-26T09:51:56.896790","level":"info","event":"----------------Processing messages: <cimpl.Message object at 0x7fa5708bf9c0>------------","logger":"unusual_prefix_05f7c68866a4b9981d661b83f7c582db0b838856_wiki_monitoring"}
{"timestamp":"2025-06-26T09:51:56.896903","level":"info","event":"-----------edit: {'title': 'Q4924529', 'user': 'Kbseah', 'is_bot': False, 'server_name': 'www.wikidata.org', 'timestamp': 1750771601}-------------","logger":"unusual_prefix_05f7c68866a4b9981d661b83f7c582db0b838856_wiki_monitoring"}
{"timestamp":"2025-06-26T09:51:56.899303","level":"info","event":"----------------Processing messages: <cimpl.Message object at 0x7fa5708bf5c0>------------","logger":"unusual_prefix_05f7c68866a4b9981d661b83f7c582db0b838856_wiki_monitoring"}
{"timestamp":"2025-06-26T09:51:56.899430","level":"info","event":"-----------edit: {'title': 'Q135064465', 'user': 'MmaBaggio', 'is_bot': False, 'server_name': 'www.wikidata.org', 'timestamp': 1750771601}-------------","logger":"unusual_prefix_05f7c68866a4b9981d661b83f7c582db0b838856_wiki_monitoring"}
{"timestamp":"2025-06-26T09:51:56.902094","level":"info","event":"----------------Processing messages: <cimpl.Message object at 0x7fa5708bf540>------------","logger":"unusual_prefix_05f7c68866a4b9981d661b83f7c582db0b838856_wiki_monitoring"}
{"timestamp":"2025-06-26T09:51:56.902215","level":"info","event":"-----------edit: {'title': 'File:Illusion, poème en 9 chants de Jean Lahor - bpt6k885554q (19 of 60).jpg', 'user': 'Gzen92Bot', 'is_bot': True, 'server_name': 'commons.wikimedia.org', 'timestamp': 1750771599}-------------","logger":"unusual_prefix_05f7c68866a4b9981d661b83f7c582db0b838856_wiki_monitoring"}
{"timestamp":"2025-06-26T09:51:56.905200","level":"info","event":"----------------Processing messages: <cimpl.Message object at 0x7fa5708bfc40>------------","logger":"unusual_prefix_05f7c68866a4b9981d661b83f7c582db0b838856_wiki_monitoring"}
{"timestamp":"2025-06-26T09:51:56.905332","level":"info","event":"-----------edit: {'title': 'אליעד שרגא', 'user': 'יודוקוליס', 'is_bot': False, 'server_name': 'he.wikipedia.org', 'timestamp': 1750771601}-------------","logger":"unusual_prefix_05f7c68866a4b9981d661b83f7c582db0b838856_wiki_monitoring"}
{"timestamp":"2025-06-26T09:51:56.907957","level":"info","event":"----------------Processing messages: <cimpl.Message object at 0x7fa5708f8140>------------","logger":"unusual_prefix_05f7c68866a4b9981d661b83f7c582db0b838856_wiki_monitoring"}
{"timestamp":"2025-06-26T09:51:56.908077","level":"info","event":"-----------edit: {'title': 'Q414748', 'user': 'Logjohn', 'is_bot': False, 'server_name': 'www.wikidata.org', 'timestamp': 1750771601}-------------","logger":"unusual_prefix_05f7c68866a4b9981d661b83f7c582db0b838856_wiki_monitoring"}
{"timestamp":"2025-06-26T09:51:56.910624","level":"info","event":"----------------Processing messages: <cimpl.Message object at 0x7fa5708f8cc0>------------","logger":"unusual_prefix_05f7c68866a4b9981d661b83f7c582db0b838856_wiki_monitoring"}
{"timestamp":"2025-06-26T09:51:56.910745","level":"info","event":"-----------edit: {'title': 'Johannes Paulus II', 'user': 'Katlinke', 'is_bot': False, 'server_name': 'sv.wikipedia.org', 'timestamp': 1750771598}-------------","logger":"unusual_prefix_05f7c68866a4b9981d661b83f7c582db0b838856_wiki_monitoring"}
{"timestamp":"2025-06-26T09:51:56.913317","level":"info","event":"----------------Processing messages: <cimpl.Message object at 0x7fa5708f8c40>------------","logger":"unusual_prefix_05f7c68866a4b9981d661b83f7c582db0b838856_wiki_monitoring"}
{"timestamp":"2025-06-26T09:51:56.913442","level":"info","event":"-----------edit: {'title': 'جنگ\\u200cهای یهود و روم', 'user': 'MohsenAkbarnejad', 'is_bot': False, 'server_name': 'fa.wikipedia.org', 'timestamp': 1750771598}-------------","logger":"unusual_prefix_05f7c68866a4b9981d661b83f7c582db0b838856_wiki_monitoring"}
{"timestamp":"2025-06-26T09:51:56.915841","level":"info","event":"----------------Processing messages: <cimpl.Message object at 0x7fa5708f8d40>------------","logger":"unusual_prefix_05f7c68866a4b9981d661b83f7c582db0b838856_wiki_monitoring"}
{"timestamp":"2025-06-26T09:51:56.915956","level":"info","event":"-----------edit: {'title': 'Q868595', 'user': 'Florentyna', 'is_bot': False, 'server_name': 'www.wikidata.org', 'timestamp': 1750771601}-------------","logger":"unusual_prefix_05f7c68866a4b9981d661b83f7c582db0b838856_wiki_monitoring"}
{"timestamp":"2025-06-26T09:51:56.918653","level":"info","event":"----------------Processing messages: <cimpl.Message object at 0x7fa570a3b9c0>------------","logger":"unusual_prefix_05f7c68866a4b9981d661b83f7c582db0b838856_wiki_monitoring"}
{"timestamp":"2025-06-26T09:51:56.918780","level":"info","event":"-----------edit: {'title': 'Property:P642', 'user': 'Desoda', 'is_bot': False, 'server_name': 'www.wikidata.org', 'timestamp': 1750771601}-------------","logger":"unusual_prefix_05f7c68866a4b9981d661b83f7c582db0b838856_wiki_monitoring"}
{"timestamp":"2025-06-26T09:51:56.921807","level":"info","event":"----------------Processing messages: <cimpl.Message object at 0x7fa5708bf5c0>------------","logger":"unusual_prefix_05f7c68866a4b9981d661b83f7c582db0b838856_wiki_monitoring"}
{"timestamp":"2025-06-26T09:51:56.921939","level":"info","event":"-----------edit: {'title': 'Q414748', 'user': 'Logjohn', 'is_bot': False, 'server_name': 'www.wikidata.org', 'timestamp': 1750771602}-------------","logger":"unusual_prefix_05f7c68866a4b9981d661b83f7c582db0b838856_wiki_monitoring"}
{"timestamp":"2025-06-26T09:51:56.924567","level":"info","event":"----------------Processing messages: <cimpl.Message object at 0x7fa5708bf7c0>------------","logger":"unusual_prefix_05f7c68866a4b9981d661b83f7c582db0b838856_wiki_monitoring"}
{"timestamp":"2025-06-26T09:51:56.924692","level":"info","event":"-----------edit: {'title': 'Q135064522', 'user': 'Чаховіч Уладзіслаў', 'is_bot': False, 'server_name': 'www.wikidata.org', 'timestamp': 1750771601}-------------","logger":"unusual_prefix_05f7c68866a4b9981d661b83f7c582db0b838856_wiki_monitoring"}
{"timestamp":"2025-06-26T09:51:56.927202","level":"info","event":"----------------Processing messages: <cimpl.Message object at 0x7fa5708bf640>------------","logger":"unusual_prefix_05f7c68866a4b9981d661b83f7c582db0b838856_wiki_monitoring"}
{"timestamp":"2025-06-26T09:51:56.927328","level":"info","event":"-----------edit: {'title': 'Категория:ПРО:ГЕО:Последняя правка: в текущем месяце', 'user': 'KristinaKovalenko', 'is_bot': False, 'server_name': 'ru.wikipedia.org', 'timestamp': 1750771597}-------------","logger":"unusual_prefix_05f7c68866a4b9981d661b83f7c582db0b838856_wiki_monitoring"}
{"timestamp":"2025-06-26T09:51:56.930014","level":"info","event":"----------------Processing messages: <cimpl.Message object at 0x7fa5708bfbc0>------------","logger":"unusual_prefix_05f7c68866a4b9981d661b83f7c582db0b838856_wiki_monitoring"}
{"timestamp":"2025-06-26T09:51:56.930133","level":"info","event":"-----------edit: {'title': 'Q5146094', 'user': '83.61.242.133', 'is_bot': False, 'server_name': 'www.wikidata.org', 'timestamp': 1750771602}-------------","logger":"unusual_prefix_05f7c68866a4b9981d661b83f7c582db0b838856_wiki_monitoring"}
{"timestamp":"2025-06-26T09:51:56.932921","level":"info","event":"----------------Processing messages: <cimpl.Message object at 0x7fa5708bf340>------------","logger":"unusual_prefix_05f7c68866a4b9981d661b83f7c582db0b838856_wiki_monitoring"}
{"timestamp":"2025-06-26T09:51:56.933055","level":"info","event":"-----------edit: {'title': 'Категория:ПРО:ГЕО:Последняя правка: в текущем году', 'user': 'KristinaKovalenko', 'is_bot': False, 'server_name': 'ru.wikipedia.org', 'timestamp': 1750771597}-------------","logger":"unusual_prefix_05f7c68866a4b9981d661b83f7c582db0b838856_wiki_monitoring"}
{"timestamp":"2025-06-26T09:51:56.935765","level":"info","event":"----------------Processing messages: <cimpl.Message object at 0x7fa5708bf4c0>------------","logger":"unusual_prefix_05f7c68866a4b9981d661b83f7c582db0b838856_wiki_monitoring"}
{"timestamp":"2025-06-26T09:51:56.935895","level":"info","event":"-----------edit: {'title': 'File:Childs-Irving Hydroelectric Facilities power lines.jpg', 'user': '87.128.77.121', 'is_bot': False, 'server_name': 'commons.wikimedia.org', 'timestamp': 1750771601}-------------","logger":"unusual_prefix_05f7c68866a4b9981d661b83f7c582db0b838856_wiki_monitoring"}
{"timestamp":"2025-06-26T09:51:56.938568","level":"info","event":"----------------Processing messages: <cimpl.Message object at 0x7fa5708bfe40>------------","logger":"unusual_prefix_05f7c68866a4b9981d661b83f7c582db0b838856_wiki_monitoring"}
{"timestamp":"2025-06-26T09:51:56.938694","level":"info","event":"-----------edit: {'title': 'Q5146094', 'user': '83.61.242.133', 'is_bot': False, 'server_name': 'www.wikidata.org', 'timestamp': 1750771602}-------------","logger":"unusual_prefix_05f7c68866a4b9981d661b83f7c582db0b838856_wiki_monitoring"}
{"timestamp":"2025-06-26T09:51:56.941322","level":"info","event":"----------------Processing messages: <cimpl.Message object at 0x7fa5708bfec0>------------","logger":"unusual_prefix_05f7c68866a4b9981d661b83f7c582db0b838856_wiki_monitoring"}
{"timestamp":"2025-06-26T09:51:56.941465","level":"info","event":"-----------edit: {'title': 'Michael Collins (Politiker, 1940)', 'user': 'Invisigoth67', 'is_bot': False, 'server_name': 'de.wikipedia.org', 'timestamp': 1750771601}-------------","logger":"unusual_prefix_05f7c68866a4b9981d661b83f7c582db0b838856_wiki_monitoring"}
{"timestamp":"2025-06-26T09:51:56.944129","level":"info","event":"----------------Processing messages: <cimpl.Message object at 0x7fa5708f83c0>------------","logger":"unusual_prefix_05f7c68866a4b9981d661b83f7c582db0b838856_wiki_monitoring"}
{"timestamp":"2025-06-26T09:51:56.944312","level":"info","event":"-----------edit: {'title': 'Category:Stadtprozelten', 'user': 'Triplec85', 'is_bot': False, 'server_name': 'commons.wikimedia.org', 'timestamp': 1750771601}-------------","logger":"unusual_prefix_05f7c68866a4b9981d661b83f7c582db0b838856_wiki_monitoring"}
{"timestamp":"2025-06-26T09:51:56.947600","level":"info","event":"----------------Processing messages: <cimpl.Message object at 0x7fa5708f8e40>------------","logger":"unusual_prefix_05f7c68866a4b9981d661b83f7c582db0b838856_wiki_monitoring"}
{"timestamp":"2025-06-26T09:51:56.948151","level":"info","event":"-----------edit: {'title': 'Q414748', 'user': 'Logjohn', 'is_bot': False, 'server_name': 'www.wikidata.org', 'timestamp': 1750771602}-------------","logger":"unusual_prefix_05f7c68866a4b9981d661b83f7c582db0b838856_wiki_monitoring"}
{"timestamp":"2025-06-26T09:51:56.954231","level":"info","event":"----------------Processing messages: <cimpl.Message object at 0x7fa5708f9040>------------","logger":"unusual_prefix_05f7c68866a4b9981d661b83f7c582db0b838856_wiki_monitoring"}
{"timestamp":"2025-06-26T09:51:56.954372","level":"info","event":"-----------edit: {'title': 'Category:Files from Gallica', 'user': 'Gzen92Bot', 'is_bot': True, 'server_name': 'commons.wikimedia.org', 'timestamp': 1750771600}-------------","logger":"unusual_prefix_05f7c68866a4b9981d661b83f7c582db0b838856_wiki_monitoring"}
{"timestamp":"2025-06-26T09:51:56.958303","level":"info","event":"----------------Processing messages: <cimpl.Message object at 0x7fa5708f84c0>------------","logger":"unusual_prefix_05f7c68866a4b9981d661b83f7c582db0b838856_wiki_monitoring"}
{"timestamp":"2025-06-26T09:51:56.958426","level":"info","event":"-----------edit: {'title': 'File:OJ L 68 of 2018 - EN English.pdf', 'user': 'EUResourcesBot', 'is_bot': True, 'server_name': 'commons.wikimedia.org', 'timestamp': 1750771601}-------------","logger":"unusual_prefix_05f7c68866a4b9981d661b83f7c582db0b838856_wiki_monitoring"}
{"timestamp":"2025-06-26T09:51:56.963324","level":"info","event":"----------------Processing messages: <cimpl.Message object at 0x7fa5708bfec0>------------","logger":"unusual_prefix_05f7c68866a4b9981d661b83f7c582db0b838856_wiki_monitoring"}
{"timestamp":"2025-06-26T09:51:56.963562","level":"info","event":"-----------edit: {'title': 'Category:Artworks without Wikidata item', 'user': 'Gzen92Bot', 'is_bot': True, 'server_name': 'commons.wikimedia.org', 'timestamp': 1750771600}-------------","logger":"unusual_prefix_05f7c68866a4b9981d661b83f7c582db0b838856_wiki_monitoring"}
{"timestamp":"2025-06-26T09:51:56.967440","level":"info","event":"----------------Processing messages: <cimpl.Message object at 0x7fa5708bf240>------------","logger":"unusual_prefix_05f7c68866a4b9981d661b83f7c582db0b838856_wiki_monitoring"}
{"timestamp":"2025-06-26T09:51:56.967589","level":"info","event":"-----------edit: {'title': 'Talk:Nazareth', 'user': 'Charliehdb', 'is_bot': False, 'server_name': 'en.wikipedia.org', 'timestamp': 1750771603}-------------","logger":"unusual_prefix_05f7c68866a4b9981d661b83f7c582db0b838856_wiki_monitoring"}
{"timestamp":"2025-06-26T09:51:56.971019","level":"info","event":"----------------Processing messages: <cimpl.Message object at 0x7fa5708bec40>------------","logger":"unusual_prefix_05f7c68866a4b9981d661b83f7c582db0b838856_wiki_monitoring"}
{"timestamp":"2025-06-26T09:51:56.971158","level":"info","event":"-----------edit: {'title': 'Category:PD France', 'user': 'Gzen92Bot', 'is_bot': True, 'server_name': 'commons.wikimedia.org', 'timestamp': 1750771600}-------------","logger":"unusual_prefix_05f7c68866a4b9981d661b83f7c582db0b838856_wiki_monitoring"}
{"timestamp":"2025-06-26T09:51:56.973969","level":"info","event":"----------------Processing messages: <cimpl.Message object at 0x7fa5708bf440>------------","logger":"unusual_prefix_05f7c68866a4b9981d661b83f7c582db0b838856_wiki_monitoring"}
{"timestamp":"2025-06-26T09:51:56.974090","level":"info","event":"-----------edit: {'title': 'إنجوي فينيكس', 'user': 'MenoBot', 'is_bot': True, 'server_name': 'ar.wikipedia.org', 'timestamp': 1750771600}-------------","logger":"unusual_prefix_05f7c68866a4b9981d661b83f7c582db0b838856_wiki_monitoring"}
{"timestamp":"2025-06-26T09:51:56.980316","level":"info","event":"Done. Returned value was: None","logger":"airflow.task.operators.airflow.providers.standard.operators.python.PythonOperator"}
