{"timestamp":"2025-06-24T09:13:50.347709","level":"info","event":"DAG bundles loaded: dags-folder","logger":"airflow.dag_processing.bundles.manager.DagBundlesManager"}
{"timestamp":"2025-06-24T09:13:50.348139","level":"info","event":"Filling up the DagBag from /opt/airflow/dags/wiki_monitoring.py","logger":"airflow.models.dagbag.DagBag"}
{"timestamp":"2025-06-24T09:13:50.472595","level":"info","event":"Topic wiki_edits already exists","logger":"unusual_prefix_05f7c68866a4b9981d661b83f7c582db0b838856_wiki_monitoring"}
{"timestamp":"2025-06-24T09:13:50.472670","level":"info","event":"---------------topic metadata created------------------","logger":"unusual_prefix_05f7c68866a4b9981d661b83f7c582db0b838856_wiki_monitoring"}
{"timestamp":"2025-06-24T09:13:53.649201","level":"info","event":"----------------Processing messages: <cimpl.Message object at 0x78e1ecd7c440>------------","logger":"unusual_prefix_05f7c68866a4b9981d661b83f7c582db0b838856_wiki_monitoring"}
{"timestamp":"2025-06-24T09:13:53.649364","level":"info","event":"-----------edit: {'title': 'Category:Dutch pronunciation', 'user': 'Marcel coenders', 'is_bot': False, 'server_name': 'commons.wikimedia.org', 'timestamp': 1750749200}-------------","logger":"unusual_prefix_05f7c68866a4b9981d661b83f7c582db0b838856_wiki_monitoring"}
{"timestamp":"2025-06-24T09:13:53.655824","level":"info","event":"----------------Processing messages: <cimpl.Message object at 0x78e1ecd7cfc0>------------","logger":"unusual_prefix_05f7c68866a4b9981d661b83f7c582db0b838856_wiki_monitoring"}
{"timestamp":"2025-06-24T09:13:53.655930","level":"info","event":"-----------edit: {'title': 'Category:Male Dutch pronunciation', 'user': 'Marcel coenders', 'is_bot': False, 'server_name': 'commons.wikimedia.org', 'timestamp': 1750749200}-------------","logger":"unusual_prefix_05f7c68866a4b9981d661b83f7c582db0b838856_wiki_monitoring"}
{"timestamp":"2025-06-24T09:13:53.658340","level":"info","event":"----------------Processing messages: <cimpl.Message object at 0x78e1ecd7d440>------------","logger":"unusual_prefix_05f7c68866a4b9981d661b83f7c582db0b838856_wiki_monitoring"}
{"timestamp":"2025-06-24T09:13:53.658441","level":"info","event":"-----------edit: {'title': 'digitiser', 'user': 'Octahedron80', 'is_bot': False, 'server_name': 'th.wiktionary.org', 'timestamp': 1750749200}-------------","logger":"unusual_prefix_05f7c68866a4b9981d661b83f7c582db0b838856_wiki_monitoring"}
{"timestamp":"2025-06-24T09:13:53.660515","level":"info","event":"----------------Processing messages: <cimpl.Message object at 0x78e1ecd7d7c0>------------","logger":"unusual_prefix_05f7c68866a4b9981d661b83f7c582db0b838856_wiki_monitoring"}
{"timestamp":"2025-06-24T09:13:53.660614","level":"info","event":"-----------edit: {'title': 'Википедия:К удалению/15 мая 2025', 'user': 'Arami Mira', 'is_bot': False, 'server_name': 'ru.wikipedia.org', 'timestamp': 1750749198}-------------","logger":"unusual_prefix_05f7c68866a4b9981d661b83f7c582db0b838856_wiki_monitoring"}
{"timestamp":"2025-06-24T09:13:53.663430","level":"info","event":"----------------Processing messages: <cimpl.Message object at 0x78e1ecd7d940>------------","logger":"unusual_prefix_05f7c68866a4b9981d661b83f7c582db0b838856_wiki_monitoring"}
{"timestamp":"2025-06-24T09:13:53.663554","level":"info","event":"-----------edit: {'title': 'File:Lanciano, cappella dei Raccomandati - Affreschi 13.jpg', 'user': 'Alicia Fagerving (WMSE)', 'is_bot': False, 'server_name': 'commons.wikimedia.org', 'timestamp': 1750749200}-------------","logger":"unusual_prefix_05f7c68866a4b9981d661b83f7c582db0b838856_wiki_monitoring"}
{"timestamp":"2025-06-24T09:13:53.666428","level":"info","event":"----------------Processing messages: <cimpl.Message object at 0x78e1ecd7db40>------------","logger":"unusual_prefix_05f7c68866a4b9981d661b83f7c582db0b838856_wiki_monitoring"}
{"timestamp":"2025-06-24T09:13:53.666539","level":"info","event":"-----------edit: {'title': 'Q54146028', 'user': 'EditorFX', 'is_bot': False, 'server_name': 'www.wikidata.org', 'timestamp': 1750749201}-------------","logger":"unusual_prefix_05f7c68866a4b9981d661b83f7c582db0b838856_wiki_monitoring"}
{"timestamp":"2025-06-24T09:13:53.668917","level":"info","event":"----------------Processing messages: <cimpl.Message object at 0x78e1ecd7d940>------------","logger":"unusual_prefix_05f7c68866a4b9981d661b83f7c582db0b838856_wiki_monitoring"}
{"timestamp":"2025-06-24T09:13:53.669010","level":"info","event":"-----------edit: {'title': 'Migros (company)', 'user': 'Onomatopoeia1', 'is_bot': False, 'server_name': 'en.wikipedia.org', 'timestamp': 1750749200}-------------","logger":"unusual_prefix_05f7c68866a4b9981d661b83f7c582db0b838856_wiki_monitoring"}
{"timestamp":"2025-06-24T09:13:53.671039","level":"info","event":"----------------Processing messages: <cimpl.Message object at 0x78e1ecd7df40>------------","logger":"unusual_prefix_05f7c68866a4b9981d661b83f7c582db0b838856_wiki_monitoring"}
{"timestamp":"2025-06-24T09:13:53.671134","level":"info","event":"-----------edit: {'title': 'Q54146028', 'user': 'EditorFX', 'is_bot': False, 'server_name': 'www.wikidata.org', 'timestamp': 1750749201}-------------","logger":"unusual_prefix_05f7c68866a4b9981d661b83f7c582db0b838856_wiki_monitoring"}
{"timestamp":"2025-06-24T09:13:53.673733","level":"info","event":"----------------Processing messages: <cimpl.Message object at 0x78e1ecd7e240>------------","logger":"unusual_prefix_05f7c68866a4b9981d661b83f7c582db0b838856_wiki_monitoring"}
{"timestamp":"2025-06-24T09:13:53.673836","level":"info","event":"-----------edit: {'title': 'Seattle City Council', 'user': 'Bpuddin', 'is_bot': False, 'server_name': 'en.wikipedia.org', 'timestamp': 1750749199}-------------","logger":"unusual_prefix_05f7c68866a4b9981d661b83f7c582db0b838856_wiki_monitoring"}
{"timestamp":"2025-06-24T09:13:53.676094","level":"info","event":"----------------Processing messages: <cimpl.Message object at 0x78e1ecd7e6c0>------------","logger":"unusual_prefix_05f7c68866a4b9981d661b83f7c582db0b838856_wiki_monitoring"}
{"timestamp":"2025-06-24T09:13:53.676230","level":"info","event":"-----------edit: {'title': 'File:Duluth flag near Portland Square Park 3.jpg', 'user': 'SchlurcherBot', 'is_bot': True, 'server_name': 'commons.wikimedia.org', 'timestamp': 1750749201}-------------","logger":"unusual_prefix_05f7c68866a4b9981d661b83f7c582db0b838856_wiki_monitoring"}
{"timestamp":"2025-06-24T09:13:53.678365","level":"info","event":"----------------Processing messages: <cimpl.Message object at 0x78e1ecd7e940>------------","logger":"unusual_prefix_05f7c68866a4b9981d661b83f7c582db0b838856_wiki_monitoring"}
{"timestamp":"2025-06-24T09:13:53.678462","level":"info","event":"-----------edit: {'title': 'Jrue Holiday', 'user': 'Jeantapir', 'is_bot': False, 'server_name': 'fr.wikipedia.org', 'timestamp': 1750749199}-------------","logger":"unusual_prefix_05f7c68866a4b9981d661b83f7c582db0b838856_wiki_monitoring"}
{"timestamp":"2025-06-24T09:13:53.680580","level":"info","event":"----------------Processing messages: <cimpl.Message object at 0x78e1ecd7eb40>------------","logger":"unusual_prefix_05f7c68866a4b9981d661b83f7c582db0b838856_wiki_monitoring"}
{"timestamp":"2025-06-24T09:13:53.680674","level":"info","event":"-----------edit: {'title': 'Elisabeth von Dänemark, Norwegen und Schweden', 'user': 'Max-78', 'is_bot': False, 'server_name': 'de.wikipedia.org', 'timestamp': 1750749201}-------------","logger":"unusual_prefix_05f7c68866a4b9981d661b83f7c582db0b838856_wiki_monitoring"}
{"timestamp":"2025-06-24T09:13:53.682928","level":"info","event":"----------------Processing messages: <cimpl.Message object at 0x78e1ecd7ea40>------------","logger":"unusual_prefix_05f7c68866a4b9981d661b83f7c582db0b838856_wiki_monitoring"}
{"timestamp":"2025-06-24T09:13:53.683075","level":"info","event":"-----------edit: {'title': 'Page:སྙན་བརྒྱུད་ཁྲིད་ཆེན་བཅུ་གསུམ་གྱི་སྐོར། པོད་དགུ་བ།.pdf/493', 'user': 'Ganga4364', 'is_bot': False, 'server_name': 'wikisource.org', 'timestamp': 1750749201}-------------","logger":"unusual_prefix_05f7c68866a4b9981d661b83f7c582db0b838856_wiki_monitoring"}
{"timestamp":"2025-06-24T09:13:53.685333","level":"info","event":"----------------Processing messages: <cimpl.Message object at 0x78e1ecd7e8c0>------------","logger":"unusual_prefix_05f7c68866a4b9981d661b83f7c582db0b838856_wiki_monitoring"}
{"timestamp":"2025-06-24T09:13:53.685430","level":"info","event":"-----------edit: {'title': 'File:Photographs taken with a new Nikon F2 camera in Bangor (1516402).jpg', 'user': 'SchlurcherBot', 'is_bot': True, 'server_name': 'commons.wikimedia.org', 'timestamp': 1750749200}-------------","logger":"unusual_prefix_05f7c68866a4b9981d661b83f7c582db0b838856_wiki_monitoring"}
{"timestamp":"2025-06-24T09:13:53.687565","level":"info","event":"----------------Processing messages: <cimpl.Message object at 0x78e1ecd7e140>------------","logger":"unusual_prefix_05f7c68866a4b9981d661b83f7c582db0b838856_wiki_monitoring"}
{"timestamp":"2025-06-24T09:13:53.687656","level":"info","event":"-----------edit: {'title': 'Q21244841', 'user': 'Kbseah', 'is_bot': False, 'server_name': 'www.wikidata.org', 'timestamp': 1750749201}-------------","logger":"unusual_prefix_05f7c68866a4b9981d661b83f7c582db0b838856_wiki_monitoring"}
{"timestamp":"2025-06-24T09:13:53.689650","level":"info","event":"----------------Processing messages: <cimpl.Message object at 0x78e1ecd7e740>------------","logger":"unusual_prefix_05f7c68866a4b9981d661b83f7c582db0b838856_wiki_monitoring"}
{"timestamp":"2025-06-24T09:13:53.689742","level":"info","event":"-----------edit: {'title': 'Nam Dương', 'user': 'Lou.v1012', 'is_bot': False, 'server_name': 'vi.wikipedia.org', 'timestamp': 1750749202}-------------","logger":"unusual_prefix_05f7c68866a4b9981d661b83f7c582db0b838856_wiki_monitoring"}
{"timestamp":"2025-06-24T09:13:53.691818","level":"info","event":"----------------Processing messages: <cimpl.Message object at 0x78e1ecd7ddc0>------------","logger":"unusual_prefix_05f7c68866a4b9981d661b83f7c582db0b838856_wiki_monitoring"}
{"timestamp":"2025-06-24T09:13:53.691915","level":"info","event":"-----------edit: {'title': 'File:FêteMusiqueGenève2025-074.jpg', 'user': 'MHM55', 'is_bot': False, 'server_name': 'commons.wikimedia.org', 'timestamp': 1750749201}-------------","logger":"unusual_prefix_05f7c68866a4b9981d661b83f7c582db0b838856_wiki_monitoring"}
{"timestamp":"2025-06-24T09:13:53.694227","level":"info","event":"----------------Processing messages: <cimpl.Message object at 0x78e1ecd7d7c0>------------","logger":"unusual_prefix_05f7c68866a4b9981d661b83f7c582db0b838856_wiki_monitoring"}
{"timestamp":"2025-06-24T09:13:53.694321","level":"info","event":"-----------edit: {'title': 'Q65554605', 'user': 'Florentyna', 'is_bot': False, 'server_name': 'www.wikidata.org', 'timestamp': 1750749202}-------------","logger":"unusual_prefix_05f7c68866a4b9981d661b83f7c582db0b838856_wiki_monitoring"}
{"timestamp":"2025-06-24T09:13:53.696359","level":"info","event":"----------------Processing messages: <cimpl.Message object at 0x78e1ecd7ddc0>------------","logger":"unusual_prefix_05f7c68866a4b9981d661b83f7c582db0b838856_wiki_monitoring"}
{"timestamp":"2025-06-24T09:13:53.696452","level":"info","event":"-----------edit: {'title': 'Nam Dương', 'user': 'Lou.v1012', 'is_bot': False, 'server_name': 'vi.wikipedia.org', 'timestamp': 1750749200}-------------","logger":"unusual_prefix_05f7c68866a4b9981d661b83f7c582db0b838856_wiki_monitoring"}
{"timestamp":"2025-06-24T09:13:53.698474","level":"info","event":"----------------Processing messages: <cimpl.Message object at 0x78e1ecd7dac0>------------","logger":"unusual_prefix_05f7c68866a4b9981d661b83f7c582db0b838856_wiki_monitoring"}
{"timestamp":"2025-06-24T09:13:53.698558","level":"info","event":"-----------edit: {'title': 'Patriots.eu', 'user': 'Julius Schwarz', 'is_bot': False, 'server_name': 'en.wikipedia.org', 'timestamp': 1750749196}-------------","logger":"unusual_prefix_05f7c68866a4b9981d661b83f7c582db0b838856_wiki_monitoring"}
{"timestamp":"2025-06-24T09:13:53.700543","level":"info","event":"----------------Processing messages: <cimpl.Message object at 0x78e1ecd7d9c0>------------","logger":"unusual_prefix_05f7c68866a4b9981d661b83f7c582db0b838856_wiki_monitoring"}
{"timestamp":"2025-06-24T09:13:53.700631","level":"info","event":"-----------edit: {'title': 'File:OJ C 42 of 2018 - BG Bulgarian.pdf', 'user': 'EUResourcesBot', 'is_bot': True, 'server_name': 'commons.wikimedia.org', 'timestamp': 1750749200}-------------","logger":"unusual_prefix_05f7c68866a4b9981d661b83f7c582db0b838856_wiki_monitoring"}
{"timestamp":"2025-06-24T09:13:53.702558","level":"info","event":"----------------Processing messages: <cimpl.Message object at 0x78e1ecd7d640>------------","logger":"unusual_prefix_05f7c68866a4b9981d661b83f7c582db0b838856_wiki_monitoring"}
{"timestamp":"2025-06-24T09:13:53.702661","level":"info","event":"-----------edit: {'title': 'หมวดหมู่:ศัพท์ภาษาอังกฤษที่เติมปัจจัย -er (agent noun)', 'user': 'Octahedron80', 'is_bot': False, 'server_name': 'th.wiktionary.org', 'timestamp': 1750749200}-------------","logger":"unusual_prefix_05f7c68866a4b9981d661b83f7c582db0b838856_wiki_monitoring"}
{"timestamp":"2025-06-24T09:13:53.704919","level":"info","event":"----------------Processing messages: <cimpl.Message object at 0x78e1ecd7d4c0>------------","logger":"unusual_prefix_05f7c68866a4b9981d661b83f7c582db0b838856_wiki_monitoring"}
{"timestamp":"2025-06-24T09:13:53.705013","level":"info","event":"-----------edit: {'title': 'หมวดหมู่:คำหลักภาษาอังกฤษ', 'user': 'Octahedron80', 'is_bot': False, 'server_name': 'th.wiktionary.org', 'timestamp': 1750749200}-------------","logger":"unusual_prefix_05f7c68866a4b9981d661b83f7c582db0b838856_wiki_monitoring"}
{"timestamp":"2025-06-24T09:13:53.707021","level":"info","event":"----------------Processing messages: <cimpl.Message object at 0x78e1ecd7d140>------------","logger":"unusual_prefix_05f7c68866a4b9981d661b83f7c582db0b838856_wiki_monitoring"}
{"timestamp":"2025-06-24T09:13:53.707114","level":"info","event":"-----------edit: {'title': 'Category:Files from Gallica', 'user': 'Gzen92Bot', 'is_bot': True, 'server_name': 'commons.wikimedia.org', 'timestamp': 1750749199}-------------","logger":"unusual_prefix_05f7c68866a4b9981d661b83f7c582db0b838856_wiki_monitoring"}
{"timestamp":"2025-06-24T09:13:53.709360","level":"info","event":"----------------Processing messages: <cimpl.Message object at 0x78e1ecd7d1c0>------------","logger":"unusual_prefix_05f7c68866a4b9981d661b83f7c582db0b838856_wiki_monitoring"}
{"timestamp":"2025-06-24T09:13:53.709451","level":"info","event":"-----------edit: {'title': 'icecap', 'user': 'WingerBot', 'is_bot': True, 'server_name': 'en.wiktionary.org', 'timestamp': 1750749201}-------------","logger":"unusual_prefix_05f7c68866a4b9981d661b83f7c582db0b838856_wiki_monitoring"}
{"timestamp":"2025-06-24T09:13:53.711499","level":"info","event":"----------------Processing messages: <cimpl.Message object at 0x78e1ecd7c340>------------","logger":"unusual_prefix_05f7c68866a4b9981d661b83f7c582db0b838856_wiki_monitoring"}
{"timestamp":"2025-06-24T09:13:53.711593","level":"info","event":"-----------edit: {'title': 'Category:Artworks without Wikidata item', 'user': 'Gzen92Bot', 'is_bot': True, 'server_name': 'commons.wikimedia.org', 'timestamp': 1750749199}-------------","logger":"unusual_prefix_05f7c68866a4b9981d661b83f7c582db0b838856_wiki_monitoring"}
{"timestamp":"2025-06-24T09:13:53.713902","level":"info","event":"----------------Processing messages: <cimpl.Message object at 0x78e1ecd7d740>------------","logger":"unusual_prefix_05f7c68866a4b9981d661b83f7c582db0b838856_wiki_monitoring"}
{"timestamp":"2025-06-24T09:13:53.714007","level":"info","event":"-----------edit: {'title': 'Canyelles', 'user': 'InternetArchiveBot', 'is_bot': True, 'server_name': 'gl.wikipedia.org', 'timestamp': 1750749199}-------------","logger":"unusual_prefix_05f7c68866a4b9981d661b83f7c582db0b838856_wiki_monitoring"}
{"timestamp":"2025-06-24T09:13:53.716384","level":"info","event":"----------------Processing messages: <cimpl.Message object at 0x78e1ecd7d440>------------","logger":"unusual_prefix_05f7c68866a4b9981d661b83f7c582db0b838856_wiki_monitoring"}
{"timestamp":"2025-06-24T09:13:53.716485","level":"info","event":"-----------edit: {'title': 'หมวดหมู่:คำนามภาษาอังกฤษ', 'user': 'Octahedron80', 'is_bot': False, 'server_name': 'th.wiktionary.org', 'timestamp': 1750749200}-------------","logger":"unusual_prefix_05f7c68866a4b9981d661b83f7c582db0b838856_wiki_monitoring"}
{"timestamp":"2025-06-24T09:13:53.718535","level":"info","event":"----------------Processing messages: <cimpl.Message object at 0x78e1ecd7d540>------------","logger":"unusual_prefix_05f7c68866a4b9981d661b83f7c582db0b838856_wiki_monitoring"}
{"timestamp":"2025-06-24T09:13:53.718630","level":"info","event":"-----------edit: {'title': 'Category:PD France', 'user': 'Gzen92Bot', 'is_bot': True, 'server_name': 'commons.wikimedia.org', 'timestamp': 1750749199}-------------","logger":"unusual_prefix_05f7c68866a4b9981d661b83f7c582db0b838856_wiki_monitoring"}
{"timestamp":"2025-06-24T09:13:53.720600","level":"info","event":"----------------Processing messages: <cimpl.Message object at 0x78e1ecd7dbc0>------------","logger":"unusual_prefix_05f7c68866a4b9981d661b83f7c582db0b838856_wiki_monitoring"}
{"timestamp":"2025-06-24T09:13:53.720697","level":"info","event":"-----------edit: {'title': 'Q65927497', 'user': 'Florentyna', 'is_bot': False, 'server_name': 'www.wikidata.org', 'timestamp': 1750749202}-------------","logger":"unusual_prefix_05f7c68866a4b9981d661b83f7c582db0b838856_wiki_monitoring"}
{"timestamp":"2025-06-24T09:13:53.722567","level":"info","event":"----------------Processing messages: <cimpl.Message object at 0x78e1ecd7dec0>------------","logger":"unusual_prefix_05f7c68866a4b9981d661b83f7c582db0b838856_wiki_monitoring"}
{"timestamp":"2025-06-24T09:13:53.722658","level":"info","event":"-----------edit: {'title': 'Category:PD-old missing SDC copyright status', 'user': 'Gzen92Bot', 'is_bot': True, 'server_name': 'commons.wikimedia.org', 'timestamp': 1750749199}-------------","logger":"unusual_prefix_05f7c68866a4b9981d661b83f7c582db0b838856_wiki_monitoring"}
{"timestamp":"2025-06-24T09:13:53.725266","level":"info","event":"----------------Processing messages: <cimpl.Message object at 0x78e1ecd7e2c0>------------","logger":"unusual_prefix_05f7c68866a4b9981d661b83f7c582db0b838856_wiki_monitoring"}
{"timestamp":"2025-06-24T09:13:53.725382","level":"info","event":"-----------edit: {'title': 'หมวดหมู่:คำนามนับได้ภาษาอังกฤษ', 'user': 'Octahedron80', 'is_bot': False, 'server_name': 'th.wiktionary.org', 'timestamp': 1750749200}-------------","logger":"unusual_prefix_05f7c68866a4b9981d661b83f7c582db0b838856_wiki_monitoring"}
{"timestamp":"2025-06-24T09:13:53.727536","level":"info","event":"----------------Processing messages: <cimpl.Message object at 0x78e1ecd7e1c0>------------","logger":"unusual_prefix_05f7c68866a4b9981d661b83f7c582db0b838856_wiki_monitoring"}
{"timestamp":"2025-06-24T09:13:53.727633","level":"info","event":"-----------edit: {'title': 'Category:CC-PD-Mark', 'user': 'Gzen92Bot', 'is_bot': True, 'server_name': 'commons.wikimedia.org', 'timestamp': 1750749199}-------------","logger":"unusual_prefix_05f7c68866a4b9981d661b83f7c582db0b838856_wiki_monitoring"}
{"timestamp":"2025-06-24T09:13:53.729784","level":"info","event":"----------------Processing messages: <cimpl.Message object at 0x78e1ecd7db40>------------","logger":"unusual_prefix_05f7c68866a4b9981d661b83f7c582db0b838856_wiki_monitoring"}
{"timestamp":"2025-06-24T09:13:53.729879","level":"info","event":"-----------edit: {'title': 'หมวดหมู่:หน้าที่มีรายการ', 'user': 'Octahedron80', 'is_bot': False, 'server_name': 'th.wiktionary.org', 'timestamp': 1750749200}-------------","logger":"unusual_prefix_05f7c68866a4b9981d661b83f7c582db0b838856_wiki_monitoring"}
{"timestamp":"2025-06-24T09:13:53.731859","level":"info","event":"----------------Processing messages: <cimpl.Message object at 0x78e1ecd7e7c0>------------","logger":"unusual_prefix_05f7c68866a4b9981d661b83f7c582db0b838856_wiki_monitoring"}
{"timestamp":"2025-06-24T09:13:53.731950","level":"info","event":"-----------edit: {'title': 'Category:PD-old-100-expired', 'user': 'Gzen92Bot', 'is_bot': True, 'server_name': 'commons.wikimedia.org', 'timestamp': 1750749199}-------------","logger":"unusual_prefix_05f7c68866a4b9981d661b83f7c582db0b838856_wiki_monitoring"}
{"timestamp":"2025-06-24T09:13:53.734050","level":"info","event":"----------------Processing messages: <cimpl.Message object at 0x78e1ecd7e940>------------","logger":"unusual_prefix_05f7c68866a4b9981d661b83f7c582db0b838856_wiki_monitoring"}
{"timestamp":"2025-06-24T09:13:53.734145","level":"info","event":"-----------edit: {'title': 'Projet:Jeu vidéo/Fichiers récents', 'user': 'OrlodrimBot', 'is_bot': True, 'server_name': 'fr.wikipedia.org', 'timestamp': 1750749201}-------------","logger":"unusual_prefix_05f7c68866a4b9981d661b83f7c582db0b838856_wiki_monitoring"}
{"timestamp":"2025-06-24T09:13:53.736337","level":"info","event":"----------------Processing messages: <cimpl.Message object at 0x78e1ecd7c840>------------","logger":"unusual_prefix_05f7c68866a4b9981d661b83f7c582db0b838856_wiki_monitoring"}
{"timestamp":"2025-06-24T09:13:53.736433","level":"info","event":"-----------edit: {'title': 'גלי בהרב-מיארה', 'user': 'Gabi S.', 'is_bot': False, 'server_name': 'he.wikipedia.org', 'timestamp': 1750749199}-------------","logger":"unusual_prefix_05f7c68866a4b9981d661b83f7c582db0b838856_wiki_monitoring"}
{"timestamp":"2025-06-24T09:13:53.738637","level":"info","event":"----------------Processing messages: <cimpl.Message object at 0x78e1ecd7e6c0>------------","logger":"unusual_prefix_05f7c68866a4b9981d661b83f7c582db0b838856_wiki_monitoring"}
{"timestamp":"2025-06-24T09:13:53.738735","level":"info","event":"-----------edit: {'title': 'User:Dr. Firoz Mahmood Iqbal/sandbox', 'user': 'Dr. Firoz Mahmood Iqbal', 'is_bot': False, 'server_name': 'en.wikipedia.org', 'timestamp': 1750749201}-------------","logger":"unusual_prefix_05f7c68866a4b9981d661b83f7c582db0b838856_wiki_monitoring"}
{"timestamp":"2025-06-24T09:13:53.741106","level":"info","event":"----------------Processing messages: <cimpl.Message object at 0x78e1ecd7eb40>------------","logger":"unusual_prefix_05f7c68866a4b9981d661b83f7c582db0b838856_wiki_monitoring"}
{"timestamp":"2025-06-24T09:13:53.741211","level":"info","event":"-----------edit: {'title': 'หมวดหมู่:หน้าที่มี 1 รายการ', 'user': 'Octahedron80', 'is_bot': False, 'server_name': 'th.wiktionary.org', 'timestamp': 1750749200}-------------","logger":"unusual_prefix_05f7c68866a4b9981d661b83f7c582db0b838856_wiki_monitoring"}
{"timestamp":"2025-06-24T09:13:53.743271","level":"info","event":"----------------Processing messages: <cimpl.Message object at 0x78e1ecd7d940>------------","logger":"unusual_prefix_05f7c68866a4b9981d661b83f7c582db0b838856_wiki_monitoring"}
{"timestamp":"2025-06-24T09:13:53.743368","level":"info","event":"-----------edit: {'title': 'Q132087086', 'user': 'Ehrlich91', 'is_bot': False, 'server_name': 'www.wikidata.org', 'timestamp': 1750749202}-------------","logger":"unusual_prefix_05f7c68866a4b9981d661b83f7c582db0b838856_wiki_monitoring"}
{"timestamp":"2025-06-24T09:13:53.745474","level":"info","event":"----------------Processing messages: <cimpl.Message object at 0x78e1ecd7e340>------------","logger":"unusual_prefix_05f7c68866a4b9981d661b83f7c582db0b838856_wiki_monitoring"}
{"timestamp":"2025-06-24T09:13:53.745571","level":"info","event":"-----------edit: {'title': 'Category:PD US expired', 'user': 'Gzen92Bot', 'is_bot': True, 'server_name': 'commons.wikimedia.org', 'timestamp': 1750749199}-------------","logger":"unusual_prefix_05f7c68866a4b9981d661b83f7c582db0b838856_wiki_monitoring"}
{"timestamp":"2025-06-24T09:13:53.747618","level":"info","event":"----------------Processing messages: <cimpl.Message object at 0x78e1ecd7e540>------------","logger":"unusual_prefix_05f7c68866a4b9981d661b83f7c582db0b838856_wiki_monitoring"}
{"timestamp":"2025-06-24T09:13:53.747717","level":"info","event":"-----------edit: {'title': 'Category:PD-US missing SDC copyright status', 'user': 'Gzen92Bot', 'is_bot': True, 'server_name': 'commons.wikimedia.org', 'timestamp': 1750749199}-------------","logger":"unusual_prefix_05f7c68866a4b9981d661b83f7c582db0b838856_wiki_monitoring"}
{"timestamp":"2025-06-24T09:13:53.749952","level":"info","event":"----------------Processing messages: <cimpl.Message object at 0x78e1ecd7e4c0>------------","logger":"unusual_prefix_05f7c68866a4b9981d661b83f7c582db0b838856_wiki_monitoring"}
{"timestamp":"2025-06-24T09:13:53.750046","level":"info","event":"-----------edit: {'title': 'Category:Sheet music from Gallica (Bibliothèque nationale de France) uploaded by Gzen92Bot', 'user': 'Gzen92Bot', 'is_bot': True, 'server_name': 'commons.wikimedia.org', 'timestamp': 1750749199}-------------","logger":"unusual_prefix_05f7c68866a4b9981d661b83f7c582db0b838856_wiki_monitoring"}
{"timestamp":"2025-06-24T09:13:53.751935","level":"info","event":"----------------Processing messages: <cimpl.Message object at 0x78e1ecd7e140>------------","logger":"unusual_prefix_05f7c68866a4b9981d661b83f7c582db0b838856_wiki_monitoring"}
{"timestamp":"2025-06-24T09:13:53.752025","level":"info","event":"-----------edit: {'title': 'Category:Ballo Faust par Mr Pierot - sic ! - Violon répétiteur - btv1b10876497g', 'user': 'Gzen92Bot', 'is_bot': True, 'server_name': 'commons.wikimedia.org', 'timestamp': 1750749199}-------------","logger":"unusual_prefix_05f7c68866a4b9981d661b83f7c582db0b838856_wiki_monitoring"}
{"timestamp":"2025-06-24T09:13:53.754059","level":"info","event":"----------------Processing messages: <cimpl.Message object at 0x78e1ecd7da40>------------","logger":"unusual_prefix_05f7c68866a4b9981d661b83f7c582db0b838856_wiki_monitoring"}
{"timestamp":"2025-06-24T09:13:53.754150","level":"info","event":"-----------edit: {'title': 'File:FêteMusiqueGenève2025-074.jpg', 'user': 'MHM55', 'is_bot': False, 'server_name': 'commons.wikimedia.org', 'timestamp': 1750749202}-------------","logger":"unusual_prefix_05f7c68866a4b9981d661b83f7c582db0b838856_wiki_monitoring"}
{"timestamp":"2025-06-24T09:13:53.756297","level":"info","event":"----------------Processing messages: <cimpl.Message object at 0x78e1ecd7d840>------------","logger":"unusual_prefix_05f7c68866a4b9981d661b83f7c582db0b838856_wiki_monitoring"}
{"timestamp":"2025-06-24T09:13:53.756399","level":"info","event":"-----------edit: {'title': 'נמל התעופה טוראיף', 'user': 'Omri.kotok', 'is_bot': False, 'server_name': 'he.wikipedia.org', 'timestamp': 1750749201}-------------","logger":"unusual_prefix_05f7c68866a4b9981d661b83f7c582db0b838856_wiki_monitoring"}
{"timestamp":"2025-06-24T09:13:53.758531","level":"info","event":"----------------Processing messages: <cimpl.Message object at 0x78e1ecd7d7c0>------------","logger":"unusual_prefix_05f7c68866a4b9981d661b83f7c582db0b838856_wiki_monitoring"}
{"timestamp":"2025-06-24T09:13:53.758629","level":"info","event":"-----------edit: {'title': 'Q54146028', 'user': 'EditorFX', 'is_bot': False, 'server_name': 'www.wikidata.org', 'timestamp': 1750749203}-------------","logger":"unusual_prefix_05f7c68866a4b9981d661b83f7c582db0b838856_wiki_monitoring"}
{"timestamp":"2025-06-24T09:13:53.760725","level":"info","event":"----------------Processing messages: <cimpl.Message object at 0x78e1ecd7c2c0>------------","logger":"unusual_prefix_05f7c68866a4b9981d661b83f7c582db0b838856_wiki_monitoring"}
{"timestamp":"2025-06-24T09:13:53.760820","level":"info","event":"-----------edit: {'title': 'Catégorie:Unité militaire française des guerres de la Révolution française', 'user': 'Jihaim', 'is_bot': False, 'server_name': 'fr.wikipedia.org', 'timestamp': 1750749194}-------------","logger":"unusual_prefix_05f7c68866a4b9981d661b83f7c582db0b838856_wiki_monitoring"}
{"timestamp":"2025-06-24T09:13:53.762955","level":"info","event":"----------------Processing messages: <cimpl.Message object at 0x78e1ecd7cec0>------------","logger":"unusual_prefix_05f7c68866a4b9981d661b83f7c582db0b838856_wiki_monitoring"}
{"timestamp":"2025-06-24T09:13:53.763050","level":"info","event":"-----------edit: {'title': 'Catégorie:Unité militaire française de la Seconde Guerre mondiale', 'user': 'Jihaim', 'is_bot': False, 'server_name': 'fr.wikipedia.org', 'timestamp': 1750749194}-------------","logger":"unusual_prefix_05f7c68866a4b9981d661b83f7c582db0b838856_wiki_monitoring"}
{"timestamp":"2025-06-24T09:13:53.765214","level":"info","event":"----------------Processing messages: <cimpl.Message object at 0x78e1ecd7d2c0>------------","logger":"unusual_prefix_05f7c68866a4b9981d661b83f7c582db0b838856_wiki_monitoring"}
{"timestamp":"2025-06-24T09:13:53.765329","level":"info","event":"-----------edit: {'title': 'تصنيف:أماكن كانت مأهولة في السعودية', 'user': 'Mr.Ibrahembot', 'is_bot': True, 'server_name': 'ar.wikipedia.org', 'timestamp': 1750749197}-------------","logger":"unusual_prefix_05f7c68866a4b9981d661b83f7c582db0b838856_wiki_monitoring"}
{"timestamp":"2025-06-24T09:13:53.767494","level":"info","event":"----------------Processing messages: <cimpl.Message object at 0x78e1ecd7d240>------------","logger":"unusual_prefix_05f7c68866a4b9981d661b83f7c582db0b838856_wiki_monitoring"}
{"timestamp":"2025-06-24T09:13:53.767589","level":"info","event":"-----------edit: {'title': 'Category:Creative Commons Attribution-Share Alike missing SDC copyright status', 'user': 'MHM55', 'is_bot': False, 'server_name': 'commons.wikimedia.org', 'timestamp': 1750749201}-------------","logger":"unusual_prefix_05f7c68866a4b9981d661b83f7c582db0b838856_wiki_monitoring"}
{"timestamp":"2025-06-24T09:13:53.769846","level":"info","event":"----------------Processing messages: <cimpl.Message object at 0x78e1ecd7d340>------------","logger":"unusual_prefix_05f7c68866a4b9981d661b83f7c582db0b838856_wiki_monitoring"}
{"timestamp":"2025-06-24T09:13:53.769945","level":"info","event":"-----------edit: {'title': 'Annika Åhnberg', 'user': 'Kitayama', 'is_bot': False, 'server_name': 'sv.wikipedia.org', 'timestamp': 1750749202}-------------","logger":"unusual_prefix_05f7c68866a4b9981d661b83f7c582db0b838856_wiki_monitoring"}
{"timestamp":"2025-06-24T09:13:53.772099","level":"info","event":"----------------Processing messages: <cimpl.Message object at 0x78e1ecd7d640>------------","logger":"unusual_prefix_05f7c68866a4b9981d661b83f7c582db0b838856_wiki_monitoring"}
{"timestamp":"2025-06-24T09:13:53.772217","level":"info","event":"-----------edit: {'title': 'Category:CC-BY-SA-4.0', 'user': 'MHM55', 'is_bot': False, 'server_name': 'commons.wikimedia.org', 'timestamp': 1750749201}-------------","logger":"unusual_prefix_05f7c68866a4b9981d661b83f7c582db0b838856_wiki_monitoring"}
{"timestamp":"2025-06-24T09:13:53.774451","level":"info","event":"----------------Processing messages: <cimpl.Message object at 0x78e1ecd7e840>------------","logger":"unusual_prefix_05f7c68866a4b9981d661b83f7c582db0b838856_wiki_monitoring"}
{"timestamp":"2025-06-24T09:13:53.774541","level":"info","event":"-----------edit: {'title': 'تصنيف:صفحات تستخدم امتداد JsonConfig', 'user': 'Mr.Ibrahembot', 'is_bot': True, 'server_name': 'ar.wikipedia.org', 'timestamp': 1750749197}-------------","logger":"unusual_prefix_05f7c68866a4b9981d661b83f7c582db0b838856_wiki_monitoring"}
{"timestamp":"2025-06-24T09:13:53.776672","level":"info","event":"----------------Processing messages: <cimpl.Message object at 0x78e1ecd7d1c0>------------","logger":"unusual_prefix_05f7c68866a4b9981d661b83f7c582db0b838856_wiki_monitoring"}
{"timestamp":"2025-06-24T09:13:53.776765","level":"info","event":"-----------edit: {'title': 'Category:Creative Commons Attribution-Share Alike 4.0 missing SDC copyright license', 'user': 'MHM55', 'is_bot': False, 'server_name': 'commons.wikimedia.org', 'timestamp': 1750749201}-------------","logger":"unusual_prefix_05f7c68866a4b9981d661b83f7c582db0b838856_wiki_monitoring"}
{"timestamp":"2025-06-24T09:13:53.778691","level":"info","event":"----------------Processing messages: <cimpl.Message object at 0x78e1ecd7e140>------------","logger":"unusual_prefix_05f7c68866a4b9981d661b83f7c582db0b838856_wiki_monitoring"}
{"timestamp":"2025-06-24T09:13:53.778784","level":"info","event":"-----------edit: {'title': 'William Penny Brookes', 'user': 'Cloptonson', 'is_bot': False, 'server_name': 'en.wikipedia.org', 'timestamp': 1750749201}-------------","logger":"unusual_prefix_05f7c68866a4b9981d661b83f7c582db0b838856_wiki_monitoring"}
{"timestamp":"2025-06-24T09:13:53.781043","level":"info","event":"----------------Processing messages: <cimpl.Message object at 0x78e1ecd7d6c0>------------","logger":"unusual_prefix_05f7c68866a4b9981d661b83f7c582db0b838856_wiki_monitoring"}
{"timestamp":"2025-06-24T09:13:53.781144","level":"info","event":"-----------edit: {'title': 'Category:Self-published work', 'user': 'MHM55', 'is_bot': False, 'server_name': 'commons.wikimedia.org', 'timestamp': 1750749201}-------------","logger":"unusual_prefix_05f7c68866a4b9981d661b83f7c582db0b838856_wiki_monitoring"}
{"timestamp":"2025-06-24T09:13:53.783244","level":"info","event":"----------------Processing messages: <cimpl.Message object at 0x78e1ecd7d740>------------","logger":"unusual_prefix_05f7c68866a4b9981d661b83f7c582db0b838856_wiki_monitoring"}
{"timestamp":"2025-06-24T09:13:53.783341","level":"info","event":"-----------edit: {'title': 'File:OJ C 42 of 2018 - BG Bulgarian.pdf', 'user': 'EUResourcesBot', 'is_bot': True, 'server_name': 'commons.wikimedia.org', 'timestamp': 1750749202}-------------","logger":"unusual_prefix_05f7c68866a4b9981d661b83f7c582db0b838856_wiki_monitoring"}
{"timestamp":"2025-06-24T09:13:53.785366","level":"info","event":"----------------Processing messages: <cimpl.Message object at 0x78e1ecd7d540>------------","logger":"unusual_prefix_05f7c68866a4b9981d661b83f7c582db0b838856_wiki_monitoring"}
{"timestamp":"2025-06-24T09:13:53.785460","level":"info","event":"-----------edit: {'title': 'File:Amanita pantherina collection 2.jpg', 'user': 'TyranCometh', 'is_bot': False, 'server_name': 'commons.wikimedia.org', 'timestamp': 1750749202}-------------","logger":"unusual_prefix_05f7c68866a4b9981d661b83f7c582db0b838856_wiki_monitoring"}
{"timestamp":"2025-06-24T09:13:53.787682","level":"info","event":"----------------Processing messages: <cimpl.Message object at 0x78e1ecd7dbc0>------------","logger":"unusual_prefix_05f7c68866a4b9981d661b83f7c582db0b838856_wiki_monitoring"}
{"timestamp":"2025-06-24T09:13:53.787788","level":"info","event":"-----------edit: {'title': 'Category:Self-published work missing SDC copyright license', 'user': 'MHM55', 'is_bot': False, 'server_name': 'commons.wikimedia.org', 'timestamp': 1750749201}-------------","logger":"unusual_prefix_05f7c68866a4b9981d661b83f7c582db0b838856_wiki_monitoring"}
{"timestamp":"2025-06-24T09:13:53.790025","level":"info","event":"----------------Processing messages: <cimpl.Message object at 0x78e1ecd7dec0>------------","logger":"unusual_prefix_05f7c68866a4b9981d661b83f7c582db0b838856_wiki_monitoring"}
{"timestamp":"2025-06-24T09:13:53.790121","level":"info","event":"-----------edit: {'title': 'Q54146028', 'user': 'EditorFX', 'is_bot': False, 'server_name': 'www.wikidata.org', 'timestamp': 1750749202}-------------","logger":"unusual_prefix_05f7c68866a4b9981d661b83f7c582db0b838856_wiki_monitoring"}
{"timestamp":"2025-06-24T09:13:53.792721","level":"info","event":"----------------Processing messages: <cimpl.Message object at 0x78e1ecd7e2c0>------------","logger":"unusual_prefix_05f7c68866a4b9981d661b83f7c582db0b838856_wiki_monitoring"}
{"timestamp":"2025-06-24T09:13:53.792819","level":"info","event":"-----------edit: {'title': 'Category:Fête de la musique 2025 à Genève', 'user': 'MHM55', 'is_bot': False, 'server_name': 'commons.wikimedia.org', 'timestamp': 1750749201}-------------","logger":"unusual_prefix_05f7c68866a4b9981d661b83f7c582db0b838856_wiki_monitoring"}
{"timestamp":"2025-06-24T09:13:53.795050","level":"info","event":"----------------Processing messages: <cimpl.Message object at 0x78e1ecd7db40>------------","logger":"unusual_prefix_05f7c68866a4b9981d661b83f7c582db0b838856_wiki_monitoring"}
{"timestamp":"2025-06-24T09:13:53.795140","level":"info","event":"-----------edit: {'title': 'Category:Promenade du Pin (Geneva)', 'user': 'MHM55', 'is_bot': False, 'server_name': 'commons.wikimedia.org', 'timestamp': 1750749201}-------------","logger":"unusual_prefix_05f7c68866a4b9981d661b83f7c582db0b838856_wiki_monitoring"}
{"timestamp":"2025-06-24T09:13:53.797225","level":"info","event":"----------------Processing messages: <cimpl.Message object at 0x78e1ecd7e1c0>------------","logger":"unusual_prefix_05f7c68866a4b9981d661b83f7c582db0b838856_wiki_monitoring"}
{"timestamp":"2025-06-24T09:13:53.797315","level":"info","event":"-----------edit: {'title': 'Q3726007', 'user': 'Danielyepezgarces', 'is_bot': False, 'server_name': 'www.wikidata.org', 'timestamp': 1750749202}-------------","logger":"unusual_prefix_05f7c68866a4b9981d661b83f7c582db0b838856_wiki_monitoring"}
{"timestamp":"2025-06-24T09:13:53.799875","level":"info","event":"----------------Processing messages: <cimpl.Message object at 0x78e1ecd7d140>------------","logger":"unusual_prefix_05f7c68866a4b9981d661b83f7c582db0b838856_wiki_monitoring"}
{"timestamp":"2025-06-24T09:13:53.799971","level":"info","event":"-----------edit: {'title': 'Category:Files with broken file links', 'user': 'EUResourcesBot', 'is_bot': True, 'server_name': 'commons.wikimedia.org', 'timestamp': 1750749200}-------------","logger":"unusual_prefix_05f7c68866a4b9981d661b83f7c582db0b838856_wiki_monitoring"}
{"timestamp":"2025-06-24T09:13:53.802137","level":"info","event":"----------------Processing messages: <cimpl.Message object at 0x78e1ecd7c840>------------","logger":"unusual_prefix_05f7c68866a4b9981d661b83f7c582db0b838856_wiki_monitoring"}
{"timestamp":"2025-06-24T09:13:53.802235","level":"info","event":"-----------edit: {'title': 'Category:2018 texts', 'user': 'EUResourcesBot', 'is_bot': True, 'server_name': 'commons.wikimedia.org', 'timestamp': 1750749200}-------------","logger":"unusual_prefix_05f7c68866a4b9981d661b83f7c582db0b838856_wiki_monitoring"}
{"timestamp":"2025-06-24T09:13:53.804709","level":"info","event":"----------------Processing messages: <cimpl.Message object at 0x78e1ecd7e3c0>------------","logger":"unusual_prefix_05f7c68866a4b9981d661b83f7c582db0b838856_wiki_monitoring"}
{"timestamp":"2025-06-24T09:13:53.804824","level":"info","event":"-----------edit: {'title': 'Category:2018-02-05', 'user': 'EUResourcesBot', 'is_bot': True, 'server_name': 'commons.wikimedia.org', 'timestamp': 1750749200}-------------","logger":"unusual_prefix_05f7c68866a4b9981d661b83f7c582db0b838856_wiki_monitoring"}
{"timestamp":"2025-06-24T09:13:53.807189","level":"info","event":"----------------Processing messages: <cimpl.Message object at 0x78e1ecd7e6c0>------------","logger":"unusual_prefix_05f7c68866a4b9981d661b83f7c582db0b838856_wiki_monitoring"}
{"timestamp":"2025-06-24T09:13:53.807297","level":"info","event":"-----------edit: {'title': 'Category:Attribution only license', 'user': 'EUResourcesBot', 'is_bot': True, 'server_name': 'commons.wikimedia.org', 'timestamp': 1750749200}-------------","logger":"unusual_prefix_05f7c68866a4b9981d661b83f7c582db0b838856_wiki_monitoring"}
{"timestamp":"2025-06-24T09:13:53.810042","level":"info","event":"----------------Processing messages: <cimpl.Message object at 0x78e1ecd7d940>------------","logger":"unusual_prefix_05f7c68866a4b9981d661b83f7c582db0b838856_wiki_monitoring"}
{"timestamp":"2025-06-24T09:13:53.810341","level":"info","event":"-----------edit: {'title': 'Category:European Union license', 'user': 'EUResourcesBot', 'is_bot': True, 'server_name': 'commons.wikimedia.org', 'timestamp': 1750749200}-------------","logger":"unusual_prefix_05f7c68866a4b9981d661b83f7c582db0b838856_wiki_monitoring"}
{"timestamp":"2025-06-24T09:13:53.812931","level":"info","event":"----------------Processing messages: <cimpl.Message object at 0x78e1ecd7e340>------------","logger":"unusual_prefix_05f7c68866a4b9981d661b83f7c582db0b838856_wiki_monitoring"}
{"timestamp":"2025-06-24T09:13:53.813033","level":"info","event":"-----------edit: {'title': 'Category:All articles with dead external links', 'user': 'GreenC bot', 'is_bot': True, 'server_name': 'en.wikipedia.org', 'timestamp': 1750749197}-------------","logger":"unusual_prefix_05f7c68866a4b9981d661b83f7c582db0b838856_wiki_monitoring"}
{"timestamp":"2025-06-24T09:13:53.815344","level":"info","event":"----------------Processing messages: <cimpl.Message object at 0x78e1ecd7e540>------------","logger":"unusual_prefix_05f7c68866a4b9981d661b83f7c582db0b838856_wiki_monitoring"}
{"timestamp":"2025-06-24T09:13:53.815440","level":"info","event":"-----------edit: {'title': 'Category:PD-EUGov', 'user': 'EUResourcesBot', 'is_bot': True, 'server_name': 'commons.wikimedia.org', 'timestamp': 1750749200}-------------","logger":"unusual_prefix_05f7c68866a4b9981d661b83f7c582db0b838856_wiki_monitoring"}
{"timestamp":"2025-06-24T09:13:53.817607","level":"info","event":"----------------Processing messages: <cimpl.Message object at 0x78e1ecd7e4c0>------------","logger":"unusual_prefix_05f7c68866a4b9981d661b83f7c582db0b838856_wiki_monitoring"}
{"timestamp":"2025-06-24T09:13:53.817711","level":"info","event":"-----------edit: {'title': 'Q4582999', 'user': 'World Cup', 'is_bot': False, 'server_name': 'www.wikidata.org', 'timestamp': 1750749203}-------------","logger":"unusual_prefix_05f7c68866a4b9981d661b83f7c582db0b838856_wiki_monitoring"}
{"timestamp":"2025-06-24T09:13:53.820089","level":"info","event":"----------------Processing messages: <cimpl.Message object at 0x78e1ecd7ddc0>------------","logger":"unusual_prefix_05f7c68866a4b9981d661b83f7c582db0b838856_wiki_monitoring"}
{"timestamp":"2025-06-24T09:13:53.820224","level":"info","event":"-----------edit: {'title': 'Category:PD-EdictGov', 'user': 'EUResourcesBot', 'is_bot': True, 'server_name': 'commons.wikimedia.org', 'timestamp': 1750749200}-------------","logger":"unusual_prefix_05f7c68866a4b9981d661b83f7c582db0b838856_wiki_monitoring"}
{"timestamp":"2025-06-24T09:13:53.822615","level":"info","event":"----------------Processing messages: <cimpl.Message object at 0x78e1ecd7da40>------------","logger":"unusual_prefix_05f7c68866a4b9981d661b83f7c582db0b838856_wiki_monitoring"}
{"timestamp":"2025-06-24T09:13:53.822716","level":"info","event":"-----------edit: {'title': 'Category:Articles with dead external links from June 2025', 'user': 'GreenC bot', 'is_bot': True, 'server_name': 'en.wikipedia.org', 'timestamp': 1750749197}-------------","logger":"unusual_prefix_05f7c68866a4b9981d661b83f7c582db0b838856_wiki_monitoring"}
{"timestamp":"2025-06-24T09:13:53.825401","level":"info","event":"----------------Processing messages: <cimpl.Message object at 0x78e1ecd7d840>------------","logger":"unusual_prefix_05f7c68866a4b9981d661b83f7c582db0b838856_wiki_monitoring"}
{"timestamp":"2025-06-24T09:13:53.825508","level":"info","event":"-----------edit: {'title': 'Gebruiker:Betwetter', 'user': 'Yannick1', 'is_bot': False, 'server_name': 'nl.wikipedia.org', 'timestamp': 1750749202}-------------","logger":"unusual_prefix_05f7c68866a4b9981d661b83f7c582db0b838856_wiki_monitoring"}
{"timestamp":"2025-06-24T09:13:53.827838","level":"info","event":"----------------Processing messages: <cimpl.Message object at 0x78e1ecd7d7c0>------------","logger":"unusual_prefix_05f7c68866a4b9981d661b83f7c582db0b838856_wiki_monitoring"}
{"timestamp":"2025-06-24T09:13:53.827943","level":"info","event":"-----------edit: {'title': 'Category:Official Journal of the European Union 2018, C Series', 'user': 'EUResourcesBot', 'is_bot': True, 'server_name': 'commons.wikimedia.org', 'timestamp': 1750749200}-------------","logger":"unusual_prefix_05f7c68866a4b9981d661b83f7c582db0b838856_wiki_monitoring"}
{"timestamp":"2025-06-24T09:13:53.830286","level":"info","event":"----------------Processing messages: <cimpl.Message object at 0x78e1ecd7d4c0>------------","logger":"unusual_prefix_05f7c68866a4b9981d661b83f7c582db0b838856_wiki_monitoring"}
{"timestamp":"2025-06-24T09:13:53.830398","level":"info","event":"-----------edit: {'title': 'File:Lanciano, cappella dei Raccomandati - Affreschi 14.jpg', 'user': 'Alicia Fagerving (WMSE)', 'is_bot': False, 'server_name': 'commons.wikimedia.org', 'timestamp': 1750749202}-------------","logger":"unusual_prefix_05f7c68866a4b9981d661b83f7c582db0b838856_wiki_monitoring"}
{"timestamp":"2025-06-24T09:13:53.833010","level":"info","event":"----------------Processing messages: <cimpl.Message object at 0x78e1ecd7d3c0>------------","logger":"unusual_prefix_05f7c68866a4b9981d661b83f7c582db0b838856_wiki_monitoring"}
{"timestamp":"2025-06-24T09:13:53.833110","level":"info","event":"-----------edit: {'title': 'Category:Bulgarian-language PDF files', 'user': 'EUResourcesBot', 'is_bot': True, 'server_name': 'commons.wikimedia.org', 'timestamp': 1750749200}-------------","logger":"unusual_prefix_05f7c68866a4b9981d661b83f7c582db0b838856_wiki_monitoring"}
{"timestamp":"2025-06-24T09:13:53.835638","level":"info","event":"----------------Processing messages: <cimpl.Message object at 0x78e1ecd7c2c0>------------","logger":"unusual_prefix_05f7c68866a4b9981d661b83f7c582db0b838856_wiki_monitoring"}
{"timestamp":"2025-06-24T09:13:53.835743","level":"info","event":"-----------edit: {'title': 'Q3726076', 'user': 'Danielyepezgarces', 'is_bot': False, 'server_name': 'www.wikidata.org', 'timestamp': 1750749203}-------------","logger":"unusual_prefix_05f7c68866a4b9981d661b83f7c582db0b838856_wiki_monitoring"}
{"timestamp":"2025-06-24T09:13:53.838219","level":"info","event":"----------------Processing messages: <cimpl.Message object at 0x78e1ecd7ddc0>------------","logger":"unusual_prefix_05f7c68866a4b9981d661b83f7c582db0b838856_wiki_monitoring"}
{"timestamp":"2025-06-24T09:13:53.838321","level":"info","event":"-----------edit: {'title': 'Category:Official Journal of the European Union files uploaded by EUResourcesBot', 'user': 'EUResourcesBot', 'is_bot': True, 'server_name': 'commons.wikimedia.org', 'timestamp': 1750749200}-------------","logger":"unusual_prefix_05f7c68866a4b9981d661b83f7c582db0b838856_wiki_monitoring"}
{"timestamp":"2025-06-24T09:13:53.840673","level":"info","event":"----------------Processing messages: <cimpl.Message object at 0x78e1ecd7cf40>------------","logger":"unusual_prefix_05f7c68866a4b9981d661b83f7c582db0b838856_wiki_monitoring"}
{"timestamp":"2025-06-24T09:13:53.840801","level":"info","event":"-----------edit: {'title': 'Categoria:Controvérsias sobre a Igreja Universal do Reino de Deus', 'user': 'LIrala', 'is_bot': False, 'server_name': 'pt.wikipedia.org', 'timestamp': 1750749203}-------------","logger":"unusual_prefix_05f7c68866a4b9981d661b83f7c582db0b838856_wiki_monitoring"}
{"timestamp":"2025-06-24T09:13:53.843324","level":"info","event":"----------------Processing messages: <cimpl.Message object at 0x78e1ecd7e540>------------","logger":"unusual_prefix_05f7c68866a4b9981d661b83f7c582db0b838856_wiki_monitoring"}
{"timestamp":"2025-06-24T09:13:53.843434","level":"info","event":"-----------edit: {'title': 'Category:Uploaded with OpenRefine', 'user': 'EUResourcesBot', 'is_bot': True, 'server_name': 'commons.wikimedia.org', 'timestamp': 1750749200}-------------","logger":"unusual_prefix_05f7c68866a4b9981d661b83f7c582db0b838856_wiki_monitoring"}
{"timestamp":"2025-06-24T09:13:53.845726","level":"info","event":"----------------Processing messages: <cimpl.Message object at 0x78e1ecd7e340>------------","logger":"unusual_prefix_05f7c68866a4b9981d661b83f7c582db0b838856_wiki_monitoring"}
{"timestamp":"2025-06-24T09:13:53.845825","level":"info","event":"-----------edit: {'title': 'Category:Creative Commons Attribution-Share Alike missing SDC copyright status', 'user': 'TyranCometh', 'is_bot': False, 'server_name': 'commons.wikimedia.org', 'timestamp': 1750749202}-------------","logger":"unusual_prefix_05f7c68866a4b9981d661b83f7c582db0b838856_wiki_monitoring"}
{"timestamp":"2025-06-24T09:13:53.848095","level":"info","event":"----------------Processing messages: <cimpl.Message object at 0x78e1ecd7de40>------------","logger":"unusual_prefix_05f7c68866a4b9981d661b83f7c582db0b838856_wiki_monitoring"}
{"timestamp":"2025-06-24T09:13:53.848241","level":"info","event":"-----------edit: {'title': 'Q110952294', 'user': 'Kristbaumbot', 'is_bot': True, 'server_name': 'www.wikidata.org', 'timestamp': 1750749203}-------------","logger":"unusual_prefix_05f7c68866a4b9981d661b83f7c582db0b838856_wiki_monitoring"}
{"timestamp":"2025-06-24T09:13:53.850504","level":"info","event":"----------------Processing messages: <cimpl.Message object at 0x78e1ecd7e6c0>------------","logger":"unusual_prefix_05f7c68866a4b9981d661b83f7c582db0b838856_wiki_monitoring"}
{"timestamp":"2025-06-24T09:13:53.850596","level":"info","event":"-----------edit: {'title': 'File:Tumuli northwest of Stonehenge - geograph.org.uk - 7823440.jpg', 'user': 'GeographBot', 'is_bot': True, 'server_name': 'commons.wikimedia.org', 'timestamp': 1750749202}-------------","logger":"unusual_prefix_05f7c68866a4b9981d661b83f7c582db0b838856_wiki_monitoring"}
{"timestamp":"2025-06-24T09:13:53.852567","level":"info","event":"----------------Processing messages: <cimpl.Message object at 0x78e1ecd7e3c0>------------","logger":"unusual_prefix_05f7c68866a4b9981d661b83f7c582db0b838856_wiki_monitoring"}
{"timestamp":"2025-06-24T09:13:53.852666","level":"info","event":"-----------edit: {'title': 'Category:CC-BY-SA-4.0', 'user': 'TyranCometh', 'is_bot': False, 'server_name': 'commons.wikimedia.org', 'timestamp': 1750749202}-------------","logger":"unusual_prefix_05f7c68866a4b9981d661b83f7c582db0b838856_wiki_monitoring"}
{"timestamp":"2025-06-24T09:13:53.854778","level":"info","event":"----------------Processing messages: <cimpl.Message object at 0x78e1ecd7c840>------------","logger":"unusual_prefix_05f7c68866a4b9981d661b83f7c582db0b838856_wiki_monitoring"}
{"timestamp":"2025-06-24T09:13:53.854872","level":"info","event":"-----------edit: {'title': 'File:Antton Valverde - Donostia Saria - 20250621 203256.jpg', 'user': 'Ksarasola', 'is_bot': False, 'server_name': 'commons.wikimedia.org', 'timestamp': 1750749202}-------------","logger":"unusual_prefix_05f7c68866a4b9981d661b83f7c582db0b838856_wiki_monitoring"}
{"timestamp":"2025-06-24T09:13:53.857075","level":"info","event":"----------------Processing messages: <cimpl.Message object at 0x78e1ecd7d140>------------","logger":"unusual_prefix_05f7c68866a4b9981d661b83f7c582db0b838856_wiki_monitoring"}
{"timestamp":"2025-06-24T09:13:53.857171","level":"info","event":"-----------edit: {'title': 'forboding', 'user': 'WingerBot', 'is_bot': True, 'server_name': 'en.wiktionary.org', 'timestamp': 1750749202}-------------","logger":"unusual_prefix_05f7c68866a4b9981d661b83f7c582db0b838856_wiki_monitoring"}
{"timestamp":"2025-06-24T09:13:53.859378","level":"info","event":"----------------Processing messages: <cimpl.Message object at 0x78e1ecd7e1c0>------------","logger":"unusual_prefix_05f7c68866a4b9981d661b83f7c582db0b838856_wiki_monitoring"}
{"timestamp":"2025-06-24T09:13:53.859470","level":"info","event":"-----------edit: {'title': 'Page:Poems Louisa Blake.djvu/38', 'user': 'Alien333', 'is_bot': False, 'server_name': 'en.wikisource.org', 'timestamp': 1750749203}-------------","logger":"unusual_prefix_05f7c68866a4b9981d661b83f7c582db0b838856_wiki_monitoring"}
{"timestamp":"2025-06-24T09:13:53.861499","level":"info","event":"----------------Processing messages: <cimpl.Message object at 0x78e1ecd7db40>------------","logger":"unusual_prefix_05f7c68866a4b9981d661b83f7c582db0b838856_wiki_monitoring"}
{"timestamp":"2025-06-24T09:13:53.861594","level":"info","event":"-----------edit: {'title': 'Category:Creative Commons Attribution-Share Alike 4.0 missing SDC copyright license', 'user': 'TyranCometh', 'is_bot': False, 'server_name': 'commons.wikimedia.org', 'timestamp': 1750749202}-------------","logger":"unusual_prefix_05f7c68866a4b9981d661b83f7c582db0b838856_wiki_monitoring"}
{"timestamp":"2025-06-24T09:13:53.863729","level":"info","event":"----------------Processing messages: <cimpl.Message object at 0x78e1ecd7e940>------------","logger":"unusual_prefix_05f7c68866a4b9981d661b83f7c582db0b838856_wiki_monitoring"}
{"timestamp":"2025-06-24T09:13:53.863828","level":"info","event":"-----------edit: {'title': 'Thể loại:Trang có lỗi chú thích', 'user': 'Lou.v1012', 'is_bot': False, 'server_name': 'vi.wikipedia.org', 'timestamp': 1750749200}-------------","logger":"unusual_prefix_05f7c68866a4b9981d661b83f7c582db0b838856_wiki_monitoring"}
{"timestamp":"2025-06-24T09:13:53.866112","level":"info","event":"----------------Processing messages: <cimpl.Message object at 0x78e1ecd7ce40>------------","logger":"unusual_prefix_05f7c68866a4b9981d661b83f7c582db0b838856_wiki_monitoring"}
{"timestamp":"2025-06-24T09:13:53.866230","level":"info","event":"-----------edit: {'title': 'Category:Mycology', 'user': 'TyranCometh', 'is_bot': False, 'server_name': 'commons.wikimedia.org', 'timestamp': 1750749202}-------------","logger":"unusual_prefix_05f7c68866a4b9981d661b83f7c582db0b838856_wiki_monitoring"}
{"timestamp":"2025-06-24T09:13:53.868192","level":"info","event":"----------------Processing messages: <cimpl.Message object at 0x78e1ecd7ea40>------------","logger":"unusual_prefix_05f7c68866a4b9981d661b83f7c582db0b838856_wiki_monitoring"}
{"timestamp":"2025-06-24T09:13:53.868297","level":"info","event":"-----------edit: {'title': 'Thể loại:Tọa độ không có sẵn trên Wikidata', 'user': 'Lou.v1012', 'is_bot': False, 'server_name': 'vi.wikipedia.org', 'timestamp': 1750749200}-------------","logger":"unusual_prefix_05f7c68866a4b9981d661b83f7c582db0b838856_wiki_monitoring"}
{"timestamp":"2025-06-24T09:13:53.870527","level":"info","event":"----------------Processing messages: <cimpl.Message object at 0x78e1ecd7e040>------------","logger":"unusual_prefix_05f7c68866a4b9981d661b83f7c582db0b838856_wiki_monitoring"}
{"timestamp":"2025-06-24T09:13:53.870624","level":"info","event":"-----------edit: {'title': 'Thể loại:Danh sách xã Việt Nam', 'user': 'Lou.v1012', 'is_bot': False, 'server_name': 'vi.wikipedia.org', 'timestamp': 1750749200}-------------","logger":"unusual_prefix_05f7c68866a4b9981d661b83f7c582db0b838856_wiki_monitoring"}
{"timestamp":"2025-06-24T09:13:53.872737","level":"info","event":"----------------Processing messages: <cimpl.Message object at 0x78e1ecd7dcc0>------------","logger":"unusual_prefix_05f7c68866a4b9981d661b83f7c582db0b838856_wiki_monitoring"}
{"timestamp":"2025-06-24T09:13:53.872831","level":"info","event":"-----------edit: {'title': 'Q3726043', 'user': 'Danielyepezgarces', 'is_bot': False, 'server_name': 'www.wikidata.org', 'timestamp': 1750749203}-------------","logger":"unusual_prefix_05f7c68866a4b9981d661b83f7c582db0b838856_wiki_monitoring"}
{"timestamp":"2025-06-24T09:13:53.874717","level":"info","event":"----------------Processing messages: <cimpl.Message object at 0x78e1ecd7e740>------------","logger":"unusual_prefix_05f7c68866a4b9981d661b83f7c582db0b838856_wiki_monitoring"}
{"timestamp":"2025-06-24T09:13:53.874810","level":"info","event":"-----------edit: {'title': 'La promesa (serie de televisión española)', 'user': 'AdriánDíaz91', 'is_bot': False, 'server_name': 'es.wikipedia.org', 'timestamp': 1750749201}-------------","logger":"unusual_prefix_05f7c68866a4b9981d661b83f7c582db0b838856_wiki_monitoring"}
{"timestamp":"2025-06-24T09:13:53.877014","level":"info","event":"----------------Processing messages: <cimpl.Message object at 0x78e1ecd7dd40>------------","logger":"unusual_prefix_05f7c68866a4b9981d661b83f7c582db0b838856_wiki_monitoring"}
{"timestamp":"2025-06-24T09:13:53.877117","level":"info","event":"-----------edit: {'title': 'Thể loại:Tất cả bài viết sơ khai', 'user': 'Lou.v1012', 'is_bot': False, 'server_name': 'vi.wikipedia.org', 'timestamp': 1750749200}-------------","logger":"unusual_prefix_05f7c68866a4b9981d661b83f7c582db0b838856_wiki_monitoring"}
{"timestamp":"2025-06-24T09:13:53.879089","level":"info","event":"----------------Processing messages: <cimpl.Message object at 0x78e1ecd7dfc0>------------","logger":"unusual_prefix_05f7c68866a4b9981d661b83f7c582db0b838856_wiki_monitoring"}
{"timestamp":"2025-06-24T09:13:53.879185","level":"info","event":"-----------edit: {'title': 'Thể loại:Sơ khai Bắc Ninh', 'user': 'Lou.v1012', 'is_bot': False, 'server_name': 'vi.wikipedia.org', 'timestamp': 1750749200}-------------","logger":"unusual_prefix_05f7c68866a4b9981d661b83f7c582db0b838856_wiki_monitoring"}
{"timestamp":"2025-06-24T09:13:53.881203","level":"info","event":"----------------Processing messages: <cimpl.Message object at 0x78e1ecd7c2c0>------------","logger":"unusual_prefix_05f7c68866a4b9981d661b83f7c582db0b838856_wiki_monitoring"}
{"timestamp":"2025-06-24T09:13:53.881296","level":"info","event":"-----------edit: {'title': 'Thể loại:Xã, phường, thị trấn Bắc Ninh', 'user': 'Lou.v1012', 'is_bot': False, 'server_name': 'vi.wikipedia.org', 'timestamp': 1750749200}-------------","logger":"unusual_prefix_05f7c68866a4b9981d661b83f7c582db0b838856_wiki_monitoring"}
{"timestamp":"2025-06-24T09:13:53.883269","level":"info","event":"----------------Processing messages: <cimpl.Message object at 0x78e1ecd7d9c0>------------","logger":"unusual_prefix_05f7c68866a4b9981d661b83f7c582db0b838856_wiki_monitoring"}
{"timestamp":"2025-06-24T09:13:53.883359","level":"info","event":"-----------edit: {'title': 'Thể loại:Phường, xã, đặc khu Bắc Ninh', 'user': 'Lou.v1012', 'is_bot': False, 'server_name': 'vi.wikipedia.org', 'timestamp': 1750749200}-------------","logger":"unusual_prefix_05f7c68866a4b9981d661b83f7c582db0b838856_wiki_monitoring"}
{"timestamp":"2025-06-24T09:13:53.891139","level":"info","event":"Done. Returned value was: None","logger":"airflow.task.operators.airflow.providers.standard.operators.python.PythonOperator"}
