{"timestamp":"2025-06-26T09:51:46.798073","level":"info","event":"DAG bundles loaded: dags-folder","logger":"airflow.dag_processing.bundles.manager.DagBundlesManager"}
{"timestamp":"2025-06-26T09:51:46.798571","level":"info","event":"Filling up the DagBag from /opt/airflow/dags/wiki_monitoring.py","logger":"airflow.models.dagbag.DagBag"}
{"timestamp":"2025-06-26T09:51:46.941775","level":"info","event":"Topic wiki_edits already exists","logger":"unusual_prefix_05f7c68866a4b9981d661b83f7c582db0b838856_wiki_monitoring"}
{"timestamp":"2025-06-26T09:51:46.941876","level":"info","event":"---------------topic metadata created------------------","logger":"unusual_prefix_05f7c68866a4b9981d661b83f7c582db0b838856_wiki_monitoring"}
{"timestamp":"2025-06-26T09:51:50.124407","level":"info","event":"----------------Processing messages: <cimpl.Message object at 0x74b9ca84ea40>------------","logger":"unusual_prefix_05f7c68866a4b9981d661b83f7c582db0b838856_wiki_monitoring"}
{"timestamp":"2025-06-26T09:51:50.124589","level":"info","event":"-----------edit: {'title': 'Qualifikation zum ICC Men’s T20 World Cup 2026', 'user': 'Becksperson', 'is_bot': False, 'server_name': 'de.wikipedia.org', 'timestamp': 1750771595}-------------","logger":"unusual_prefix_05f7c68866a4b9981d661b83f7c582db0b838856_wiki_monitoring"}
{"timestamp":"2025-06-26T09:51:50.132736","level":"info","event":"----------------Processing messages: <cimpl.Message object at 0x74b9ca84f5c0>------------","logger":"unusual_prefix_05f7c68866a4b9981d661b83f7c582db0b838856_wiki_monitoring"}
{"timestamp":"2025-06-26T09:51:50.132945","level":"info","event":"-----------edit: {'title': 'Template:CHIf2', 'user': '影佑樹', 'is_bot': False, 'server_name': 'ja.wikipedia.org', 'timestamp': 1750771598}-------------","logger":"unusual_prefix_05f7c68866a4b9981d661b83f7c582db0b838856_wiki_monitoring"}
{"timestamp":"2025-06-26T09:51:50.166474","level":"info","event":"----------------Processing messages: <cimpl.Message object at 0x74b9ca84f940>------------","logger":"unusual_prefix_05f7c68866a4b9981d661b83f7c582db0b838856_wiki_monitoring"}
{"timestamp":"2025-06-26T09:51:50.166712","level":"info","event":"-----------edit: {'title': 'Didemnidae', 'user': 'OAbot', 'is_bot': True, 'server_name': 'en.wikipedia.org', 'timestamp': 1750771595}-------------","logger":"unusual_prefix_05f7c68866a4b9981d661b83f7c582db0b838856_wiki_monitoring"}
{"timestamp":"2025-06-26T09:51:50.178354","level":"info","event":"----------------Processing messages: <cimpl.Message object at 0x74b9ca84fec0>------------","logger":"unusual_prefix_05f7c68866a4b9981d661b83f7c582db0b838856_wiki_monitoring"}
{"timestamp":"2025-06-26T09:51:50.178583","level":"info","event":"-----------edit: {'title': 'File:Luis Otero, 1925.png', 'user': 'BotMultichillT', 'is_bot': True, 'server_name': 'commons.wikimedia.org', 'timestamp': 1750771599}-------------","logger":"unusual_prefix_05f7c68866a4b9981d661b83f7c582db0b838856_wiki_monitoring"}
{"timestamp":"2025-06-26T09:51:50.185663","level":"info","event":"----------------Processing messages: <cimpl.Message object at 0x74b9ca8900c0>------------","logger":"unusual_prefix_05f7c68866a4b9981d661b83f7c582db0b838856_wiki_monitoring"}
{"timestamp":"2025-06-26T09:51:50.185862","level":"info","event":"-----------edit: {'title': 'File:Thirparappu waterfalls in Thamilnadu (76942).jpg', 'user': 'SchlurcherBot', 'is_bot': True, 'server_name': 'commons.wikimedia.org', 'timestamp': 1750771599}-------------","logger":"unusual_prefix_05f7c68866a4b9981d661b83f7c582db0b838856_wiki_monitoring"}
{"timestamp":"2025-06-26T09:51:50.200702","level":"info","event":"----------------Processing messages: <cimpl.Message object at 0x74b9ca84e8c0>------------","logger":"unusual_prefix_05f7c68866a4b9981d661b83f7c582db0b838856_wiki_monitoring"}
{"timestamp":"2025-06-26T09:51:50.200985","level":"info","event":"-----------edit: {'title': 'Q414748', 'user': 'Logjohn', 'is_bot': False, 'server_name': 'www.wikidata.org', 'timestamp': 1750771599}-------------","logger":"unusual_prefix_05f7c68866a4b9981d661b83f7c582db0b838856_wiki_monitoring"}
{"timestamp":"2025-06-26T09:51:50.210004","level":"info","event":"----------------Processing messages: <cimpl.Message object at 0x74b9ca84f4c0>------------","logger":"unusual_prefix_05f7c68866a4b9981d661b83f7c582db0b838856_wiki_monitoring"}
{"timestamp":"2025-06-26T09:51:50.210252","level":"info","event":"-----------edit: {'title': '10月23日', 'user': 'Aronlee90', 'is_bot': False, 'server_name': 'zh.wikipedia.org', 'timestamp': 1750771598}-------------","logger":"unusual_prefix_05f7c68866a4b9981d661b83f7c582db0b838856_wiki_monitoring"}
{"timestamp":"2025-06-26T09:51:50.219133","level":"info","event":"----------------Processing messages: <cimpl.Message object at 0x74b9ca84fa40>------------","logger":"unusual_prefix_05f7c68866a4b9981d661b83f7c582db0b838856_wiki_monitoring"}
{"timestamp":"2025-06-26T09:51:50.219326","level":"info","event":"-----------edit: {'title': 'Category:チリのスポーツ関連のテンプレート', 'user': '影佑樹', 'is_bot': False, 'server_name': 'ja.wikipedia.org', 'timestamp': 1750771598}-------------","logger":"unusual_prefix_05f7c68866a4b9981d661b83f7c582db0b838856_wiki_monitoring"}
{"timestamp":"2025-06-26T09:51:50.224996","level":"info","event":"----------------Processing messages: <cimpl.Message object at 0x74b9ca84f1c0>------------","logger":"unusual_prefix_05f7c68866a4b9981d661b83f7c582db0b838856_wiki_monitoring"}
{"timestamp":"2025-06-26T09:51:50.225285","level":"info","event":"-----------edit: {'title': 'Ρεθυμνιακός Α.Ο.', 'user': 'Eranistis1908', 'is_bot': False, 'server_name': 'el.wikipedia.org', 'timestamp': 1750771599}-------------","logger":"unusual_prefix_05f7c68866a4b9981d661b83f7c582db0b838856_wiki_monitoring"}
{"timestamp":"2025-06-26T09:51:50.229440","level":"info","event":"----------------Processing messages: <cimpl.Message object at 0x74b9ca8901c0>------------","logger":"unusual_prefix_05f7c68866a4b9981d661b83f7c582db0b838856_wiki_monitoring"}
{"timestamp":"2025-06-26T09:51:50.229593","level":"info","event":"-----------edit: {'title': 'Участник:Leokand', 'user': 'Drakosh', 'is_bot': False, 'server_name': 'ru.wikipedia.org', 'timestamp': 1750771598}-------------","logger":"unusual_prefix_05f7c68866a4b9981d661b83f7c582db0b838856_wiki_monitoring"}
{"timestamp":"2025-06-26T09:51:50.233233","level":"info","event":"----------------Processing messages: <cimpl.Message object at 0x74b9ca890440>------------","logger":"unusual_prefix_05f7c68866a4b9981d661b83f7c582db0b838856_wiki_monitoring"}
{"timestamp":"2025-06-26T09:51:50.233409","level":"info","event":"-----------edit: {'title': 'List of black Academy Award winners and nominees', 'user': 'Ebernardez', 'is_bot': False, 'server_name': 'en.wikipedia.org', 'timestamp': 1750771596}-------------","logger":"unusual_prefix_05f7c68866a4b9981d661b83f7c582db0b838856_wiki_monitoring"}
{"timestamp":"2025-06-26T09:51:50.237183","level":"info","event":"----------------Processing messages: <cimpl.Message object at 0x74b9ca890640>------------","logger":"unusual_prefix_05f7c68866a4b9981d661b83f7c582db0b838856_wiki_monitoring"}
{"timestamp":"2025-06-26T09:51:50.237329","level":"info","event":"-----------edit: {'title': 'File:ÖBB Mureck Schreiner (66) (45044408735).jpg', 'user': 'Emijrpbot', 'is_bot': True, 'server_name': 'commons.wikimedia.org', 'timestamp': 1750771599}-------------","logger":"unusual_prefix_05f7c68866a4b9981d661b83f7c582db0b838856_wiki_monitoring"}
{"timestamp":"2025-06-26T09:51:50.240724","level":"info","event":"----------------Processing messages: <cimpl.Message object at 0x74b9ca8908c0>------------","logger":"unusual_prefix_05f7c68866a4b9981d661b83f7c582db0b838856_wiki_monitoring"}
{"timestamp":"2025-06-26T09:51:50.240864","level":"info","event":"-----------edit: {'title': 'File:La Clef des chansonniers ou Recueil des Vaudevilles depuis cent ans et plus, notez et recueillis pour la première fois par J. B. Christophe Ballard... Tome I - bpt6k3261425 (222 of 324).jpg', 'user': 'Gzen92Bot', 'is_bot': True, 'server_name': 'commons.wikimedia.org', 'timestamp': 1750771598}-------------","logger":"unusual_prefix_05f7c68866a4b9981d661b83f7c582db0b838856_wiki_monitoring"}
{"timestamp":"2025-06-26T09:51:50.244789","level":"info","event":"----------------Processing messages: <cimpl.Message object at 0x74b9ca890a40>------------","logger":"unusual_prefix_05f7c68866a4b9981d661b83f7c582db0b838856_wiki_monitoring"}
{"timestamp":"2025-06-26T09:51:50.244938","level":"info","event":"-----------edit: {'title': 'Q414748', 'user': 'Logjohn', 'is_bot': False, 'server_name': 'www.wikidata.org', 'timestamp': 1750771599}-------------","logger":"unusual_prefix_05f7c68866a4b9981d661b83f7c582db0b838856_wiki_monitoring"}
{"timestamp":"2025-06-26T09:51:50.248648","level":"info","event":"----------------Processing messages: <cimpl.Message object at 0x74b9ca890c40>------------","logger":"unusual_prefix_05f7c68866a4b9981d661b83f7c582db0b838856_wiki_monitoring"}
{"timestamp":"2025-06-26T09:51:50.248794","level":"info","event":"-----------edit: {'title': 'File:Lille mon morts face.jpg', 'user': 'Totorvdr59', 'is_bot': False, 'server_name': 'commons.wikimedia.org', 'timestamp': 1750771598}-------------","logger":"unusual_prefix_05f7c68866a4b9981d661b83f7c582db0b838856_wiki_monitoring"}
{"timestamp":"2025-06-26T09:51:50.252717","level":"info","event":"----------------Processing messages: <cimpl.Message object at 0x74b9ca890e40>------------","logger":"unusual_prefix_05f7c68866a4b9981d661b83f7c582db0b838856_wiki_monitoring"}
{"timestamp":"2025-06-26T09:51:50.252947","level":"info","event":"-----------edit: {'title': 'Аспромонте (национальный парк)', 'user': 'KristinaKovalenko', 'is_bot': False, 'server_name': 'ru.wikipedia.org', 'timestamp': 1750771597}-------------","logger":"unusual_prefix_05f7c68866a4b9981d661b83f7c582db0b838856_wiki_monitoring"}
{"timestamp":"2025-06-26T09:51:50.256860","level":"info","event":"----------------Processing messages: <cimpl.Message object at 0x74b9ca8912c0>------------","logger":"unusual_prefix_05f7c68866a4b9981d661b83f7c582db0b838856_wiki_monitoring"}
{"timestamp":"2025-06-26T09:51:50.257016","level":"info","event":"-----------edit: {'title': 'Jeisyville, Illinois', 'user': 'ListeriaBot', 'is_bot': True, 'server_name': 'cy.wikipedia.org', 'timestamp': 1750771598}-------------","logger":"unusual_prefix_05f7c68866a4b9981d661b83f7c582db0b838856_wiki_monitoring"}
{"timestamp":"2025-06-26T09:51:50.261867","level":"info","event":"----------------Processing messages: <cimpl.Message object at 0x74b9ca8914c0>------------","logger":"unusual_prefix_05f7c68866a4b9981d661b83f7c582db0b838856_wiki_monitoring"}
{"timestamp":"2025-06-26T09:51:50.262200","level":"info","event":"-----------edit: {'title': 'Category:Noindexed pages', 'user': 'Proscribe', 'is_bot': False, 'server_name': 'en.wikipedia.org', 'timestamp': 1750771595}-------------","logger":"unusual_prefix_05f7c68866a4b9981d661b83f7c582db0b838856_wiki_monitoring"}
{"timestamp":"2025-06-26T09:51:50.266138","level":"info","event":"----------------Processing messages: <cimpl.Message object at 0x74b9ca84fc40>------------","logger":"unusual_prefix_05f7c68866a4b9981d661b83f7c582db0b838856_wiki_monitoring"}
{"timestamp":"2025-06-26T09:51:50.266348","level":"info","event":"-----------edit: {'title': 'Category:Biography articles of living people', 'user': 'Proscribe', 'is_bot': False, 'server_name': 'en.wikipedia.org', 'timestamp': 1750771595}-------------","logger":"unusual_prefix_05f7c68866a4b9981d661b83f7c582db0b838856_wiki_monitoring"}
{"timestamp":"2025-06-26T09:51:50.270080","level":"info","event":"----------------Processing messages: <cimpl.Message object at 0x74b9ca84f140>------------","logger":"unusual_prefix_05f7c68866a4b9981d661b83f7c582db0b838856_wiki_monitoring"}
{"timestamp":"2025-06-26T09:51:50.270223","level":"info","event":"-----------edit: {'title': 'Henri de Lacaze-Duthiers', 'user': 'Jameslwoodward', 'is_bot': False, 'server_name': 'commons.wikimedia.org', 'timestamp': 1750771600}-------------","logger":"unusual_prefix_05f7c68866a4b9981d661b83f7c582db0b838856_wiki_monitoring"}
{"timestamp":"2025-06-26T09:51:50.274541","level":"info","event":"----------------Processing messages: <cimpl.Message object at 0x74b9ca84f5c0>------------","logger":"unusual_prefix_05f7c68866a4b9981d661b83f7c582db0b838856_wiki_monitoring"}
{"timestamp":"2025-06-26T09:51:50.274692","level":"info","event":"-----------edit: {'title': 'Category:Start-Class biography articles', 'user': 'Proscribe', 'is_bot': False, 'server_name': 'en.wikipedia.org', 'timestamp': 1750771595}-------------","logger":"unusual_prefix_05f7c68866a4b9981d661b83f7c582db0b838856_wiki_monitoring"}
{"timestamp":"2025-06-26T09:51:50.278873","level":"info","event":"----------------Processing messages: <cimpl.Message object at 0x74b9ca84f840>------------","logger":"unusual_prefix_05f7c68866a4b9981d661b83f7c582db0b838856_wiki_monitoring"}
{"timestamp":"2025-06-26T09:51:50.279113","level":"info","event":"-----------edit: {'title': 'Q414748', 'user': 'Logjohn', 'is_bot': False, 'server_name': 'www.wikidata.org', 'timestamp': 1750771600}-------------","logger":"unusual_prefix_05f7c68866a4b9981d661b83f7c582db0b838856_wiki_monitoring"}
{"timestamp":"2025-06-26T09:51:50.283371","level":"info","event":"----------------Processing messages: <cimpl.Message object at 0x74b9ca84fcc0>------------","logger":"unusual_prefix_05f7c68866a4b9981d661b83f7c582db0b838856_wiki_monitoring"}
{"timestamp":"2025-06-26T09:51:50.283519","level":"info","event":"-----------edit: {'title': 'Catégorie:Portail:Années 2010/Articles liés', 'user': 'SenseiAC', 'is_bot': False, 'server_name': 'fr.wikipedia.org', 'timestamp': 1750771596}-------------","logger":"unusual_prefix_05f7c68866a4b9981d661b83f7c582db0b838856_wiki_monitoring"}
{"timestamp":"2025-06-26T09:51:50.287266","level":"info","event":"----------------Processing messages: <cimpl.Message object at 0x74b9ca84f940>------------","logger":"unusual_prefix_05f7c68866a4b9981d661b83f7c582db0b838856_wiki_monitoring"}
{"timestamp":"2025-06-26T09:51:50.287465","level":"info","event":"-----------edit: {'title': 'Io (moon)', 'user': '103.100.235.143', 'is_bot': False, 'server_name': 'en.wikipedia.org', 'timestamp': 1750771594}-------------","logger":"unusual_prefix_05f7c68866a4b9981d661b83f7c582db0b838856_wiki_monitoring"}
{"timestamp":"2025-06-26T09:51:50.290726","level":"info","event":"----------------Processing messages: <cimpl.Message object at 0x74b9ca890040>------------","logger":"unusual_prefix_05f7c68866a4b9981d661b83f7c582db0b838856_wiki_monitoring"}
{"timestamp":"2025-06-26T09:51:50.290854","level":"info","event":"-----------edit: {'title': 'Category:Start-Class biography (actors and filmmakers) articles', 'user': 'Proscribe', 'is_bot': False, 'server_name': 'en.wikipedia.org', 'timestamp': 1750771595}-------------","logger":"unusual_prefix_05f7c68866a4b9981d661b83f7c582db0b838856_wiki_monitoring"}
{"timestamp":"2025-06-26T09:51:50.293731","level":"info","event":"----------------Processing messages: <cimpl.Message object at 0x74b9ca891540>------------","logger":"unusual_prefix_05f7c68866a4b9981d661b83f7c582db0b838856_wiki_monitoring"}
{"timestamp":"2025-06-26T09:51:50.293870","level":"info","event":"-----------edit: {'title': 'Q125522602', 'user': 'Reblip', 'is_bot': False, 'server_name': 'www.wikidata.org', 'timestamp': 1750771600}-------------","logger":"unusual_prefix_05f7c68866a4b9981d661b83f7c582db0b838856_wiki_monitoring"}
{"timestamp":"2025-06-26T09:51:50.297355","level":"info","event":"----------------Processing messages: <cimpl.Message object at 0x74b9ca890a40>------------","logger":"unusual_prefix_05f7c68866a4b9981d661b83f7c582db0b838856_wiki_monitoring"}
{"timestamp":"2025-06-26T09:51:50.297489","level":"info","event":"-----------edit: {'title': 'Category:Unknown-importance biography (actors and filmmakers) articles', 'user': 'Proscribe', 'is_bot': False, 'server_name': 'en.wikipedia.org', 'timestamp': 1750771595}-------------","logger":"unusual_prefix_05f7c68866a4b9981d661b83f7c582db0b838856_wiki_monitoring"}
{"timestamp":"2025-06-26T09:51:50.300846","level":"info","event":"----------------Processing messages: <cimpl.Message object at 0x74b9ca890ec0>------------","logger":"unusual_prefix_05f7c68866a4b9981d661b83f7c582db0b838856_wiki_monitoring"}
{"timestamp":"2025-06-26T09:51:50.300996","level":"info","event":"-----------edit: {'title': 'Catégorie:Portail:XXIe siècle/Articles liés', 'user': 'SenseiAC', 'is_bot': False, 'server_name': 'fr.wikipedia.org', 'timestamp': 1750771596}-------------","logger":"unusual_prefix_05f7c68866a4b9981d661b83f7c582db0b838856_wiki_monitoring"}
{"timestamp":"2025-06-26T09:51:50.304247","level":"info","event":"----------------Processing messages: <cimpl.Message object at 0x74b9ca8911c0>------------","logger":"unusual_prefix_05f7c68866a4b9981d661b83f7c582db0b838856_wiki_monitoring"}
{"timestamp":"2025-06-26T09:51:50.304479","level":"info","event":"-----------edit: {'title': \"File:Lucifer's Loch - geograph.org.uk - 7825193.jpg\", 'user': 'GeographBot', 'is_bot': True, 'server_name': 'commons.wikimedia.org', 'timestamp': 1750771600}-------------","logger":"unusual_prefix_05f7c68866a4b9981d661b83f7c582db0b838856_wiki_monitoring"}
{"timestamp":"2025-06-26T09:51:50.309444","level":"info","event":"----------------Processing messages: <cimpl.Message object at 0x74b9ca8909c0>------------","logger":"unusual_prefix_05f7c68866a4b9981d661b83f7c582db0b838856_wiki_monitoring"}
{"timestamp":"2025-06-26T09:51:50.309605","level":"info","event":"-----------edit: {'title': 'Category:Actors and filmmakers work group articles', 'user': 'Proscribe', 'is_bot': False, 'server_name': 'en.wikipedia.org', 'timestamp': 1750771595}-------------","logger":"unusual_prefix_05f7c68866a4b9981d661b83f7c582db0b838856_wiki_monitoring"}
{"timestamp":"2025-06-26T09:51:50.314285","level":"info","event":"----------------Processing messages: <cimpl.Message object at 0x74b9ca890740>------------","logger":"unusual_prefix_05f7c68866a4b9981d661b83f7c582db0b838856_wiki_monitoring"}
{"timestamp":"2025-06-26T09:51:50.314439","level":"info","event":"-----------edit: {'title': 'Catégorie:Portail:Cinquième République/Articles liés', 'user': 'SenseiAC', 'is_bot': False, 'server_name': 'fr.wikipedia.org', 'timestamp': 1750771596}-------------","logger":"unusual_prefix_05f7c68866a4b9981d661b83f7c582db0b838856_wiki_monitoring"}
{"timestamp":"2025-06-26T09:51:50.318427","level":"info","event":"----------------Processing messages: <cimpl.Message object at 0x74b9ca84f840>------------","logger":"unusual_prefix_05f7c68866a4b9981d661b83f7c582db0b838856_wiki_monitoring"}
{"timestamp":"2025-06-26T09:51:50.318623","level":"info","event":"-----------edit: {'title': 'Catégorie:Portail:Libéralisme/Articles liés', 'user': 'SenseiAC', 'is_bot': False, 'server_name': 'fr.wikipedia.org', 'timestamp': 1750771596}-------------","logger":"unusual_prefix_05f7c68866a4b9981d661b83f7c582db0b838856_wiki_monitoring"}
{"timestamp":"2025-06-26T09:51:50.322262","level":"info","event":"----------------Processing messages: <cimpl.Message object at 0x74b9ca84f140>------------","logger":"unusual_prefix_05f7c68866a4b9981d661b83f7c582db0b838856_wiki_monitoring"}
{"timestamp":"2025-06-26T09:51:50.322416","level":"info","event":"-----------edit: {'title': 'Category:Paintings of women', 'user': 'Doomhope', 'is_bot': False, 'server_name': 'en.wikipedia.org', 'timestamp': 1750771598}-------------","logger":"unusual_prefix_05f7c68866a4b9981d661b83f7c582db0b838856_wiki_monitoring"}
{"timestamp":"2025-06-26T09:51:50.326217","level":"info","event":"----------------Processing messages: <cimpl.Message object at 0x74b9ca84fc40>------------","logger":"unusual_prefix_05f7c68866a4b9981d661b83f7c582db0b838856_wiki_monitoring"}
{"timestamp":"2025-06-26T09:51:50.326364","level":"info","event":"-----------edit: {'title': 'Category:Wikipedia requested photographs of actors and filmmakers', 'user': 'Proscribe', 'is_bot': False, 'server_name': 'en.wikipedia.org', 'timestamp': 1750771595}-------------","logger":"unusual_prefix_05f7c68866a4b9981d661b83f7c582db0b838856_wiki_monitoring"}
{"timestamp":"2025-06-26T09:51:50.330113","level":"info","event":"----------------Processing messages: <cimpl.Message object at 0x74b9ca84f4c0>------------","logger":"unusual_prefix_05f7c68866a4b9981d661b83f7c582db0b838856_wiki_monitoring"}
{"timestamp":"2025-06-26T09:51:50.330263","level":"info","event":"-----------edit: {'title': 'Morning Midas', 'user': 'Roupheinos', 'is_bot': False, 'server_name': 'de.wikipedia.org', 'timestamp': 1750771599}-------------","logger":"unusual_prefix_05f7c68866a4b9981d661b83f7c582db0b838856_wiki_monitoring"}
{"timestamp":"2025-06-26T09:51:50.333252","level":"info","event":"----------------Processing messages: <cimpl.Message object at 0x74b9ca84e8c0>------------","logger":"unusual_prefix_05f7c68866a4b9981d661b83f7c582db0b838856_wiki_monitoring"}
{"timestamp":"2025-06-26T09:51:50.333379","level":"info","event":"-----------edit: {'title': 'Category:Wikipedia requested photographs of people', 'user': 'Proscribe', 'is_bot': False, 'server_name': 'en.wikipedia.org', 'timestamp': 1750771595}-------------","logger":"unusual_prefix_05f7c68866a4b9981d661b83f7c582db0b838856_wiki_monitoring"}
{"timestamp":"2025-06-26T09:51:50.336542","level":"info","event":"----------------Processing messages: <cimpl.Message object at 0x74b9d0141b40>------------","logger":"unusual_prefix_05f7c68866a4b9981d661b83f7c582db0b838856_wiki_monitoring"}
{"timestamp":"2025-06-26T09:51:50.336682","level":"info","event":"-----------edit: {'title': 'Category:WikiProject Biography articles', 'user': 'Proscribe', 'is_bot': False, 'server_name': 'en.wikipedia.org', 'timestamp': 1750771595}-------------","logger":"unusual_prefix_05f7c68866a4b9981d661b83f7c582db0b838856_wiki_monitoring"}
{"timestamp":"2025-06-26T09:51:50.340022","level":"info","event":"----------------Processing messages: <cimpl.Message object at 0x74b9ca8911c0>------------","logger":"unusual_prefix_05f7c68866a4b9981d661b83f7c582db0b838856_wiki_monitoring"}
{"timestamp":"2025-06-26T09:51:50.340157","level":"info","event":"-----------edit: {'title': 'Category:Start-Class African diaspora articles', 'user': 'Proscribe', 'is_bot': False, 'server_name': 'en.wikipedia.org', 'timestamp': 1750771595}-------------","logger":"unusual_prefix_05f7c68866a4b9981d661b83f7c582db0b838856_wiki_monitoring"}
{"timestamp":"2025-06-26T09:51:50.343254","level":"info","event":"----------------Processing messages: <cimpl.Message object at 0x74b9ca890840>------------","logger":"unusual_prefix_05f7c68866a4b9981d661b83f7c582db0b838856_wiki_monitoring"}
{"timestamp":"2025-06-26T09:51:50.343386","level":"info","event":"-----------edit: {'title': 'File:Luis Pérez Pombo, 1925.png', 'user': 'BotMultichillT', 'is_bot': True, 'server_name': 'commons.wikimedia.org', 'timestamp': 1750771600}-------------","logger":"unusual_prefix_05f7c68866a4b9981d661b83f7c582db0b838856_wiki_monitoring"}
{"timestamp":"2025-06-26T09:51:50.346659","level":"info","event":"----------------Processing messages: <cimpl.Message object at 0x74b9ca890ac0>------------","logger":"unusual_prefix_05f7c68866a4b9981d661b83f7c582db0b838856_wiki_monitoring"}
{"timestamp":"2025-06-26T09:51:50.346788","level":"info","event":"-----------edit: {'title': 'Category:Low-importance African diaspora articles', 'user': 'Proscribe', 'is_bot': False, 'server_name': 'en.wikipedia.org', 'timestamp': 1750771595}-------------","logger":"unusual_prefix_05f7c68866a4b9981d661b83f7c582db0b838856_wiki_monitoring"}
{"timestamp":"2025-06-26T09:51:50.350086","level":"info","event":"----------------Processing messages: <cimpl.Message object at 0x74b9ca890cc0>------------","logger":"unusual_prefix_05f7c68866a4b9981d661b83f7c582db0b838856_wiki_monitoring"}
{"timestamp":"2025-06-26T09:51:50.350226","level":"info","event":"-----------edit: {'title': 'Benutzer:Kawona67/Artikelentwurf Jonathan Vervenne', 'user': 'Nordprinz', 'is_bot': False, 'server_name': 'de.wikipedia.org', 'timestamp': 1750771599}-------------","logger":"unusual_prefix_05f7c68866a4b9981d661b83f7c582db0b838856_wiki_monitoring"}
{"timestamp":"2025-06-26T09:51:50.354343","level":"info","event":"----------------Processing messages: <cimpl.Message object at 0x74b9ca8908c0>------------","logger":"unusual_prefix_05f7c68866a4b9981d661b83f7c582db0b838856_wiki_monitoring"}
{"timestamp":"2025-06-26T09:51:50.354536","level":"info","event":"-----------edit: {'title': 'Category:WikiProject African diaspora articles', 'user': 'Proscribe', 'is_bot': False, 'server_name': 'en.wikipedia.org', 'timestamp': 1750771595}-------------","logger":"unusual_prefix_05f7c68866a4b9981d661b83f7c582db0b838856_wiki_monitoring"}
{"timestamp":"2025-06-26T09:51:50.358162","level":"info","event":"----------------Processing messages: <cimpl.Message object at 0x74b9ca891240>------------","logger":"unusual_prefix_05f7c68866a4b9981d661b83f7c582db0b838856_wiki_monitoring"}
{"timestamp":"2025-06-26T09:51:50.358293","level":"info","event":"-----------edit: {'title': 'Category:Files from Gallica', 'user': 'Gzen92Bot', 'is_bot': True, 'server_name': 'commons.wikimedia.org', 'timestamp': 1750771598}-------------","logger":"unusual_prefix_05f7c68866a4b9981d661b83f7c582db0b838856_wiki_monitoring"}
{"timestamp":"2025-06-26T09:51:50.361649","level":"info","event":"----------------Processing messages: <cimpl.Message object at 0x74b9ca891340>------------","logger":"unusual_prefix_05f7c68866a4b9981d661b83f7c582db0b838856_wiki_monitoring"}
{"timestamp":"2025-06-26T09:51:50.361807","level":"info","event":"-----------edit: {'title': 'Category:Start-Class WikiProject Women articles', 'user': 'Proscribe', 'is_bot': False, 'server_name': 'en.wikipedia.org', 'timestamp': 1750771595}-------------","logger":"unusual_prefix_05f7c68866a4b9981d661b83f7c582db0b838856_wiki_monitoring"}
{"timestamp":"2025-06-26T09:51:50.365476","level":"info","event":"----------------Processing messages: <cimpl.Message object at 0x74b9ccf57740>------------","logger":"unusual_prefix_05f7c68866a4b9981d661b83f7c582db0b838856_wiki_monitoring"}
{"timestamp":"2025-06-26T09:51:50.365612","level":"info","event":"-----------edit: {'title': 'Category:All WikiProject Women-related pages', 'user': 'Proscribe', 'is_bot': False, 'server_name': 'en.wikipedia.org', 'timestamp': 1750771595}-------------","logger":"unusual_prefix_05f7c68866a4b9981d661b83f7c582db0b838856_wiki_monitoring"}
{"timestamp":"2025-06-26T09:51:50.369062","level":"info","event":"----------------Processing messages: <cimpl.Message object at 0x74b9ca84fa40>------------","logger":"unusual_prefix_05f7c68866a4b9981d661b83f7c582db0b838856_wiki_monitoring"}
{"timestamp":"2025-06-26T09:51:50.369198","level":"info","event":"-----------edit: {'title': 'Category:WikiProject Women articles', 'user': 'Proscribe', 'is_bot': False, 'server_name': 'en.wikipedia.org', 'timestamp': 1750771595}-------------","logger":"unusual_prefix_05f7c68866a4b9981d661b83f7c582db0b838856_wiki_monitoring"}
{"timestamp":"2025-06-26T09:51:50.372658","level":"info","event":"----------------Processing messages: <cimpl.Message object at 0x74b9ca84ee40>------------","logger":"unusual_prefix_05f7c68866a4b9981d661b83f7c582db0b838856_wiki_monitoring"}
{"timestamp":"2025-06-26T09:51:50.372804","level":"info","event":"-----------edit: {'title': 'Category:Artworks without Wikidata item', 'user': 'Gzen92Bot', 'is_bot': True, 'server_name': 'commons.wikimedia.org', 'timestamp': 1750771598}-------------","logger":"unusual_prefix_05f7c68866a4b9981d661b83f7c582db0b838856_wiki_monitoring"}
{"timestamp":"2025-06-26T09:51:50.375850","level":"info","event":"----------------Processing messages: <cimpl.Message object at 0x74b9ca84fac0>------------","logger":"unusual_prefix_05f7c68866a4b9981d661b83f7c582db0b838856_wiki_monitoring"}
{"timestamp":"2025-06-26T09:51:50.375990","level":"info","event":"-----------edit: {'title': 'Lūi-pia̍t:Webarchive pang-bô͘ wayback liân-kiat', 'user': 'InternetArchiveBot', 'is_bot': True, 'server_name': 'zh-min-nan.wikipedia.org', 'timestamp': 1750771594}-------------","logger":"unusual_prefix_05f7c68866a4b9981d661b83f7c582db0b838856_wiki_monitoring"}
{"timestamp":"2025-06-26T09:51:50.379146","level":"info","event":"----------------Processing messages: <cimpl.Message object at 0x74b9ca84f5c0>------------","logger":"unusual_prefix_05f7c68866a4b9981d661b83f7c582db0b838856_wiki_monitoring"}
{"timestamp":"2025-06-26T09:51:50.379282","level":"info","event":"-----------edit: {'title': 'Category:PD France', 'user': 'Gzen92Bot', 'is_bot': True, 'server_name': 'commons.wikimedia.org', 'timestamp': 1750771598}-------------","logger":"unusual_prefix_05f7c68866a4b9981d661b83f7c582db0b838856_wiki_monitoring"}
{"timestamp":"2025-06-26T09:51:50.382575","level":"info","event":"----------------Processing messages: <cimpl.Message object at 0x74b9ca84fd40>------------","logger":"unusual_prefix_05f7c68866a4b9981d661b83f7c582db0b838856_wiki_monitoring"}
{"timestamp":"2025-06-26T09:51:50.382719","level":"info","event":"-----------edit: {'title': 'Lūi-pia̍t:Internet Archive pang-bô͘', 'user': 'InternetArchiveBot', 'is_bot': True, 'server_name': 'zh-min-nan.wikipedia.org', 'timestamp': 1750771594}-------------","logger":"unusual_prefix_05f7c68866a4b9981d661b83f7c582db0b838856_wiki_monitoring"}
{"timestamp":"2025-06-26T09:51:50.389346","level":"info","event":"----------------Processing messages: <cimpl.Message object at 0x74b9ca8908c0>------------","logger":"unusual_prefix_05f7c68866a4b9981d661b83f7c582db0b838856_wiki_monitoring"}
{"timestamp":"2025-06-26T09:51:50.389713","level":"info","event":"-----------edit: {'title': 'Category:PD-old missing SDC copyright status', 'user': 'Gzen92Bot', 'is_bot': True, 'server_name': 'commons.wikimedia.org', 'timestamp': 1750771598}-------------","logger":"unusual_prefix_05f7c68866a4b9981d661b83f7c582db0b838856_wiki_monitoring"}
{"timestamp":"2025-06-26T09:51:50.394931","level":"info","event":"----------------Processing messages: <cimpl.Message object at 0x74b9ca891040>------------","logger":"unusual_prefix_05f7c68866a4b9981d661b83f7c582db0b838856_wiki_monitoring"}
{"timestamp":"2025-06-26T09:51:50.395070","level":"info","event":"-----------edit: {'title': 'Q414748', 'user': 'Logjohn', 'is_bot': False, 'server_name': 'www.wikidata.org', 'timestamp': 1750771600}-------------","logger":"unusual_prefix_05f7c68866a4b9981d661b83f7c582db0b838856_wiki_monitoring"}
{"timestamp":"2025-06-26T09:51:50.398995","level":"info","event":"----------------Processing messages: <cimpl.Message object at 0x74b9ca891140>------------","logger":"unusual_prefix_05f7c68866a4b9981d661b83f7c582db0b838856_wiki_monitoring"}
{"timestamp":"2025-06-26T09:51:50.399347","level":"info","event":"-----------edit: {'title': 'Category:WikiProject Women in Red articles not associated with a meetup', 'user': 'Proscribe', 'is_bot': False, 'server_name': 'en.wikipedia.org', 'timestamp': 1750771595}-------------","logger":"unusual_prefix_05f7c68866a4b9981d661b83f7c582db0b838856_wiki_monitoring"}
{"timestamp":"2025-06-26T09:51:50.404757","level":"info","event":"----------------Processing messages: <cimpl.Message object at 0x74b9ca890040>------------","logger":"unusual_prefix_05f7c68866a4b9981d661b83f7c582db0b838856_wiki_monitoring"}
{"timestamp":"2025-06-26T09:51:50.404971","level":"info","event":"-----------edit: {'title': 'Category:CC-PD-Mark', 'user': 'Gzen92Bot', 'is_bot': True, 'server_name': 'commons.wikimedia.org', 'timestamp': 1750771598}-------------","logger":"unusual_prefix_05f7c68866a4b9981d661b83f7c582db0b838856_wiki_monitoring"}
{"timestamp":"2025-06-26T09:51:50.408917","level":"info","event":"----------------Processing messages: <cimpl.Message object at 0x74b9ca891540>------------","logger":"unusual_prefix_05f7c68866a4b9981d661b83f7c582db0b838856_wiki_monitoring"}
{"timestamp":"2025-06-26T09:51:50.409063","level":"info","event":"-----------edit: {'title': 'Category:All WikiProject Women in Red pages', 'user': 'Proscribe', 'is_bot': False, 'server_name': 'en.wikipedia.org', 'timestamp': 1750771595}-------------","logger":"unusual_prefix_05f7c68866a4b9981d661b83f7c582db0b838856_wiki_monitoring"}
{"timestamp":"2025-06-26T09:51:50.413011","level":"info","event":"----------------Processing messages: <cimpl.Message object at 0x74b9ca890a40>------------","logger":"unusual_prefix_05f7c68866a4b9981d661b83f7c582db0b838856_wiki_monitoring"}
{"timestamp":"2025-06-26T09:51:50.413161","level":"info","event":"-----------edit: {'title': 'Category:Edgar Boutry', 'user': 'Totorvdr59', 'is_bot': False, 'server_name': 'commons.wikimedia.org', 'timestamp': 1750771598}-------------","logger":"unusual_prefix_05f7c68866a4b9981d661b83f7c582db0b838856_wiki_monitoring"}
{"timestamp":"2025-06-26T09:51:50.417879","level":"info","event":"----------------Processing messages: <cimpl.Message object at 0x74b9ca8907c0>------------","logger":"unusual_prefix_05f7c68866a4b9981d661b83f7c582db0b838856_wiki_monitoring"}
{"timestamp":"2025-06-26T09:51:50.418048","level":"info","event":"-----------edit: {'title': 'Category:PD-old-100-expired', 'user': 'Gzen92Bot', 'is_bot': True, 'server_name': 'commons.wikimedia.org', 'timestamp': 1750771598}-------------","logger":"unusual_prefix_05f7c68866a4b9981d661b83f7c582db0b838856_wiki_monitoring"}
{"timestamp":"2025-06-26T09:51:50.422397","level":"info","event":"----------------Processing messages: <cimpl.Message object at 0x74b9d0141740>------------","logger":"unusual_prefix_05f7c68866a4b9981d661b83f7c582db0b838856_wiki_monitoring"}
{"timestamp":"2025-06-26T09:51:50.422537","level":"info","event":"-----------edit: {'title': 'Category:PD US expired', 'user': 'Gzen92Bot', 'is_bot': True, 'server_name': 'commons.wikimedia.org', 'timestamp': 1750771598}-------------","logger":"unusual_prefix_05f7c68866a4b9981d661b83f7c582db0b838856_wiki_monitoring"}
{"timestamp":"2025-06-26T09:51:50.426359","level":"info","event":"----------------Processing messages: <cimpl.Message object at 0x74b9ca84fcc0>------------","logger":"unusual_prefix_05f7c68866a4b9981d661b83f7c582db0b838856_wiki_monitoring"}
{"timestamp":"2025-06-26T09:51:50.426519","level":"info","event":"-----------edit: {'title': \"2025 IHF Men's U21 Handball World Championship\", 'user': 'Kante4', 'is_bot': False, 'server_name': 'en.wikipedia.org', 'timestamp': 1750771595}-------------","logger":"unusual_prefix_05f7c68866a4b9981d661b83f7c582db0b838856_wiki_monitoring"}
{"timestamp":"2025-06-26T09:51:50.431493","level":"info","event":"----------------Processing messages: <cimpl.Message object at 0x74b9ca84ff40>------------","logger":"unusual_prefix_05f7c68866a4b9981d661b83f7c582db0b838856_wiki_monitoring"}
{"timestamp":"2025-06-26T09:51:50.431714","level":"info","event":"-----------edit: {'title': 'Wikipedia:Bot requests/topic list', 'user': 'Cewbot', 'is_bot': True, 'server_name': 'en.wikipedia.org', 'timestamp': 1750771600}-------------","logger":"unusual_prefix_05f7c68866a4b9981d661b83f7c582db0b838856_wiki_monitoring"}
{"timestamp":"2025-06-26T09:51:50.435529","level":"info","event":"----------------Processing messages: <cimpl.Message object at 0x74b9ca84f840>------------","logger":"unusual_prefix_05f7c68866a4b9981d661b83f7c582db0b838856_wiki_monitoring"}
{"timestamp":"2025-06-26T09:51:50.435673","level":"info","event":"-----------edit: {'title': 'Category:PD-US missing SDC copyright status', 'user': 'Gzen92Bot', 'is_bot': True, 'server_name': 'commons.wikimedia.org', 'timestamp': 1750771598}-------------","logger":"unusual_prefix_05f7c68866a4b9981d661b83f7c582db0b838856_wiki_monitoring"}
{"timestamp":"2025-06-26T09:51:50.439784","level":"info","event":"----------------Processing messages: <cimpl.Message object at 0x74b9ca84f540>------------","logger":"unusual_prefix_05f7c68866a4b9981d661b83f7c582db0b838856_wiki_monitoring"}
{"timestamp":"2025-06-26T09:51:50.440031","level":"info","event":"-----------edit: {'title': 'Category:Sheet music from Gallica (Bibliothèque nationale de France) uploaded by Gzen92Bot', 'user': 'Gzen92Bot', 'is_bot': True, 'server_name': 'commons.wikimedia.org', 'timestamp': 1750771598}-------------","logger":"unusual_prefix_05f7c68866a4b9981d661b83f7c582db0b838856_wiki_monitoring"}
{"timestamp":"2025-06-26T09:51:50.443600","level":"info","event":"----------------Processing messages: <cimpl.Message object at 0x74b9ca84f1c0>------------","logger":"unusual_prefix_05f7c68866a4b9981d661b83f7c582db0b838856_wiki_monitoring"}
{"timestamp":"2025-06-26T09:51:50.443740","level":"info","event":"-----------edit: {'title': 'Category:La Clef des chansonniers ou Recueil des Vaudevilles depuis cent ans et plus, notez et recueillis pour la première fois par J. B. Christophe Ballard... Tome I - bpt6k3261425', 'user': 'Gzen92Bot', 'is_bot': True, 'server_name': 'commons.wikimedia.org', 'timestamp': 1750771598}-------------","logger":"unusual_prefix_05f7c68866a4b9981d661b83f7c582db0b838856_wiki_monitoring"}
{"timestamp":"2025-06-26T09:51:50.450041","level":"info","event":"----------------Processing messages: <cimpl.Message object at 0x74b9ccf57ec0>------------","logger":"unusual_prefix_05f7c68866a4b9981d661b83f7c582db0b838856_wiki_monitoring"}
{"timestamp":"2025-06-26T09:51:50.450310","level":"info","event":"-----------edit: {'title': 'Category:Reflistで3列を指定しているページ', 'user': 'Mister0124', 'is_bot': False, 'server_name': 'ja.wikipedia.org', 'timestamp': 1750771596}-------------","logger":"unusual_prefix_05f7c68866a4b9981d661b83f7c582db0b838856_wiki_monitoring"}
{"timestamp":"2025-06-26T09:51:50.453761","level":"info","event":"----------------Processing messages: <cimpl.Message object at 0x74b9ca891240>------------","logger":"unusual_prefix_05f7c68866a4b9981d661b83f7c582db0b838856_wiki_monitoring"}
{"timestamp":"2025-06-26T09:51:50.454000","level":"info","event":"-----------edit: {'title': 'Central Brahui Range', 'user': 'Sir Calculus', 'is_bot': False, 'server_name': 'en.wikipedia.org', 'timestamp': 1750771599}-------------","logger":"unusual_prefix_05f7c68866a4b9981d661b83f7c582db0b838856_wiki_monitoring"}
{"timestamp":"2025-06-26T09:51:50.458325","level":"info","event":"----------------Processing messages: <cimpl.Message object at 0x74b9ca890dc0>------------","logger":"unusual_prefix_05f7c68866a4b9981d661b83f7c582db0b838856_wiki_monitoring"}
{"timestamp":"2025-06-26T09:51:50.458561","level":"info","event":"-----------edit: {'title': 'ইগনাসিও মিরামোন', 'user': 'Waraka Saki', 'is_bot': False, 'server_name': 'bn.wikipedia.org', 'timestamp': 1750771599}-------------","logger":"unusual_prefix_05f7c68866a4b9981d661b83f7c582db0b838856_wiki_monitoring"}
{"timestamp":"2025-06-26T09:51:50.462200","level":"info","event":"----------------Processing messages: <cimpl.Message object at 0x74b9ca890d40>------------","logger":"unusual_prefix_05f7c68866a4b9981d661b83f7c582db0b838856_wiki_monitoring"}
{"timestamp":"2025-06-26T09:51:50.462356","level":"info","event":"-----------edit: {'title': 'Utilisateur:37.61.113.216', 'user': 'Ariel Provost', 'is_bot': False, 'server_name': 'fr.wikipedia.org', 'timestamp': 1750771601}-------------","logger":"unusual_prefix_05f7c68866a4b9981d661b83f7c582db0b838856_wiki_monitoring"}
{"timestamp":"2025-06-26T09:51:50.466849","level":"info","event":"----------------Processing messages: <cimpl.Message object at 0x74b9ca890fc0>------------","logger":"unusual_prefix_05f7c68866a4b9981d661b83f7c582db0b838856_wiki_monitoring"}
{"timestamp":"2025-06-26T09:51:50.467068","level":"info","event":"-----------edit: {'title': 'Q123407349', 'user': 'Florentyna', 'is_bot': False, 'server_name': 'www.wikidata.org', 'timestamp': 1750771601}-------------","logger":"unusual_prefix_05f7c68866a4b9981d661b83f7c582db0b838856_wiki_monitoring"}
{"timestamp":"2025-06-26T09:51:50.470923","level":"info","event":"----------------Processing messages: <cimpl.Message object at 0x74b9ca890140>------------","logger":"unusual_prefix_05f7c68866a4b9981d661b83f7c582db0b838856_wiki_monitoring"}
{"timestamp":"2025-06-26T09:51:50.471091","level":"info","event":"-----------edit: {'title': 'Q5146094', 'user': '83.61.242.133', 'is_bot': False, 'server_name': 'www.wikidata.org', 'timestamp': 1750771601}-------------","logger":"unusual_prefix_05f7c68866a4b9981d661b83f7c582db0b838856_wiki_monitoring"}
{"timestamp":"2025-06-26T09:51:50.475451","level":"info","event":"----------------Processing messages: <cimpl.Message object at 0x74b9ca890e40>------------","logger":"unusual_prefix_05f7c68866a4b9981d661b83f7c582db0b838856_wiki_monitoring"}
{"timestamp":"2025-06-26T09:51:50.475613","level":"info","event":"-----------edit: {'title': 'Q414748', 'user': 'Logjohn', 'is_bot': False, 'server_name': 'www.wikidata.org', 'timestamp': 1750771601}-------------","logger":"unusual_prefix_05f7c68866a4b9981d661b83f7c582db0b838856_wiki_monitoring"}
{"timestamp":"2025-06-26T09:51:50.480408","level":"info","event":"----------------Processing messages: <cimpl.Message object at 0x74b9ca84f1c0>------------","logger":"unusual_prefix_05f7c68866a4b9981d661b83f7c582db0b838856_wiki_monitoring"}
{"timestamp":"2025-06-26T09:51:50.480559","level":"info","event":"-----------edit: {'title': 'Sensor', 'user': '2A02:8109:9CA2:A700:399C:E593:42F8:C165', 'is_bot': False, 'server_name': 'en.wikipedia.org', 'timestamp': 1750771599}-------------","logger":"unusual_prefix_05f7c68866a4b9981d661b83f7c582db0b838856_wiki_monitoring"}
{"timestamp":"2025-06-26T09:51:50.484636","level":"info","event":"----------------Processing messages: <cimpl.Message object at 0x74b9ca84f8c0>------------","logger":"unusual_prefix_05f7c68866a4b9981d661b83f7c582db0b838856_wiki_monitoring"}
{"timestamp":"2025-06-26T09:51:50.484798","level":"info","event":"-----------edit: {'title': 'User talk:2001:4DD1:6BF2:0:A4CD:2A11:903C:A79D', 'user': '185.113.97.247', 'is_bot': False, 'server_name': 'en.wikipedia.org', 'timestamp': 1750771601}-------------","logger":"unusual_prefix_05f7c68866a4b9981d661b83f7c582db0b838856_wiki_monitoring"}
{"timestamp":"2025-06-26T09:51:50.488606","level":"info","event":"----------------Processing messages: <cimpl.Message object at 0x74b9ca84f4c0>------------","logger":"unusual_prefix_05f7c68866a4b9981d661b83f7c582db0b838856_wiki_monitoring"}
{"timestamp":"2025-06-26T09:51:50.488760","level":"info","event":"-----------edit: {'title': 'Q2415950', 'user': 'Kbseah', 'is_bot': False, 'server_name': 'www.wikidata.org', 'timestamp': 1750771601}-------------","logger":"unusual_prefix_05f7c68866a4b9981d661b83f7c582db0b838856_wiki_monitoring"}
{"timestamp":"2025-06-26T09:51:50.492692","level":"info","event":"----------------Processing messages: <cimpl.Message object at 0x74b9ca84fbc0>------------","logger":"unusual_prefix_05f7c68866a4b9981d661b83f7c582db0b838856_wiki_monitoring"}
{"timestamp":"2025-06-26T09:51:50.492942","level":"info","event":"-----------edit: {'title': 'تصنيف:صفحات تستخدم امتداد JsonConfig', 'user': 'MenoBot', 'is_bot': True, 'server_name': 'ar.wikipedia.org', 'timestamp': 1750771591}-------------","logger":"unusual_prefix_05f7c68866a4b9981d661b83f7c582db0b838856_wiki_monitoring"}
{"timestamp":"2025-06-26T09:51:50.496890","level":"info","event":"----------------Processing messages: <cimpl.Message object at 0x74b9ca84f5c0>------------","logger":"unusual_prefix_05f7c68866a4b9981d661b83f7c582db0b838856_wiki_monitoring"}
{"timestamp":"2025-06-26T09:51:50.497051","level":"info","event":"-----------edit: {'title': 'User talk:2001:4DD1:6BF2:0:A4CD:2A11:903C:A79D', 'user': '185.113.97.247', 'is_bot': False, 'server_name': 'en.wikipedia.org', 'timestamp': 1750771601}-------------","logger":"unusual_prefix_05f7c68866a4b9981d661b83f7c582db0b838856_wiki_monitoring"}
{"timestamp":"2025-06-26T09:51:50.500836","level":"info","event":"----------------Processing messages: <cimpl.Message object at 0x74b9ca84ee40>------------","logger":"unusual_prefix_05f7c68866a4b9981d661b83f7c582db0b838856_wiki_monitoring"}
{"timestamp":"2025-06-26T09:51:50.501095","level":"info","event":"-----------edit: {'title': 'Q4924529', 'user': 'Kbseah', 'is_bot': False, 'server_name': 'www.wikidata.org', 'timestamp': 1750771601}-------------","logger":"unusual_prefix_05f7c68866a4b9981d661b83f7c582db0b838856_wiki_monitoring"}
{"timestamp":"2025-06-26T09:51:50.504797","level":"info","event":"----------------Processing messages: <cimpl.Message object at 0x74b9d0141a40>------------","logger":"unusual_prefix_05f7c68866a4b9981d661b83f7c582db0b838856_wiki_monitoring"}
{"timestamp":"2025-06-26T09:51:50.504955","level":"info","event":"-----------edit: {'title': 'Q135064465', 'user': 'MmaBaggio', 'is_bot': False, 'server_name': 'www.wikidata.org', 'timestamp': 1750771601}-------------","logger":"unusual_prefix_05f7c68866a4b9981d661b83f7c582db0b838856_wiki_monitoring"}
{"timestamp":"2025-06-26T09:51:50.509978","level":"info","event":"----------------Processing messages: <cimpl.Message object at 0x74b9ca8914c0>------------","logger":"unusual_prefix_05f7c68866a4b9981d661b83f7c582db0b838856_wiki_monitoring"}
{"timestamp":"2025-06-26T09:51:50.510470","level":"info","event":"-----------edit: {'title': 'File:Illusion, poème en 9 chants de Jean Lahor - bpt6k885554q (19 of 60).jpg', 'user': 'Gzen92Bot', 'is_bot': True, 'server_name': 'commons.wikimedia.org', 'timestamp': 1750771599}-------------","logger":"unusual_prefix_05f7c68866a4b9981d661b83f7c582db0b838856_wiki_monitoring"}
{"timestamp":"2025-06-26T09:51:50.514577","level":"info","event":"----------------Processing messages: <cimpl.Message object at 0x74b9ca890cc0>------------","logger":"unusual_prefix_05f7c68866a4b9981d661b83f7c582db0b838856_wiki_monitoring"}
{"timestamp":"2025-06-26T09:51:50.514805","level":"info","event":"-----------edit: {'title': 'אליעד שרגא', 'user': 'יודוקוליס', 'is_bot': False, 'server_name': 'he.wikipedia.org', 'timestamp': 1750771601}-------------","logger":"unusual_prefix_05f7c68866a4b9981d661b83f7c582db0b838856_wiki_monitoring"}
{"timestamp":"2025-06-26T09:51:50.519770","level":"info","event":"----------------Processing messages: <cimpl.Message object at 0x74b9ca890dc0>------------","logger":"unusual_prefix_05f7c68866a4b9981d661b83f7c582db0b838856_wiki_monitoring"}
{"timestamp":"2025-06-26T09:51:50.519930","level":"info","event":"-----------edit: {'title': 'Q414748', 'user': 'Logjohn', 'is_bot': False, 'server_name': 'www.wikidata.org', 'timestamp': 1750771601}-------------","logger":"unusual_prefix_05f7c68866a4b9981d661b83f7c582db0b838856_wiki_monitoring"}
{"timestamp":"2025-06-26T09:51:50.524913","level":"info","event":"----------------Processing messages: <cimpl.Message object at 0x74b9ca891240>------------","logger":"unusual_prefix_05f7c68866a4b9981d661b83f7c582db0b838856_wiki_monitoring"}
{"timestamp":"2025-06-26T09:51:50.525122","level":"info","event":"-----------edit: {'title': 'Johannes Paulus II', 'user': 'Katlinke', 'is_bot': False, 'server_name': 'sv.wikipedia.org', 'timestamp': 1750771598}-------------","logger":"unusual_prefix_05f7c68866a4b9981d661b83f7c582db0b838856_wiki_monitoring"}
{"timestamp":"2025-06-26T09:51:50.531054","level":"info","event":"----------------Processing messages: <cimpl.Message object at 0x74b9ca890ec0>------------","logger":"unusual_prefix_05f7c68866a4b9981d661b83f7c582db0b838856_wiki_monitoring"}
{"timestamp":"2025-06-26T09:51:50.531343","level":"info","event":"-----------edit: {'title': 'جنگ\\u200cهای یهود و روم', 'user': 'MohsenAkbarnejad', 'is_bot': False, 'server_name': 'fa.wikipedia.org', 'timestamp': 1750771598}-------------","logger":"unusual_prefix_05f7c68866a4b9981d661b83f7c582db0b838856_wiki_monitoring"}
{"timestamp":"2025-06-26T09:51:50.536423","level":"info","event":"----------------Processing messages: <cimpl.Message object at 0x74b9ca891540>------------","logger":"unusual_prefix_05f7c68866a4b9981d661b83f7c582db0b838856_wiki_monitoring"}
{"timestamp":"2025-06-26T09:51:50.536651","level":"info","event":"-----------edit: {'title': 'Q868595', 'user': 'Florentyna', 'is_bot': False, 'server_name': 'www.wikidata.org', 'timestamp': 1750771601}-------------","logger":"unusual_prefix_05f7c68866a4b9981d661b83f7c582db0b838856_wiki_monitoring"}
{"timestamp":"2025-06-26T09:51:50.545976","level":"info","event":"----------------Processing messages: <cimpl.Message object at 0x74b9d0141b40>------------","logger":"unusual_prefix_05f7c68866a4b9981d661b83f7c582db0b838856_wiki_monitoring"}
{"timestamp":"2025-06-26T09:51:50.546219","level":"info","event":"-----------edit: {'title': 'Property:P642', 'user': 'Desoda', 'is_bot': False, 'server_name': 'www.wikidata.org', 'timestamp': 1750771601}-------------","logger":"unusual_prefix_05f7c68866a4b9981d661b83f7c582db0b838856_wiki_monitoring"}
{"timestamp":"2025-06-26T09:51:50.552371","level":"info","event":"----------------Processing messages: <cimpl.Message object at 0x74b9ca84fbc0>------------","logger":"unusual_prefix_05f7c68866a4b9981d661b83f7c582db0b838856_wiki_monitoring"}
{"timestamp":"2025-06-26T09:51:50.552610","level":"info","event":"-----------edit: {'title': 'Q414748', 'user': 'Logjohn', 'is_bot': False, 'server_name': 'www.wikidata.org', 'timestamp': 1750771602}-------------","logger":"unusual_prefix_05f7c68866a4b9981d661b83f7c582db0b838856_wiki_monitoring"}
{"timestamp":"2025-06-26T09:51:50.557965","level":"info","event":"----------------Processing messages: <cimpl.Message object at 0x74b9ca84fdc0>------------","logger":"unusual_prefix_05f7c68866a4b9981d661b83f7c582db0b838856_wiki_monitoring"}
{"timestamp":"2025-06-26T09:51:50.558183","level":"info","event":"-----------edit: {'title': 'Q135064522', 'user': 'Чаховіч Уладзіслаў', 'is_bot': False, 'server_name': 'www.wikidata.org', 'timestamp': 1750771601}-------------","logger":"unusual_prefix_05f7c68866a4b9981d661b83f7c582db0b838856_wiki_monitoring"}
{"timestamp":"2025-06-26T09:51:50.562720","level":"info","event":"----------------Processing messages: <cimpl.Message object at 0x74b9ca84fe40>------------","logger":"unusual_prefix_05f7c68866a4b9981d661b83f7c582db0b838856_wiki_monitoring"}
{"timestamp":"2025-06-26T09:51:50.562906","level":"info","event":"-----------edit: {'title': 'Категория:ПРО:ГЕО:Последняя правка: в текущем месяце', 'user': 'KristinaKovalenko', 'is_bot': False, 'server_name': 'ru.wikipedia.org', 'timestamp': 1750771597}-------------","logger":"unusual_prefix_05f7c68866a4b9981d661b83f7c582db0b838856_wiki_monitoring"}
{"timestamp":"2025-06-26T09:51:50.567045","level":"info","event":"----------------Processing messages: <cimpl.Message object at 0x74b9ca84fa40>------------","logger":"unusual_prefix_05f7c68866a4b9981d661b83f7c582db0b838856_wiki_monitoring"}
{"timestamp":"2025-06-26T09:51:50.567266","level":"info","event":"-----------edit: {'title': 'Q5146094', 'user': '83.61.242.133', 'is_bot': False, 'server_name': 'www.wikidata.org', 'timestamp': 1750771602}-------------","logger":"unusual_prefix_05f7c68866a4b9981d661b83f7c582db0b838856_wiki_monitoring"}
{"timestamp":"2025-06-26T09:51:50.571832","level":"info","event":"----------------Processing messages: <cimpl.Message object at 0x74b9ca84edc0>------------","logger":"unusual_prefix_05f7c68866a4b9981d661b83f7c582db0b838856_wiki_monitoring"}
{"timestamp":"2025-06-26T09:51:50.572071","level":"info","event":"-----------edit: {'title': 'Категория:ПРО:ГЕО:Последняя правка: в текущем году', 'user': 'KristinaKovalenko', 'is_bot': False, 'server_name': 'ru.wikipedia.org', 'timestamp': 1750771597}-------------","logger":"unusual_prefix_05f7c68866a4b9981d661b83f7c582db0b838856_wiki_monitoring"}
{"timestamp":"2025-06-26T09:51:50.576080","level":"info","event":"----------------Processing messages: <cimpl.Message object at 0x74b9ca891240>------------","logger":"unusual_prefix_05f7c68866a4b9981d661b83f7c582db0b838856_wiki_monitoring"}
{"timestamp":"2025-06-26T09:51:50.576268","level":"info","event":"-----------edit: {'title': 'File:Childs-Irving Hydroelectric Facilities power lines.jpg', 'user': '87.128.77.121', 'is_bot': False, 'server_name': 'commons.wikimedia.org', 'timestamp': 1750771601}-------------","logger":"unusual_prefix_05f7c68866a4b9981d661b83f7c582db0b838856_wiki_monitoring"}
{"timestamp":"2025-06-26T09:51:50.580107","level":"info","event":"----------------Processing messages: <cimpl.Message object at 0x74b9ca890a40>------------","logger":"unusual_prefix_05f7c68866a4b9981d661b83f7c582db0b838856_wiki_monitoring"}
{"timestamp":"2025-06-26T09:51:50.580298","level":"info","event":"-----------edit: {'title': 'Q5146094', 'user': '83.61.242.133', 'is_bot': False, 'server_name': 'www.wikidata.org', 'timestamp': 1750771602}-------------","logger":"unusual_prefix_05f7c68866a4b9981d661b83f7c582db0b838856_wiki_monitoring"}
{"timestamp":"2025-06-26T09:51:50.584072","level":"info","event":"----------------Processing messages: <cimpl.Message object at 0x74b9ca891140>------------","logger":"unusual_prefix_05f7c68866a4b9981d661b83f7c582db0b838856_wiki_monitoring"}
{"timestamp":"2025-06-26T09:51:50.584295","level":"info","event":"-----------edit: {'title': 'Michael Collins (Politiker, 1940)', 'user': 'Invisigoth67', 'is_bot': False, 'server_name': 'de.wikipedia.org', 'timestamp': 1750771601}-------------","logger":"unusual_prefix_05f7c68866a4b9981d661b83f7c582db0b838856_wiki_monitoring"}
{"timestamp":"2025-06-26T09:51:50.589396","level":"info","event":"----------------Processing messages: <cimpl.Message object at 0x74b9ca891040>------------","logger":"unusual_prefix_05f7c68866a4b9981d661b83f7c582db0b838856_wiki_monitoring"}
{"timestamp":"2025-06-26T09:51:50.589538","level":"info","event":"-----------edit: {'title': 'Category:Stadtprozelten', 'user': 'Triplec85', 'is_bot': False, 'server_name': 'commons.wikimedia.org', 'timestamp': 1750771601}-------------","logger":"unusual_prefix_05f7c68866a4b9981d661b83f7c582db0b838856_wiki_monitoring"}
{"timestamp":"2025-06-26T09:51:50.592869","level":"info","event":"----------------Processing messages: <cimpl.Message object at 0x74b9ca8908c0>------------","logger":"unusual_prefix_05f7c68866a4b9981d661b83f7c582db0b838856_wiki_monitoring"}
{"timestamp":"2025-06-26T09:51:50.593034","level":"info","event":"-----------edit: {'title': 'Q414748', 'user': 'Logjohn', 'is_bot': False, 'server_name': 'www.wikidata.org', 'timestamp': 1750771602}-------------","logger":"unusual_prefix_05f7c68866a4b9981d661b83f7c582db0b838856_wiki_monitoring"}
{"timestamp":"2025-06-26T09:51:50.596819","level":"info","event":"----------------Processing messages: <cimpl.Message object at 0x74b9ca891440>------------","logger":"unusual_prefix_05f7c68866a4b9981d661b83f7c582db0b838856_wiki_monitoring"}
{"timestamp":"2025-06-26T09:51:50.597001","level":"info","event":"-----------edit: {'title': 'Category:Files from Gallica', 'user': 'Gzen92Bot', 'is_bot': True, 'server_name': 'commons.wikimedia.org', 'timestamp': 1750771600}-------------","logger":"unusual_prefix_05f7c68866a4b9981d661b83f7c582db0b838856_wiki_monitoring"}
{"timestamp":"2025-06-26T09:51:50.600927","level":"info","event":"----------------Processing messages: <cimpl.Message object at 0x74b9ca890e40>------------","logger":"unusual_prefix_05f7c68866a4b9981d661b83f7c582db0b838856_wiki_monitoring"}
{"timestamp":"2025-06-26T09:51:50.601136","level":"info","event":"-----------edit: {'title': 'File:OJ L 68 of 2018 - EN English.pdf', 'user': 'EUResourcesBot', 'is_bot': True, 'server_name': 'commons.wikimedia.org', 'timestamp': 1750771601}-------------","logger":"unusual_prefix_05f7c68866a4b9981d661b83f7c582db0b838856_wiki_monitoring"}
{"timestamp":"2025-06-26T09:51:50.605100","level":"info","event":"----------------Processing messages: <cimpl.Message object at 0x74b9d0141a40>------------","logger":"unusual_prefix_05f7c68866a4b9981d661b83f7c582db0b838856_wiki_monitoring"}
{"timestamp":"2025-06-26T09:51:50.605235","level":"info","event":"-----------edit: {'title': 'Category:Artworks without Wikidata item', 'user': 'Gzen92Bot', 'is_bot': True, 'server_name': 'commons.wikimedia.org', 'timestamp': 1750771600}-------------","logger":"unusual_prefix_05f7c68866a4b9981d661b83f7c582db0b838856_wiki_monitoring"}
{"timestamp":"2025-06-26T09:51:50.608755","level":"info","event":"----------------Processing messages: <cimpl.Message object at 0x74b9ca84fe40>------------","logger":"unusual_prefix_05f7c68866a4b9981d661b83f7c582db0b838856_wiki_monitoring"}
{"timestamp":"2025-06-26T09:51:50.608887","level":"info","event":"-----------edit: {'title': 'Talk:Nazareth', 'user': 'Charliehdb', 'is_bot': False, 'server_name': 'en.wikipedia.org', 'timestamp': 1750771603}-------------","logger":"unusual_prefix_05f7c68866a4b9981d661b83f7c582db0b838856_wiki_monitoring"}
{"timestamp":"2025-06-26T09:51:50.613265","level":"info","event":"----------------Processing messages: <cimpl.Message object at 0x74b9ca84fdc0>------------","logger":"unusual_prefix_05f7c68866a4b9981d661b83f7c582db0b838856_wiki_monitoring"}
{"timestamp":"2025-06-26T09:51:50.613516","level":"info","event":"-----------edit: {'title': 'Category:PD France', 'user': 'Gzen92Bot', 'is_bot': True, 'server_name': 'commons.wikimedia.org', 'timestamp': 1750771600}-------------","logger":"unusual_prefix_05f7c68866a4b9981d661b83f7c582db0b838856_wiki_monitoring"}
{"timestamp":"2025-06-26T09:51:50.618508","level":"info","event":"----------------Processing messages: <cimpl.Message object at 0x74b9ca84fbc0>------------","logger":"unusual_prefix_05f7c68866a4b9981d661b83f7c582db0b838856_wiki_monitoring"}
{"timestamp":"2025-06-26T09:51:50.618705","level":"info","event":"-----------edit: {'title': 'إنجوي فينيكس', 'user': 'MenoBot', 'is_bot': True, 'server_name': 'ar.wikipedia.org', 'timestamp': 1750771600}-------------","logger":"unusual_prefix_05f7c68866a4b9981d661b83f7c582db0b838856_wiki_monitoring"}
{"timestamp":"2025-06-26T09:51:50.628350","level":"info","event":"Done. Returned value was: None","logger":"airflow.task.operators.airflow.providers.standard.operators.python.PythonOperator"}
