{"timestamp":"2025-06-24T08:23:50.031081","level":"info","event":"DAG bundles loaded: dags-folder","logger":"airflow.dag_processing.bundles.manager.DagBundlesManager"}
{"timestamp":"2025-06-24T08:23:50.031605","level":"info","event":"Filling up the DagBag from /opt/airflow/dags/wiki_monitoring.py","logger":"airflow.models.dagbag.DagBag"}
{"timestamp":"2025-06-24T08:23:50.151734","level":"info","event":"Topic wiki_edits already exists","logger":"unusual_prefix_05f7c68866a4b9981d661b83f7c582db0b838856_wiki_monitoring"}
{"timestamp":"2025-06-24T08:23:50.151835","level":"info","event":"---------------topic metadata created------------------","logger":"unusual_prefix_05f7c68866a4b9981d661b83f7c582db0b838856_wiki_monitoring"}
{"timestamp":"2025-06-24T08:23:53.314861","level":"info","event":"----------------Processing messages: <cimpl.Message object at 0x7a274d64f140>------------","logger":"unusual_prefix_05f7c68866a4b9981d661b83f7c582db0b838856_wiki_monitoring"}
{"timestamp":"2025-06-24T08:23:53.315017","level":"info","event":"-----------edit: {'title': 'Category:Dutch pronunciation', 'user': 'Marcel coenders', 'is_bot': False, 'server_name': 'commons.wikimedia.org', 'timestamp': 1750749200}-------------","logger":"unusual_prefix_05f7c68866a4b9981d661b83f7c582db0b838856_wiki_monitoring"}
{"timestamp":"2025-06-24T08:23:53.334365","level":"info","event":"----------------Processing messages: <cimpl.Message object at 0x7a274d64fcc0>------------","logger":"unusual_prefix_05f7c68866a4b9981d661b83f7c582db0b838856_wiki_monitoring"}
{"timestamp":"2025-06-24T08:23:53.334490","level":"info","event":"-----------edit: {'title': 'Category:Male Dutch pronunciation', 'user': 'Marcel coenders', 'is_bot': False, 'server_name': 'commons.wikimedia.org', 'timestamp': 1750749200}-------------","logger":"unusual_prefix_05f7c68866a4b9981d661b83f7c582db0b838856_wiki_monitoring"}
{"timestamp":"2025-06-24T08:23:53.337118","level":"info","event":"----------------Processing messages: <cimpl.Message object at 0x7a274d690240>------------","logger":"unusual_prefix_05f7c68866a4b9981d661b83f7c582db0b838856_wiki_monitoring"}
{"timestamp":"2025-06-24T08:23:53.337233","level":"info","event":"-----------edit: {'title': 'digitiser', 'user': 'Octahedron80', 'is_bot': False, 'server_name': 'th.wiktionary.org', 'timestamp': 1750749200}-------------","logger":"unusual_prefix_05f7c68866a4b9981d661b83f7c582db0b838856_wiki_monitoring"}
{"timestamp":"2025-06-24T08:23:53.339694","level":"info","event":"----------------Processing messages: <cimpl.Message object at 0x7a274d6905c0>------------","logger":"unusual_prefix_05f7c68866a4b9981d661b83f7c582db0b838856_wiki_monitoring"}
{"timestamp":"2025-06-24T08:23:53.339812","level":"info","event":"-----------edit: {'title': 'Википедия:К удалению/15 мая 2025', 'user': 'Arami Mira', 'is_bot': False, 'server_name': 'ru.wikipedia.org', 'timestamp': 1750749198}-------------","logger":"unusual_prefix_05f7c68866a4b9981d661b83f7c582db0b838856_wiki_monitoring"}
{"timestamp":"2025-06-24T08:23:53.342400","level":"info","event":"----------------Processing messages: <cimpl.Message object at 0x7a274d690740>------------","logger":"unusual_prefix_05f7c68866a4b9981d661b83f7c582db0b838856_wiki_monitoring"}
{"timestamp":"2025-06-24T08:23:53.342513","level":"info","event":"-----------edit: {'title': 'File:Lanciano, cappella dei Raccomandati - Affreschi 13.jpg', 'user': 'Alicia Fagerving (WMSE)', 'is_bot': False, 'server_name': 'commons.wikimedia.org', 'timestamp': 1750749200}-------------","logger":"unusual_prefix_05f7c68866a4b9981d661b83f7c582db0b838856_wiki_monitoring"}
{"timestamp":"2025-06-24T08:23:53.344722","level":"info","event":"----------------Processing messages: <cimpl.Message object at 0x7a274d690940>------------","logger":"unusual_prefix_05f7c68866a4b9981d661b83f7c582db0b838856_wiki_monitoring"}
{"timestamp":"2025-06-24T08:23:53.344821","level":"info","event":"-----------edit: {'title': 'Q54146028', 'user': 'EditorFX', 'is_bot': False, 'server_name': 'www.wikidata.org', 'timestamp': 1750749201}-------------","logger":"unusual_prefix_05f7c68866a4b9981d661b83f7c582db0b838856_wiki_monitoring"}
{"timestamp":"2025-06-24T08:23:53.346935","level":"info","event":"----------------Processing messages: <cimpl.Message object at 0x7a274d690740>------------","logger":"unusual_prefix_05f7c68866a4b9981d661b83f7c582db0b838856_wiki_monitoring"}
{"timestamp":"2025-06-24T08:23:53.347036","level":"info","event":"-----------edit: {'title': 'Migros (company)', 'user': 'Onomatopoeia1', 'is_bot': False, 'server_name': 'en.wikipedia.org', 'timestamp': 1750749200}-------------","logger":"unusual_prefix_05f7c68866a4b9981d661b83f7c582db0b838856_wiki_monitoring"}
{"timestamp":"2025-06-24T08:23:53.349522","level":"info","event":"----------------Processing messages: <cimpl.Message object at 0x7a274d64f840>------------","logger":"unusual_prefix_05f7c68866a4b9981d661b83f7c582db0b838856_wiki_monitoring"}
{"timestamp":"2025-06-24T08:23:53.349645","level":"info","event":"-----------edit: {'title': 'Q54146028', 'user': 'EditorFX', 'is_bot': False, 'server_name': 'www.wikidata.org', 'timestamp': 1750749201}-------------","logger":"unusual_prefix_05f7c68866a4b9981d661b83f7c582db0b838856_wiki_monitoring"}
{"timestamp":"2025-06-24T08:23:53.352066","level":"info","event":"----------------Processing messages: <cimpl.Message object at 0x7a274d64ff40>------------","logger":"unusual_prefix_05f7c68866a4b9981d661b83f7c582db0b838856_wiki_monitoring"}
{"timestamp":"2025-06-24T08:23:53.352210","level":"info","event":"-----------edit: {'title': 'Seattle City Council', 'user': 'Bpuddin', 'is_bot': False, 'server_name': 'en.wikipedia.org', 'timestamp': 1750749199}-------------","logger":"unusual_prefix_05f7c68866a4b9981d661b83f7c582db0b838856_wiki_monitoring"}
{"timestamp":"2025-06-24T08:23:53.354362","level":"info","event":"----------------Processing messages: <cimpl.Message object at 0x7a274d690cc0>------------","logger":"unusual_prefix_05f7c68866a4b9981d661b83f7c582db0b838856_wiki_monitoring"}
{"timestamp":"2025-06-24T08:23:53.354463","level":"info","event":"-----------edit: {'title': 'File:Duluth flag near Portland Square Park 3.jpg', 'user': 'SchlurcherBot', 'is_bot': True, 'server_name': 'commons.wikimedia.org', 'timestamp': 1750749201}-------------","logger":"unusual_prefix_05f7c68866a4b9981d661b83f7c582db0b838856_wiki_monitoring"}
{"timestamp":"2025-06-24T08:23:53.356430","level":"info","event":"----------------Processing messages: <cimpl.Message object at 0x7a274d690640>------------","logger":"unusual_prefix_05f7c68866a4b9981d661b83f7c582db0b838856_wiki_monitoring"}
{"timestamp":"2025-06-24T08:23:53.356526","level":"info","event":"-----------edit: {'title': 'Jrue Holiday', 'user': 'Jeantapir', 'is_bot': False, 'server_name': 'fr.wikipedia.org', 'timestamp': 1750749199}-------------","logger":"unusual_prefix_05f7c68866a4b9981d661b83f7c582db0b838856_wiki_monitoring"}
{"timestamp":"2025-06-24T08:23:53.358685","level":"info","event":"----------------Processing messages: <cimpl.Message object at 0x7a274d690340>------------","logger":"unusual_prefix_05f7c68866a4b9981d661b83f7c582db0b838856_wiki_monitoring"}
{"timestamp":"2025-06-24T08:23:53.358800","level":"info","event":"-----------edit: {'title': 'Elisabeth von Dänemark, Norwegen und Schweden', 'user': 'Max-78', 'is_bot': False, 'server_name': 'de.wikipedia.org', 'timestamp': 1750749201}-------------","logger":"unusual_prefix_05f7c68866a4b9981d661b83f7c582db0b838856_wiki_monitoring"}
{"timestamp":"2025-06-24T08:23:53.361188","level":"info","event":"----------------Processing messages: <cimpl.Message object at 0x7a274d690540>------------","logger":"unusual_prefix_05f7c68866a4b9981d661b83f7c582db0b838856_wiki_monitoring"}
{"timestamp":"2025-06-24T08:23:53.361307","level":"info","event":"-----------edit: {'title': 'Page:སྙན་བརྒྱུད་ཁྲིད་ཆེན་བཅུ་གསུམ་གྱི་སྐོར། པོད་དགུ་བ།.pdf/493', 'user': 'Ganga4364', 'is_bot': False, 'server_name': 'wikisource.org', 'timestamp': 1750749201}-------------","logger":"unusual_prefix_05f7c68866a4b9981d661b83f7c582db0b838856_wiki_monitoring"}
{"timestamp":"2025-06-24T08:23:53.363391","level":"info","event":"----------------Processing messages: <cimpl.Message object at 0x7a274d6901c0>------------","logger":"unusual_prefix_05f7c68866a4b9981d661b83f7c582db0b838856_wiki_monitoring"}
{"timestamp":"2025-06-24T08:23:53.363489","level":"info","event":"-----------edit: {'title': 'File:Photographs taken with a new Nikon F2 camera in Bangor (1516402).jpg', 'user': 'SchlurcherBot', 'is_bot': True, 'server_name': 'commons.wikimedia.org', 'timestamp': 1750749200}-------------","logger":"unusual_prefix_05f7c68866a4b9981d661b83f7c582db0b838856_wiki_monitoring"}
{"timestamp":"2025-06-24T08:23:53.365651","level":"info","event":"----------------Processing messages: <cimpl.Message object at 0x7a274d690fc0>------------","logger":"unusual_prefix_05f7c68866a4b9981d661b83f7c582db0b838856_wiki_monitoring"}
{"timestamp":"2025-06-24T08:23:53.365742","level":"info","event":"-----------edit: {'title': 'Q21244841', 'user': 'Kbseah', 'is_bot': False, 'server_name': 'www.wikidata.org', 'timestamp': 1750749201}-------------","logger":"unusual_prefix_05f7c68866a4b9981d661b83f7c582db0b838856_wiki_monitoring"}
{"timestamp":"2025-06-24T08:23:53.367921","level":"info","event":"----------------Processing messages: <cimpl.Message object at 0x7a274d691140>------------","logger":"unusual_prefix_05f7c68866a4b9981d661b83f7c582db0b838856_wiki_monitoring"}
{"timestamp":"2025-06-24T08:23:53.368016","level":"info","event":"-----------edit: {'title': 'Nam Dương', 'user': 'Lou.v1012', 'is_bot': False, 'server_name': 'vi.wikipedia.org', 'timestamp': 1750749202}-------------","logger":"unusual_prefix_05f7c68866a4b9981d661b83f7c582db0b838856_wiki_monitoring"}
{"timestamp":"2025-06-24T08:23:53.370301","level":"info","event":"----------------Processing messages: <cimpl.Message object at 0x7a274d691540>------------","logger":"unusual_prefix_05f7c68866a4b9981d661b83f7c582db0b838856_wiki_monitoring"}
{"timestamp":"2025-06-24T08:23:53.370406","level":"info","event":"-----------edit: {'title': 'File:FêteMusiqueGenève2025-074.jpg', 'user': 'MHM55', 'is_bot': False, 'server_name': 'commons.wikimedia.org', 'timestamp': 1750749201}-------------","logger":"unusual_prefix_05f7c68866a4b9981d661b83f7c582db0b838856_wiki_monitoring"}
{"timestamp":"2025-06-24T08:23:53.372697","level":"info","event":"----------------Processing messages: <cimpl.Message object at 0x7a274d6917c0>------------","logger":"unusual_prefix_05f7c68866a4b9981d661b83f7c582db0b838856_wiki_monitoring"}
{"timestamp":"2025-06-24T08:23:53.372789","level":"info","event":"-----------edit: {'title': 'Q65554605', 'user': 'Florentyna', 'is_bot': False, 'server_name': 'www.wikidata.org', 'timestamp': 1750749202}-------------","logger":"unusual_prefix_05f7c68866a4b9981d661b83f7c582db0b838856_wiki_monitoring"}
{"timestamp":"2025-06-24T08:23:53.375627","level":"info","event":"----------------Processing messages: <cimpl.Message object at 0x7a274d691540>------------","logger":"unusual_prefix_05f7c68866a4b9981d661b83f7c582db0b838856_wiki_monitoring"}
{"timestamp":"2025-06-24T08:23:53.375739","level":"info","event":"-----------edit: {'title': 'Nam Dương', 'user': 'Lou.v1012', 'is_bot': False, 'server_name': 'vi.wikipedia.org', 'timestamp': 1750749200}-------------","logger":"unusual_prefix_05f7c68866a4b9981d661b83f7c582db0b838856_wiki_monitoring"}
{"timestamp":"2025-06-24T08:23:53.378164","level":"info","event":"----------------Processing messages: <cimpl.Message object at 0x7a274d691a40>------------","logger":"unusual_prefix_05f7c68866a4b9981d661b83f7c582db0b838856_wiki_monitoring"}
{"timestamp":"2025-06-24T08:23:53.378275","level":"info","event":"-----------edit: {'title': 'Patriots.eu', 'user': 'Julius Schwarz', 'is_bot': False, 'server_name': 'en.wikipedia.org', 'timestamp': 1750749196}-------------","logger":"unusual_prefix_05f7c68866a4b9981d661b83f7c582db0b838856_wiki_monitoring"}
{"timestamp":"2025-06-24T08:23:53.380862","level":"info","event":"----------------Processing messages: <cimpl.Message object at 0x7a274d64ff40>------------","logger":"unusual_prefix_05f7c68866a4b9981d661b83f7c582db0b838856_wiki_monitoring"}
{"timestamp":"2025-06-24T08:23:53.380985","level":"info","event":"-----------edit: {'title': 'File:OJ C 42 of 2018 - BG Bulgarian.pdf', 'user': 'EUResourcesBot', 'is_bot': True, 'server_name': 'commons.wikimedia.org', 'timestamp': 1750749200}-------------","logger":"unusual_prefix_05f7c68866a4b9981d661b83f7c582db0b838856_wiki_monitoring"}
{"timestamp":"2025-06-24T08:23:53.383543","level":"info","event":"----------------Processing messages: <cimpl.Message object at 0x7a274d64f040>------------","logger":"unusual_prefix_05f7c68866a4b9981d661b83f7c582db0b838856_wiki_monitoring"}
{"timestamp":"2025-06-24T08:23:53.383676","level":"info","event":"-----------edit: {'title': 'หมวดหมู่:ศัพท์ภาษาอังกฤษที่เติมปัจจัย -er (agent noun)', 'user': 'Octahedron80', 'is_bot': False, 'server_name': 'th.wiktionary.org', 'timestamp': 1750749200}-------------","logger":"unusual_prefix_05f7c68866a4b9981d661b83f7c582db0b838856_wiki_monitoring"}
{"timestamp":"2025-06-24T08:23:53.386421","level":"info","event":"----------------Processing messages: <cimpl.Message object at 0x7a274d690dc0>------------","logger":"unusual_prefix_05f7c68866a4b9981d661b83f7c582db0b838856_wiki_monitoring"}
{"timestamp":"2025-06-24T08:23:53.386535","level":"info","event":"-----------edit: {'title': 'หมวดหมู่:คำหลักภาษาอังกฤษ', 'user': 'Octahedron80', 'is_bot': False, 'server_name': 'th.wiktionary.org', 'timestamp': 1750749200}-------------","logger":"unusual_prefix_05f7c68866a4b9981d661b83f7c582db0b838856_wiki_monitoring"}
{"timestamp":"2025-06-24T08:23:53.388876","level":"info","event":"----------------Processing messages: <cimpl.Message object at 0x7a274d6916c0>------------","logger":"unusual_prefix_05f7c68866a4b9981d661b83f7c582db0b838856_wiki_monitoring"}
{"timestamp":"2025-06-24T08:23:53.388995","level":"info","event":"-----------edit: {'title': 'Category:Files from Gallica', 'user': 'Gzen92Bot', 'is_bot': True, 'server_name': 'commons.wikimedia.org', 'timestamp': 1750749199}-------------","logger":"unusual_prefix_05f7c68866a4b9981d661b83f7c582db0b838856_wiki_monitoring"}
{"timestamp":"2025-06-24T08:23:53.391548","level":"info","event":"----------------Processing messages: <cimpl.Message object at 0x7a274d6912c0>------------","logger":"unusual_prefix_05f7c68866a4b9981d661b83f7c582db0b838856_wiki_monitoring"}
{"timestamp":"2025-06-24T08:23:53.391652","level":"info","event":"-----------edit: {'title': 'icecap', 'user': 'WingerBot', 'is_bot': True, 'server_name': 'en.wiktionary.org', 'timestamp': 1750749201}-------------","logger":"unusual_prefix_05f7c68866a4b9981d661b83f7c582db0b838856_wiki_monitoring"}
{"timestamp":"2025-06-24T08:23:53.393942","level":"info","event":"----------------Processing messages: <cimpl.Message object at 0x7a274d690540>------------","logger":"unusual_prefix_05f7c68866a4b9981d661b83f7c582db0b838856_wiki_monitoring"}
{"timestamp":"2025-06-24T08:23:53.394048","level":"info","event":"-----------edit: {'title': 'Category:Artworks without Wikidata item', 'user': 'Gzen92Bot', 'is_bot': True, 'server_name': 'commons.wikimedia.org', 'timestamp': 1750749199}-------------","logger":"unusual_prefix_05f7c68866a4b9981d661b83f7c582db0b838856_wiki_monitoring"}
{"timestamp":"2025-06-24T08:23:53.396255","level":"info","event":"----------------Processing messages: <cimpl.Message object at 0x7a274d6911c0>------------","logger":"unusual_prefix_05f7c68866a4b9981d661b83f7c582db0b838856_wiki_monitoring"}
{"timestamp":"2025-06-24T08:23:53.396356","level":"info","event":"-----------edit: {'title': 'Canyelles', 'user': 'InternetArchiveBot', 'is_bot': True, 'server_name': 'gl.wikipedia.org', 'timestamp': 1750749199}-------------","logger":"unusual_prefix_05f7c68866a4b9981d661b83f7c582db0b838856_wiki_monitoring"}
{"timestamp":"2025-06-24T08:23:53.398393","level":"info","event":"----------------Processing messages: <cimpl.Message object at 0x7a274d691440>------------","logger":"unusual_prefix_05f7c68866a4b9981d661b83f7c582db0b838856_wiki_monitoring"}
{"timestamp":"2025-06-24T08:23:53.398490","level":"info","event":"-----------edit: {'title': 'หมวดหมู่:คำนามภาษาอังกฤษ', 'user': 'Octahedron80', 'is_bot': False, 'server_name': 'th.wiktionary.org', 'timestamp': 1750749200}-------------","logger":"unusual_prefix_05f7c68866a4b9981d661b83f7c582db0b838856_wiki_monitoring"}
{"timestamp":"2025-06-24T08:23:53.400566","level":"info","event":"----------------Processing messages: <cimpl.Message object at 0x7a274d6900c0>------------","logger":"unusual_prefix_05f7c68866a4b9981d661b83f7c582db0b838856_wiki_monitoring"}
{"timestamp":"2025-06-24T08:23:53.400662","level":"info","event":"-----------edit: {'title': 'Category:PD France', 'user': 'Gzen92Bot', 'is_bot': True, 'server_name': 'commons.wikimedia.org', 'timestamp': 1750749199}-------------","logger":"unusual_prefix_05f7c68866a4b9981d661b83f7c582db0b838856_wiki_monitoring"}
{"timestamp":"2025-06-24T08:23:53.402574","level":"info","event":"----------------Processing messages: <cimpl.Message object at 0x7a274d6904c0>------------","logger":"unusual_prefix_05f7c68866a4b9981d661b83f7c582db0b838856_wiki_monitoring"}
{"timestamp":"2025-06-24T08:23:53.402669","level":"info","event":"-----------edit: {'title': 'Q65927497', 'user': 'Florentyna', 'is_bot': False, 'server_name': 'www.wikidata.org', 'timestamp': 1750749202}-------------","logger":"unusual_prefix_05f7c68866a4b9981d661b83f7c582db0b838856_wiki_monitoring"}
{"timestamp":"2025-06-24T08:23:53.404757","level":"info","event":"----------------Processing messages: <cimpl.Message object at 0x7a274d690b40>------------","logger":"unusual_prefix_05f7c68866a4b9981d661b83f7c582db0b838856_wiki_monitoring"}
{"timestamp":"2025-06-24T08:23:53.404855","level":"info","event":"-----------edit: {'title': 'Category:PD-old missing SDC copyright status', 'user': 'Gzen92Bot', 'is_bot': True, 'server_name': 'commons.wikimedia.org', 'timestamp': 1750749199}-------------","logger":"unusual_prefix_05f7c68866a4b9981d661b83f7c582db0b838856_wiki_monitoring"}
{"timestamp":"2025-06-24T08:23:53.406900","level":"info","event":"----------------Processing messages: <cimpl.Message object at 0x7a274d6906c0>------------","logger":"unusual_prefix_05f7c68866a4b9981d661b83f7c582db0b838856_wiki_monitoring"}
{"timestamp":"2025-06-24T08:23:53.407004","level":"info","event":"-----------edit: {'title': 'หมวดหมู่:คำนามนับได้ภาษาอังกฤษ', 'user': 'Octahedron80', 'is_bot': False, 'server_name': 'th.wiktionary.org', 'timestamp': 1750749200}-------------","logger":"unusual_prefix_05f7c68866a4b9981d661b83f7c582db0b838856_wiki_monitoring"}
{"timestamp":"2025-06-24T08:23:53.408947","level":"info","event":"----------------Processing messages: <cimpl.Message object at 0x7a274d690a40>------------","logger":"unusual_prefix_05f7c68866a4b9981d661b83f7c582db0b838856_wiki_monitoring"}
{"timestamp":"2025-06-24T08:23:53.409040","level":"info","event":"-----------edit: {'title': 'Category:CC-PD-Mark', 'user': 'Gzen92Bot', 'is_bot': True, 'server_name': 'commons.wikimedia.org', 'timestamp': 1750749199}-------------","logger":"unusual_prefix_05f7c68866a4b9981d661b83f7c582db0b838856_wiki_monitoring"}
{"timestamp":"2025-06-24T08:23:53.410996","level":"info","event":"----------------Processing messages: <cimpl.Message object at 0x7a274d64f040>------------","logger":"unusual_prefix_05f7c68866a4b9981d661b83f7c582db0b838856_wiki_monitoring"}
{"timestamp":"2025-06-24T08:23:53.411089","level":"info","event":"-----------edit: {'title': 'หมวดหมู่:หน้าที่มีรายการ', 'user': 'Octahedron80', 'is_bot': False, 'server_name': 'th.wiktionary.org', 'timestamp': 1750749200}-------------","logger":"unusual_prefix_05f7c68866a4b9981d661b83f7c582db0b838856_wiki_monitoring"}
{"timestamp":"2025-06-24T08:23:53.413190","level":"info","event":"----------------Processing messages: <cimpl.Message object at 0x7a274d64f8c0>------------","logger":"unusual_prefix_05f7c68866a4b9981d661b83f7c582db0b838856_wiki_monitoring"}
{"timestamp":"2025-06-24T08:23:53.413282","level":"info","event":"-----------edit: {'title': 'Category:PD-old-100-expired', 'user': 'Gzen92Bot', 'is_bot': True, 'server_name': 'commons.wikimedia.org', 'timestamp': 1750749199}-------------","logger":"unusual_prefix_05f7c68866a4b9981d661b83f7c582db0b838856_wiki_monitoring"}
{"timestamp":"2025-06-24T08:23:53.415647","level":"info","event":"----------------Processing messages: <cimpl.Message object at 0x7a274d690a40>------------","logger":"unusual_prefix_05f7c68866a4b9981d661b83f7c582db0b838856_wiki_monitoring"}
{"timestamp":"2025-06-24T08:23:53.415959","level":"info","event":"-----------edit: {'title': 'Projet:Jeu vidéo/Fichiers récents', 'user': 'OrlodrimBot', 'is_bot': True, 'server_name': 'fr.wikipedia.org', 'timestamp': 1750749201}-------------","logger":"unusual_prefix_05f7c68866a4b9981d661b83f7c582db0b838856_wiki_monitoring"}
{"timestamp":"2025-06-24T08:23:53.420010","level":"info","event":"----------------Processing messages: <cimpl.Message object at 0x7a274d6904c0>------------","logger":"unusual_prefix_05f7c68866a4b9981d661b83f7c582db0b838856_wiki_monitoring"}
{"timestamp":"2025-06-24T08:23:53.420167","level":"info","event":"-----------edit: {'title': 'גלי בהרב-מיארה', 'user': 'Gabi S.', 'is_bot': False, 'server_name': 'he.wikipedia.org', 'timestamp': 1750749199}-------------","logger":"unusual_prefix_05f7c68866a4b9981d661b83f7c582db0b838856_wiki_monitoring"}
{"timestamp":"2025-06-24T08:23:53.422315","level":"info","event":"----------------Processing messages: <cimpl.Message object at 0x7a274d690c40>------------","logger":"unusual_prefix_05f7c68866a4b9981d661b83f7c582db0b838856_wiki_monitoring"}
{"timestamp":"2025-06-24T08:23:53.422412","level":"info","event":"-----------edit: {'title': 'User:Dr. Firoz Mahmood Iqbal/sandbox', 'user': 'Dr. Firoz Mahmood Iqbal', 'is_bot': False, 'server_name': 'en.wikipedia.org', 'timestamp': 1750749201}-------------","logger":"unusual_prefix_05f7c68866a4b9981d661b83f7c582db0b838856_wiki_monitoring"}
{"timestamp":"2025-06-24T08:23:53.424491","level":"info","event":"----------------Processing messages: <cimpl.Message object at 0x7a274d690140>------------","logger":"unusual_prefix_05f7c68866a4b9981d661b83f7c582db0b838856_wiki_monitoring"}
{"timestamp":"2025-06-24T08:23:53.424589","level":"info","event":"-----------edit: {'title': 'หมวดหมู่:หน้าที่มี 1 รายการ', 'user': 'Octahedron80', 'is_bot': False, 'server_name': 'th.wiktionary.org', 'timestamp': 1750749200}-------------","logger":"unusual_prefix_05f7c68866a4b9981d661b83f7c582db0b838856_wiki_monitoring"}
{"timestamp":"2025-06-24T08:23:53.426750","level":"info","event":"----------------Processing messages: <cimpl.Message object at 0x7a274d690640>------------","logger":"unusual_prefix_05f7c68866a4b9981d661b83f7c582db0b838856_wiki_monitoring"}
{"timestamp":"2025-06-24T08:23:53.426852","level":"info","event":"-----------edit: {'title': 'Q132087086', 'user': 'Ehrlich91', 'is_bot': False, 'server_name': 'www.wikidata.org', 'timestamp': 1750749202}-------------","logger":"unusual_prefix_05f7c68866a4b9981d661b83f7c582db0b838856_wiki_monitoring"}
{"timestamp":"2025-06-24T08:23:53.428912","level":"info","event":"----------------Processing messages: <cimpl.Message object at 0x7a274d6902c0>------------","logger":"unusual_prefix_05f7c68866a4b9981d661b83f7c582db0b838856_wiki_monitoring"}
{"timestamp":"2025-06-24T08:23:53.429010","level":"info","event":"-----------edit: {'title': 'Category:PD US expired', 'user': 'Gzen92Bot', 'is_bot': True, 'server_name': 'commons.wikimedia.org', 'timestamp': 1750749199}-------------","logger":"unusual_prefix_05f7c68866a4b9981d661b83f7c582db0b838856_wiki_monitoring"}
{"timestamp":"2025-06-24T08:23:53.431252","level":"info","event":"----------------Processing messages: <cimpl.Message object at 0x7a274d690d40>------------","logger":"unusual_prefix_05f7c68866a4b9981d661b83f7c582db0b838856_wiki_monitoring"}
{"timestamp":"2025-06-24T08:23:53.431360","level":"info","event":"-----------edit: {'title': 'Category:PD-US missing SDC copyright status', 'user': 'Gzen92Bot', 'is_bot': True, 'server_name': 'commons.wikimedia.org', 'timestamp': 1750749199}-------------","logger":"unusual_prefix_05f7c68866a4b9981d661b83f7c582db0b838856_wiki_monitoring"}
{"timestamp":"2025-06-24T08:23:53.434242","level":"info","event":"----------------Processing messages: <cimpl.Message object at 0x7a274d691340>------------","logger":"unusual_prefix_05f7c68866a4b9981d661b83f7c582db0b838856_wiki_monitoring"}
{"timestamp":"2025-06-24T08:23:53.434369","level":"info","event":"-----------edit: {'title': 'Category:Sheet music from Gallica (Bibliothèque nationale de France) uploaded by Gzen92Bot', 'user': 'Gzen92Bot', 'is_bot': True, 'server_name': 'commons.wikimedia.org', 'timestamp': 1750749199}-------------","logger":"unusual_prefix_05f7c68866a4b9981d661b83f7c582db0b838856_wiki_monitoring"}
{"timestamp":"2025-06-24T08:23:53.436704","level":"info","event":"----------------Processing messages: <cimpl.Message object at 0x7a274d690fc0>------------","logger":"unusual_prefix_05f7c68866a4b9981d661b83f7c582db0b838856_wiki_monitoring"}
{"timestamp":"2025-06-24T08:23:53.436807","level":"info","event":"-----------edit: {'title': 'Category:Ballo Faust par Mr Pierot - sic ! - Violon répétiteur - btv1b10876497g', 'user': 'Gzen92Bot', 'is_bot': True, 'server_name': 'commons.wikimedia.org', 'timestamp': 1750749199}-------------","logger":"unusual_prefix_05f7c68866a4b9981d661b83f7c582db0b838856_wiki_monitoring"}
{"timestamp":"2025-06-24T08:23:53.439081","level":"info","event":"----------------Processing messages: <cimpl.Message object at 0x7a274d691940>------------","logger":"unusual_prefix_05f7c68866a4b9981d661b83f7c582db0b838856_wiki_monitoring"}
{"timestamp":"2025-06-24T08:23:53.439182","level":"info","event":"-----------edit: {'title': 'File:FêteMusiqueGenève2025-074.jpg', 'user': 'MHM55', 'is_bot': False, 'server_name': 'commons.wikimedia.org', 'timestamp': 1750749202}-------------","logger":"unusual_prefix_05f7c68866a4b9981d661b83f7c582db0b838856_wiki_monitoring"}
{"timestamp":"2025-06-24T08:23:53.441471","level":"info","event":"----------------Processing messages: <cimpl.Message object at 0x7a274d691b40>------------","logger":"unusual_prefix_05f7c68866a4b9981d661b83f7c582db0b838856_wiki_monitoring"}
{"timestamp":"2025-06-24T08:23:53.441568","level":"info","event":"-----------edit: {'title': 'נמל התעופה טוראיף', 'user': 'Omri.kotok', 'is_bot': False, 'server_name': 'he.wikipedia.org', 'timestamp': 1750749201}-------------","logger":"unusual_prefix_05f7c68866a4b9981d661b83f7c582db0b838856_wiki_monitoring"}
{"timestamp":"2025-06-24T08:23:53.444781","level":"info","event":"----------------Processing messages: <cimpl.Message object at 0x7a274d64fc40>------------","logger":"unusual_prefix_05f7c68866a4b9981d661b83f7c582db0b838856_wiki_monitoring"}
{"timestamp":"2025-06-24T08:23:53.444892","level":"info","event":"-----------edit: {'title': 'Q54146028', 'user': 'EditorFX', 'is_bot': False, 'server_name': 'www.wikidata.org', 'timestamp': 1750749203}-------------","logger":"unusual_prefix_05f7c68866a4b9981d661b83f7c582db0b838856_wiki_monitoring"}
{"timestamp":"2025-06-24T08:23:53.447248","level":"info","event":"----------------Processing messages: <cimpl.Message object at 0x7a274d64fbc0>------------","logger":"unusual_prefix_05f7c68866a4b9981d661b83f7c582db0b838856_wiki_monitoring"}
{"timestamp":"2025-06-24T08:23:53.447353","level":"info","event":"-----------edit: {'title': 'Catégorie:Unité militaire française des guerres de la Révolution française', 'user': 'Jihaim', 'is_bot': False, 'server_name': 'fr.wikipedia.org', 'timestamp': 1750749194}-------------","logger":"unusual_prefix_05f7c68866a4b9981d661b83f7c582db0b838856_wiki_monitoring"}
{"timestamp":"2025-06-24T08:23:53.449470","level":"info","event":"----------------Processing messages: <cimpl.Message object at 0x7a274d691940>------------","logger":"unusual_prefix_05f7c68866a4b9981d661b83f7c582db0b838856_wiki_monitoring"}
{"timestamp":"2025-06-24T08:23:53.449563","level":"info","event":"-----------edit: {'title': 'Catégorie:Unité militaire française de la Seconde Guerre mondiale', 'user': 'Jihaim', 'is_bot': False, 'server_name': 'fr.wikipedia.org', 'timestamp': 1750749194}-------------","logger":"unusual_prefix_05f7c68866a4b9981d661b83f7c582db0b838856_wiki_monitoring"}
{"timestamp":"2025-06-24T08:23:53.451682","level":"info","event":"----------------Processing messages: <cimpl.Message object at 0x7a274d6906c0>------------","logger":"unusual_prefix_05f7c68866a4b9981d661b83f7c582db0b838856_wiki_monitoring"}
{"timestamp":"2025-06-24T08:23:53.451787","level":"info","event":"-----------edit: {'title': 'تصنيف:أماكن كانت مأهولة في السعودية', 'user': 'Mr.Ibrahembot', 'is_bot': True, 'server_name': 'ar.wikipedia.org', 'timestamp': 1750749197}-------------","logger":"unusual_prefix_05f7c68866a4b9981d661b83f7c582db0b838856_wiki_monitoring"}
{"timestamp":"2025-06-24T08:23:53.454606","level":"info","event":"----------------Processing messages: <cimpl.Message object at 0x7a274d6915c0>------------","logger":"unusual_prefix_05f7c68866a4b9981d661b83f7c582db0b838856_wiki_monitoring"}
{"timestamp":"2025-06-24T08:23:53.454714","level":"info","event":"-----------edit: {'title': 'Category:Creative Commons Attribution-Share Alike missing SDC copyright status', 'user': 'MHM55', 'is_bot': False, 'server_name': 'commons.wikimedia.org', 'timestamp': 1750749201}-------------","logger":"unusual_prefix_05f7c68866a4b9981d661b83f7c582db0b838856_wiki_monitoring"}
{"timestamp":"2025-06-24T08:23:53.460944","level":"info","event":"----------------Processing messages: <cimpl.Message object at 0x7a274d6902c0>------------","logger":"unusual_prefix_05f7c68866a4b9981d661b83f7c582db0b838856_wiki_monitoring"}
{"timestamp":"2025-06-24T08:23:53.461094","level":"info","event":"-----------edit: {'title': 'Annika Åhnberg', 'user': 'Kitayama', 'is_bot': False, 'server_name': 'sv.wikipedia.org', 'timestamp': 1750749202}-------------","logger":"unusual_prefix_05f7c68866a4b9981d661b83f7c582db0b838856_wiki_monitoring"}
{"timestamp":"2025-06-24T08:23:53.464094","level":"info","event":"----------------Processing messages: <cimpl.Message object at 0x7a274d691240>------------","logger":"unusual_prefix_05f7c68866a4b9981d661b83f7c582db0b838856_wiki_monitoring"}
{"timestamp":"2025-06-24T08:23:53.464240","level":"info","event":"-----------edit: {'title': 'Category:CC-BY-SA-4.0', 'user': 'MHM55', 'is_bot': False, 'server_name': 'commons.wikimedia.org', 'timestamp': 1750749201}-------------","logger":"unusual_prefix_05f7c68866a4b9981d661b83f7c582db0b838856_wiki_monitoring"}
{"timestamp":"2025-06-24T08:23:53.470864","level":"info","event":"----------------Processing messages: <cimpl.Message object at 0x7a274d6910c0>------------","logger":"unusual_prefix_05f7c68866a4b9981d661b83f7c582db0b838856_wiki_monitoring"}
{"timestamp":"2025-06-24T08:23:53.471546","level":"info","event":"-----------edit: {'title': 'تصنيف:صفحات تستخدم امتداد JsonConfig', 'user': 'Mr.Ibrahembot', 'is_bot': True, 'server_name': 'ar.wikipedia.org', 'timestamp': 1750749197}-------------","logger":"unusual_prefix_05f7c68866a4b9981d661b83f7c582db0b838856_wiki_monitoring"}
{"timestamp":"2025-06-24T08:23:53.475347","level":"info","event":"----------------Processing messages: <cimpl.Message object at 0x7a274d6901c0>------------","logger":"unusual_prefix_05f7c68866a4b9981d661b83f7c582db0b838856_wiki_monitoring"}
{"timestamp":"2025-06-24T08:23:53.475475","level":"info","event":"-----------edit: {'title': 'Category:Creative Commons Attribution-Share Alike 4.0 missing SDC copyright license', 'user': 'MHM55', 'is_bot': False, 'server_name': 'commons.wikimedia.org', 'timestamp': 1750749201}-------------","logger":"unusual_prefix_05f7c68866a4b9981d661b83f7c582db0b838856_wiki_monitoring"}
{"timestamp":"2025-06-24T08:23:53.477861","level":"info","event":"----------------Processing messages: <cimpl.Message object at 0x7a274d6904c0>------------","logger":"unusual_prefix_05f7c68866a4b9981d661b83f7c582db0b838856_wiki_monitoring"}
{"timestamp":"2025-06-24T08:23:53.477965","level":"info","event":"-----------edit: {'title': 'William Penny Brookes', 'user': 'Cloptonson', 'is_bot': False, 'server_name': 'en.wikipedia.org', 'timestamp': 1750749201}-------------","logger":"unusual_prefix_05f7c68866a4b9981d661b83f7c582db0b838856_wiki_monitoring"}
{"timestamp":"2025-06-24T08:23:53.480363","level":"info","event":"----------------Processing messages: <cimpl.Message object at 0x7a274d690340>------------","logger":"unusual_prefix_05f7c68866a4b9981d661b83f7c582db0b838856_wiki_monitoring"}
{"timestamp":"2025-06-24T08:23:53.480478","level":"info","event":"-----------edit: {'title': 'Category:Self-published work', 'user': 'MHM55', 'is_bot': False, 'server_name': 'commons.wikimedia.org', 'timestamp': 1750749201}-------------","logger":"unusual_prefix_05f7c68866a4b9981d661b83f7c582db0b838856_wiki_monitoring"}
{"timestamp":"2025-06-24T08:23:53.482708","level":"info","event":"----------------Processing messages: <cimpl.Message object at 0x7a274d690cc0>------------","logger":"unusual_prefix_05f7c68866a4b9981d661b83f7c582db0b838856_wiki_monitoring"}
{"timestamp":"2025-06-24T08:23:53.482816","level":"info","event":"-----------edit: {'title': 'File:OJ C 42 of 2018 - BG Bulgarian.pdf', 'user': 'EUResourcesBot', 'is_bot': True, 'server_name': 'commons.wikimedia.org', 'timestamp': 1750749202}-------------","logger":"unusual_prefix_05f7c68866a4b9981d661b83f7c582db0b838856_wiki_monitoring"}
{"timestamp":"2025-06-24T08:23:53.485122","level":"info","event":"----------------Processing messages: <cimpl.Message object at 0x7a274d690840>------------","logger":"unusual_prefix_05f7c68866a4b9981d661b83f7c582db0b838856_wiki_monitoring"}
{"timestamp":"2025-06-24T08:23:53.485225","level":"info","event":"-----------edit: {'title': 'File:Amanita pantherina collection 2.jpg', 'user': 'TyranCometh', 'is_bot': False, 'server_name': 'commons.wikimedia.org', 'timestamp': 1750749202}-------------","logger":"unusual_prefix_05f7c68866a4b9981d661b83f7c582db0b838856_wiki_monitoring"}
{"timestamp":"2025-06-24T08:23:53.487805","level":"info","event":"----------------Processing messages: <cimpl.Message object at 0x7a274d64efc0>------------","logger":"unusual_prefix_05f7c68866a4b9981d661b83f7c582db0b838856_wiki_monitoring"}
{"timestamp":"2025-06-24T08:23:53.487933","level":"info","event":"-----------edit: {'title': 'Category:Self-published work missing SDC copyright license', 'user': 'MHM55', 'is_bot': False, 'server_name': 'commons.wikimedia.org', 'timestamp': 1750749201}-------------","logger":"unusual_prefix_05f7c68866a4b9981d661b83f7c582db0b838856_wiki_monitoring"}
{"timestamp":"2025-06-24T08:23:53.490156","level":"info","event":"----------------Processing messages: <cimpl.Message object at 0x7a274d64f540>------------","logger":"unusual_prefix_05f7c68866a4b9981d661b83f7c582db0b838856_wiki_monitoring"}
{"timestamp":"2025-06-24T08:23:53.490260","level":"info","event":"-----------edit: {'title': 'Q54146028', 'user': 'EditorFX', 'is_bot': False, 'server_name': 'www.wikidata.org', 'timestamp': 1750749202}-------------","logger":"unusual_prefix_05f7c68866a4b9981d661b83f7c582db0b838856_wiki_monitoring"}
{"timestamp":"2025-06-24T08:23:53.492665","level":"info","event":"----------------Processing messages: <cimpl.Message object at 0x7a274d691640>------------","logger":"unusual_prefix_05f7c68866a4b9981d661b83f7c582db0b838856_wiki_monitoring"}
{"timestamp":"2025-06-24T08:23:53.492782","level":"info","event":"-----------edit: {'title': 'Category:Fête de la musique 2025 à Genève', 'user': 'MHM55', 'is_bot': False, 'server_name': 'commons.wikimedia.org', 'timestamp': 1750749201}-------------","logger":"unusual_prefix_05f7c68866a4b9981d661b83f7c582db0b838856_wiki_monitoring"}
{"timestamp":"2025-06-24T08:23:53.495047","level":"info","event":"----------------Processing messages: <cimpl.Message object at 0x7a274d690b40>------------","logger":"unusual_prefix_05f7c68866a4b9981d661b83f7c582db0b838856_wiki_monitoring"}
{"timestamp":"2025-06-24T08:23:53.495148","level":"info","event":"-----------edit: {'title': 'Category:Promenade du Pin (Geneva)', 'user': 'MHM55', 'is_bot': False, 'server_name': 'commons.wikimedia.org', 'timestamp': 1750749201}-------------","logger":"unusual_prefix_05f7c68866a4b9981d661b83f7c582db0b838856_wiki_monitoring"}
{"timestamp":"2025-06-24T08:23:53.497383","level":"info","event":"----------------Processing messages: <cimpl.Message object at 0x7a274d690bc0>------------","logger":"unusual_prefix_05f7c68866a4b9981d661b83f7c582db0b838856_wiki_monitoring"}
{"timestamp":"2025-06-24T08:23:53.497527","level":"info","event":"-----------edit: {'title': 'Q3726007', 'user': 'Danielyepezgarces', 'is_bot': False, 'server_name': 'www.wikidata.org', 'timestamp': 1750749202}-------------","logger":"unusual_prefix_05f7c68866a4b9981d661b83f7c582db0b838856_wiki_monitoring"}
{"timestamp":"2025-06-24T08:23:53.499750","level":"info","event":"----------------Processing messages: <cimpl.Message object at 0x7a274d6908c0>------------","logger":"unusual_prefix_05f7c68866a4b9981d661b83f7c582db0b838856_wiki_monitoring"}
{"timestamp":"2025-06-24T08:23:53.499847","level":"info","event":"-----------edit: {'title': 'Category:Files with broken file links', 'user': 'EUResourcesBot', 'is_bot': True, 'server_name': 'commons.wikimedia.org', 'timestamp': 1750749200}-------------","logger":"unusual_prefix_05f7c68866a4b9981d661b83f7c582db0b838856_wiki_monitoring"}
{"timestamp":"2025-06-24T08:23:53.501893","level":"info","event":"----------------Processing messages: <cimpl.Message object at 0x7a274d6901c0>------------","logger":"unusual_prefix_05f7c68866a4b9981d661b83f7c582db0b838856_wiki_monitoring"}
{"timestamp":"2025-06-24T08:23:53.502018","level":"info","event":"-----------edit: {'title': 'Category:2018 texts', 'user': 'EUResourcesBot', 'is_bot': True, 'server_name': 'commons.wikimedia.org', 'timestamp': 1750749200}-------------","logger":"unusual_prefix_05f7c68866a4b9981d661b83f7c582db0b838856_wiki_monitoring"}
{"timestamp":"2025-06-24T08:23:53.504009","level":"info","event":"----------------Processing messages: <cimpl.Message object at 0x7a274d690440>------------","logger":"unusual_prefix_05f7c68866a4b9981d661b83f7c582db0b838856_wiki_monitoring"}
{"timestamp":"2025-06-24T08:23:53.504100","level":"info","event":"-----------edit: {'title': 'Category:2018-02-05', 'user': 'EUResourcesBot', 'is_bot': True, 'server_name': 'commons.wikimedia.org', 'timestamp': 1750749200}-------------","logger":"unusual_prefix_05f7c68866a4b9981d661b83f7c582db0b838856_wiki_monitoring"}
{"timestamp":"2025-06-24T08:23:53.506095","level":"info","event":"----------------Processing messages: <cimpl.Message object at 0x7a274d690540>------------","logger":"unusual_prefix_05f7c68866a4b9981d661b83f7c582db0b838856_wiki_monitoring"}
{"timestamp":"2025-06-24T08:23:53.506192","level":"info","event":"-----------edit: {'title': 'Category:Attribution only license', 'user': 'EUResourcesBot', 'is_bot': True, 'server_name': 'commons.wikimedia.org', 'timestamp': 1750749200}-------------","logger":"unusual_prefix_05f7c68866a4b9981d661b83f7c582db0b838856_wiki_monitoring"}
{"timestamp":"2025-06-24T08:23:53.508050","level":"info","event":"----------------Processing messages: <cimpl.Message object at 0x7a274d691040>------------","logger":"unusual_prefix_05f7c68866a4b9981d661b83f7c582db0b838856_wiki_monitoring"}
{"timestamp":"2025-06-24T08:23:53.508169","level":"info","event":"-----------edit: {'title': 'Category:European Union license', 'user': 'EUResourcesBot', 'is_bot': True, 'server_name': 'commons.wikimedia.org', 'timestamp': 1750749200}-------------","logger":"unusual_prefix_05f7c68866a4b9981d661b83f7c582db0b838856_wiki_monitoring"}
{"timestamp":"2025-06-24T08:23:53.510045","level":"info","event":"----------------Processing messages: <cimpl.Message object at 0x7a274d6915c0>------------","logger":"unusual_prefix_05f7c68866a4b9981d661b83f7c582db0b838856_wiki_monitoring"}
{"timestamp":"2025-06-24T08:23:53.510127","level":"info","event":"-----------edit: {'title': 'Category:All articles with dead external links', 'user': 'GreenC bot', 'is_bot': True, 'server_name': 'en.wikipedia.org', 'timestamp': 1750749197}-------------","logger":"unusual_prefix_05f7c68866a4b9981d661b83f7c582db0b838856_wiki_monitoring"}
{"timestamp":"2025-06-24T08:23:53.511961","level":"info","event":"----------------Processing messages: <cimpl.Message object at 0x7a274d691740>------------","logger":"unusual_prefix_05f7c68866a4b9981d661b83f7c582db0b838856_wiki_monitoring"}
{"timestamp":"2025-06-24T08:23:53.512049","level":"info","event":"-----------edit: {'title': 'Category:PD-EUGov', 'user': 'EUResourcesBot', 'is_bot': True, 'server_name': 'commons.wikimedia.org', 'timestamp': 1750749200}-------------","logger":"unusual_prefix_05f7c68866a4b9981d661b83f7c582db0b838856_wiki_monitoring"}
{"timestamp":"2025-06-24T08:23:53.514124","level":"info","event":"----------------Processing messages: <cimpl.Message object at 0x7a274d691b40>------------","logger":"unusual_prefix_05f7c68866a4b9981d661b83f7c582db0b838856_wiki_monitoring"}
{"timestamp":"2025-06-24T08:23:53.514218","level":"info","event":"-----------edit: {'title': 'Q4582999', 'user': 'World Cup', 'is_bot': False, 'server_name': 'www.wikidata.org', 'timestamp': 1750749203}-------------","logger":"unusual_prefix_05f7c68866a4b9981d661b83f7c582db0b838856_wiki_monitoring"}
{"timestamp":"2025-06-24T08:23:53.516212","level":"info","event":"----------------Processing messages: <cimpl.Message object at 0x7a274d64fcc0>------------","logger":"unusual_prefix_05f7c68866a4b9981d661b83f7c582db0b838856_wiki_monitoring"}
{"timestamp":"2025-06-24T08:23:53.516299","level":"info","event":"-----------edit: {'title': 'Category:PD-EdictGov', 'user': 'EUResourcesBot', 'is_bot': True, 'server_name': 'commons.wikimedia.org', 'timestamp': 1750749200}-------------","logger":"unusual_prefix_05f7c68866a4b9981d661b83f7c582db0b838856_wiki_monitoring"}
{"timestamp":"2025-06-24T08:23:53.518326","level":"info","event":"----------------Processing messages: <cimpl.Message object at 0x7a274d64f4c0>------------","logger":"unusual_prefix_05f7c68866a4b9981d661b83f7c582db0b838856_wiki_monitoring"}
{"timestamp":"2025-06-24T08:23:53.518436","level":"info","event":"-----------edit: {'title': 'Category:Articles with dead external links from June 2025', 'user': 'GreenC bot', 'is_bot': True, 'server_name': 'en.wikipedia.org', 'timestamp': 1750749197}-------------","logger":"unusual_prefix_05f7c68866a4b9981d661b83f7c582db0b838856_wiki_monitoring"}
{"timestamp":"2025-06-24T08:23:53.520868","level":"info","event":"----------------Processing messages: <cimpl.Message object at 0x7a274d691b40>------------","logger":"unusual_prefix_05f7c68866a4b9981d661b83f7c582db0b838856_wiki_monitoring"}
{"timestamp":"2025-06-24T08:23:53.520969","level":"info","event":"-----------edit: {'title': 'Gebruiker:Betwetter', 'user': 'Yannick1', 'is_bot': False, 'server_name': 'nl.wikipedia.org', 'timestamp': 1750749202}-------------","logger":"unusual_prefix_05f7c68866a4b9981d661b83f7c582db0b838856_wiki_monitoring"}
{"timestamp":"2025-06-24T08:23:53.523085","level":"info","event":"----------------Processing messages: <cimpl.Message object at 0x7a274d691740>------------","logger":"unusual_prefix_05f7c68866a4b9981d661b83f7c582db0b838856_wiki_monitoring"}
{"timestamp":"2025-06-24T08:23:53.523182","level":"info","event":"-----------edit: {'title': 'Category:Official Journal of the European Union 2018, C Series', 'user': 'EUResourcesBot', 'is_bot': True, 'server_name': 'commons.wikimedia.org', 'timestamp': 1750749200}-------------","logger":"unusual_prefix_05f7c68866a4b9981d661b83f7c582db0b838856_wiki_monitoring"}
{"timestamp":"2025-06-24T08:23:53.525657","level":"info","event":"----------------Processing messages: <cimpl.Message object at 0x7a274d6917c0>------------","logger":"unusual_prefix_05f7c68866a4b9981d661b83f7c582db0b838856_wiki_monitoring"}
{"timestamp":"2025-06-24T08:23:53.525759","level":"info","event":"-----------edit: {'title': 'File:Lanciano, cappella dei Raccomandati - Affreschi 14.jpg', 'user': 'Alicia Fagerving (WMSE)', 'is_bot': False, 'server_name': 'commons.wikimedia.org', 'timestamp': 1750749202}-------------","logger":"unusual_prefix_05f7c68866a4b9981d661b83f7c582db0b838856_wiki_monitoring"}
{"timestamp":"2025-06-24T08:23:53.527896","level":"info","event":"----------------Processing messages: <cimpl.Message object at 0x7a274d690dc0>------------","logger":"unusual_prefix_05f7c68866a4b9981d661b83f7c582db0b838856_wiki_monitoring"}
{"timestamp":"2025-06-24T08:23:53.527992","level":"info","event":"-----------edit: {'title': 'Category:Bulgarian-language PDF files', 'user': 'EUResourcesBot', 'is_bot': True, 'server_name': 'commons.wikimedia.org', 'timestamp': 1750749200}-------------","logger":"unusual_prefix_05f7c68866a4b9981d661b83f7c582db0b838856_wiki_monitoring"}
{"timestamp":"2025-06-24T08:23:53.530446","level":"info","event":"----------------Processing messages: <cimpl.Message object at 0x7a274d690ec0>------------","logger":"unusual_prefix_05f7c68866a4b9981d661b83f7c582db0b838856_wiki_monitoring"}
{"timestamp":"2025-06-24T08:23:53.530557","level":"info","event":"-----------edit: {'title': 'Q3726076', 'user': 'Danielyepezgarces', 'is_bot': False, 'server_name': 'www.wikidata.org', 'timestamp': 1750749203}-------------","logger":"unusual_prefix_05f7c68866a4b9981d661b83f7c582db0b838856_wiki_monitoring"}
{"timestamp":"2025-06-24T08:23:53.533877","level":"info","event":"----------------Processing messages: <cimpl.Message object at 0x7a274d6916c0>------------","logger":"unusual_prefix_05f7c68866a4b9981d661b83f7c582db0b838856_wiki_monitoring"}
{"timestamp":"2025-06-24T08:23:53.533989","level":"info","event":"-----------edit: {'title': 'Category:Official Journal of the European Union files uploaded by EUResourcesBot', 'user': 'EUResourcesBot', 'is_bot': True, 'server_name': 'commons.wikimedia.org', 'timestamp': 1750749200}-------------","logger":"unusual_prefix_05f7c68866a4b9981d661b83f7c582db0b838856_wiki_monitoring"}
{"timestamp":"2025-06-24T08:23:53.536185","level":"info","event":"----------------Processing messages: <cimpl.Message object at 0x7a274d690bc0>------------","logger":"unusual_prefix_05f7c68866a4b9981d661b83f7c582db0b838856_wiki_monitoring"}
{"timestamp":"2025-06-24T08:23:53.536284","level":"info","event":"-----------edit: {'title': 'Categoria:Controvérsias sobre a Igreja Universal do Reino de Deus', 'user': 'LIrala', 'is_bot': False, 'server_name': 'pt.wikipedia.org', 'timestamp': 1750749203}-------------","logger":"unusual_prefix_05f7c68866a4b9981d661b83f7c582db0b838856_wiki_monitoring"}
{"timestamp":"2025-06-24T08:23:53.538354","level":"info","event":"----------------Processing messages: <cimpl.Message object at 0x7a274d690140>------------","logger":"unusual_prefix_05f7c68866a4b9981d661b83f7c582db0b838856_wiki_monitoring"}
{"timestamp":"2025-06-24T08:23:53.538450","level":"info","event":"-----------edit: {'title': 'Category:Uploaded with OpenRefine', 'user': 'EUResourcesBot', 'is_bot': True, 'server_name': 'commons.wikimedia.org', 'timestamp': 1750749200}-------------","logger":"unusual_prefix_05f7c68866a4b9981d661b83f7c582db0b838856_wiki_monitoring"}
{"timestamp":"2025-06-24T08:23:53.540523","level":"info","event":"----------------Processing messages: <cimpl.Message object at 0x7a274d690240>------------","logger":"unusual_prefix_05f7c68866a4b9981d661b83f7c582db0b838856_wiki_monitoring"}
{"timestamp":"2025-06-24T08:23:53.540619","level":"info","event":"-----------edit: {'title': 'Category:Creative Commons Attribution-Share Alike missing SDC copyright status', 'user': 'TyranCometh', 'is_bot': False, 'server_name': 'commons.wikimedia.org', 'timestamp': 1750749202}-------------","logger":"unusual_prefix_05f7c68866a4b9981d661b83f7c582db0b838856_wiki_monitoring"}
{"timestamp":"2025-06-24T08:23:53.542609","level":"info","event":"----------------Processing messages: <cimpl.Message object at 0x7a274d690740>------------","logger":"unusual_prefix_05f7c68866a4b9981d661b83f7c582db0b838856_wiki_monitoring"}
{"timestamp":"2025-06-24T08:23:53.542712","level":"info","event":"-----------edit: {'title': 'Q110952294', 'user': 'Kristbaumbot', 'is_bot': True, 'server_name': 'www.wikidata.org', 'timestamp': 1750749203}-------------","logger":"unusual_prefix_05f7c68866a4b9981d661b83f7c582db0b838856_wiki_monitoring"}
{"timestamp":"2025-06-24T08:23:53.544934","level":"info","event":"----------------Processing messages: <cimpl.Message object at 0x7a274d690940>------------","logger":"unusual_prefix_05f7c68866a4b9981d661b83f7c582db0b838856_wiki_monitoring"}
{"timestamp":"2025-06-24T08:23:53.545034","level":"info","event":"-----------edit: {'title': 'File:Tumuli northwest of Stonehenge - geograph.org.uk - 7823440.jpg', 'user': 'GeographBot', 'is_bot': True, 'server_name': 'commons.wikimedia.org', 'timestamp': 1750749202}-------------","logger":"unusual_prefix_05f7c68866a4b9981d661b83f7c582db0b838856_wiki_monitoring"}
{"timestamp":"2025-06-24T08:23:53.547441","level":"info","event":"----------------Processing messages: <cimpl.Message object at 0x7a274d64f840>------------","logger":"unusual_prefix_05f7c68866a4b9981d661b83f7c582db0b838856_wiki_monitoring"}
{"timestamp":"2025-06-24T08:23:53.547562","level":"info","event":"-----------edit: {'title': 'Category:CC-BY-SA-4.0', 'user': 'TyranCometh', 'is_bot': False, 'server_name': 'commons.wikimedia.org', 'timestamp': 1750749202}-------------","logger":"unusual_prefix_05f7c68866a4b9981d661b83f7c582db0b838856_wiki_monitoring"}
{"timestamp":"2025-06-24T08:23:53.550202","level":"info","event":"----------------Processing messages: <cimpl.Message object at 0x7a274d64ff40>------------","logger":"unusual_prefix_05f7c68866a4b9981d661b83f7c582db0b838856_wiki_monitoring"}
{"timestamp":"2025-06-24T08:23:53.550310","level":"info","event":"-----------edit: {'title': 'File:Antton Valverde - Donostia Saria - 20250621 203256.jpg', 'user': 'Ksarasola', 'is_bot': False, 'server_name': 'commons.wikimedia.org', 'timestamp': 1750749202}-------------","logger":"unusual_prefix_05f7c68866a4b9981d661b83f7c582db0b838856_wiki_monitoring"}
{"timestamp":"2025-06-24T08:23:53.552692","level":"info","event":"----------------Processing messages: <cimpl.Message object at 0x7a274d6919c0>------------","logger":"unusual_prefix_05f7c68866a4b9981d661b83f7c582db0b838856_wiki_monitoring"}
{"timestamp":"2025-06-24T08:23:53.552820","level":"info","event":"-----------edit: {'title': 'forboding', 'user': 'WingerBot', 'is_bot': True, 'server_name': 'en.wiktionary.org', 'timestamp': 1750749202}-------------","logger":"unusual_prefix_05f7c68866a4b9981d661b83f7c582db0b838856_wiki_monitoring"}
{"timestamp":"2025-06-24T08:23:53.555192","level":"info","event":"----------------Processing messages: <cimpl.Message object at 0x7a274d691840>------------","logger":"unusual_prefix_05f7c68866a4b9981d661b83f7c582db0b838856_wiki_monitoring"}
{"timestamp":"2025-06-24T08:23:53.555295","level":"info","event":"-----------edit: {'title': 'Page:Poems Louisa Blake.djvu/38', 'user': 'Alien333', 'is_bot': False, 'server_name': 'en.wikisource.org', 'timestamp': 1750749203}-------------","logger":"unusual_prefix_05f7c68866a4b9981d661b83f7c582db0b838856_wiki_monitoring"}
{"timestamp":"2025-06-24T08:23:53.557981","level":"info","event":"----------------Processing messages: <cimpl.Message object at 0x7a274d690bc0>------------","logger":"unusual_prefix_05f7c68866a4b9981d661b83f7c582db0b838856_wiki_monitoring"}
{"timestamp":"2025-06-24T08:23:53.558083","level":"info","event":"-----------edit: {'title': 'Category:Creative Commons Attribution-Share Alike 4.0 missing SDC copyright license', 'user': 'TyranCometh', 'is_bot': False, 'server_name': 'commons.wikimedia.org', 'timestamp': 1750749202}-------------","logger":"unusual_prefix_05f7c68866a4b9981d661b83f7c582db0b838856_wiki_monitoring"}
{"timestamp":"2025-06-24T08:23:53.560568","level":"info","event":"----------------Processing messages: <cimpl.Message object at 0x7a274d6900c0>------------","logger":"unusual_prefix_05f7c68866a4b9981d661b83f7c582db0b838856_wiki_monitoring"}
{"timestamp":"2025-06-24T08:23:53.560702","level":"info","event":"-----------edit: {'title': 'Thể loại:Trang có lỗi chú thích', 'user': 'Lou.v1012', 'is_bot': False, 'server_name': 'vi.wikipedia.org', 'timestamp': 1750749200}-------------","logger":"unusual_prefix_05f7c68866a4b9981d661b83f7c582db0b838856_wiki_monitoring"}
{"timestamp":"2025-06-24T08:23:53.562955","level":"info","event":"----------------Processing messages: <cimpl.Message object at 0x7a274d691440>------------","logger":"unusual_prefix_05f7c68866a4b9981d661b83f7c582db0b838856_wiki_monitoring"}
{"timestamp":"2025-06-24T08:23:53.563054","level":"info","event":"-----------edit: {'title': 'Category:Mycology', 'user': 'TyranCometh', 'is_bot': False, 'server_name': 'commons.wikimedia.org', 'timestamp': 1750749202}-------------","logger":"unusual_prefix_05f7c68866a4b9981d661b83f7c582db0b838856_wiki_monitoring"}
{"timestamp":"2025-06-24T08:23:53.565343","level":"info","event":"----------------Processing messages: <cimpl.Message object at 0x7a274d690dc0>------------","logger":"unusual_prefix_05f7c68866a4b9981d661b83f7c582db0b838856_wiki_monitoring"}
{"timestamp":"2025-06-24T08:23:53.565453","level":"info","event":"-----------edit: {'title': 'Thể loại:Tọa độ không có sẵn trên Wikidata', 'user': 'Lou.v1012', 'is_bot': False, 'server_name': 'vi.wikipedia.org', 'timestamp': 1750749200}-------------","logger":"unusual_prefix_05f7c68866a4b9981d661b83f7c582db0b838856_wiki_monitoring"}
{"timestamp":"2025-06-24T08:23:53.568172","level":"info","event":"----------------Processing messages: <cimpl.Message object at 0x7a274d6917c0>------------","logger":"unusual_prefix_05f7c68866a4b9981d661b83f7c582db0b838856_wiki_monitoring"}
{"timestamp":"2025-06-24T08:23:53.568290","level":"info","event":"-----------edit: {'title': 'Thể loại:Danh sách xã Việt Nam', 'user': 'Lou.v1012', 'is_bot': False, 'server_name': 'vi.wikipedia.org', 'timestamp': 1750749200}-------------","logger":"unusual_prefix_05f7c68866a4b9981d661b83f7c582db0b838856_wiki_monitoring"}
{"timestamp":"2025-06-24T08:23:53.570827","level":"info","event":"----------------Processing messages: <cimpl.Message object at 0x7a274d691740>------------","logger":"unusual_prefix_05f7c68866a4b9981d661b83f7c582db0b838856_wiki_monitoring"}
{"timestamp":"2025-06-24T08:23:53.570936","level":"info","event":"-----------edit: {'title': 'Q3726043', 'user': 'Danielyepezgarces', 'is_bot': False, 'server_name': 'www.wikidata.org', 'timestamp': 1750749203}-------------","logger":"unusual_prefix_05f7c68866a4b9981d661b83f7c582db0b838856_wiki_monitoring"}
{"timestamp":"2025-06-24T08:23:53.573973","level":"info","event":"----------------Processing messages: <cimpl.Message object at 0x7a274d691b40>------------","logger":"unusual_prefix_05f7c68866a4b9981d661b83f7c582db0b838856_wiki_monitoring"}
{"timestamp":"2025-06-24T08:23:53.574161","level":"info","event":"-----------edit: {'title': 'La promesa (serie de televisión española)', 'user': 'AdriánDíaz91', 'is_bot': False, 'server_name': 'es.wikipedia.org', 'timestamp': 1750749201}-------------","logger":"unusual_prefix_05f7c68866a4b9981d661b83f7c582db0b838856_wiki_monitoring"}
{"timestamp":"2025-06-24T08:23:53.577580","level":"info","event":"----------------Processing messages: <cimpl.Message object at 0x7a274d6913c0>------------","logger":"unusual_prefix_05f7c68866a4b9981d661b83f7c582db0b838856_wiki_monitoring"}
{"timestamp":"2025-06-24T08:23:53.577697","level":"info","event":"-----------edit: {'title': 'Thể loại:Tất cả bài viết sơ khai', 'user': 'Lou.v1012', 'is_bot': False, 'server_name': 'vi.wikipedia.org', 'timestamp': 1750749200}-------------","logger":"unusual_prefix_05f7c68866a4b9981d661b83f7c582db0b838856_wiki_monitoring"}
{"timestamp":"2025-06-24T08:23:53.580098","level":"info","event":"----------------Processing messages: <cimpl.Message object at 0x7a274d691a40>------------","logger":"unusual_prefix_05f7c68866a4b9981d661b83f7c582db0b838856_wiki_monitoring"}
{"timestamp":"2025-06-24T08:23:53.580211","level":"info","event":"-----------edit: {'title': 'Thể loại:Sơ khai Bắc Ninh', 'user': 'Lou.v1012', 'is_bot': False, 'server_name': 'vi.wikipedia.org', 'timestamp': 1750749200}-------------","logger":"unusual_prefix_05f7c68866a4b9981d661b83f7c582db0b838856_wiki_monitoring"}
{"timestamp":"2025-06-24T08:23:53.582879","level":"info","event":"----------------Processing messages: <cimpl.Message object at 0x7a274d64fe40>------------","logger":"unusual_prefix_05f7c68866a4b9981d661b83f7c582db0b838856_wiki_monitoring"}
{"timestamp":"2025-06-24T08:23:53.583009","level":"info","event":"-----------edit: {'title': 'Thể loại:Xã, phường, thị trấn Bắc Ninh', 'user': 'Lou.v1012', 'is_bot': False, 'server_name': 'vi.wikipedia.org', 'timestamp': 1750749200}-------------","logger":"unusual_prefix_05f7c68866a4b9981d661b83f7c582db0b838856_wiki_monitoring"}
{"timestamp":"2025-06-24T08:23:53.585479","level":"info","event":"----------------Processing messages: <cimpl.Message object at 0x7a274d64f8c0>------------","logger":"unusual_prefix_05f7c68866a4b9981d661b83f7c582db0b838856_wiki_monitoring"}
{"timestamp":"2025-06-24T08:23:53.585585","level":"info","event":"-----------edit: {'title': 'Thể loại:Phường, xã, đặc khu Bắc Ninh', 'user': 'Lou.v1012', 'is_bot': False, 'server_name': 'vi.wikipedia.org', 'timestamp': 1750749200}-------------","logger":"unusual_prefix_05f7c68866a4b9981d661b83f7c582db0b838856_wiki_monitoring"}
{"timestamp":"2025-06-24T08:23:53.594101","level":"info","event":"Done. Returned value was: None","logger":"airflow.task.operators.airflow.providers.standard.operators.python.PythonOperator"}
