{"timestamp":"2025-06-24T10:11:10.098689","level":"info","event":"DAG bundles loaded: dags-folder","logger":"airflow.dag_processing.bundles.manager.DagBundlesManager"}
{"timestamp":"2025-06-24T10:11:10.099150","level":"info","event":"Filling up the DagBag from /opt/airflow/dags/wiki_monitoring.py","logger":"airflow.models.dagbag.DagBag"}
{"timestamp":"2025-06-24T10:11:10.213150","level":"info","event":"Topic wiki_edits already exists","logger":"unusual_prefix_05f7c68866a4b9981d661b83f7c582db0b838856_wiki_monitoring"}
{"timestamp":"2025-06-24T10:11:10.213221","level":"info","event":"---------------topic metadata created------------------","logger":"unusual_prefix_05f7c68866a4b9981d661b83f7c582db0b838856_wiki_monitoring"}
{"timestamp":"2025-06-24T10:11:13.380991","level":"info","event":"----------------Processing messages: <cimpl.Message object at 0x73af8e94b0c0>------------","logger":"unusual_prefix_05f7c68866a4b9981d661b83f7c582db0b838856_wiki_monitoring"}
{"timestamp":"2025-06-24T10:11:13.381141","level":"info","event":"-----------edit: {'title': 'Category:Quality images of Bavaria', 'user': 'MB-one', 'is_bot': False, 'server_name': 'commons.wikimedia.org', 'timestamp': 1750758638}-------------","logger":"unusual_prefix_05f7c68866a4b9981d661b83f7c582db0b838856_wiki_monitoring"}
{"timestamp":"2025-06-24T10:11:13.387333","level":"info","event":"----------------Processing messages: <cimpl.Message object at 0x73af8e94bc40>------------","logger":"unusual_prefix_05f7c68866a4b9981d661b83f7c582db0b838856_wiki_monitoring"}
{"timestamp":"2025-06-24T10:11:13.387429","level":"info","event":"-----------edit: {'title': 'Q135051510', 'user': 'BitBerry2000', 'is_bot': False, 'server_name': 'www.wikidata.org', 'timestamp': 1750758640}-------------","logger":"unusual_prefix_05f7c68866a4b9981d661b83f7c582db0b838856_wiki_monitoring"}
{"timestamp":"2025-06-24T10:11:13.390113","level":"info","event":"----------------Processing messages: <cimpl.Message object at 0x73af8e9941c0>------------","logger":"unusual_prefix_05f7c68866a4b9981d661b83f7c582db0b838856_wiki_monitoring"}
{"timestamp":"2025-06-24T10:11:13.390216","level":"info","event":"-----------edit: {'title': 'File:Marktplatz 21 in Lauf an der Pegnitz (1).jpg', 'user': 'MB-one', 'is_bot': False, 'server_name': 'commons.wikimedia.org', 'timestamp': 1750758639}-------------","logger":"unusual_prefix_05f7c68866a4b9981d661b83f7c582db0b838856_wiki_monitoring"}
{"timestamp":"2025-06-24T10:11:13.392335","level":"info","event":"----------------Processing messages: <cimpl.Message object at 0x73af8e994540>------------","logger":"unusual_prefix_05f7c68866a4b9981d661b83f7c582db0b838856_wiki_monitoring"}
{"timestamp":"2025-06-24T10:11:13.392424","level":"info","event":"-----------edit: {'title': 'Q33997942', 'user': 'Cewbot', 'is_bot': True, 'server_name': 'www.wikidata.org', 'timestamp': 1750758640}-------------","logger":"unusual_prefix_05f7c68866a4b9981d661b83f7c582db0b838856_wiki_monitoring"}
{"timestamp":"2025-06-24T10:11:13.394656","level":"info","event":"----------------Processing messages: <cimpl.Message object at 0x73af8e9946c0>------------","logger":"unusual_prefix_05f7c68866a4b9981d661b83f7c582db0b838856_wiki_monitoring"}
{"timestamp":"2025-06-24T10:11:13.394755","level":"info","event":"-----------edit: {'title': 'History of the United States', 'user': 'Onel5969', 'is_bot': False, 'server_name': 'en.wikipedia.org', 'timestamp': 1750758625}-------------","logger":"unusual_prefix_05f7c68866a4b9981d661b83f7c582db0b838856_wiki_monitoring"}
{"timestamp":"2025-06-24T10:11:13.396918","level":"info","event":"----------------Processing messages: <cimpl.Message object at 0x73af8e9948c0>------------","logger":"unusual_prefix_05f7c68866a4b9981d661b83f7c582db0b838856_wiki_monitoring"}
{"timestamp":"2025-06-24T10:11:13.397032","level":"info","event":"-----------edit: {'title': '六四事件中的香港', 'user': 'MoAiSang', 'is_bot': False, 'server_name': 'zh.wikipedia.org', 'timestamp': 1750758640}-------------","logger":"unusual_prefix_05f7c68866a4b9981d661b83f7c582db0b838856_wiki_monitoring"}
{"timestamp":"2025-06-24T10:11:13.399311","level":"info","event":"----------------Processing messages: <cimpl.Message object at 0x73af8e9946c0>------------","logger":"unusual_prefix_05f7c68866a4b9981d661b83f7c582db0b838856_wiki_monitoring"}
{"timestamp":"2025-06-24T10:11:13.399404","level":"info","event":"-----------edit: {'title': 'Обговорення:Ганусек', 'user': 'RarBot', 'is_bot': True, 'server_name': 'uk.wikipedia.org', 'timestamp': 1750758641}-------------","logger":"unusual_prefix_05f7c68866a4b9981d661b83f7c582db0b838856_wiki_monitoring"}
{"timestamp":"2025-06-24T10:11:13.401575","level":"info","event":"----------------Processing messages: <cimpl.Message object at 0x73af8e94b440>------------","logger":"unusual_prefix_05f7c68866a4b9981d661b83f7c582db0b838856_wiki_monitoring"}
{"timestamp":"2025-06-24T10:11:13.401665","level":"info","event":"-----------edit: {'title': 'Categoria:Guanyadors del premi Oscar al millor guió adaptat', 'user': 'PereBot', 'is_bot': True, 'server_name': 'ca.wikipedia.org', 'timestamp': 1750758631}-------------","logger":"unusual_prefix_05f7c68866a4b9981d661b83f7c582db0b838856_wiki_monitoring"}
{"timestamp":"2025-06-24T10:11:13.403695","level":"info","event":"----------------Processing messages: <cimpl.Message object at 0x73af8e94bbc0>------------","logger":"unusual_prefix_05f7c68866a4b9981d661b83f7c582db0b838856_wiki_monitoring"}
{"timestamp":"2025-06-24T10:11:13.403784","level":"info","event":"-----------edit: {'title': 'Q92662983', 'user': 'Kbseah', 'is_bot': False, 'server_name': 'www.wikidata.org', 'timestamp': 1750758640}-------------","logger":"unusual_prefix_05f7c68866a4b9981d661b83f7c582db0b838856_wiki_monitoring"}
{"timestamp":"2025-06-24T10:11:13.405765","level":"info","event":"----------------Processing messages: <cimpl.Message object at 0x73af8e994a40>------------","logger":"unusual_prefix_05f7c68866a4b9981d661b83f7c582db0b838856_wiki_monitoring"}
{"timestamp":"2025-06-24T10:11:13.405853","level":"info","event":"-----------edit: {'title': 'Q110488644', 'user': 'Kbseah', 'is_bot': False, 'server_name': 'www.wikidata.org', 'timestamp': 1750758640}-------------","logger":"unusual_prefix_05f7c68866a4b9981d661b83f7c582db0b838856_wiki_monitoring"}
{"timestamp":"2025-06-24T10:11:13.407711","level":"info","event":"----------------Processing messages: <cimpl.Message object at 0x73af8e994840>------------","logger":"unusual_prefix_05f7c68866a4b9981d661b83f7c582db0b838856_wiki_monitoring"}
{"timestamp":"2025-06-24T10:11:13.407811","level":"info","event":"-----------edit: {'title': 'Kategorie:Pages using the JsonConfig extension', 'user': '103.158.210.21', 'is_bot': False, 'server_name': 'af.wikipedia.org', 'timestamp': 1750758639}-------------","logger":"unusual_prefix_05f7c68866a4b9981d661b83f7c582db0b838856_wiki_monitoring"}
{"timestamp":"2025-06-24T10:11:13.410347","level":"info","event":"----------------Processing messages: <cimpl.Message object at 0x73af8e994740>------------","logger":"unusual_prefix_05f7c68866a4b9981d661b83f7c582db0b838856_wiki_monitoring"}
{"timestamp":"2025-06-24T10:11:13.410457","level":"info","event":"-----------edit: {'title': 'Участник:193.233.228.206', 'user': 'QBA-bot', 'is_bot': True, 'server_name': 'ru.wikiquote.org', 'timestamp': 1750758641}-------------","logger":"unusual_prefix_05f7c68866a4b9981d661b83f7c582db0b838856_wiki_monitoring"}
{"timestamp":"2025-06-24T10:11:13.412438","level":"info","event":"----------------Processing messages: <cimpl.Message object at 0x73af8e9940c0>------------","logger":"unusual_prefix_05f7c68866a4b9981d661b83f7c582db0b838856_wiki_monitoring"}
{"timestamp":"2025-06-24T10:11:13.412529","level":"info","event":"-----------edit: {'title': 'Q56464622', 'user': 'Adam78', 'is_bot': False, 'server_name': 'www.wikidata.org', 'timestamp': 1750758641}-------------","logger":"unusual_prefix_05f7c68866a4b9981d661b83f7c582db0b838856_wiki_monitoring"}
{"timestamp":"2025-06-24T10:11:13.414467","level":"info","event":"----------------Processing messages: <cimpl.Message object at 0x73af8e994240>------------","logger":"unusual_prefix_05f7c68866a4b9981d661b83f7c582db0b838856_wiki_monitoring"}
{"timestamp":"2025-06-24T10:11:13.414552","level":"info","event":"-----------edit: {'title': 'Category:Wikipedia non-free files with redirect backlink', 'user': 'Nardog', 'is_bot': False, 'server_name': 'en.wikipedia.org', 'timestamp': 1750758638}-------------","logger":"unusual_prefix_05f7c68866a4b9981d661b83f7c582db0b838856_wiki_monitoring"}
{"timestamp":"2025-06-24T10:11:13.416498","level":"info","event":"----------------Processing messages: <cimpl.Message object at 0x73af8e994ec0>------------","logger":"unusual_prefix_05f7c68866a4b9981d661b83f7c582db0b838856_wiki_monitoring"}
{"timestamp":"2025-06-24T10:11:13.416585","level":"info","event":"-----------edit: {'title': 'Category:Files from Gallica', 'user': 'Gzen92Bot', 'is_bot': True, 'server_name': 'commons.wikimedia.org', 'timestamp': 1750758639}-------------","logger":"unusual_prefix_05f7c68866a4b9981d661b83f7c582db0b838856_wiki_monitoring"}
{"timestamp":"2025-06-24T10:11:13.418559","level":"info","event":"----------------Processing messages: <cimpl.Message object at 0x73af8e9950c0>------------","logger":"unusual_prefix_05f7c68866a4b9981d661b83f7c582db0b838856_wiki_monitoring"}
{"timestamp":"2025-06-24T10:11:13.418658","level":"info","event":"-----------edit: {'title': 'Category:Artworks without Wikidata item', 'user': 'Gzen92Bot', 'is_bot': True, 'server_name': 'commons.wikimedia.org', 'timestamp': 1750758639}-------------","logger":"unusual_prefix_05f7c68866a4b9981d661b83f7c582db0b838856_wiki_monitoring"}
{"timestamp":"2025-06-24T10:11:13.420758","level":"info","event":"----------------Processing messages: <cimpl.Message object at 0x73af8e9954c0>------------","logger":"unusual_prefix_05f7c68866a4b9981d661b83f7c582db0b838856_wiki_monitoring"}
{"timestamp":"2025-06-24T10:11:13.420851","level":"info","event":"-----------edit: {'title': 'зехьэлӏэн', 'user': 'Rhdkabardian', 'is_bot': False, 'server_name': 'kbd.wiktionary.org', 'timestamp': 1750758641}-------------","logger":"unusual_prefix_05f7c68866a4b9981d661b83f7c582db0b838856_wiki_monitoring"}
{"timestamp":"2025-06-24T10:11:13.422721","level":"info","event":"----------------Processing messages: <cimpl.Message object at 0x73af8e995740>------------","logger":"unusual_prefix_05f7c68866a4b9981d661b83f7c582db0b838856_wiki_monitoring"}
{"timestamp":"2025-06-24T10:11:13.422806","level":"info","event":"-----------edit: {'title': 'File:Marter Maintal 0182.jpg', 'user': 'MB-one', 'is_bot': False, 'server_name': 'commons.wikimedia.org', 'timestamp': 1750758640}-------------","logger":"unusual_prefix_05f7c68866a4b9981d661b83f7c582db0b838856_wiki_monitoring"}
{"timestamp":"2025-06-24T10:11:13.424705","level":"info","event":"----------------Processing messages: <cimpl.Message object at 0x73af8e9954c0>------------","logger":"unusual_prefix_05f7c68866a4b9981d661b83f7c582db0b838856_wiki_monitoring"}
{"timestamp":"2025-06-24T10:11:13.424790","level":"info","event":"-----------edit: {'title': 'Category:PD France', 'user': 'Gzen92Bot', 'is_bot': True, 'server_name': 'commons.wikimedia.org', 'timestamp': 1750758639}-------------","logger":"unusual_prefix_05f7c68866a4b9981d661b83f7c582db0b838856_wiki_monitoring"}
{"timestamp":"2025-06-24T10:11:13.426824","level":"info","event":"----------------Processing messages: <cimpl.Message object at 0x73af8e9959c0>------------","logger":"unusual_prefix_05f7c68866a4b9981d661b83f7c582db0b838856_wiki_monitoring"}
{"timestamp":"2025-06-24T10:11:13.426910","level":"info","event":"-----------edit: {'title': 'Q92672096', 'user': 'Kbseah', 'is_bot': False, 'server_name': 'www.wikidata.org', 'timestamp': 1750758641}-------------","logger":"unusual_prefix_05f7c68866a4b9981d661b83f7c582db0b838856_wiki_monitoring"}
{"timestamp":"2025-06-24T10:11:13.429149","level":"info","event":"----------------Processing messages: <cimpl.Message object at 0x73af8e94b440>------------","logger":"unusual_prefix_05f7c68866a4b9981d661b83f7c582db0b838856_wiki_monitoring"}
{"timestamp":"2025-06-24T10:11:13.429238","level":"info","event":"-----------edit: {'title': 'Category:PD-old missing SDC copyright status', 'user': 'Gzen92Bot', 'is_bot': True, 'server_name': 'commons.wikimedia.org', 'timestamp': 1750758639}-------------","logger":"unusual_prefix_05f7c68866a4b9981d661b83f7c582db0b838856_wiki_monitoring"}
{"timestamp":"2025-06-24T10:11:13.431356","level":"info","event":"----------------Processing messages: <cimpl.Message object at 0x73af8e94bec0>------------","logger":"unusual_prefix_05f7c68866a4b9981d661b83f7c582db0b838856_wiki_monitoring"}
{"timestamp":"2025-06-24T10:11:13.431444","level":"info","event":"-----------edit: {'title': 'Category:CC-PD-Mark', 'user': 'Gzen92Bot', 'is_bot': True, 'server_name': 'commons.wikimedia.org', 'timestamp': 1750758639}-------------","logger":"unusual_prefix_05f7c68866a4b9981d661b83f7c582db0b838856_wiki_monitoring"}
{"timestamp":"2025-06-24T10:11:13.433478","level":"info","event":"----------------Processing messages: <cimpl.Message object at 0x73af8e994d40>------------","logger":"unusual_prefix_05f7c68866a4b9981d661b83f7c582db0b838856_wiki_monitoring"}
{"timestamp":"2025-06-24T10:11:13.433584","level":"info","event":"-----------edit: {'title': 'File:View over Whitesands Bay-Porth Mawr - geograph.org.uk - 7824198.jpg', 'user': 'GeographBot', 'is_bot': True, 'server_name': 'commons.wikimedia.org', 'timestamp': 1750758641}-------------","logger":"unusual_prefix_05f7c68866a4b9981d661b83f7c582db0b838856_wiki_monitoring"}
{"timestamp":"2025-06-24T10:11:13.435632","level":"info","event":"----------------Processing messages: <cimpl.Message object at 0x73af8e995a40>------------","logger":"unusual_prefix_05f7c68866a4b9981d661b83f7c582db0b838856_wiki_monitoring"}
{"timestamp":"2025-06-24T10:11:13.435723","level":"info","event":"-----------edit: {'title': 'Q110488640', 'user': 'Kbseah', 'is_bot': False, 'server_name': 'www.wikidata.org', 'timestamp': 1750758641}-------------","logger":"unusual_prefix_05f7c68866a4b9981d661b83f7c582db0b838856_wiki_monitoring"}
{"timestamp":"2025-06-24T10:11:13.437852","level":"info","event":"----------------Processing messages: <cimpl.Message object at 0x73af8e995640>------------","logger":"unusual_prefix_05f7c68866a4b9981d661b83f7c582db0b838856_wiki_monitoring"}
{"timestamp":"2025-06-24T10:11:13.437952","level":"info","event":"-----------edit: {'title': 'Category:PD-old-100-expired', 'user': 'Gzen92Bot', 'is_bot': True, 'server_name': 'commons.wikimedia.org', 'timestamp': 1750758639}-------------","logger":"unusual_prefix_05f7c68866a4b9981d661b83f7c582db0b838856_wiki_monitoring"}
{"timestamp":"2025-06-24T10:11:13.440066","level":"info","event":"----------------Processing messages: <cimpl.Message object at 0x73af8e9956c0>------------","logger":"unusual_prefix_05f7c68866a4b9981d661b83f7c582db0b838856_wiki_monitoring"}
{"timestamp":"2025-06-24T10:11:13.440156","level":"info","event":"-----------edit: {'title': 'Category:PD US expired', 'user': 'Gzen92Bot', 'is_bot': True, 'server_name': 'commons.wikimedia.org', 'timestamp': 1750758639}-------------","logger":"unusual_prefix_05f7c68866a4b9981d661b83f7c582db0b838856_wiki_monitoring"}
{"timestamp":"2025-06-24T10:11:13.442116","level":"info","event":"----------------Processing messages: <cimpl.Message object at 0x73af8e995440>------------","logger":"unusual_prefix_05f7c68866a4b9981d661b83f7c582db0b838856_wiki_monitoring"}
{"timestamp":"2025-06-24T10:11:13.442208","level":"info","event":"-----------edit: {'title': 'Q124526901', 'user': 'Chabe01', 'is_bot': False, 'server_name': 'www.wikidata.org', 'timestamp': 1750758641}-------------","logger":"unusual_prefix_05f7c68866a4b9981d661b83f7c582db0b838856_wiki_monitoring"}
{"timestamp":"2025-06-24T10:11:13.444060","level":"info","event":"----------------Processing messages: <cimpl.Message object at 0x73af8e9940c0>------------","logger":"unusual_prefix_05f7c68866a4b9981d661b83f7c582db0b838856_wiki_monitoring"}
{"timestamp":"2025-06-24T10:11:13.444145","level":"info","event":"-----------edit: {'title': 'Libido', 'user': 'AnomieBOT', 'is_bot': True, 'server_name': 'en.wikipedia.org', 'timestamp': 1750758638}-------------","logger":"unusual_prefix_05f7c68866a4b9981d661b83f7c582db0b838856_wiki_monitoring"}
{"timestamp":"2025-06-24T10:11:13.445910","level":"info","event":"----------------Processing messages: <cimpl.Message object at 0x73af8e994f40>------------","logger":"unusual_prefix_05f7c68866a4b9981d661b83f7c582db0b838856_wiki_monitoring"}
{"timestamp":"2025-06-24T10:11:13.445995","level":"info","event":"-----------edit: {'title': 'Q132307595', 'user': 'Henri Aja', 'is_bot': False, 'server_name': 'www.wikidata.org', 'timestamp': 1750758642}-------------","logger":"unusual_prefix_05f7c68866a4b9981d661b83f7c582db0b838856_wiki_monitoring"}
{"timestamp":"2025-06-24T10:11:13.447812","level":"info","event":"----------------Processing messages: <cimpl.Message object at 0x73af8e994140>------------","logger":"unusual_prefix_05f7c68866a4b9981d661b83f7c582db0b838856_wiki_monitoring"}
{"timestamp":"2025-06-24T10:11:13.447893","level":"info","event":"-----------edit: {'title': 'Category:PD-US missing SDC copyright status', 'user': 'Gzen92Bot', 'is_bot': True, 'server_name': 'commons.wikimedia.org', 'timestamp': 1750758639}-------------","logger":"unusual_prefix_05f7c68866a4b9981d661b83f7c582db0b838856_wiki_monitoring"}
{"timestamp":"2025-06-24T10:11:13.449720","level":"info","event":"----------------Processing messages: <cimpl.Message object at 0x73af8e9944c0>------------","logger":"unusual_prefix_05f7c68866a4b9981d661b83f7c582db0b838856_wiki_monitoring"}
{"timestamp":"2025-06-24T10:11:13.449811","level":"info","event":"-----------edit: {'title': 'Category:Sheet music from Gallica (Bibliothèque nationale de France) uploaded by Gzen92Bot', 'user': 'Gzen92Bot', 'is_bot': True, 'server_name': 'commons.wikimedia.org', 'timestamp': 1750758639}-------------","logger":"unusual_prefix_05f7c68866a4b9981d661b83f7c582db0b838856_wiki_monitoring"}
{"timestamp":"2025-06-24T10:11:13.451687","level":"info","event":"----------------Processing messages: <cimpl.Message object at 0x73af8e9942c0>------------","logger":"unusual_prefix_05f7c68866a4b9981d661b83f7c582db0b838856_wiki_monitoring"}
{"timestamp":"2025-06-24T10:11:13.451771","level":"info","event":"-----------edit: {'title': 'Category:Quality images of Bavaria', 'user': 'MB-one', 'is_bot': False, 'server_name': 'commons.wikimedia.org', 'timestamp': 1750758639}-------------","logger":"unusual_prefix_05f7c68866a4b9981d661b83f7c582db0b838856_wiki_monitoring"}
{"timestamp":"2025-06-24T10:11:13.453698","level":"info","event":"----------------Processing messages: <cimpl.Message object at 0x73af8e994bc0>------------","logger":"unusual_prefix_05f7c68866a4b9981d661b83f7c582db0b838856_wiki_monitoring"}
{"timestamp":"2025-06-24T10:11:13.453781","level":"info","event":"-----------edit: {'title': 'Q135051511', 'user': 'BitBerry2000', 'is_bot': False, 'server_name': 'www.wikidata.org', 'timestamp': 1750758640}-------------","logger":"unusual_prefix_05f7c68866a4b9981d661b83f7c582db0b838856_wiki_monitoring"}
{"timestamp":"2025-06-24T10:11:13.455785","level":"info","event":"----------------Processing messages: <cimpl.Message object at 0x73af8e94bec0>------------","logger":"unusual_prefix_05f7c68866a4b9981d661b83f7c582db0b838856_wiki_monitoring"}
{"timestamp":"2025-06-24T10:11:13.455871","level":"info","event":"-----------edit: {'title': 'File:NDL1271265 株式裏書譲渡の解説.pdf', 'user': 'MidleadingBot', 'is_bot': True, 'server_name': 'commons.wikimedia.org', 'timestamp': 1750758640}-------------","logger":"unusual_prefix_05f7c68866a4b9981d661b83f7c582db0b838856_wiki_monitoring"}
{"timestamp":"2025-06-24T10:11:13.457742","level":"info","event":"----------------Processing messages: <cimpl.Message object at 0x73af8e94bc40>------------","logger":"unusual_prefix_05f7c68866a4b9981d661b83f7c582db0b838856_wiki_monitoring"}
{"timestamp":"2025-06-24T10:11:13.457828","level":"info","event":"-----------edit: {'title': 'Category:Oeuvre XII. Camille ou le souterrain, comédie en trois actes en prose par M. Marsollier. Représentée par les comédiens italiens le samedy 19 mars 1791.... Gravé par Huguet - btv1b100724342', 'user': 'Gzen92Bot', 'is_bot': True, 'server_name': 'commons.wikimedia.org', 'timestamp': 1750758639}-------------","logger":"unusual_prefix_05f7c68866a4b9981d661b83f7c582db0b838856_wiki_monitoring"}
{"timestamp":"2025-06-24T10:11:13.459720","level":"info","event":"----------------Processing messages: <cimpl.Message object at 0x73af8e994540>------------","logger":"unusual_prefix_05f7c68866a4b9981d661b83f7c582db0b838856_wiki_monitoring"}
{"timestamp":"2025-06-24T10:11:13.459802","level":"info","event":"-----------edit: {'title': 'Категорія:Статті проєкту Польща низької важливості', 'user': 'RarBot', 'is_bot': True, 'server_name': 'uk.wikipedia.org', 'timestamp': 1750758641}-------------","logger":"unusual_prefix_05f7c68866a4b9981d661b83f7c582db0b838856_wiki_monitoring"}
{"timestamp":"2025-06-24T10:11:13.461824","level":"info","event":"----------------Processing messages: <cimpl.Message object at 0x73af8e994140>------------","logger":"unusual_prefix_05f7c68866a4b9981d661b83f7c582db0b838856_wiki_monitoring"}
{"timestamp":"2025-06-24T10:11:13.461919","level":"info","event":"-----------edit: {'title': 'Категорія:Статті проєкту Польща невідомого рівня низької важливості', 'user': 'RarBot', 'is_bot': True, 'server_name': 'uk.wikipedia.org', 'timestamp': 1750758641}-------------","logger":"unusual_prefix_05f7c68866a4b9981d661b83f7c582db0b838856_wiki_monitoring"}
{"timestamp":"2025-06-24T10:11:13.464182","level":"info","event":"----------------Processing messages: <cimpl.Message object at 0x73af8e994640>------------","logger":"unusual_prefix_05f7c68866a4b9981d661b83f7c582db0b838856_wiki_monitoring"}
{"timestamp":"2025-06-24T10:11:13.464280","level":"info","event":"-----------edit: {'title': 'Категорія:Статті проєкту Польща невідомої важливості', 'user': 'RarBot', 'is_bot': True, 'server_name': 'uk.wikipedia.org', 'timestamp': 1750758641}-------------","logger":"unusual_prefix_05f7c68866a4b9981d661b83f7c582db0b838856_wiki_monitoring"}
{"timestamp":"2025-06-24T10:11:13.466274","level":"info","event":"----------------Processing messages: <cimpl.Message object at 0x73af8e9941c0>------------","logger":"unusual_prefix_05f7c68866a4b9981d661b83f7c582db0b838856_wiki_monitoring"}
{"timestamp":"2025-06-24T10:11:13.466365","level":"info","event":"-----------edit: {'title': 'Категорія:Статті проєкту Польща невідомого рівня невідомої важливості', 'user': 'RarBot', 'is_bot': True, 'server_name': 'uk.wikipedia.org', 'timestamp': 1750758641}-------------","logger":"unusual_prefix_05f7c68866a4b9981d661b83f7c582db0b838856_wiki_monitoring"}
{"timestamp":"2025-06-24T10:11:13.468206","level":"info","event":"----------------Processing messages: <cimpl.Message object at 0x73af8e994340>------------","logger":"unusual_prefix_05f7c68866a4b9981d661b83f7c582db0b838856_wiki_monitoring"}
{"timestamp":"2025-06-24T10:11:13.468291","level":"info","event":"-----------edit: {'title': 'Q231196', 'user': 'Florentyna', 'is_bot': False, 'server_name': 'www.wikidata.org', 'timestamp': 1750758642}-------------","logger":"unusual_prefix_05f7c68866a4b9981d661b83f7c582db0b838856_wiki_monitoring"}
{"timestamp":"2025-06-24T10:11:13.470095","level":"info","event":"----------------Processing messages: <cimpl.Message object at 0x73af8e9953c0>------------","logger":"unusual_prefix_05f7c68866a4b9981d661b83f7c582db0b838856_wiki_monitoring"}
{"timestamp":"2025-06-24T10:11:13.470182","level":"info","event":"-----------edit: {'title': 'Участник:193.233.229.144', 'user': 'QBA-bot', 'is_bot': True, 'server_name': 'ru.wikiquote.org', 'timestamp': 1750758642}-------------","logger":"unusual_prefix_05f7c68866a4b9981d661b83f7c582db0b838856_wiki_monitoring"}
{"timestamp":"2025-06-24T10:11:13.472031","level":"info","event":"----------------Processing messages: <cimpl.Message object at 0x73af8e995340>------------","logger":"unusual_prefix_05f7c68866a4b9981d661b83f7c582db0b838856_wiki_monitoring"}
{"timestamp":"2025-06-24T10:11:13.472119","level":"info","event":"-----------edit: {'title': 'Q92673746', 'user': 'Kbseah', 'is_bot': False, 'server_name': 'www.wikidata.org', 'timestamp': 1750758642}-------------","logger":"unusual_prefix_05f7c68866a4b9981d661b83f7c582db0b838856_wiki_monitoring"}
{"timestamp":"2025-06-24T10:11:13.473933","level":"info","event":"----------------Processing messages: <cimpl.Message object at 0x73af8e994240>------------","logger":"unusual_prefix_05f7c68866a4b9981d661b83f7c582db0b838856_wiki_monitoring"}
{"timestamp":"2025-06-24T10:11:13.474019","level":"info","event":"-----------edit: {'title': 'Q231196', 'user': 'Florentyna', 'is_bot': False, 'server_name': 'www.wikidata.org', 'timestamp': 1750758641}-------------","logger":"unusual_prefix_05f7c68866a4b9981d661b83f7c582db0b838856_wiki_monitoring"}
{"timestamp":"2025-06-24T10:11:13.475835","level":"info","event":"----------------Processing messages: <cimpl.Message object at 0x73af8e9955c0>------------","logger":"unusual_prefix_05f7c68866a4b9981d661b83f7c582db0b838856_wiki_monitoring"}
{"timestamp":"2025-06-24T10:11:13.475920","level":"info","event":"-----------edit: {'title': 'Нападение на николаевскую станицу', 'user': 'Sunnimuslimwarrior', 'is_bot': False, 'server_name': 'ru.wikipedia.org', 'timestamp': 1750758641}-------------","logger":"unusual_prefix_05f7c68866a4b9981d661b83f7c582db0b838856_wiki_monitoring"}
{"timestamp":"2025-06-24T10:11:13.478187","level":"info","event":"----------------Processing messages: <cimpl.Message object at 0x73af8e9958c0>------------","logger":"unusual_prefix_05f7c68866a4b9981d661b83f7c582db0b838856_wiki_monitoring"}
{"timestamp":"2025-06-24T10:11:13.478280","level":"info","event":"-----------edit: {'title': 'File:20251710230 GOES19-ABI-FD-GEOCOLOR-21696x21696 64.jpg', 'user': 'PantheraLeo1359531', 'is_bot': False, 'server_name': 'commons.wikimedia.org', 'timestamp': 1750758641}-------------","logger":"unusual_prefix_05f7c68866a4b9981d661b83f7c582db0b838856_wiki_monitoring"}
{"timestamp":"2025-06-24T10:11:13.480246","level":"info","event":"----------------Processing messages: <cimpl.Message object at 0x73af8e9950c0>------------","logger":"unusual_prefix_05f7c68866a4b9981d661b83f7c582db0b838856_wiki_monitoring"}
{"timestamp":"2025-06-24T10:11:13.480333","level":"info","event":"-----------edit: {'title': 'Roddie Haley', 'user': 'Frank63', 'is_bot': False, 'server_name': 'en.wikipedia.org', 'timestamp': 1750758641}-------------","logger":"unusual_prefix_05f7c68866a4b9981d661b83f7c582db0b838856_wiki_monitoring"}
{"timestamp":"2025-06-24T10:11:13.482366","level":"info","event":"----------------Processing messages: <cimpl.Message object at 0x73af8e94bec0>------------","logger":"unusual_prefix_05f7c68866a4b9981d661b83f7c582db0b838856_wiki_monitoring"}
{"timestamp":"2025-06-24T10:11:13.482453","level":"info","event":"-----------edit: {'title': 'Q135040018', 'user': 'Immanuelle', 'is_bot': False, 'server_name': 'www.wikidata.org', 'timestamp': 1750758642}-------------","logger":"unusual_prefix_05f7c68866a4b9981d661b83f7c582db0b838856_wiki_monitoring"}
{"timestamp":"2025-06-24T10:11:13.484275","level":"info","event":"----------------Processing messages: <cimpl.Message object at 0x73af8e94bf40>------------","logger":"unusual_prefix_05f7c68866a4b9981d661b83f7c582db0b838856_wiki_monitoring"}
{"timestamp":"2025-06-24T10:11:13.484359","level":"info","event":"-----------edit: {'title': 'Q135051512', 'user': 'BitBerry2000', 'is_bot': False, 'server_name': 'www.wikidata.org', 'timestamp': 1750758641}-------------","logger":"unusual_prefix_05f7c68866a4b9981d661b83f7c582db0b838856_wiki_monitoring"}
{"timestamp":"2025-06-24T10:11:13.486219","level":"info","event":"----------------Processing messages: <cimpl.Message object at 0x73af8e94afc0>------------","logger":"unusual_prefix_05f7c68866a4b9981d661b83f7c582db0b838856_wiki_monitoring"}
{"timestamp":"2025-06-24T10:11:13.486303","level":"info","event":"-----------edit: {'title': 'Q110488633', 'user': 'Kbseah', 'is_bot': False, 'server_name': 'www.wikidata.org', 'timestamp': 1750758642}-------------","logger":"unusual_prefix_05f7c68866a4b9981d661b83f7c582db0b838856_wiki_monitoring"}
{"timestamp":"2025-06-24T10:11:13.488152","level":"info","event":"----------------Processing messages: <cimpl.Message object at 0x73af8e994c40>------------","logger":"unusual_prefix_05f7c68866a4b9981d661b83f7c582db0b838856_wiki_monitoring"}
{"timestamp":"2025-06-24T10:11:13.488232","level":"info","event":"-----------edit: {'title': 'Category:PD US NOAA', 'user': 'PantheraLeo1359531', 'is_bot': False, 'server_name': 'commons.wikimedia.org', 'timestamp': 1750758641}-------------","logger":"unusual_prefix_05f7c68866a4b9981d661b83f7c582db0b838856_wiki_monitoring"}
{"timestamp":"2025-06-24T10:11:13.490067","level":"info","event":"----------------Processing messages: <cimpl.Message object at 0x73af8e9954c0>------------","logger":"unusual_prefix_05f7c68866a4b9981d661b83f7c582db0b838856_wiki_monitoring"}
{"timestamp":"2025-06-24T10:11:13.490153","level":"info","event":"-----------edit: {'title': 'File:Marter Maintal 0183.jpg', 'user': 'MB-one', 'is_bot': False, 'server_name': 'commons.wikimedia.org', 'timestamp': 1750758641}-------------","logger":"unusual_prefix_05f7c68866a4b9981d661b83f7c582db0b838856_wiki_monitoring"}
{"timestamp":"2025-06-24T10:11:13.492029","level":"info","event":"----------------Processing messages: <cimpl.Message object at 0x73af8e9951c0>------------","logger":"unusual_prefix_05f7c68866a4b9981d661b83f7c582db0b838856_wiki_monitoring"}
{"timestamp":"2025-06-24T10:11:13.492116","level":"info","event":"-----------edit: {'title': 'دل دیا درد لیا', 'user': 'ZumrahBot', 'is_bot': True, 'server_name': 'ur.wikipedia.org', 'timestamp': 1750758640}-------------","logger":"unusual_prefix_05f7c68866a4b9981d661b83f7c582db0b838856_wiki_monitoring"}
{"timestamp":"2025-06-24T10:11:13.494095","level":"info","event":"----------------Processing messages: <cimpl.Message object at 0x73af8e995a40>------------","logger":"unusual_prefix_05f7c68866a4b9981d661b83f7c582db0b838856_wiki_monitoring"}
{"timestamp":"2025-06-24T10:11:13.494185","level":"info","event":"-----------edit: {'title': 'mamsell', 'user': 'WingerBot', 'is_bot': True, 'server_name': 'en.wiktionary.org', 'timestamp': 1750758641}-------------","logger":"unusual_prefix_05f7c68866a4b9981d661b83f7c582db0b838856_wiki_monitoring"}
{"timestamp":"2025-06-24T10:11:13.496059","level":"info","event":"----------------Processing messages: <cimpl.Message object at 0x73af8e995040>------------","logger":"unusual_prefix_05f7c68866a4b9981d661b83f7c582db0b838856_wiki_monitoring"}
{"timestamp":"2025-06-24T10:11:13.496144","level":"info","event":"-----------edit: {'title': 'Category:PD-USGov missing SDC copyright status', 'user': 'PantheraLeo1359531', 'is_bot': False, 'server_name': 'commons.wikimedia.org', 'timestamp': 1750758641}-------------","logger":"unusual_prefix_05f7c68866a4b9981d661b83f7c582db0b838856_wiki_monitoring"}
{"timestamp":"2025-06-24T10:11:13.498067","level":"info","event":"----------------Processing messages: <cimpl.Message object at 0x73af8e994840>------------","logger":"unusual_prefix_05f7c68866a4b9981d661b83f7c582db0b838856_wiki_monitoring"}
{"timestamp":"2025-06-24T10:11:13.498152","level":"info","event":"-----------edit: {'title': 'Q65622007', 'user': 'Florentyna', 'is_bot': False, 'server_name': 'www.wikidata.org', 'timestamp': 1750758643}-------------","logger":"unusual_prefix_05f7c68866a4b9981d661b83f7c582db0b838856_wiki_monitoring"}
{"timestamp":"2025-06-24T10:11:13.500094","level":"info","event":"----------------Processing messages: <cimpl.Message object at 0x73af8e994440>------------","logger":"unusual_prefix_05f7c68866a4b9981d661b83f7c582db0b838856_wiki_monitoring"}
{"timestamp":"2025-06-24T10:11:13.500178","level":"info","event":"-----------edit: {'title': 'Category:GOES-19 ABI FD imagery of Hurricane Erick (2025) (GeoColor)', 'user': 'PantheraLeo1359531', 'is_bot': False, 'server_name': 'commons.wikimedia.org', 'timestamp': 1750758641}-------------","logger":"unusual_prefix_05f7c68866a4b9981d661b83f7c582db0b838856_wiki_monitoring"}
{"timestamp":"2025-06-24T10:11:13.502071","level":"info","event":"----------------Processing messages: <cimpl.Message object at 0x73af8e994a40>------------","logger":"unusual_prefix_05f7c68866a4b9981d661b83f7c582db0b838856_wiki_monitoring"}
{"timestamp":"2025-06-24T10:11:13.502156","level":"info","event":"-----------edit: {'title': 'Category:Images from NOAA uploaded by PantheraLeo1359531', 'user': 'PantheraLeo1359531', 'is_bot': False, 'server_name': 'commons.wikimedia.org', 'timestamp': 1750758641}-------------","logger":"unusual_prefix_05f7c68866a4b9981d661b83f7c582db0b838856_wiki_monitoring"}
{"timestamp":"2025-06-24T10:11:13.504068","level":"info","event":"----------------Processing messages: <cimpl.Message object at 0x73af8e994ac0>------------","logger":"unusual_prefix_05f7c68866a4b9981d661b83f7c582db0b838856_wiki_monitoring"}
{"timestamp":"2025-06-24T10:11:13.504155","level":"info","event":"-----------edit: {'title': 'Category:Files uploaded by PantheraLeo1359531', 'user': 'PantheraLeo1359531', 'is_bot': False, 'server_name': 'commons.wikimedia.org', 'timestamp': 1750758641}-------------","logger":"unusual_prefix_05f7c68866a4b9981d661b83f7c582db0b838856_wiki_monitoring"}
{"timestamp":"2025-06-24T10:11:13.506097","level":"info","event":"----------------Processing messages: <cimpl.Message object at 0x73af8e9945c0>------------","logger":"unusual_prefix_05f7c68866a4b9981d661b83f7c582db0b838856_wiki_monitoring"}
{"timestamp":"2025-06-24T10:11:13.506184","level":"info","event":"-----------edit: {'title': 'File:Drapeau fr département Alpes-de-Haute-Provence.svg', 'user': 'Kontributor 2K', 'is_bot': False, 'server_name': 'commons.wikimedia.org', 'timestamp': 1750758641}-------------","logger":"unusual_prefix_05f7c68866a4b9981d661b83f7c582db0b838856_wiki_monitoring"}
{"timestamp":"2025-06-24T10:11:13.508130","level":"info","event":"----------------Processing messages: <cimpl.Message object at 0x73af8e94bec0>------------","logger":"unusual_prefix_05f7c68866a4b9981d661b83f7c582db0b838856_wiki_monitoring"}
{"timestamp":"2025-06-24T10:11:13.508216","level":"info","event":"-----------edit: {'title': 'Category:Quality images of Bavaria', 'user': 'MB-one', 'is_bot': False, 'server_name': 'commons.wikimedia.org', 'timestamp': 1750758640}-------------","logger":"unusual_prefix_05f7c68866a4b9981d661b83f7c582db0b838856_wiki_monitoring"}
{"timestamp":"2025-06-24T10:11:13.510225","level":"info","event":"----------------Processing messages: <cimpl.Message object at 0x73af8e94bac0>------------","logger":"unusual_prefix_05f7c68866a4b9981d661b83f7c582db0b838856_wiki_monitoring"}
{"timestamp":"2025-06-24T10:11:13.510315","level":"info","event":"-----------edit: {'title': 'Q65116886', 'user': 'Florentyna', 'is_bot': False, 'server_name': 'www.wikidata.org', 'timestamp': 1750758642}-------------","logger":"unusual_prefix_05f7c68866a4b9981d661b83f7c582db0b838856_wiki_monitoring"}
{"timestamp":"2025-06-24T10:11:13.512269","level":"info","event":"----------------Processing messages: <cimpl.Message object at 0x73af8e94b7c0>------------","logger":"unusual_prefix_05f7c68866a4b9981d661b83f7c582db0b838856_wiki_monitoring"}
{"timestamp":"2025-06-24T10:11:13.512355","level":"info","event":"-----------edit: {'title': 'Q65622007', 'user': 'Florentyna', 'is_bot': False, 'server_name': 'www.wikidata.org', 'timestamp': 1750758642}-------------","logger":"unusual_prefix_05f7c68866a4b9981d661b83f7c582db0b838856_wiki_monitoring"}
{"timestamp":"2025-06-24T10:11:13.514321","level":"info","event":"----------------Processing messages: <cimpl.Message object at 0x73af8e9945c0>------------","logger":"unusual_prefix_05f7c68866a4b9981d661b83f7c582db0b838856_wiki_monitoring"}
{"timestamp":"2025-06-24T10:11:13.514408","level":"info","event":"-----------edit: {'title': 'Mathc initiation/a81', 'user': 'Xhungab', 'is_bot': False, 'server_name': 'fr.wikibooks.org', 'timestamp': 1750758642}-------------","logger":"unusual_prefix_05f7c68866a4b9981d661b83f7c582db0b838856_wiki_monitoring"}
{"timestamp":"2025-06-24T10:11:13.516225","level":"info","event":"----------------Processing messages: <cimpl.Message object at 0x73af8e994940>------------","logger":"unusual_prefix_05f7c68866a4b9981d661b83f7c582db0b838856_wiki_monitoring"}
{"timestamp":"2025-06-24T10:11:13.516309","level":"info","event":"-----------edit: {'title': 'Wikidata:Database reports/Constraint violations/P6005', 'user': 'KrBot2', 'is_bot': True, 'server_name': 'www.wikidata.org', 'timestamp': 1750758634}-------------","logger":"unusual_prefix_05f7c68866a4b9981d661b83f7c582db0b838856_wiki_monitoring"}
{"timestamp":"2025-06-24T10:11:13.518121","level":"info","event":"----------------Processing messages: <cimpl.Message object at 0x73af8e994740>------------","logger":"unusual_prefix_05f7c68866a4b9981d661b83f7c582db0b838856_wiki_monitoring"}
{"timestamp":"2025-06-24T10:11:13.518207","level":"info","event":"-----------edit: {'title': 'Q110488601', 'user': 'Kbseah', 'is_bot': False, 'server_name': 'www.wikidata.org', 'timestamp': 1750758642}-------------","logger":"unusual_prefix_05f7c68866a4b9981d661b83f7c582db0b838856_wiki_monitoring"}
{"timestamp":"2025-06-24T10:11:13.520254","level":"info","event":"----------------Processing messages: <cimpl.Message object at 0x73af8e994e40>------------","logger":"unusual_prefix_05f7c68866a4b9981d661b83f7c582db0b838856_wiki_monitoring"}
{"timestamp":"2025-06-24T10:11:13.520524","level":"info","event":"-----------edit: {'title': 'Q92674662', 'user': 'Kbseah', 'is_bot': False, 'server_name': 'www.wikidata.org', 'timestamp': 1750758642}-------------","logger":"unusual_prefix_05f7c68866a4b9981d661b83f7c582db0b838856_wiki_monitoring"}
{"timestamp":"2025-06-24T10:11:13.522572","level":"info","event":"----------------Processing messages: <cimpl.Message object at 0x73af8e994040>------------","logger":"unusual_prefix_05f7c68866a4b9981d661b83f7c582db0b838856_wiki_monitoring"}
{"timestamp":"2025-06-24T10:11:13.522657","level":"info","event":"-----------edit: {'title': 'Q125266547', 'user': 'Arch2all', 'is_bot': False, 'server_name': 'www.wikidata.org', 'timestamp': 1750758643}-------------","logger":"unusual_prefix_05f7c68866a4b9981d661b83f7c582db0b838856_wiki_monitoring"}
{"timestamp":"2025-06-24T10:11:13.524623","level":"info","event":"----------------Processing messages: <cimpl.Message object at 0x73af8e9952c0>------------","logger":"unusual_prefix_05f7c68866a4b9981d661b83f7c582db0b838856_wiki_monitoring"}
{"timestamp":"2025-06-24T10:11:13.524706","level":"info","event":"-----------edit: {'title': 'Участник:193.233.229.148', 'user': 'QBA-bot', 'is_bot': True, 'server_name': 'ru.wikiquote.org', 'timestamp': 1750758643}-------------","logger":"unusual_prefix_05f7c68866a4b9981d661b83f7c582db0b838856_wiki_monitoring"}
{"timestamp":"2025-06-24T10:11:13.526740","level":"info","event":"----------------Processing messages: <cimpl.Message object at 0x73af8e9954c0>------------","logger":"unusual_prefix_05f7c68866a4b9981d661b83f7c582db0b838856_wiki_monitoring"}
{"timestamp":"2025-06-24T10:11:13.526829","level":"info","event":"-----------edit: {'title': \"File:Opening Bangor's £148,000 swimming pool, that is not being used by schools (1515722).jpg\", 'user': 'SchlurcherBot', 'is_bot': True, 'server_name': 'commons.wikimedia.org', 'timestamp': 1750758642}-------------","logger":"unusual_prefix_05f7c68866a4b9981d661b83f7c582db0b838856_wiki_monitoring"}
{"timestamp":"2025-06-24T10:11:13.528637","level":"info","event":"----------------Processing messages: <cimpl.Message object at 0x73af8e994ec0>------------","logger":"unusual_prefix_05f7c68866a4b9981d661b83f7c582db0b838856_wiki_monitoring"}
{"timestamp":"2025-06-24T10:11:13.528723","level":"info","event":"-----------edit: {'title': 'Q134616488', 'user': 'Florentyna', 'is_bot': False, 'server_name': 'www.wikidata.org', 'timestamp': 1750758643}-------------","logger":"unusual_prefix_05f7c68866a4b9981d661b83f7c582db0b838856_wiki_monitoring"}
{"timestamp":"2025-06-24T10:11:13.530661","level":"info","event":"----------------Processing messages: <cimpl.Message object at 0x73af8e995540>------------","logger":"unusual_prefix_05f7c68866a4b9981d661b83f7c582db0b838856_wiki_monitoring"}
{"timestamp":"2025-06-24T10:11:13.530745","level":"info","event":"-----------edit: {'title': 'Discussion:Daniel Owassa', 'user': 'Madaraizen20', 'is_bot': False, 'server_name': 'fr.wikipedia.org', 'timestamp': 1750758642}-------------","logger":"unusual_prefix_05f7c68866a4b9981d661b83f7c582db0b838856_wiki_monitoring"}
{"timestamp":"2025-06-24T10:11:13.532565","level":"info","event":"----------------Processing messages: <cimpl.Message object at 0x73af8e995740>------------","logger":"unusual_prefix_05f7c68866a4b9981d661b83f7c582db0b838856_wiki_monitoring"}
{"timestamp":"2025-06-24T10:11:13.532657","level":"info","event":"-----------edit: {'title': 'File:NDL1266756 最新法律 - 笑ひながら研究出来る part4.pdf', 'user': 'MidleadingBot', 'is_bot': True, 'server_name': 'commons.wikimedia.org', 'timestamp': 1750758642}-------------","logger":"unusual_prefix_05f7c68866a4b9981d661b83f7c582db0b838856_wiki_monitoring"}
{"timestamp":"2025-06-24T10:11:13.534660","level":"info","event":"----------------Processing messages: <cimpl.Message object at 0x73af8e94bec0>------------","logger":"unusual_prefix_05f7c68866a4b9981d661b83f7c582db0b838856_wiki_monitoring"}
{"timestamp":"2025-06-24T10:11:13.534750","level":"info","event":"-----------edit: {'title': 'Q125266547', 'user': 'Arch2all', 'is_bot': False, 'server_name': 'www.wikidata.org', 'timestamp': 1750758643}-------------","logger":"unusual_prefix_05f7c68866a4b9981d661b83f7c582db0b838856_wiki_monitoring"}
{"timestamp":"2025-06-24T10:11:13.536512","level":"info","event":"----------------Processing messages: <cimpl.Message object at 0x73af8e94afc0>------------","logger":"unusual_prefix_05f7c68866a4b9981d661b83f7c582db0b838856_wiki_monitoring"}
{"timestamp":"2025-06-24T10:11:13.536594","level":"info","event":"-----------edit: {'title': 'Earl of Errol', 'user': '2001:863:203:1416:C99F:F789:9D3D:5E88', 'is_bot': False, 'server_name': 'en.wikipedia.org', 'timestamp': 1750758642}-------------","logger":"unusual_prefix_05f7c68866a4b9981d661b83f7c582db0b838856_wiki_monitoring"}
{"timestamp":"2025-06-24T10:11:13.538476","level":"info","event":"----------------Processing messages: <cimpl.Message object at 0x73af8e994ec0>------------","logger":"unusual_prefix_05f7c68866a4b9981d661b83f7c582db0b838856_wiki_monitoring"}
{"timestamp":"2025-06-24T10:11:13.538556","level":"info","event":"-----------edit: {'title': 'Q134616488', 'user': 'Florentyna', 'is_bot': False, 'server_name': 'www.wikidata.org', 'timestamp': 1750758643}-------------","logger":"unusual_prefix_05f7c68866a4b9981d661b83f7c582db0b838856_wiki_monitoring"}
{"timestamp":"2025-06-24T10:11:13.540509","level":"info","event":"----------------Processing messages: <cimpl.Message object at 0x73af8e9950c0>------------","logger":"unusual_prefix_05f7c68866a4b9981d661b83f7c582db0b838856_wiki_monitoring"}
{"timestamp":"2025-06-24T10:11:13.540598","level":"info","event":"-----------edit: {'title': 'File:Метелик - 20250624 071327.jpg', 'user': 'Микола Василечко', 'is_bot': False, 'server_name': 'commons.wikimedia.org', 'timestamp': 1750758642}-------------","logger":"unusual_prefix_05f7c68866a4b9981d661b83f7c582db0b838856_wiki_monitoring"}
{"timestamp":"2025-06-24T10:11:13.543146","level":"info","event":"----------------Processing messages: <cimpl.Message object at 0x73af8e995240>------------","logger":"unusual_prefix_05f7c68866a4b9981d661b83f7c582db0b838856_wiki_monitoring"}
{"timestamp":"2025-06-24T10:11:13.543247","level":"info","event":"-----------edit: {'title': 'Википедия:Откуда редактируют Русскую Википедию', 'user': 'Mitte27', 'is_bot': False, 'server_name': 'ru.wikipedia.org', 'timestamp': 1750758643}-------------","logger":"unusual_prefix_05f7c68866a4b9981d661b83f7c582db0b838856_wiki_monitoring"}
{"timestamp":"2025-06-24T10:11:13.545250","level":"info","event":"----------------Processing messages: <cimpl.Message object at 0x73af8e994340>------------","logger":"unusual_prefix_05f7c68866a4b9981d661b83f7c582db0b838856_wiki_monitoring"}
{"timestamp":"2025-06-24T10:11:13.545344","level":"info","event":"-----------edit: {'title': 'Q80104080', 'user': 'Florentyna', 'is_bot': False, 'server_name': 'www.wikidata.org', 'timestamp': 1750758643}-------------","logger":"unusual_prefix_05f7c68866a4b9981d661b83f7c582db0b838856_wiki_monitoring"}
{"timestamp":"2025-06-24T10:11:13.547266","level":"info","event":"----------------Processing messages: <cimpl.Message object at 0x73af8e995140>------------","logger":"unusual_prefix_05f7c68866a4b9981d661b83f7c582db0b838856_wiki_monitoring"}
{"timestamp":"2025-06-24T10:11:13.547353","level":"info","event":"-----------edit: {'title': 'Category:香港历史模板', 'user': 'MoAiSang', 'is_bot': False, 'server_name': 'zh.wikipedia.org', 'timestamp': 1750758640}-------------","logger":"unusual_prefix_05f7c68866a4b9981d661b83f7c582db0b838856_wiki_monitoring"}
{"timestamp":"2025-06-24T10:11:13.549163","level":"info","event":"----------------Processing messages: <cimpl.Message object at 0x73af8e9956c0>------------","logger":"unusual_prefix_05f7c68866a4b9981d661b83f7c582db0b838856_wiki_monitoring"}
{"timestamp":"2025-06-24T10:11:13.549247","level":"info","event":"-----------edit: {'title': 'sultân', 'user': 'WingerBot', 'is_bot': True, 'server_name': 'en.wiktionary.org', 'timestamp': 1750758642}-------------","logger":"unusual_prefix_05f7c68866a4b9981d661b83f7c582db0b838856_wiki_monitoring"}
{"timestamp":"2025-06-24T10:11:13.551147","level":"info","event":"----------------Processing messages: <cimpl.Message object at 0x73af8e995440>------------","logger":"unusual_prefix_05f7c68866a4b9981d661b83f7c582db0b838856_wiki_monitoring"}
{"timestamp":"2025-06-24T10:11:13.551234","level":"info","event":"-----------edit: {'title': 'Q135051513', 'user': 'BitBerry2000', 'is_bot': False, 'server_name': 'www.wikidata.org', 'timestamp': 1750758642}-------------","logger":"unusual_prefix_05f7c68866a4b9981d661b83f7c582db0b838856_wiki_monitoring"}
{"timestamp":"2025-06-24T10:11:13.553200","level":"info","event":"----------------Processing messages: <cimpl.Message object at 0x73af8e9940c0>------------","logger":"unusual_prefix_05f7c68866a4b9981d661b83f7c582db0b838856_wiki_monitoring"}
{"timestamp":"2025-06-24T10:11:13.553290","level":"info","event":"-----------edit: {'title': 'Q135050003', 'user': 'Rebexho', 'is_bot': False, 'server_name': 'www.wikidata.org', 'timestamp': 1750758643}-------------","logger":"unusual_prefix_05f7c68866a4b9981d661b83f7c582db0b838856_wiki_monitoring"}
{"timestamp":"2025-06-24T10:11:13.555274","level":"info","event":"----------------Processing messages: <cimpl.Message object at 0x73af8e9947c0>------------","logger":"unusual_prefix_05f7c68866a4b9981d661b83f7c582db0b838856_wiki_monitoring"}
{"timestamp":"2025-06-24T10:11:13.555361","level":"info","event":"-----------edit: {'title': 'Q110974404', 'user': 'Kristbaumbot', 'is_bot': True, 'server_name': 'www.wikidata.org', 'timestamp': 1750758643}-------------","logger":"unusual_prefix_05f7c68866a4b9981d661b83f7c582db0b838856_wiki_monitoring"}
{"timestamp":"2025-06-24T10:11:13.557255","level":"info","event":"----------------Processing messages: <cimpl.Message object at 0x73af8e994f40>------------","logger":"unusual_prefix_05f7c68866a4b9981d661b83f7c582db0b838856_wiki_monitoring"}
{"timestamp":"2025-06-24T10:11:13.557341","level":"info","event":"-----------edit: {'title': 'Q110488612', 'user': 'Kbseah', 'is_bot': False, 'server_name': 'www.wikidata.org', 'timestamp': 1750758643}-------------","logger":"unusual_prefix_05f7c68866a4b9981d661b83f7c582db0b838856_wiki_monitoring"}
{"timestamp":"2025-06-24T10:11:13.559275","level":"info","event":"----------------Processing messages: <cimpl.Message object at 0x73af8e994ac0>------------","logger":"unusual_prefix_05f7c68866a4b9981d661b83f7c582db0b838856_wiki_monitoring"}
{"timestamp":"2025-06-24T10:11:13.559358","level":"info","event":"-----------edit: {'title': 'Category:Quality images of Bavaria', 'user': 'MB-one', 'is_bot': False, 'server_name': 'commons.wikimedia.org', 'timestamp': 1750758641}-------------","logger":"unusual_prefix_05f7c68866a4b9981d661b83f7c582db0b838856_wiki_monitoring"}
{"timestamp":"2025-06-24T10:11:13.561596","level":"info","event":"----------------Processing messages: <cimpl.Message object at 0x73af8e94bdc0>------------","logger":"unusual_prefix_05f7c68866a4b9981d661b83f7c582db0b838856_wiki_monitoring"}
{"timestamp":"2025-06-24T10:11:13.561684","level":"info","event":"-----------edit: {'title': 'Q39202623', 'user': 'Cewbot', 'is_bot': True, 'server_name': 'www.wikidata.org', 'timestamp': 1750758642}-------------","logger":"unusual_prefix_05f7c68866a4b9981d661b83f7c582db0b838856_wiki_monitoring"}
{"timestamp":"2025-06-24T10:11:13.564496","level":"info","event":"----------------Processing messages: <cimpl.Message object at 0x73af8e94bb40>------------","logger":"unusual_prefix_05f7c68866a4b9981d661b83f7c582db0b838856_wiki_monitoring"}
{"timestamp":"2025-06-24T10:11:13.564604","level":"info","event":"-----------edit: {'title': 'File:Marter Maintal 0184.jpg', 'user': 'MB-one', 'is_bot': False, 'server_name': 'commons.wikimedia.org', 'timestamp': 1750758642}-------------","logger":"unusual_prefix_05f7c68866a4b9981d661b83f7c582db0b838856_wiki_monitoring"}
{"timestamp":"2025-06-24T10:11:13.567196","level":"info","event":"----------------Processing messages: <cimpl.Message object at 0x73af8e994ac0>------------","logger":"unusual_prefix_05f7c68866a4b9981d661b83f7c582db0b838856_wiki_monitoring"}
{"timestamp":"2025-06-24T10:11:13.567291","level":"info","event":"-----------edit: {'title': 'Q135050003', 'user': 'Rebexho', 'is_bot': False, 'server_name': 'www.wikidata.org', 'timestamp': 1750758643}-------------","logger":"unusual_prefix_05f7c68866a4b9981d661b83f7c582db0b838856_wiki_monitoring"}
{"timestamp":"2025-06-24T10:11:13.569557","level":"info","event":"----------------Processing messages: <cimpl.Message object at 0x73af8e994f40>------------","logger":"unusual_prefix_05f7c68866a4b9981d661b83f7c582db0b838856_wiki_monitoring"}
{"timestamp":"2025-06-24T10:11:13.569647","level":"info","event":"-----------edit: {'title': 'Обговорення:Гарбовиці', 'user': 'RarBot', 'is_bot': True, 'server_name': 'uk.wikipedia.org', 'timestamp': 1750758643}-------------","logger":"unusual_prefix_05f7c68866a4b9981d661b83f7c582db0b838856_wiki_monitoring"}
{"timestamp":"2025-06-24T10:11:13.571836","level":"info","event":"----------------Processing messages: <cimpl.Message object at 0x73af8e994bc0>------------","logger":"unusual_prefix_05f7c68866a4b9981d661b83f7c582db0b838856_wiki_monitoring"}
{"timestamp":"2025-06-24T10:11:13.571932","level":"info","event":"-----------edit: {'title': 'Q92678076', 'user': 'Kbseah', 'is_bot': False, 'server_name': 'www.wikidata.org', 'timestamp': 1750758643}-------------","logger":"unusual_prefix_05f7c68866a4b9981d661b83f7c582db0b838856_wiki_monitoring"}
{"timestamp":"2025-06-24T10:11:13.574115","level":"info","event":"----------------Processing messages: <cimpl.Message object at 0x73af8e994840>------------","logger":"unusual_prefix_05f7c68866a4b9981d661b83f7c582db0b838856_wiki_monitoring"}
{"timestamp":"2025-06-24T10:11:13.574219","level":"info","event":"-----------edit: {'title': 'Категория:Википедия:Статьи, требующие уточнения источников', 'user': 'Werter1995', 'is_bot': False, 'server_name': 'ru.wikipedia.org', 'timestamp': 1750758639}-------------","logger":"unusual_prefix_05f7c68866a4b9981d661b83f7c582db0b838856_wiki_monitoring"}
{"timestamp":"2025-06-24T10:11:13.576454","level":"info","event":"----------------Processing messages: <cimpl.Message object at 0x73af8e995040>------------","logger":"unusual_prefix_05f7c68866a4b9981d661b83f7c582db0b838856_wiki_monitoring"}
{"timestamp":"2025-06-24T10:11:13.576555","level":"info","event":"-----------edit: {'title': 'File:Memorial Day 2015 (18140067746).jpg', 'user': 'CuratorBot', 'is_bot': True, 'server_name': 'commons.wikimedia.org', 'timestamp': 1750758643}-------------","logger":"unusual_prefix_05f7c68866a4b9981d661b83f7c582db0b838856_wiki_monitoring"}
{"timestamp":"2025-06-24T10:11:13.578766","level":"info","event":"----------------Processing messages: <cimpl.Message object at 0x73af8e995a40>------------","logger":"unusual_prefix_05f7c68866a4b9981d661b83f7c582db0b838856_wiki_monitoring"}
{"timestamp":"2025-06-24T10:11:13.578868","level":"info","event":"-----------edit: {'title': 'Категория:Википедия:Нет страницы с августа 2023', 'user': 'Werter1995', 'is_bot': False, 'server_name': 'ru.wikipedia.org', 'timestamp': 1750758639}-------------","logger":"unusual_prefix_05f7c68866a4b9981d661b83f7c582db0b838856_wiki_monitoring"}
{"timestamp":"2025-06-24T10:11:13.580985","level":"info","event":"----------------Processing messages: <cimpl.Message object at 0x73af8e9951c0>------------","logger":"unusual_prefix_05f7c68866a4b9981d661b83f7c582db0b838856_wiki_monitoring"}
{"timestamp":"2025-06-24T10:11:13.581078","level":"info","event":"-----------edit: {'title': 'User talk:Mizan0072023', 'user': 'Count Count', 'is_bot': False, 'server_name': 'en.wikipedia.org', 'timestamp': 1750758643}-------------","logger":"unusual_prefix_05f7c68866a4b9981d661b83f7c582db0b838856_wiki_monitoring"}
{"timestamp":"2025-06-24T10:11:13.583178","level":"info","event":"----------------Processing messages: <cimpl.Message object at 0x73af8e9953c0>------------","logger":"unusual_prefix_05f7c68866a4b9981d661b83f7c582db0b838856_wiki_monitoring"}
{"timestamp":"2025-06-24T10:11:13.583277","level":"info","event":"-----------edit: {'title': 'Категория:Википедия:Статьи со ссылками на книгу без указания страницы более 14 дней', 'user': 'Werter1995', 'is_bot': False, 'server_name': 'ru.wikipedia.org', 'timestamp': 1750758639}-------------","logger":"unusual_prefix_05f7c68866a4b9981d661b83f7c582db0b838856_wiki_monitoring"}
{"timestamp":"2025-06-24T10:11:13.585423","level":"info","event":"----------------Processing messages: <cimpl.Message object at 0x73af8e994c40>------------","logger":"unusual_prefix_05f7c68866a4b9981d661b83f7c582db0b838856_wiki_monitoring"}
{"timestamp":"2025-06-24T10:11:13.585569","level":"info","event":"-----------edit: {'title': 'Q124526901', 'user': 'Chabe01', 'is_bot': False, 'server_name': 'www.wikidata.org', 'timestamp': 1750758643}-------------","logger":"unusual_prefix_05f7c68866a4b9981d661b83f7c582db0b838856_wiki_monitoring"}
{"timestamp":"2025-06-24T10:11:13.587639","level":"info","event":"----------------Processing messages: <cimpl.Message object at 0x73af8e994d40>------------","logger":"unusual_prefix_05f7c68866a4b9981d661b83f7c582db0b838856_wiki_monitoring"}
{"timestamp":"2025-06-24T10:11:13.587733","level":"info","event":"-----------edit: {'title': 'Q80104082', 'user': 'Florentyna', 'is_bot': False, 'server_name': 'www.wikidata.org', 'timestamp': 1750758643}-------------","logger":"unusual_prefix_05f7c68866a4b9981d661b83f7c582db0b838856_wiki_monitoring"}
{"timestamp":"2025-06-24T10:11:13.590017","level":"info","event":"----------------Processing messages: <cimpl.Message object at 0x73af8e9942c0>------------","logger":"unusual_prefix_05f7c68866a4b9981d661b83f7c582db0b838856_wiki_monitoring"}
{"timestamp":"2025-06-24T10:11:13.590120","level":"info","event":"-----------edit: {'title': 'Q134616489', 'user': 'Florentyna', 'is_bot': False, 'server_name': 'www.wikidata.org', 'timestamp': 1750758644}-------------","logger":"unusual_prefix_05f7c68866a4b9981d661b83f7c582db0b838856_wiki_monitoring"}
{"timestamp":"2025-06-24T10:11:13.592268","level":"info","event":"----------------Processing messages: <cimpl.Message object at 0x73af8e94bc40>------------","logger":"unusual_prefix_05f7c68866a4b9981d661b83f7c582db0b838856_wiki_monitoring"}
{"timestamp":"2025-06-24T10:11:13.592369","level":"info","event":"-----------edit: {'title': 'Diego Velázquez de Cuéllar', 'user': 'Onel5969', 'is_bot': False, 'server_name': 'en.wikipedia.org', 'timestamp': 1750758641}-------------","logger":"unusual_prefix_05f7c68866a4b9981d661b83f7c582db0b838856_wiki_monitoring"}
{"timestamp":"2025-06-24T10:11:13.594571","level":"info","event":"----------------Processing messages: <cimpl.Message object at 0x73af8e94af40>------------","logger":"unusual_prefix_05f7c68866a4b9981d661b83f7c582db0b838856_wiki_monitoring"}
{"timestamp":"2025-06-24T10:11:13.594668","level":"info","event":"-----------edit: {'title': 'Category:Invalid SVG created with Inkscape:Flags', 'user': 'Kontributor 2K', 'is_bot': False, 'server_name': 'commons.wikimedia.org', 'timestamp': 1750758641}-------------","logger":"unusual_prefix_05f7c68866a4b9981d661b83f7c582db0b838856_wiki_monitoring"}
{"timestamp":"2025-06-24T10:11:13.601204","level":"info","event":"Done. Returned value was: None","logger":"airflow.task.operators.airflow.providers.standard.operators.python.PythonOperator"}
