{"timestamp":"2025-06-25T23:49:37.201356","level":"info","event":"DAG bundles loaded: dags-folder","logger":"airflow.dag_processing.bundles.manager.DagBundlesManager"}
{"timestamp":"2025-06-25T23:49:37.201822","level":"info","event":"Filling up the DagBag from /opt/airflow/dags/wiki_monitoring.py","logger":"airflow.models.dagbag.DagBag"}
{"timestamp":"2025-06-25T23:49:37.312574","level":"info","event":"Topic wiki_edits already exists","logger":"unusual_prefix_05f7c68866a4b9981d661b83f7c582db0b838856_wiki_monitoring"}
{"timestamp":"2025-06-25T23:49:37.312682","level":"info","event":"---------------topic metadata created------------------","logger":"unusual_prefix_05f7c68866a4b9981d661b83f7c582db0b838856_wiki_monitoring"}
{"timestamp":"2025-06-25T23:49:40.455503","level":"info","event":"----------------Processing messages: <cimpl.Message object at 0x74b9ca85a540>------------","logger":"unusual_prefix_05f7c68866a4b9981d661b83f7c582db0b838856_wiki_monitoring"}
{"timestamp":"2025-06-25T23:49:40.455694","level":"info","event":"-----------edit: {'title': 'Qualifikation zum ICC Men’s T20 World Cup 2026', 'user': 'Becksperson', 'is_bot': False, 'server_name': 'de.wikipedia.org', 'timestamp': 1750771595}-------------","logger":"unusual_prefix_05f7c68866a4b9981d661b83f7c582db0b838856_wiki_monitoring"}
{"timestamp":"2025-06-25T23:49:40.461563","level":"info","event":"----------------Processing messages: <cimpl.Message object at 0x74b9ca85b0c0>------------","logger":"unusual_prefix_05f7c68866a4b9981d661b83f7c582db0b838856_wiki_monitoring"}
{"timestamp":"2025-06-25T23:49:40.461685","level":"info","event":"-----------edit: {'title': 'Template:CHIf2', 'user': '影佑樹', 'is_bot': False, 'server_name': 'ja.wikipedia.org', 'timestamp': 1750771598}-------------","logger":"unusual_prefix_05f7c68866a4b9981d661b83f7c582db0b838856_wiki_monitoring"}
{"timestamp":"2025-06-25T23:49:40.471056","level":"info","event":"----------------Processing messages: <cimpl.Message object at 0x74b9ca85b5c0>------------","logger":"unusual_prefix_05f7c68866a4b9981d661b83f7c582db0b838856_wiki_monitoring"}
{"timestamp":"2025-06-25T23:49:40.471204","level":"info","event":"-----------edit: {'title': 'Didemnidae', 'user': 'OAbot', 'is_bot': True, 'server_name': 'en.wikipedia.org', 'timestamp': 1750771595}-------------","logger":"unusual_prefix_05f7c68866a4b9981d661b83f7c582db0b838856_wiki_monitoring"}
{"timestamp":"2025-06-25T23:49:40.474981","level":"info","event":"----------------Processing messages: <cimpl.Message object at 0x74b9ca85b940>------------","logger":"unusual_prefix_05f7c68866a4b9981d661b83f7c582db0b838856_wiki_monitoring"}
{"timestamp":"2025-06-25T23:49:40.475088","level":"info","event":"-----------edit: {'title': 'File:Luis Otero, 1925.png', 'user': 'BotMultichillT', 'is_bot': True, 'server_name': 'commons.wikimedia.org', 'timestamp': 1750771599}-------------","logger":"unusual_prefix_05f7c68866a4b9981d661b83f7c582db0b838856_wiki_monitoring"}
{"timestamp":"2025-06-25T23:49:40.478652","level":"info","event":"----------------Processing messages: <cimpl.Message object at 0x74b9ca85bac0>------------","logger":"unusual_prefix_05f7c68866a4b9981d661b83f7c582db0b838856_wiki_monitoring"}
{"timestamp":"2025-06-25T23:49:40.478804","level":"info","event":"-----------edit: {'title': 'File:Thirparappu waterfalls in Thamilnadu (76942).jpg', 'user': 'SchlurcherBot', 'is_bot': True, 'server_name': 'commons.wikimedia.org', 'timestamp': 1750771599}-------------","logger":"unusual_prefix_05f7c68866a4b9981d661b83f7c582db0b838856_wiki_monitoring"}
{"timestamp":"2025-06-25T23:49:40.482700","level":"info","event":"----------------Processing messages: <cimpl.Message object at 0x74b9ca85bcc0>------------","logger":"unusual_prefix_05f7c68866a4b9981d661b83f7c582db0b838856_wiki_monitoring"}
{"timestamp":"2025-06-25T23:49:40.482833","level":"info","event":"-----------edit: {'title': 'Q414748', 'user': 'Logjohn', 'is_bot': False, 'server_name': 'www.wikidata.org', 'timestamp': 1750771599}-------------","logger":"unusual_prefix_05f7c68866a4b9981d661b83f7c582db0b838856_wiki_monitoring"}
{"timestamp":"2025-06-25T23:49:40.485639","level":"info","event":"----------------Processing messages: <cimpl.Message object at 0x74b9ca85bac0>------------","logger":"unusual_prefix_05f7c68866a4b9981d661b83f7c582db0b838856_wiki_monitoring"}
{"timestamp":"2025-06-25T23:49:40.485799","level":"info","event":"-----------edit: {'title': '10月23日', 'user': 'Aronlee90', 'is_bot': False, 'server_name': 'zh.wikipedia.org', 'timestamp': 1750771598}-------------","logger":"unusual_prefix_05f7c68866a4b9981d661b83f7c582db0b838856_wiki_monitoring"}
{"timestamp":"2025-06-25T23:49:40.488112","level":"info","event":"----------------Processing messages: <cimpl.Message object at 0x74b9ca85bdc0>------------","logger":"unusual_prefix_05f7c68866a4b9981d661b83f7c582db0b838856_wiki_monitoring"}
{"timestamp":"2025-06-25T23:49:40.488214","level":"info","event":"-----------edit: {'title': 'Category:チリのスポーツ関連のテンプレート', 'user': '影佑樹', 'is_bot': False, 'server_name': 'ja.wikipedia.org', 'timestamp': 1750771598}-------------","logger":"unusual_prefix_05f7c68866a4b9981d661b83f7c582db0b838856_wiki_monitoring"}
{"timestamp":"2025-06-25T23:49:40.490166","level":"info","event":"----------------Processing messages: <cimpl.Message object at 0x74b9ca85b9c0>------------","logger":"unusual_prefix_05f7c68866a4b9981d661b83f7c582db0b838856_wiki_monitoring"}
{"timestamp":"2025-06-25T23:49:40.490258","level":"info","event":"-----------edit: {'title': 'Ρεθυμνιακός Α.Ο.', 'user': 'Eranistis1908', 'is_bot': False, 'server_name': 'el.wikipedia.org', 'timestamp': 1750771599}-------------","logger":"unusual_prefix_05f7c68866a4b9981d661b83f7c582db0b838856_wiki_monitoring"}
{"timestamp":"2025-06-25T23:49:40.492048","level":"info","event":"----------------Processing messages: <cimpl.Message object at 0x74b9ca85b8c0>------------","logger":"unusual_prefix_05f7c68866a4b9981d661b83f7c582db0b838856_wiki_monitoring"}
{"timestamp":"2025-06-25T23:49:40.492138","level":"info","event":"-----------edit: {'title': 'Участник:Leokand', 'user': 'Drakosh', 'is_bot': False, 'server_name': 'ru.wikipedia.org', 'timestamp': 1750771598}-------------","logger":"unusual_prefix_05f7c68866a4b9981d661b83f7c582db0b838856_wiki_monitoring"}
{"timestamp":"2025-06-25T23:49:40.493963","level":"info","event":"----------------Processing messages: <cimpl.Message object at 0x74b9ca85a3c0>------------","logger":"unusual_prefix_05f7c68866a4b9981d661b83f7c582db0b838856_wiki_monitoring"}
{"timestamp":"2025-06-25T23:49:40.494059","level":"info","event":"-----------edit: {'title': 'List of black Academy Award winners and nominees', 'user': 'Ebernardez', 'is_bot': False, 'server_name': 'en.wikipedia.org', 'timestamp': 1750771596}-------------","logger":"unusual_prefix_05f7c68866a4b9981d661b83f7c582db0b838856_wiki_monitoring"}
{"timestamp":"2025-06-25T23:49:40.496401","level":"info","event":"----------------Processing messages: <cimpl.Message object at 0x74b9ca85b240>------------","logger":"unusual_prefix_05f7c68866a4b9981d661b83f7c582db0b838856_wiki_monitoring"}
{"timestamp":"2025-06-25T23:49:40.496523","level":"info","event":"-----------edit: {'title': 'File:ÖBB Mureck Schreiner (66) (45044408735).jpg', 'user': 'Emijrpbot', 'is_bot': True, 'server_name': 'commons.wikimedia.org', 'timestamp': 1750771599}-------------","logger":"unusual_prefix_05f7c68866a4b9981d661b83f7c582db0b838856_wiki_monitoring"}
{"timestamp":"2025-06-25T23:49:40.498827","level":"info","event":"----------------Processing messages: <cimpl.Message object at 0x74b9ca8901c0>------------","logger":"unusual_prefix_05f7c68866a4b9981d661b83f7c582db0b838856_wiki_monitoring"}
{"timestamp":"2025-06-25T23:49:40.498947","level":"info","event":"-----------edit: {'title': 'File:La Clef des chansonniers ou Recueil des Vaudevilles depuis cent ans et plus, notez et recueillis pour la première fois par J. B. Christophe Ballard... Tome I - bpt6k3261425 (222 of 324).jpg', 'user': 'Gzen92Bot', 'is_bot': True, 'server_name': 'commons.wikimedia.org', 'timestamp': 1750771598}-------------","logger":"unusual_prefix_05f7c68866a4b9981d661b83f7c582db0b838856_wiki_monitoring"}
{"timestamp":"2025-06-25T23:49:40.501331","level":"info","event":"----------------Processing messages: <cimpl.Message object at 0x74b9ca890140>------------","logger":"unusual_prefix_05f7c68866a4b9981d661b83f7c582db0b838856_wiki_monitoring"}
{"timestamp":"2025-06-25T23:49:40.501451","level":"info","event":"-----------edit: {'title': 'Q414748', 'user': 'Logjohn', 'is_bot': False, 'server_name': 'www.wikidata.org', 'timestamp': 1750771599}-------------","logger":"unusual_prefix_05f7c68866a4b9981d661b83f7c582db0b838856_wiki_monitoring"}
{"timestamp":"2025-06-25T23:49:40.503996","level":"info","event":"----------------Processing messages: <cimpl.Message object at 0x74b9ca890440>------------","logger":"unusual_prefix_05f7c68866a4b9981d661b83f7c582db0b838856_wiki_monitoring"}
{"timestamp":"2025-06-25T23:49:40.504137","level":"info","event":"-----------edit: {'title': 'File:Lille mon morts face.jpg', 'user': 'Totorvdr59', 'is_bot': False, 'server_name': 'commons.wikimedia.org', 'timestamp': 1750771598}-------------","logger":"unusual_prefix_05f7c68866a4b9981d661b83f7c582db0b838856_wiki_monitoring"}
{"timestamp":"2025-06-25T23:49:40.506334","level":"info","event":"----------------Processing messages: <cimpl.Message object at 0x74b9ca890640>------------","logger":"unusual_prefix_05f7c68866a4b9981d661b83f7c582db0b838856_wiki_monitoring"}
{"timestamp":"2025-06-25T23:49:40.506449","level":"info","event":"-----------edit: {'title': 'Аспромонте (национальный парк)', 'user': 'KristinaKovalenko', 'is_bot': False, 'server_name': 'ru.wikipedia.org', 'timestamp': 1750771597}-------------","logger":"unusual_prefix_05f7c68866a4b9981d661b83f7c582db0b838856_wiki_monitoring"}
{"timestamp":"2025-06-25T23:49:40.508626","level":"info","event":"----------------Processing messages: <cimpl.Message object at 0x74b9ca890ac0>------------","logger":"unusual_prefix_05f7c68866a4b9981d661b83f7c582db0b838856_wiki_monitoring"}
{"timestamp":"2025-06-25T23:49:40.508725","level":"info","event":"-----------edit: {'title': 'Jeisyville, Illinois', 'user': 'ListeriaBot', 'is_bot': True, 'server_name': 'cy.wikipedia.org', 'timestamp': 1750771598}-------------","logger":"unusual_prefix_05f7c68866a4b9981d661b83f7c582db0b838856_wiki_monitoring"}
{"timestamp":"2025-06-25T23:49:40.510775","level":"info","event":"----------------Processing messages: <cimpl.Message object at 0x74b9ca890cc0>------------","logger":"unusual_prefix_05f7c68866a4b9981d661b83f7c582db0b838856_wiki_monitoring"}
{"timestamp":"2025-06-25T23:49:40.510880","level":"info","event":"-----------edit: {'title': 'Category:Noindexed pages', 'user': 'Proscribe', 'is_bot': False, 'server_name': 'en.wikipedia.org', 'timestamp': 1750771595}-------------","logger":"unusual_prefix_05f7c68866a4b9981d661b83f7c582db0b838856_wiki_monitoring"}
{"timestamp":"2025-06-25T23:49:40.512862","level":"info","event":"----------------Processing messages: <cimpl.Message object at 0x74b9ca890ac0>------------","logger":"unusual_prefix_05f7c68866a4b9981d661b83f7c582db0b838856_wiki_monitoring"}
{"timestamp":"2025-06-25T23:49:40.512948","level":"info","event":"-----------edit: {'title': 'Category:Biography articles of living people', 'user': 'Proscribe', 'is_bot': False, 'server_name': 'en.wikipedia.org', 'timestamp': 1750771595}-------------","logger":"unusual_prefix_05f7c68866a4b9981d661b83f7c582db0b838856_wiki_monitoring"}
{"timestamp":"2025-06-25T23:49:40.514814","level":"info","event":"----------------Processing messages: <cimpl.Message object at 0x74b9ca890f40>------------","logger":"unusual_prefix_05f7c68866a4b9981d661b83f7c582db0b838856_wiki_monitoring"}
{"timestamp":"2025-06-25T23:49:40.514902","level":"info","event":"-----------edit: {'title': 'Henri de Lacaze-Duthiers', 'user': 'Jameslwoodward', 'is_bot': False, 'server_name': 'commons.wikimedia.org', 'timestamp': 1750771600}-------------","logger":"unusual_prefix_05f7c68866a4b9981d661b83f7c582db0b838856_wiki_monitoring"}
{"timestamp":"2025-06-25T23:49:40.517714","level":"info","event":"----------------Processing messages: <cimpl.Message object at 0x74b9ca85b040>------------","logger":"unusual_prefix_05f7c68866a4b9981d661b83f7c582db0b838856_wiki_monitoring"}
{"timestamp":"2025-06-25T23:49:40.517810","level":"info","event":"-----------edit: {'title': 'Category:Start-Class biography articles', 'user': 'Proscribe', 'is_bot': False, 'server_name': 'en.wikipedia.org', 'timestamp': 1750771595}-------------","logger":"unusual_prefix_05f7c68866a4b9981d661b83f7c582db0b838856_wiki_monitoring"}
{"timestamp":"2025-06-25T23:49:40.519882","level":"info","event":"----------------Processing messages: <cimpl.Message object at 0x74b9ca85a440>------------","logger":"unusual_prefix_05f7c68866a4b9981d661b83f7c582db0b838856_wiki_monitoring"}
{"timestamp":"2025-06-25T23:49:40.519977","level":"info","event":"-----------edit: {'title': 'Q414748', 'user': 'Logjohn', 'is_bot': False, 'server_name': 'www.wikidata.org', 'timestamp': 1750771600}-------------","logger":"unusual_prefix_05f7c68866a4b9981d661b83f7c582db0b838856_wiki_monitoring"}
{"timestamp":"2025-06-25T23:49:40.521892","level":"info","event":"----------------Processing messages: <cimpl.Message object at 0x74b9ca85b540>------------","logger":"unusual_prefix_05f7c68866a4b9981d661b83f7c582db0b838856_wiki_monitoring"}
{"timestamp":"2025-06-25T23:49:40.521981","level":"info","event":"-----------edit: {'title': 'Catégorie:Portail:Années 2010/Articles liés', 'user': 'SenseiAC', 'is_bot': False, 'server_name': 'fr.wikipedia.org', 'timestamp': 1750771596}-------------","logger":"unusual_prefix_05f7c68866a4b9981d661b83f7c582db0b838856_wiki_monitoring"}
{"timestamp":"2025-06-25T23:49:40.523860","level":"info","event":"----------------Processing messages: <cimpl.Message object at 0x74b9ca85b4c0>------------","logger":"unusual_prefix_05f7c68866a4b9981d661b83f7c582db0b838856_wiki_monitoring"}
{"timestamp":"2025-06-25T23:49:40.523953","level":"info","event":"-----------edit: {'title': 'Io (moon)', 'user': '103.100.235.143', 'is_bot': False, 'server_name': 'en.wikipedia.org', 'timestamp': 1750771594}-------------","logger":"unusual_prefix_05f7c68866a4b9981d661b83f7c582db0b838856_wiki_monitoring"}
{"timestamp":"2025-06-25T23:49:40.526087","level":"info","event":"----------------Processing messages: <cimpl.Message object at 0x74b9ca85b740>------------","logger":"unusual_prefix_05f7c68866a4b9981d661b83f7c582db0b838856_wiki_monitoring"}
{"timestamp":"2025-06-25T23:49:40.526189","level":"info","event":"-----------edit: {'title': 'Category:Start-Class biography (actors and filmmakers) articles', 'user': 'Proscribe', 'is_bot': False, 'server_name': 'en.wikipedia.org', 'timestamp': 1750771595}-------------","logger":"unusual_prefix_05f7c68866a4b9981d661b83f7c582db0b838856_wiki_monitoring"}
{"timestamp":"2025-06-25T23:49:40.528328","level":"info","event":"----------------Processing messages: <cimpl.Message object at 0x74b9ca85b840>------------","logger":"unusual_prefix_05f7c68866a4b9981d661b83f7c582db0b838856_wiki_monitoring"}
{"timestamp":"2025-06-25T23:49:40.528429","level":"info","event":"-----------edit: {'title': 'Q125522602', 'user': 'Reblip', 'is_bot': False, 'server_name': 'www.wikidata.org', 'timestamp': 1750771600}-------------","logger":"unusual_prefix_05f7c68866a4b9981d661b83f7c582db0b838856_wiki_monitoring"}
{"timestamp":"2025-06-25T23:49:40.530519","level":"info","event":"----------------Processing messages: <cimpl.Message object at 0x74b9ca85bf40>------------","logger":"unusual_prefix_05f7c68866a4b9981d661b83f7c582db0b838856_wiki_monitoring"}
{"timestamp":"2025-06-25T23:49:40.530608","level":"info","event":"-----------edit: {'title': 'Category:Unknown-importance biography (actors and filmmakers) articles', 'user': 'Proscribe', 'is_bot': False, 'server_name': 'en.wikipedia.org', 'timestamp': 1750771595}-------------","logger":"unusual_prefix_05f7c68866a4b9981d661b83f7c582db0b838856_wiki_monitoring"}
{"timestamp":"2025-06-25T23:49:40.532722","level":"info","event":"----------------Processing messages: <cimpl.Message object at 0x74b9ca890cc0>------------","logger":"unusual_prefix_05f7c68866a4b9981d661b83f7c582db0b838856_wiki_monitoring"}
{"timestamp":"2025-06-25T23:49:40.532808","level":"info","event":"-----------edit: {'title': 'Catégorie:Portail:XXIe siècle/Articles liés', 'user': 'SenseiAC', 'is_bot': False, 'server_name': 'fr.wikipedia.org', 'timestamp': 1750771596}-------------","logger":"unusual_prefix_05f7c68866a4b9981d661b83f7c582db0b838856_wiki_monitoring"}
{"timestamp":"2025-06-25T23:49:40.534870","level":"info","event":"----------------Processing messages: <cimpl.Message object at 0x74b9ca890440>------------","logger":"unusual_prefix_05f7c68866a4b9981d661b83f7c582db0b838856_wiki_monitoring"}
{"timestamp":"2025-06-25T23:49:40.534963","level":"info","event":"-----------edit: {'title': \"File:Lucifer's Loch - geograph.org.uk - 7825193.jpg\", 'user': 'GeographBot', 'is_bot': True, 'server_name': 'commons.wikimedia.org', 'timestamp': 1750771600}-------------","logger":"unusual_prefix_05f7c68866a4b9981d661b83f7c582db0b838856_wiki_monitoring"}
{"timestamp":"2025-06-25T23:49:40.536895","level":"info","event":"----------------Processing messages: <cimpl.Message object at 0x74b9ca890dc0>------------","logger":"unusual_prefix_05f7c68866a4b9981d661b83f7c582db0b838856_wiki_monitoring"}
{"timestamp":"2025-06-25T23:49:40.536991","level":"info","event":"-----------edit: {'title': 'Category:Actors and filmmakers work group articles', 'user': 'Proscribe', 'is_bot': False, 'server_name': 'en.wikipedia.org', 'timestamp': 1750771595}-------------","logger":"unusual_prefix_05f7c68866a4b9981d661b83f7c582db0b838856_wiki_monitoring"}
{"timestamp":"2025-06-25T23:49:40.539077","level":"info","event":"----------------Processing messages: <cimpl.Message object at 0x74b9ca8907c0>------------","logger":"unusual_prefix_05f7c68866a4b9981d661b83f7c582db0b838856_wiki_monitoring"}
{"timestamp":"2025-06-25T23:49:40.539169","level":"info","event":"-----------edit: {'title': 'Catégorie:Portail:Cinquième République/Articles liés', 'user': 'SenseiAC', 'is_bot': False, 'server_name': 'fr.wikipedia.org', 'timestamp': 1750771596}-------------","logger":"unusual_prefix_05f7c68866a4b9981d661b83f7c582db0b838856_wiki_monitoring"}
{"timestamp":"2025-06-25T23:49:40.541354","level":"info","event":"----------------Processing messages: <cimpl.Message object at 0x74b9ca890140>------------","logger":"unusual_prefix_05f7c68866a4b9981d661b83f7c582db0b838856_wiki_monitoring"}
{"timestamp":"2025-06-25T23:49:40.541453","level":"info","event":"-----------edit: {'title': 'Catégorie:Portail:Libéralisme/Articles liés', 'user': 'SenseiAC', 'is_bot': False, 'server_name': 'fr.wikipedia.org', 'timestamp': 1750771596}-------------","logger":"unusual_prefix_05f7c68866a4b9981d661b83f7c582db0b838856_wiki_monitoring"}
{"timestamp":"2025-06-25T23:49:40.543561","level":"info","event":"----------------Processing messages: <cimpl.Message object at 0x74b9ca8908c0>------------","logger":"unusual_prefix_05f7c68866a4b9981d661b83f7c582db0b838856_wiki_monitoring"}
{"timestamp":"2025-06-25T23:49:40.543652","level":"info","event":"-----------edit: {'title': 'Category:Paintings of women', 'user': 'Doomhope', 'is_bot': False, 'server_name': 'en.wikipedia.org', 'timestamp': 1750771598}-------------","logger":"unusual_prefix_05f7c68866a4b9981d661b83f7c582db0b838856_wiki_monitoring"}
{"timestamp":"2025-06-25T23:49:40.545661","level":"info","event":"----------------Processing messages: <cimpl.Message object at 0x74b9ca85b740>------------","logger":"unusual_prefix_05f7c68866a4b9981d661b83f7c582db0b838856_wiki_monitoring"}
{"timestamp":"2025-06-25T23:49:40.545735","level":"info","event":"-----------edit: {'title': 'Category:Wikipedia requested photographs of actors and filmmakers', 'user': 'Proscribe', 'is_bot': False, 'server_name': 'en.wikipedia.org', 'timestamp': 1750771595}-------------","logger":"unusual_prefix_05f7c68866a4b9981d661b83f7c582db0b838856_wiki_monitoring"}
{"timestamp":"2025-06-25T23:49:40.547581","level":"info","event":"----------------Processing messages: <cimpl.Message object at 0x74b9ca85b5c0>------------","logger":"unusual_prefix_05f7c68866a4b9981d661b83f7c582db0b838856_wiki_monitoring"}
{"timestamp":"2025-06-25T23:49:40.547654","level":"info","event":"-----------edit: {'title': 'Morning Midas', 'user': 'Roupheinos', 'is_bot': False, 'server_name': 'de.wikipedia.org', 'timestamp': 1750771599}-------------","logger":"unusual_prefix_05f7c68866a4b9981d661b83f7c582db0b838856_wiki_monitoring"}
{"timestamp":"2025-06-25T23:49:40.549411","level":"info","event":"----------------Processing messages: <cimpl.Message object at 0x74b9ca85b7c0>------------","logger":"unusual_prefix_05f7c68866a4b9981d661b83f7c582db0b838856_wiki_monitoring"}
{"timestamp":"2025-06-25T23:49:40.549494","level":"info","event":"-----------edit: {'title': 'Category:Wikipedia requested photographs of people', 'user': 'Proscribe', 'is_bot': False, 'server_name': 'en.wikipedia.org', 'timestamp': 1750771595}-------------","logger":"unusual_prefix_05f7c68866a4b9981d661b83f7c582db0b838856_wiki_monitoring"}
{"timestamp":"2025-06-25T23:49:40.551421","level":"info","event":"----------------Processing messages: <cimpl.Message object at 0x74b9ca85bd40>------------","logger":"unusual_prefix_05f7c68866a4b9981d661b83f7c582db0b838856_wiki_monitoring"}
{"timestamp":"2025-06-25T23:49:40.551509","level":"info","event":"-----------edit: {'title': 'Category:WikiProject Biography articles', 'user': 'Proscribe', 'is_bot': False, 'server_name': 'en.wikipedia.org', 'timestamp': 1750771595}-------------","logger":"unusual_prefix_05f7c68866a4b9981d661b83f7c582db0b838856_wiki_monitoring"}
{"timestamp":"2025-06-25T23:49:40.553440","level":"info","event":"----------------Processing messages: <cimpl.Message object at 0x74b9ca85b6c0>------------","logger":"unusual_prefix_05f7c68866a4b9981d661b83f7c582db0b838856_wiki_monitoring"}
{"timestamp":"2025-06-25T23:49:40.553550","level":"info","event":"-----------edit: {'title': 'Category:Start-Class African diaspora articles', 'user': 'Proscribe', 'is_bot': False, 'server_name': 'en.wikipedia.org', 'timestamp': 1750771595}-------------","logger":"unusual_prefix_05f7c68866a4b9981d661b83f7c582db0b838856_wiki_monitoring"}
{"timestamp":"2025-06-25T23:49:40.555495","level":"info","event":"----------------Processing messages: <cimpl.Message object at 0x74b9ca85afc0>------------","logger":"unusual_prefix_05f7c68866a4b9981d661b83f7c582db0b838856_wiki_monitoring"}
{"timestamp":"2025-06-25T23:49:40.555584","level":"info","event":"-----------edit: {'title': 'File:Luis Pérez Pombo, 1925.png', 'user': 'BotMultichillT', 'is_bot': True, 'server_name': 'commons.wikimedia.org', 'timestamp': 1750771600}-------------","logger":"unusual_prefix_05f7c68866a4b9981d661b83f7c582db0b838856_wiki_monitoring"}
{"timestamp":"2025-06-25T23:49:40.557964","level":"info","event":"----------------Processing messages: <cimpl.Message object at 0x74b9ca85b8c0>------------","logger":"unusual_prefix_05f7c68866a4b9981d661b83f7c582db0b838856_wiki_monitoring"}
{"timestamp":"2025-06-25T23:49:40.558046","level":"info","event":"-----------edit: {'title': 'Category:Low-importance African diaspora articles', 'user': 'Proscribe', 'is_bot': False, 'server_name': 'en.wikipedia.org', 'timestamp': 1750771595}-------------","logger":"unusual_prefix_05f7c68866a4b9981d661b83f7c582db0b838856_wiki_monitoring"}
{"timestamp":"2025-06-25T23:49:40.560467","level":"info","event":"----------------Processing messages: <cimpl.Message object at 0x74b9ca85bbc0>------------","logger":"unusual_prefix_05f7c68866a4b9981d661b83f7c582db0b838856_wiki_monitoring"}
{"timestamp":"2025-06-25T23:49:40.560594","level":"info","event":"-----------edit: {'title': 'Benutzer:Kawona67/Artikelentwurf Jonathan Vervenne', 'user': 'Nordprinz', 'is_bot': False, 'server_name': 'de.wikipedia.org', 'timestamp': 1750771599}-------------","logger":"unusual_prefix_05f7c68866a4b9981d661b83f7c582db0b838856_wiki_monitoring"}
{"timestamp":"2025-06-25T23:49:40.563071","level":"info","event":"----------------Processing messages: <cimpl.Message object at 0x74b9ca8901c0>------------","logger":"unusual_prefix_05f7c68866a4b9981d661b83f7c582db0b838856_wiki_monitoring"}
{"timestamp":"2025-06-25T23:49:40.563174","level":"info","event":"-----------edit: {'title': 'Category:WikiProject African diaspora articles', 'user': 'Proscribe', 'is_bot': False, 'server_name': 'en.wikipedia.org', 'timestamp': 1750771595}-------------","logger":"unusual_prefix_05f7c68866a4b9981d661b83f7c582db0b838856_wiki_monitoring"}
{"timestamp":"2025-06-25T23:49:40.565234","level":"info","event":"----------------Processing messages: <cimpl.Message object at 0x74b9ca890a40>------------","logger":"unusual_prefix_05f7c68866a4b9981d661b83f7c582db0b838856_wiki_monitoring"}
{"timestamp":"2025-06-25T23:49:40.565327","level":"info","event":"-----------edit: {'title': 'Category:Files from Gallica', 'user': 'Gzen92Bot', 'is_bot': True, 'server_name': 'commons.wikimedia.org', 'timestamp': 1750771598}-------------","logger":"unusual_prefix_05f7c68866a4b9981d661b83f7c582db0b838856_wiki_monitoring"}
{"timestamp":"2025-06-25T23:49:40.567372","level":"info","event":"----------------Processing messages: <cimpl.Message object at 0x74b9ca890840>------------","logger":"unusual_prefix_05f7c68866a4b9981d661b83f7c582db0b838856_wiki_monitoring"}
{"timestamp":"2025-06-25T23:49:40.567493","level":"info","event":"-----------edit: {'title': 'Category:Start-Class WikiProject Women articles', 'user': 'Proscribe', 'is_bot': False, 'server_name': 'en.wikipedia.org', 'timestamp': 1750771595}-------------","logger":"unusual_prefix_05f7c68866a4b9981d661b83f7c582db0b838856_wiki_monitoring"}
{"timestamp":"2025-06-25T23:49:40.569370","level":"info","event":"----------------Processing messages: <cimpl.Message object at 0x74b9ca890640>------------","logger":"unusual_prefix_05f7c68866a4b9981d661b83f7c582db0b838856_wiki_monitoring"}
{"timestamp":"2025-06-25T23:49:40.569459","level":"info","event":"-----------edit: {'title': 'Category:All WikiProject Women-related pages', 'user': 'Proscribe', 'is_bot': False, 'server_name': 'en.wikipedia.org', 'timestamp': 1750771595}-------------","logger":"unusual_prefix_05f7c68866a4b9981d661b83f7c582db0b838856_wiki_monitoring"}
{"timestamp":"2025-06-25T23:49:40.571347","level":"info","event":"----------------Processing messages: <cimpl.Message object at 0x74b9ca891040>------------","logger":"unusual_prefix_05f7c68866a4b9981d661b83f7c582db0b838856_wiki_monitoring"}
{"timestamp":"2025-06-25T23:49:40.571438","level":"info","event":"-----------edit: {'title': 'Category:WikiProject Women articles', 'user': 'Proscribe', 'is_bot': False, 'server_name': 'en.wikipedia.org', 'timestamp': 1750771595}-------------","logger":"unusual_prefix_05f7c68866a4b9981d661b83f7c582db0b838856_wiki_monitoring"}
{"timestamp":"2025-06-25T23:49:40.573627","level":"info","event":"----------------Processing messages: <cimpl.Message object at 0x74b9ca85bbc0>------------","logger":"unusual_prefix_05f7c68866a4b9981d661b83f7c582db0b838856_wiki_monitoring"}
{"timestamp":"2025-06-25T23:49:40.573715","level":"info","event":"-----------edit: {'title': 'Category:Artworks without Wikidata item', 'user': 'Gzen92Bot', 'is_bot': True, 'server_name': 'commons.wikimedia.org', 'timestamp': 1750771598}-------------","logger":"unusual_prefix_05f7c68866a4b9981d661b83f7c582db0b838856_wiki_monitoring"}
{"timestamp":"2025-06-25T23:49:40.576047","level":"info","event":"----------------Processing messages: <cimpl.Message object at 0x74b9ca85bd40>------------","logger":"unusual_prefix_05f7c68866a4b9981d661b83f7c582db0b838856_wiki_monitoring"}
{"timestamp":"2025-06-25T23:49:40.576160","level":"info","event":"-----------edit: {'title': 'Lūi-pia̍t:Webarchive pang-bô͘ wayback liân-kiat', 'user': 'InternetArchiveBot', 'is_bot': True, 'server_name': 'zh-min-nan.wikipedia.org', 'timestamp': 1750771594}-------------","logger":"unusual_prefix_05f7c68866a4b9981d661b83f7c582db0b838856_wiki_monitoring"}
{"timestamp":"2025-06-25T23:49:40.578553","level":"info","event":"----------------Processing messages: <cimpl.Message object at 0x74b9ca85b7c0>------------","logger":"unusual_prefix_05f7c68866a4b9981d661b83f7c582db0b838856_wiki_monitoring"}
{"timestamp":"2025-06-25T23:49:40.578650","level":"info","event":"-----------edit: {'title': 'Category:PD France', 'user': 'Gzen92Bot', 'is_bot': True, 'server_name': 'commons.wikimedia.org', 'timestamp': 1750771598}-------------","logger":"unusual_prefix_05f7c68866a4b9981d661b83f7c582db0b838856_wiki_monitoring"}
{"timestamp":"2025-06-25T23:49:40.580798","level":"info","event":"----------------Processing messages: <cimpl.Message object at 0x74b9ca85b5c0>------------","logger":"unusual_prefix_05f7c68866a4b9981d661b83f7c582db0b838856_wiki_monitoring"}
{"timestamp":"2025-06-25T23:49:40.580894","level":"info","event":"-----------edit: {'title': 'Lūi-pia̍t:Internet Archive pang-bô͘', 'user': 'InternetArchiveBot', 'is_bot': True, 'server_name': 'zh-min-nan.wikipedia.org', 'timestamp': 1750771594}-------------","logger":"unusual_prefix_05f7c68866a4b9981d661b83f7c582db0b838856_wiki_monitoring"}
{"timestamp":"2025-06-25T23:49:40.583514","level":"info","event":"----------------Processing messages: <cimpl.Message object at 0x74b9ca85b740>------------","logger":"unusual_prefix_05f7c68866a4b9981d661b83f7c582db0b838856_wiki_monitoring"}
{"timestamp":"2025-06-25T23:49:40.583636","level":"info","event":"-----------edit: {'title': 'Category:PD-old missing SDC copyright status', 'user': 'Gzen92Bot', 'is_bot': True, 'server_name': 'commons.wikimedia.org', 'timestamp': 1750771598}-------------","logger":"unusual_prefix_05f7c68866a4b9981d661b83f7c582db0b838856_wiki_monitoring"}
{"timestamp":"2025-06-25T23:49:40.585909","level":"info","event":"----------------Processing messages: <cimpl.Message object at 0x74b9ca85b4c0>------------","logger":"unusual_prefix_05f7c68866a4b9981d661b83f7c582db0b838856_wiki_monitoring"}
{"timestamp":"2025-06-25T23:49:40.586013","level":"info","event":"-----------edit: {'title': 'Q414748', 'user': 'Logjohn', 'is_bot': False, 'server_name': 'www.wikidata.org', 'timestamp': 1750771600}-------------","logger":"unusual_prefix_05f7c68866a4b9981d661b83f7c582db0b838856_wiki_monitoring"}
{"timestamp":"2025-06-25T23:49:40.588054","level":"info","event":"----------------Processing messages: <cimpl.Message object at 0x74b9ca85b840>------------","logger":"unusual_prefix_05f7c68866a4b9981d661b83f7c582db0b838856_wiki_monitoring"}
{"timestamp":"2025-06-25T23:49:40.588164","level":"info","event":"-----------edit: {'title': 'Category:WikiProject Women in Red articles not associated with a meetup', 'user': 'Proscribe', 'is_bot': False, 'server_name': 'en.wikipedia.org', 'timestamp': 1750771595}-------------","logger":"unusual_prefix_05f7c68866a4b9981d661b83f7c582db0b838856_wiki_monitoring"}
{"timestamp":"2025-06-25T23:49:40.590187","level":"info","event":"----------------Processing messages: <cimpl.Message object at 0x74b9ca85be40>------------","logger":"unusual_prefix_05f7c68866a4b9981d661b83f7c582db0b838856_wiki_monitoring"}
{"timestamp":"2025-06-25T23:49:40.590276","level":"info","event":"-----------edit: {'title': 'Category:CC-PD-Mark', 'user': 'Gzen92Bot', 'is_bot': True, 'server_name': 'commons.wikimedia.org', 'timestamp': 1750771598}-------------","logger":"unusual_prefix_05f7c68866a4b9981d661b83f7c582db0b838856_wiki_monitoring"}
{"timestamp":"2025-06-25T23:49:40.592148","level":"info","event":"----------------Processing messages: <cimpl.Message object at 0x74b9ca890740>------------","logger":"unusual_prefix_05f7c68866a4b9981d661b83f7c582db0b838856_wiki_monitoring"}
{"timestamp":"2025-06-25T23:49:40.592235","level":"info","event":"-----------edit: {'title': 'Category:All WikiProject Women in Red pages', 'user': 'Proscribe', 'is_bot': False, 'server_name': 'en.wikipedia.org', 'timestamp': 1750771595}-------------","logger":"unusual_prefix_05f7c68866a4b9981d661b83f7c582db0b838856_wiki_monitoring"}
{"timestamp":"2025-06-25T23:49:40.594177","level":"info","event":"----------------Processing messages: <cimpl.Message object at 0x74b9ca890ec0>------------","logger":"unusual_prefix_05f7c68866a4b9981d661b83f7c582db0b838856_wiki_monitoring"}
{"timestamp":"2025-06-25T23:49:40.594263","level":"info","event":"-----------edit: {'title': 'Category:Edgar Boutry', 'user': 'Totorvdr59', 'is_bot': False, 'server_name': 'commons.wikimedia.org', 'timestamp': 1750771598}-------------","logger":"unusual_prefix_05f7c68866a4b9981d661b83f7c582db0b838856_wiki_monitoring"}
{"timestamp":"2025-06-25T23:49:40.596303","level":"info","event":"----------------Processing messages: <cimpl.Message object at 0x74b9ca890ac0>------------","logger":"unusual_prefix_05f7c68866a4b9981d661b83f7c582db0b838856_wiki_monitoring"}
{"timestamp":"2025-06-25T23:49:40.596389","level":"info","event":"-----------edit: {'title': 'Category:PD-old-100-expired', 'user': 'Gzen92Bot', 'is_bot': True, 'server_name': 'commons.wikimedia.org', 'timestamp': 1750771598}-------------","logger":"unusual_prefix_05f7c68866a4b9981d661b83f7c582db0b838856_wiki_monitoring"}
{"timestamp":"2025-06-25T23:49:40.598407","level":"info","event":"----------------Processing messages: <cimpl.Message object at 0x74b9ca890540>------------","logger":"unusual_prefix_05f7c68866a4b9981d661b83f7c582db0b838856_wiki_monitoring"}
{"timestamp":"2025-06-25T23:49:40.598497","level":"info","event":"-----------edit: {'title': 'Category:PD US expired', 'user': 'Gzen92Bot', 'is_bot': True, 'server_name': 'commons.wikimedia.org', 'timestamp': 1750771598}-------------","logger":"unusual_prefix_05f7c68866a4b9981d661b83f7c582db0b838856_wiki_monitoring"}
{"timestamp":"2025-06-25T23:49:40.600388","level":"info","event":"----------------Processing messages: <cimpl.Message object at 0x74b9ca890140>------------","logger":"unusual_prefix_05f7c68866a4b9981d661b83f7c582db0b838856_wiki_monitoring"}
{"timestamp":"2025-06-25T23:49:40.600477","level":"info","event":"-----------edit: {'title': \"2025 IHF Men's U21 Handball World Championship\", 'user': 'Kante4', 'is_bot': False, 'server_name': 'en.wikipedia.org', 'timestamp': 1750771595}-------------","logger":"unusual_prefix_05f7c68866a4b9981d661b83f7c582db0b838856_wiki_monitoring"}
{"timestamp":"2025-06-25T23:49:40.602561","level":"info","event":"----------------Processing messages: <cimpl.Message object at 0x74b9ca85b840>------------","logger":"unusual_prefix_05f7c68866a4b9981d661b83f7c582db0b838856_wiki_monitoring"}
{"timestamp":"2025-06-25T23:49:40.602648","level":"info","event":"-----------edit: {'title': 'Wikipedia:Bot requests/topic list', 'user': 'Cewbot', 'is_bot': True, 'server_name': 'en.wikipedia.org', 'timestamp': 1750771600}-------------","logger":"unusual_prefix_05f7c68866a4b9981d661b83f7c582db0b838856_wiki_monitoring"}
{"timestamp":"2025-06-25T23:49:40.604708","level":"info","event":"----------------Processing messages: <cimpl.Message object at 0x74b9ca85ba40>------------","logger":"unusual_prefix_05f7c68866a4b9981d661b83f7c582db0b838856_wiki_monitoring"}
{"timestamp":"2025-06-25T23:49:40.604799","level":"info","event":"-----------edit: {'title': 'Category:PD-US missing SDC copyright status', 'user': 'Gzen92Bot', 'is_bot': True, 'server_name': 'commons.wikimedia.org', 'timestamp': 1750771598}-------------","logger":"unusual_prefix_05f7c68866a4b9981d661b83f7c582db0b838856_wiki_monitoring"}
{"timestamp":"2025-06-25T23:49:40.607023","level":"info","event":"----------------Processing messages: <cimpl.Message object at 0x74b9ca85bb40>------------","logger":"unusual_prefix_05f7c68866a4b9981d661b83f7c582db0b838856_wiki_monitoring"}
{"timestamp":"2025-06-25T23:49:40.607119","level":"info","event":"-----------edit: {'title': 'Category:Sheet music from Gallica (Bibliothèque nationale de France) uploaded by Gzen92Bot', 'user': 'Gzen92Bot', 'is_bot': True, 'server_name': 'commons.wikimedia.org', 'timestamp': 1750771598}-------------","logger":"unusual_prefix_05f7c68866a4b9981d661b83f7c582db0b838856_wiki_monitoring"}
{"timestamp":"2025-06-25T23:49:40.609011","level":"info","event":"----------------Processing messages: <cimpl.Message object at 0x74b9ca85b640>------------","logger":"unusual_prefix_05f7c68866a4b9981d661b83f7c582db0b838856_wiki_monitoring"}
{"timestamp":"2025-06-25T23:49:40.609101","level":"info","event":"-----------edit: {'title': 'Category:La Clef des chansonniers ou Recueil des Vaudevilles depuis cent ans et plus, notez et recueillis pour la première fois par J. B. Christophe Ballard... Tome I - bpt6k3261425', 'user': 'Gzen92Bot', 'is_bot': True, 'server_name': 'commons.wikimedia.org', 'timestamp': 1750771598}-------------","logger":"unusual_prefix_05f7c68866a4b9981d661b83f7c582db0b838856_wiki_monitoring"}
{"timestamp":"2025-06-25T23:49:40.611005","level":"info","event":"----------------Processing messages: <cimpl.Message object at 0x74b9ca85b0c0>------------","logger":"unusual_prefix_05f7c68866a4b9981d661b83f7c582db0b838856_wiki_monitoring"}
{"timestamp":"2025-06-25T23:49:40.611088","level":"info","event":"-----------edit: {'title': 'Category:Reflistで3列を指定しているページ', 'user': 'Mister0124', 'is_bot': False, 'server_name': 'ja.wikipedia.org', 'timestamp': 1750771596}-------------","logger":"unusual_prefix_05f7c68866a4b9981d661b83f7c582db0b838856_wiki_monitoring"}
{"timestamp":"2025-06-25T23:49:40.613131","level":"info","event":"----------------Processing messages: <cimpl.Message object at 0x74b9ca85a940>------------","logger":"unusual_prefix_05f7c68866a4b9981d661b83f7c582db0b838856_wiki_monitoring"}
{"timestamp":"2025-06-25T23:49:40.613223","level":"info","event":"-----------edit: {'title': 'Central Brahui Range', 'user': 'Sir Calculus', 'is_bot': False, 'server_name': 'en.wikipedia.org', 'timestamp': 1750771599}-------------","logger":"unusual_prefix_05f7c68866a4b9981d661b83f7c582db0b838856_wiki_monitoring"}
{"timestamp":"2025-06-25T23:49:40.615250","level":"info","event":"----------------Processing messages: <cimpl.Message object at 0x74b9ca85a3c0>------------","logger":"unusual_prefix_05f7c68866a4b9981d661b83f7c582db0b838856_wiki_monitoring"}
{"timestamp":"2025-06-25T23:49:40.615342","level":"info","event":"-----------edit: {'title': 'ইগনাসিও মিরামোন', 'user': 'Waraka Saki', 'is_bot': False, 'server_name': 'bn.wikipedia.org', 'timestamp': 1750771599}-------------","logger":"unusual_prefix_05f7c68866a4b9981d661b83f7c582db0b838856_wiki_monitoring"}
{"timestamp":"2025-06-25T23:49:40.617280","level":"info","event":"----------------Processing messages: <cimpl.Message object at 0x74b9ca85b240>------------","logger":"unusual_prefix_05f7c68866a4b9981d661b83f7c582db0b838856_wiki_monitoring"}
{"timestamp":"2025-06-25T23:49:40.617368","level":"info","event":"-----------edit: {'title': 'Utilisateur:37.61.113.216', 'user': 'Ariel Provost', 'is_bot': False, 'server_name': 'fr.wikipedia.org', 'timestamp': 1750771601}-------------","logger":"unusual_prefix_05f7c68866a4b9981d661b83f7c582db0b838856_wiki_monitoring"}
{"timestamp":"2025-06-25T23:49:40.619330","level":"info","event":"----------------Processing messages: <cimpl.Message object at 0x74b9ca890ac0>------------","logger":"unusual_prefix_05f7c68866a4b9981d661b83f7c582db0b838856_wiki_monitoring"}
{"timestamp":"2025-06-25T23:49:40.619422","level":"info","event":"-----------edit: {'title': 'Q123407349', 'user': 'Florentyna', 'is_bot': False, 'server_name': 'www.wikidata.org', 'timestamp': 1750771601}-------------","logger":"unusual_prefix_05f7c68866a4b9981d661b83f7c582db0b838856_wiki_monitoring"}
{"timestamp":"2025-06-25T23:49:40.621278","level":"info","event":"----------------Processing messages: <cimpl.Message object at 0x74b9ca8909c0>------------","logger":"unusual_prefix_05f7c68866a4b9981d661b83f7c582db0b838856_wiki_monitoring"}
{"timestamp":"2025-06-25T23:49:40.621372","level":"info","event":"-----------edit: {'title': 'Q5146094', 'user': '83.61.242.133', 'is_bot': False, 'server_name': 'www.wikidata.org', 'timestamp': 1750771601}-------------","logger":"unusual_prefix_05f7c68866a4b9981d661b83f7c582db0b838856_wiki_monitoring"}
{"timestamp":"2025-06-25T23:49:40.623205","level":"info","event":"----------------Processing messages: <cimpl.Message object at 0x74b9ca890740>------------","logger":"unusual_prefix_05f7c68866a4b9981d661b83f7c582db0b838856_wiki_monitoring"}
{"timestamp":"2025-06-25T23:49:40.623280","level":"info","event":"-----------edit: {'title': 'Q414748', 'user': 'Logjohn', 'is_bot': False, 'server_name': 'www.wikidata.org', 'timestamp': 1750771601}-------------","logger":"unusual_prefix_05f7c68866a4b9981d661b83f7c582db0b838856_wiki_monitoring"}
{"timestamp":"2025-06-25T23:49:40.625111","level":"info","event":"----------------Processing messages: <cimpl.Message object at 0x74b9ca8901c0>------------","logger":"unusual_prefix_05f7c68866a4b9981d661b83f7c582db0b838856_wiki_monitoring"}
{"timestamp":"2025-06-25T23:49:40.625188","level":"info","event":"-----------edit: {'title': 'Sensor', 'user': '2A02:8109:9CA2:A700:399C:E593:42F8:C165', 'is_bot': False, 'server_name': 'en.wikipedia.org', 'timestamp': 1750771599}-------------","logger":"unusual_prefix_05f7c68866a4b9981d661b83f7c582db0b838856_wiki_monitoring"}
{"timestamp":"2025-06-25T23:49:40.627579","level":"info","event":"----------------Processing messages: <cimpl.Message object at 0x74b9ca890840>------------","logger":"unusual_prefix_05f7c68866a4b9981d661b83f7c582db0b838856_wiki_monitoring"}
{"timestamp":"2025-06-25T23:49:40.627679","level":"info","event":"-----------edit: {'title': 'User talk:2001:4DD1:6BF2:0:A4CD:2A11:903C:A79D', 'user': '185.113.97.247', 'is_bot': False, 'server_name': 'en.wikipedia.org', 'timestamp': 1750771601}-------------","logger":"unusual_prefix_05f7c68866a4b9981d661b83f7c582db0b838856_wiki_monitoring"}
{"timestamp":"2025-06-25T23:49:40.629932","level":"info","event":"----------------Processing messages: <cimpl.Message object at 0x74b9ca85b8c0>------------","logger":"unusual_prefix_05f7c68866a4b9981d661b83f7c582db0b838856_wiki_monitoring"}
{"timestamp":"2025-06-25T23:49:40.630028","level":"info","event":"-----------edit: {'title': 'Q2415950', 'user': 'Kbseah', 'is_bot': False, 'server_name': 'www.wikidata.org', 'timestamp': 1750771601}-------------","logger":"unusual_prefix_05f7c68866a4b9981d661b83f7c582db0b838856_wiki_monitoring"}
{"timestamp":"2025-06-25T23:49:40.632123","level":"info","event":"----------------Processing messages: <cimpl.Message object at 0x74b9ca85b640>------------","logger":"unusual_prefix_05f7c68866a4b9981d661b83f7c582db0b838856_wiki_monitoring"}
{"timestamp":"2025-06-25T23:49:40.632220","level":"info","event":"-----------edit: {'title': 'تصنيف:صفحات تستخدم امتداد JsonConfig', 'user': 'MenoBot', 'is_bot': True, 'server_name': 'ar.wikipedia.org', 'timestamp': 1750771591}-------------","logger":"unusual_prefix_05f7c68866a4b9981d661b83f7c582db0b838856_wiki_monitoring"}
{"timestamp":"2025-06-25T23:49:40.635751","level":"info","event":"----------------Processing messages: <cimpl.Message object at 0x74b9ca85b0c0>------------","logger":"unusual_prefix_05f7c68866a4b9981d661b83f7c582db0b838856_wiki_monitoring"}
{"timestamp":"2025-06-25T23:49:40.635861","level":"info","event":"-----------edit: {'title': 'User talk:2001:4DD1:6BF2:0:A4CD:2A11:903C:A79D', 'user': '185.113.97.247', 'is_bot': False, 'server_name': 'en.wikipedia.org', 'timestamp': 1750771601}-------------","logger":"unusual_prefix_05f7c68866a4b9981d661b83f7c582db0b838856_wiki_monitoring"}
{"timestamp":"2025-06-25T23:49:40.638342","level":"info","event":"----------------Processing messages: <cimpl.Message object at 0x74b9ca85bcc0>------------","logger":"unusual_prefix_05f7c68866a4b9981d661b83f7c582db0b838856_wiki_monitoring"}
{"timestamp":"2025-06-25T23:49:40.638443","level":"info","event":"-----------edit: {'title': 'Q4924529', 'user': 'Kbseah', 'is_bot': False, 'server_name': 'www.wikidata.org', 'timestamp': 1750771601}-------------","logger":"unusual_prefix_05f7c68866a4b9981d661b83f7c582db0b838856_wiki_monitoring"}
{"timestamp":"2025-06-25T23:49:40.641137","level":"info","event":"----------------Processing messages: <cimpl.Message object at 0x74b9ca85bac0>------------","logger":"unusual_prefix_05f7c68866a4b9981d661b83f7c582db0b838856_wiki_monitoring"}
{"timestamp":"2025-06-25T23:49:40.641254","level":"info","event":"-----------edit: {'title': 'Q135064465', 'user': 'MmaBaggio', 'is_bot': False, 'server_name': 'www.wikidata.org', 'timestamp': 1750771601}-------------","logger":"unusual_prefix_05f7c68866a4b9981d661b83f7c582db0b838856_wiki_monitoring"}
{"timestamp":"2025-06-25T23:49:40.643875","level":"info","event":"----------------Processing messages: <cimpl.Message object at 0x74b9ca85ac40>------------","logger":"unusual_prefix_05f7c68866a4b9981d661b83f7c582db0b838856_wiki_monitoring"}
{"timestamp":"2025-06-25T23:49:40.643986","level":"info","event":"-----------edit: {'title': 'File:Illusion, poème en 9 chants de Jean Lahor - bpt6k885554q (19 of 60).jpg', 'user': 'Gzen92Bot', 'is_bot': True, 'server_name': 'commons.wikimedia.org', 'timestamp': 1750771599}-------------","logger":"unusual_prefix_05f7c68866a4b9981d661b83f7c582db0b838856_wiki_monitoring"}
{"timestamp":"2025-06-25T23:49:40.646442","level":"info","event":"----------------Processing messages: <cimpl.Message object at 0x74b9ca85acc0>------------","logger":"unusual_prefix_05f7c68866a4b9981d661b83f7c582db0b838856_wiki_monitoring"}
{"timestamp":"2025-06-25T23:49:40.646542","level":"info","event":"-----------edit: {'title': 'אליעד שרגא', 'user': 'יודוקוליס', 'is_bot': False, 'server_name': 'he.wikipedia.org', 'timestamp': 1750771601}-------------","logger":"unusual_prefix_05f7c68866a4b9981d661b83f7c582db0b838856_wiki_monitoring"}
{"timestamp":"2025-06-25T23:49:40.648632","level":"info","event":"----------------Processing messages: <cimpl.Message object at 0x74b9ca85bec0>------------","logger":"unusual_prefix_05f7c68866a4b9981d661b83f7c582db0b838856_wiki_monitoring"}
{"timestamp":"2025-06-25T23:49:40.648732","level":"info","event":"-----------edit: {'title': 'Q414748', 'user': 'Logjohn', 'is_bot': False, 'server_name': 'www.wikidata.org', 'timestamp': 1750771601}-------------","logger":"unusual_prefix_05f7c68866a4b9981d661b83f7c582db0b838856_wiki_monitoring"}
{"timestamp":"2025-06-25T23:49:40.651025","level":"info","event":"----------------Processing messages: <cimpl.Message object at 0x74b9ca890740>------------","logger":"unusual_prefix_05f7c68866a4b9981d661b83f7c582db0b838856_wiki_monitoring"}
{"timestamp":"2025-06-25T23:49:40.651132","level":"info","event":"-----------edit: {'title': 'Johannes Paulus II', 'user': 'Katlinke', 'is_bot': False, 'server_name': 'sv.wikipedia.org', 'timestamp': 1750771598}-------------","logger":"unusual_prefix_05f7c68866a4b9981d661b83f7c582db0b838856_wiki_monitoring"}
{"timestamp":"2025-06-25T23:49:40.653241","level":"info","event":"----------------Processing messages: <cimpl.Message object at 0x74b9ca8907c0>------------","logger":"unusual_prefix_05f7c68866a4b9981d661b83f7c582db0b838856_wiki_monitoring"}
{"timestamp":"2025-06-25T23:49:40.653338","level":"info","event":"-----------edit: {'title': 'جنگ\\u200cهای یهود و روم', 'user': 'MohsenAkbarnejad', 'is_bot': False, 'server_name': 'fa.wikipedia.org', 'timestamp': 1750771598}-------------","logger":"unusual_prefix_05f7c68866a4b9981d661b83f7c582db0b838856_wiki_monitoring"}
{"timestamp":"2025-06-25T23:49:40.655374","level":"info","event":"----------------Processing messages: <cimpl.Message object at 0x74b9ca890fc0>------------","logger":"unusual_prefix_05f7c68866a4b9981d661b83f7c582db0b838856_wiki_monitoring"}
{"timestamp":"2025-06-25T23:49:40.655459","level":"info","event":"-----------edit: {'title': 'Q868595', 'user': 'Florentyna', 'is_bot': False, 'server_name': 'www.wikidata.org', 'timestamp': 1750771601}-------------","logger":"unusual_prefix_05f7c68866a4b9981d661b83f7c582db0b838856_wiki_monitoring"}
{"timestamp":"2025-06-25T23:49:40.657437","level":"info","event":"----------------Processing messages: <cimpl.Message object at 0x74b9ca890cc0>------------","logger":"unusual_prefix_05f7c68866a4b9981d661b83f7c582db0b838856_wiki_monitoring"}
{"timestamp":"2025-06-25T23:49:40.657540","level":"info","event":"-----------edit: {'title': 'Property:P642', 'user': 'Desoda', 'is_bot': False, 'server_name': 'www.wikidata.org', 'timestamp': 1750771601}-------------","logger":"unusual_prefix_05f7c68866a4b9981d661b83f7c582db0b838856_wiki_monitoring"}
{"timestamp":"2025-06-25T23:49:40.659557","level":"info","event":"----------------Processing messages: <cimpl.Message object at 0x74b9ca890dc0>------------","logger":"unusual_prefix_05f7c68866a4b9981d661b83f7c582db0b838856_wiki_monitoring"}
{"timestamp":"2025-06-25T23:49:40.659651","level":"info","event":"-----------edit: {'title': 'Q414748', 'user': 'Logjohn', 'is_bot': False, 'server_name': 'www.wikidata.org', 'timestamp': 1750771602}-------------","logger":"unusual_prefix_05f7c68866a4b9981d661b83f7c582db0b838856_wiki_monitoring"}
{"timestamp":"2025-06-25T23:49:40.661773","level":"info","event":"----------------Processing messages: <cimpl.Message object at 0x74b9ca85b4c0>------------","logger":"unusual_prefix_05f7c68866a4b9981d661b83f7c582db0b838856_wiki_monitoring"}
{"timestamp":"2025-06-25T23:49:40.661878","level":"info","event":"-----------edit: {'title': 'Q135064522', 'user': 'Чаховіч Уладзіслаў', 'is_bot': False, 'server_name': 'www.wikidata.org', 'timestamp': 1750771601}-------------","logger":"unusual_prefix_05f7c68866a4b9981d661b83f7c582db0b838856_wiki_monitoring"}
{"timestamp":"2025-06-25T23:49:40.664083","level":"info","event":"----------------Processing messages: <cimpl.Message object at 0x74b9ca85bac0>------------","logger":"unusual_prefix_05f7c68866a4b9981d661b83f7c582db0b838856_wiki_monitoring"}
{"timestamp":"2025-06-25T23:49:40.664448","level":"info","event":"-----------edit: {'title': 'Категория:ПРО:ГЕО:Последняя правка: в текущем месяце', 'user': 'KristinaKovalenko', 'is_bot': False, 'server_name': 'ru.wikipedia.org', 'timestamp': 1750771597}-------------","logger":"unusual_prefix_05f7c68866a4b9981d661b83f7c582db0b838856_wiki_monitoring"}
{"timestamp":"2025-06-25T23:49:40.666809","level":"info","event":"----------------Processing messages: <cimpl.Message object at 0x74b9ca85bcc0>------------","logger":"unusual_prefix_05f7c68866a4b9981d661b83f7c582db0b838856_wiki_monitoring"}
{"timestamp":"2025-06-25T23:49:40.666909","level":"info","event":"-----------edit: {'title': 'Q5146094', 'user': '83.61.242.133', 'is_bot': False, 'server_name': 'www.wikidata.org', 'timestamp': 1750771602}-------------","logger":"unusual_prefix_05f7c68866a4b9981d661b83f7c582db0b838856_wiki_monitoring"}
{"timestamp":"2025-06-25T23:49:40.668965","level":"info","event":"----------------Processing messages: <cimpl.Message object at 0x74b9ca85b0c0>------------","logger":"unusual_prefix_05f7c68866a4b9981d661b83f7c582db0b838856_wiki_monitoring"}
{"timestamp":"2025-06-25T23:49:40.669055","level":"info","event":"-----------edit: {'title': 'Категория:ПРО:ГЕО:Последняя правка: в текущем году', 'user': 'KristinaKovalenko', 'is_bot': False, 'server_name': 'ru.wikipedia.org', 'timestamp': 1750771597}-------------","logger":"unusual_prefix_05f7c68866a4b9981d661b83f7c582db0b838856_wiki_monitoring"}
{"timestamp":"2025-06-25T23:49:40.671145","level":"info","event":"----------------Processing messages: <cimpl.Message object at 0x74b9ca85b640>------------","logger":"unusual_prefix_05f7c68866a4b9981d661b83f7c582db0b838856_wiki_monitoring"}
{"timestamp":"2025-06-25T23:49:40.671244","level":"info","event":"-----------edit: {'title': 'File:Childs-Irving Hydroelectric Facilities power lines.jpg', 'user': '87.128.77.121', 'is_bot': False, 'server_name': 'commons.wikimedia.org', 'timestamp': 1750771601}-------------","logger":"unusual_prefix_05f7c68866a4b9981d661b83f7c582db0b838856_wiki_monitoring"}
{"timestamp":"2025-06-25T23:49:40.673448","level":"info","event":"----------------Processing messages: <cimpl.Message object at 0x74b9ca85b8c0>------------","logger":"unusual_prefix_05f7c68866a4b9981d661b83f7c582db0b838856_wiki_monitoring"}
{"timestamp":"2025-06-25T23:49:40.673565","level":"info","event":"-----------edit: {'title': 'Q5146094', 'user': '83.61.242.133', 'is_bot': False, 'server_name': 'www.wikidata.org', 'timestamp': 1750771602}-------------","logger":"unusual_prefix_05f7c68866a4b9981d661b83f7c582db0b838856_wiki_monitoring"}
{"timestamp":"2025-06-25T23:49:40.675544","level":"info","event":"----------------Processing messages: <cimpl.Message object at 0x74b9ca85a940>------------","logger":"unusual_prefix_05f7c68866a4b9981d661b83f7c582db0b838856_wiki_monitoring"}
{"timestamp":"2025-06-25T23:49:40.675636","level":"info","event":"-----------edit: {'title': 'Michael Collins (Politiker, 1940)', 'user': 'Invisigoth67', 'is_bot': False, 'server_name': 'de.wikipedia.org', 'timestamp': 1750771601}-------------","logger":"unusual_prefix_05f7c68866a4b9981d661b83f7c582db0b838856_wiki_monitoring"}
{"timestamp":"2025-06-25T23:49:40.677613","level":"info","event":"----------------Processing messages: <cimpl.Message object at 0x74b9ca85afc0>------------","logger":"unusual_prefix_05f7c68866a4b9981d661b83f7c582db0b838856_wiki_monitoring"}
{"timestamp":"2025-06-25T23:49:40.677697","level":"info","event":"-----------edit: {'title': 'Category:Stadtprozelten', 'user': 'Triplec85', 'is_bot': False, 'server_name': 'commons.wikimedia.org', 'timestamp': 1750771601}-------------","logger":"unusual_prefix_05f7c68866a4b9981d661b83f7c582db0b838856_wiki_monitoring"}
{"timestamp":"2025-06-25T23:49:40.679535","level":"info","event":"----------------Processing messages: <cimpl.Message object at 0x74b9ca8908c0>------------","logger":"unusual_prefix_05f7c68866a4b9981d661b83f7c582db0b838856_wiki_monitoring"}
{"timestamp":"2025-06-25T23:49:40.679615","level":"info","event":"-----------edit: {'title': 'Q414748', 'user': 'Logjohn', 'is_bot': False, 'server_name': 'www.wikidata.org', 'timestamp': 1750771602}-------------","logger":"unusual_prefix_05f7c68866a4b9981d661b83f7c582db0b838856_wiki_monitoring"}
{"timestamp":"2025-06-25T23:49:40.681702","level":"info","event":"----------------Processing messages: <cimpl.Message object at 0x74b9ca890440>------------","logger":"unusual_prefix_05f7c68866a4b9981d661b83f7c582db0b838856_wiki_monitoring"}
{"timestamp":"2025-06-25T23:49:40.681800","level":"info","event":"-----------edit: {'title': 'Category:Files from Gallica', 'user': 'Gzen92Bot', 'is_bot': True, 'server_name': 'commons.wikimedia.org', 'timestamp': 1750771600}-------------","logger":"unusual_prefix_05f7c68866a4b9981d661b83f7c582db0b838856_wiki_monitoring"}
{"timestamp":"2025-06-25T23:49:40.683932","level":"info","event":"----------------Processing messages: <cimpl.Message object at 0x74b9ca890740>------------","logger":"unusual_prefix_05f7c68866a4b9981d661b83f7c582db0b838856_wiki_monitoring"}
{"timestamp":"2025-06-25T23:49:40.684030","level":"info","event":"-----------edit: {'title': 'File:OJ L 68 of 2018 - EN English.pdf', 'user': 'EUResourcesBot', 'is_bot': True, 'server_name': 'commons.wikimedia.org', 'timestamp': 1750771601}-------------","logger":"unusual_prefix_05f7c68866a4b9981d661b83f7c582db0b838856_wiki_monitoring"}
{"timestamp":"2025-06-25T23:49:40.686071","level":"info","event":"----------------Processing messages: <cimpl.Message object at 0x74b9ca890f40>------------","logger":"unusual_prefix_05f7c68866a4b9981d661b83f7c582db0b838856_wiki_monitoring"}
{"timestamp":"2025-06-25T23:49:40.686164","level":"info","event":"-----------edit: {'title': 'Category:Artworks without Wikidata item', 'user': 'Gzen92Bot', 'is_bot': True, 'server_name': 'commons.wikimedia.org', 'timestamp': 1750771600}-------------","logger":"unusual_prefix_05f7c68866a4b9981d661b83f7c582db0b838856_wiki_monitoring"}
{"timestamp":"2025-06-25T23:49:40.688269","level":"info","event":"----------------Processing messages: <cimpl.Message object at 0x74b9ca890840>------------","logger":"unusual_prefix_05f7c68866a4b9981d661b83f7c582db0b838856_wiki_monitoring"}
{"timestamp":"2025-06-25T23:49:40.688360","level":"info","event":"-----------edit: {'title': 'Talk:Nazareth', 'user': 'Charliehdb', 'is_bot': False, 'server_name': 'en.wikipedia.org', 'timestamp': 1750771603}-------------","logger":"unusual_prefix_05f7c68866a4b9981d661b83f7c582db0b838856_wiki_monitoring"}
{"timestamp":"2025-06-25T23:49:40.690482","level":"info","event":"----------------Processing messages: <cimpl.Message object at 0x74b9ca85b8c0>------------","logger":"unusual_prefix_05f7c68866a4b9981d661b83f7c582db0b838856_wiki_monitoring"}
{"timestamp":"2025-06-25T23:49:40.690575","level":"info","event":"-----------edit: {'title': 'Category:PD France', 'user': 'Gzen92Bot', 'is_bot': True, 'server_name': 'commons.wikimedia.org', 'timestamp': 1750771600}-------------","logger":"unusual_prefix_05f7c68866a4b9981d661b83f7c582db0b838856_wiki_monitoring"}
{"timestamp":"2025-06-25T23:49:40.692577","level":"info","event":"----------------Processing messages: <cimpl.Message object at 0x74b9ca85af40>------------","logger":"unusual_prefix_05f7c68866a4b9981d661b83f7c582db0b838856_wiki_monitoring"}
{"timestamp":"2025-06-25T23:49:40.692671","level":"info","event":"-----------edit: {'title': 'إنجوي فينيكس', 'user': 'MenoBot', 'is_bot': True, 'server_name': 'ar.wikipedia.org', 'timestamp': 1750771600}-------------","logger":"unusual_prefix_05f7c68866a4b9981d661b83f7c582db0b838856_wiki_monitoring"}
{"timestamp":"2025-06-25T23:49:40.697984","level":"info","event":"Done. Returned value was: None","logger":"airflow.task.operators.airflow.providers.standard.operators.python.PythonOperator"}
