{"timestamp":"2025-06-24T07:23:49.791760","level":"info","event":"DAG bundles loaded: dags-folder","logger":"airflow.dag_processing.bundles.manager.DagBundlesManager"}
{"timestamp":"2025-06-24T07:23:49.792211","level":"info","event":"Filling up the DagBag from /opt/airflow/dags/wiki_monitoring.py","logger":"airflow.models.dagbag.DagBag"}
{"timestamp":"2025-06-24T07:23:49.906185","level":"info","event":"Topic wiki_edits already exists","logger":"unusual_prefix_05f7c68866a4b9981d661b83f7c582db0b838856_wiki_monitoring"}
{"timestamp":"2025-06-24T07:23:49.906258","level":"info","event":"---------------topic metadata created------------------","logger":"unusual_prefix_05f7c68866a4b9981d661b83f7c582db0b838856_wiki_monitoring"}
{"timestamp":"2025-06-24T07:23:53.061299","level":"info","event":"----------------Processing messages: <cimpl.Message object at 0x78e1ecd42540>------------","logger":"unusual_prefix_05f7c68866a4b9981d661b83f7c582db0b838856_wiki_monitoring"}
{"timestamp":"2025-06-24T07:23:53.061467","level":"info","event":"-----------edit: {'title': 'Category:Dutch pronunciation', 'user': 'Marcel coenders', 'is_bot': False, 'server_name': 'commons.wikimedia.org', 'timestamp': 1750749200}-------------","logger":"unusual_prefix_05f7c68866a4b9981d661b83f7c582db0b838856_wiki_monitoring"}
{"timestamp":"2025-06-24T07:23:53.067217","level":"info","event":"----------------Processing messages: <cimpl.Message object at 0x78e1ecd430c0>------------","logger":"unusual_prefix_05f7c68866a4b9981d661b83f7c582db0b838856_wiki_monitoring"}
{"timestamp":"2025-06-24T07:23:53.067335","level":"info","event":"-----------edit: {'title': 'Category:Male Dutch pronunciation', 'user': 'Marcel coenders', 'is_bot': False, 'server_name': 'commons.wikimedia.org', 'timestamp': 1750749200}-------------","logger":"unusual_prefix_05f7c68866a4b9981d661b83f7c582db0b838856_wiki_monitoring"}
{"timestamp":"2025-06-24T07:23:53.069480","level":"info","event":"----------------Processing messages: <cimpl.Message object at 0x78e1ecd43440>------------","logger":"unusual_prefix_05f7c68866a4b9981d661b83f7c582db0b838856_wiki_monitoring"}
{"timestamp":"2025-06-24T07:23:53.069576","level":"info","event":"-----------edit: {'title': 'digitiser', 'user': 'Octahedron80', 'is_bot': False, 'server_name': 'th.wiktionary.org', 'timestamp': 1750749200}-------------","logger":"unusual_prefix_05f7c68866a4b9981d661b83f7c582db0b838856_wiki_monitoring"}
{"timestamp":"2025-06-24T07:23:53.071529","level":"info","event":"----------------Processing messages: <cimpl.Message object at 0x78e1ecd439c0>------------","logger":"unusual_prefix_05f7c68866a4b9981d661b83f7c582db0b838856_wiki_monitoring"}
{"timestamp":"2025-06-24T07:23:53.071620","level":"info","event":"-----------edit: {'title': 'Википедия:К удалению/15 мая 2025', 'user': 'Arami Mira', 'is_bot': False, 'server_name': 'ru.wikipedia.org', 'timestamp': 1750749198}-------------","logger":"unusual_prefix_05f7c68866a4b9981d661b83f7c582db0b838856_wiki_monitoring"}
{"timestamp":"2025-06-24T07:23:53.074024","level":"info","event":"----------------Processing messages: <cimpl.Message object at 0x78e1ecd43b40>------------","logger":"unusual_prefix_05f7c68866a4b9981d661b83f7c582db0b838856_wiki_monitoring"}
{"timestamp":"2025-06-24T07:23:53.074132","level":"info","event":"-----------edit: {'title': 'File:Lanciano, cappella dei Raccomandati - Affreschi 13.jpg', 'user': 'Alicia Fagerving (WMSE)', 'is_bot': False, 'server_name': 'commons.wikimedia.org', 'timestamp': 1750749200}-------------","logger":"unusual_prefix_05f7c68866a4b9981d661b83f7c582db0b838856_wiki_monitoring"}
{"timestamp":"2025-06-24T07:23:53.076266","level":"info","event":"----------------Processing messages: <cimpl.Message object at 0x78e1ecd43d40>------------","logger":"unusual_prefix_05f7c68866a4b9981d661b83f7c582db0b838856_wiki_monitoring"}
{"timestamp":"2025-06-24T07:23:53.076368","level":"info","event":"-----------edit: {'title': 'Q54146028', 'user': 'EditorFX', 'is_bot': False, 'server_name': 'www.wikidata.org', 'timestamp': 1750749201}-------------","logger":"unusual_prefix_05f7c68866a4b9981d661b83f7c582db0b838856_wiki_monitoring"}
{"timestamp":"2025-06-24T07:23:53.078526","level":"info","event":"----------------Processing messages: <cimpl.Message object at 0x78e1ecd43b40>------------","logger":"unusual_prefix_05f7c68866a4b9981d661b83f7c582db0b838856_wiki_monitoring"}
{"timestamp":"2025-06-24T07:23:53.078632","level":"info","event":"-----------edit: {'title': 'Migros (company)', 'user': 'Onomatopoeia1', 'is_bot': False, 'server_name': 'en.wikipedia.org', 'timestamp': 1750749200}-------------","logger":"unusual_prefix_05f7c68866a4b9981d661b83f7c582db0b838856_wiki_monitoring"}
{"timestamp":"2025-06-24T07:23:53.080655","level":"info","event":"----------------Processing messages: <cimpl.Message object at 0x78e1ecd43cc0>------------","logger":"unusual_prefix_05f7c68866a4b9981d661b83f7c582db0b838856_wiki_monitoring"}
{"timestamp":"2025-06-24T07:23:53.080746","level":"info","event":"-----------edit: {'title': 'Q54146028', 'user': 'EditorFX', 'is_bot': False, 'server_name': 'www.wikidata.org', 'timestamp': 1750749201}-------------","logger":"unusual_prefix_05f7c68866a4b9981d661b83f7c582db0b838856_wiki_monitoring"}
{"timestamp":"2025-06-24T07:23:53.082697","level":"info","event":"----------------Processing messages: <cimpl.Message object at 0x78e1ecd43740>------------","logger":"unusual_prefix_05f7c68866a4b9981d661b83f7c582db0b838856_wiki_monitoring"}
{"timestamp":"2025-06-24T07:23:53.082783","level":"info","event":"-----------edit: {'title': 'Seattle City Council', 'user': 'Bpuddin', 'is_bot': False, 'server_name': 'en.wikipedia.org', 'timestamp': 1750749199}-------------","logger":"unusual_prefix_05f7c68866a4b9981d661b83f7c582db0b838856_wiki_monitoring"}
{"timestamp":"2025-06-24T07:23:53.084931","level":"info","event":"----------------Processing messages: <cimpl.Message object at 0x78e1ecd435c0>------------","logger":"unusual_prefix_05f7c68866a4b9981d661b83f7c582db0b838856_wiki_monitoring"}
{"timestamp":"2025-06-24T07:23:53.085020","level":"info","event":"-----------edit: {'title': 'File:Duluth flag near Portland Square Park 3.jpg', 'user': 'SchlurcherBot', 'is_bot': True, 'server_name': 'commons.wikimedia.org', 'timestamp': 1750749201}-------------","logger":"unusual_prefix_05f7c68866a4b9981d661b83f7c582db0b838856_wiki_monitoring"}
{"timestamp":"2025-06-24T07:23:53.087229","level":"info","event":"----------------Processing messages: <cimpl.Message object at 0x78e1ecd43540>------------","logger":"unusual_prefix_05f7c68866a4b9981d661b83f7c582db0b838856_wiki_monitoring"}
{"timestamp":"2025-06-24T07:23:53.087331","level":"info","event":"-----------edit: {'title': 'Jrue Holiday', 'user': 'Jeantapir', 'is_bot': False, 'server_name': 'fr.wikipedia.org', 'timestamp': 1750749199}-------------","logger":"unusual_prefix_05f7c68866a4b9981d661b83f7c582db0b838856_wiki_monitoring"}
{"timestamp":"2025-06-24T07:23:53.089638","level":"info","event":"----------------Processing messages: <cimpl.Message object at 0x78e1ecd42f40>------------","logger":"unusual_prefix_05f7c68866a4b9981d661b83f7c582db0b838856_wiki_monitoring"}
{"timestamp":"2025-06-24T07:23:53.089735","level":"info","event":"-----------edit: {'title': 'Elisabeth von Dänemark, Norwegen und Schweden', 'user': 'Max-78', 'is_bot': False, 'server_name': 'de.wikipedia.org', 'timestamp': 1750749201}-------------","logger":"unusual_prefix_05f7c68866a4b9981d661b83f7c582db0b838856_wiki_monitoring"}
{"timestamp":"2025-06-24T07:23:53.091760","level":"info","event":"----------------Processing messages: <cimpl.Message object at 0x78e1ecd7c040>------------","logger":"unusual_prefix_05f7c68866a4b9981d661b83f7c582db0b838856_wiki_monitoring"}
{"timestamp":"2025-06-24T07:23:53.091851","level":"info","event":"-----------edit: {'title': 'Page:སྙན་བརྒྱུད་ཁྲིད་ཆེན་བཅུ་གསུམ་གྱི་སྐོར། པོད་དགུ་བ།.pdf/493', 'user': 'Ganga4364', 'is_bot': False, 'server_name': 'wikisource.org', 'timestamp': 1750749201}-------------","logger":"unusual_prefix_05f7c68866a4b9981d661b83f7c582db0b838856_wiki_monitoring"}
{"timestamp":"2025-06-24T07:23:53.093805","level":"info","event":"----------------Processing messages: <cimpl.Message object at 0x78e1ecd7c1c0>------------","logger":"unusual_prefix_05f7c68866a4b9981d661b83f7c582db0b838856_wiki_monitoring"}
{"timestamp":"2025-06-24T07:23:53.093891","level":"info","event":"-----------edit: {'title': 'File:Photographs taken with a new Nikon F2 camera in Bangor (1516402).jpg', 'user': 'SchlurcherBot', 'is_bot': True, 'server_name': 'commons.wikimedia.org', 'timestamp': 1750749200}-------------","logger":"unusual_prefix_05f7c68866a4b9981d661b83f7c582db0b838856_wiki_monitoring"}
{"timestamp":"2025-06-24T07:23:53.095783","level":"info","event":"----------------Processing messages: <cimpl.Message object at 0x78e1ecd7c540>------------","logger":"unusual_prefix_05f7c68866a4b9981d661b83f7c582db0b838856_wiki_monitoring"}
{"timestamp":"2025-06-24T07:23:53.095870","level":"info","event":"-----------edit: {'title': 'Q21244841', 'user': 'Kbseah', 'is_bot': False, 'server_name': 'www.wikidata.org', 'timestamp': 1750749201}-------------","logger":"unusual_prefix_05f7c68866a4b9981d661b83f7c582db0b838856_wiki_monitoring"}
{"timestamp":"2025-06-24T07:23:53.097939","level":"info","event":"----------------Processing messages: <cimpl.Message object at 0x78e1ecd7c6c0>------------","logger":"unusual_prefix_05f7c68866a4b9981d661b83f7c582db0b838856_wiki_monitoring"}
{"timestamp":"2025-06-24T07:23:53.098029","level":"info","event":"-----------edit: {'title': 'Nam Dương', 'user': 'Lou.v1012', 'is_bot': False, 'server_name': 'vi.wikipedia.org', 'timestamp': 1750749202}-------------","logger":"unusual_prefix_05f7c68866a4b9981d661b83f7c582db0b838856_wiki_monitoring"}
{"timestamp":"2025-06-24T07:23:53.100265","level":"info","event":"----------------Processing messages: <cimpl.Message object at 0x78e1ecd7cac0>------------","logger":"unusual_prefix_05f7c68866a4b9981d661b83f7c582db0b838856_wiki_monitoring"}
{"timestamp":"2025-06-24T07:23:53.100374","level":"info","event":"-----------edit: {'title': 'File:FêteMusiqueGenève2025-074.jpg', 'user': 'MHM55', 'is_bot': False, 'server_name': 'commons.wikimedia.org', 'timestamp': 1750749201}-------------","logger":"unusual_prefix_05f7c68866a4b9981d661b83f7c582db0b838856_wiki_monitoring"}
{"timestamp":"2025-06-24T07:23:53.102413","level":"info","event":"----------------Processing messages: <cimpl.Message object at 0x78e1ecd7cd40>------------","logger":"unusual_prefix_05f7c68866a4b9981d661b83f7c582db0b838856_wiki_monitoring"}
{"timestamp":"2025-06-24T07:23:53.102501","level":"info","event":"-----------edit: {'title': 'Q65554605', 'user': 'Florentyna', 'is_bot': False, 'server_name': 'www.wikidata.org', 'timestamp': 1750749202}-------------","logger":"unusual_prefix_05f7c68866a4b9981d661b83f7c582db0b838856_wiki_monitoring"}
{"timestamp":"2025-06-24T07:23:53.104492","level":"info","event":"----------------Processing messages: <cimpl.Message object at 0x78e1ecd7cac0>------------","logger":"unusual_prefix_05f7c68866a4b9981d661b83f7c582db0b838856_wiki_monitoring"}
{"timestamp":"2025-06-24T07:23:53.104580","level":"info","event":"-----------edit: {'title': 'Nam Dương', 'user': 'Lou.v1012', 'is_bot': False, 'server_name': 'vi.wikipedia.org', 'timestamp': 1750749200}-------------","logger":"unusual_prefix_05f7c68866a4b9981d661b83f7c582db0b838856_wiki_monitoring"}
{"timestamp":"2025-06-24T07:23:53.106489","level":"info","event":"----------------Processing messages: <cimpl.Message object at 0x78e1ecd7cfc0>------------","logger":"unusual_prefix_05f7c68866a4b9981d661b83f7c582db0b838856_wiki_monitoring"}
{"timestamp":"2025-06-24T07:23:53.106578","level":"info","event":"-----------edit: {'title': 'Patriots.eu', 'user': 'Julius Schwarz', 'is_bot': False, 'server_name': 'en.wikipedia.org', 'timestamp': 1750749196}-------------","logger":"unusual_prefix_05f7c68866a4b9981d661b83f7c582db0b838856_wiki_monitoring"}
{"timestamp":"2025-06-24T07:23:53.109279","level":"info","event":"----------------Processing messages: <cimpl.Message object at 0x78e1ecd435c0>------------","logger":"unusual_prefix_05f7c68866a4b9981d661b83f7c582db0b838856_wiki_monitoring"}
{"timestamp":"2025-06-24T07:23:53.109368","level":"info","event":"-----------edit: {'title': 'File:OJ C 42 of 2018 - BG Bulgarian.pdf', 'user': 'EUResourcesBot', 'is_bot': True, 'server_name': 'commons.wikimedia.org', 'timestamp': 1750749200}-------------","logger":"unusual_prefix_05f7c68866a4b9981d661b83f7c582db0b838856_wiki_monitoring"}
{"timestamp":"2025-06-24T07:23:53.111309","level":"info","event":"----------------Processing messages: <cimpl.Message object at 0x78e1ecd434c0>------------","logger":"unusual_prefix_05f7c68866a4b9981d661b83f7c582db0b838856_wiki_monitoring"}
{"timestamp":"2025-06-24T07:23:53.111405","level":"info","event":"-----------edit: {'title': 'หมวดหมู่:ศัพท์ภาษาอังกฤษที่เติมปัจจัย -er (agent noun)', 'user': 'Octahedron80', 'is_bot': False, 'server_name': 'th.wiktionary.org', 'timestamp': 1750749200}-------------","logger":"unusual_prefix_05f7c68866a4b9981d661b83f7c582db0b838856_wiki_monitoring"}
{"timestamp":"2025-06-24T07:23:53.113424","level":"info","event":"----------------Processing messages: <cimpl.Message object at 0x78e1ecd423c0>------------","logger":"unusual_prefix_05f7c68866a4b9981d661b83f7c582db0b838856_wiki_monitoring"}
{"timestamp":"2025-06-24T07:23:53.113512","level":"info","event":"-----------edit: {'title': 'หมวดหมู่:คำหลักภาษาอังกฤษ', 'user': 'Octahedron80', 'is_bot': False, 'server_name': 'th.wiktionary.org', 'timestamp': 1750749200}-------------","logger":"unusual_prefix_05f7c68866a4b9981d661b83f7c582db0b838856_wiki_monitoring"}
{"timestamp":"2025-06-24T07:23:53.115463","level":"info","event":"----------------Processing messages: <cimpl.Message object at 0x78e1ecd43840>------------","logger":"unusual_prefix_05f7c68866a4b9981d661b83f7c582db0b838856_wiki_monitoring"}
{"timestamp":"2025-06-24T07:23:53.115546","level":"info","event":"-----------edit: {'title': 'Category:Files from Gallica', 'user': 'Gzen92Bot', 'is_bot': True, 'server_name': 'commons.wikimedia.org', 'timestamp': 1750749199}-------------","logger":"unusual_prefix_05f7c68866a4b9981d661b83f7c582db0b838856_wiki_monitoring"}
{"timestamp":"2025-06-24T07:23:53.117444","level":"info","event":"----------------Processing messages: <cimpl.Message object at 0x78e1ecd436c0>------------","logger":"unusual_prefix_05f7c68866a4b9981d661b83f7c582db0b838856_wiki_monitoring"}
{"timestamp":"2025-06-24T07:23:53.117528","level":"info","event":"-----------edit: {'title': 'icecap', 'user': 'WingerBot', 'is_bot': True, 'server_name': 'en.wiktionary.org', 'timestamp': 1750749201}-------------","logger":"unusual_prefix_05f7c68866a4b9981d661b83f7c582db0b838856_wiki_monitoring"}
{"timestamp":"2025-06-24T07:23:53.119773","level":"info","event":"----------------Processing messages: <cimpl.Message object at 0x78e1ecd43940>------------","logger":"unusual_prefix_05f7c68866a4b9981d661b83f7c582db0b838856_wiki_monitoring"}
{"timestamp":"2025-06-24T07:23:53.119866","level":"info","event":"-----------edit: {'title': 'Category:Artworks without Wikidata item', 'user': 'Gzen92Bot', 'is_bot': True, 'server_name': 'commons.wikimedia.org', 'timestamp': 1750749199}-------------","logger":"unusual_prefix_05f7c68866a4b9981d661b83f7c582db0b838856_wiki_monitoring"}
{"timestamp":"2025-06-24T07:23:53.121950","level":"info","event":"----------------Processing messages: <cimpl.Message object at 0x78e1ecd43440>------------","logger":"unusual_prefix_05f7c68866a4b9981d661b83f7c582db0b838856_wiki_monitoring"}
{"timestamp":"2025-06-24T07:23:53.122038","level":"info","event":"-----------edit: {'title': 'Canyelles', 'user': 'InternetArchiveBot', 'is_bot': True, 'server_name': 'gl.wikipedia.org', 'timestamp': 1750749199}-------------","logger":"unusual_prefix_05f7c68866a4b9981d661b83f7c582db0b838856_wiki_monitoring"}
{"timestamp":"2025-06-24T07:23:53.124051","level":"info","event":"----------------Processing messages: <cimpl.Message object at 0x78e1ecd43c40>------------","logger":"unusual_prefix_05f7c68866a4b9981d661b83f7c582db0b838856_wiki_monitoring"}
{"timestamp":"2025-06-24T07:23:53.124147","level":"info","event":"-----------edit: {'title': 'หมวดหมู่:คำนามภาษาอังกฤษ', 'user': 'Octahedron80', 'is_bot': False, 'server_name': 'th.wiktionary.org', 'timestamp': 1750749200}-------------","logger":"unusual_prefix_05f7c68866a4b9981d661b83f7c582db0b838856_wiki_monitoring"}
{"timestamp":"2025-06-24T07:23:53.126218","level":"info","event":"----------------Processing messages: <cimpl.Message object at 0x78e1ecd7c6c0>------------","logger":"unusual_prefix_05f7c68866a4b9981d661b83f7c582db0b838856_wiki_monitoring"}
{"timestamp":"2025-06-24T07:23:53.126312","level":"info","event":"-----------edit: {'title': 'Category:PD France', 'user': 'Gzen92Bot', 'is_bot': True, 'server_name': 'commons.wikimedia.org', 'timestamp': 1750749199}-------------","logger":"unusual_prefix_05f7c68866a4b9981d661b83f7c582db0b838856_wiki_monitoring"}
{"timestamp":"2025-06-24T07:23:53.128407","level":"info","event":"----------------Processing messages: <cimpl.Message object at 0x78e1ecd7cc40>------------","logger":"unusual_prefix_05f7c68866a4b9981d661b83f7c582db0b838856_wiki_monitoring"}
{"timestamp":"2025-06-24T07:23:53.128501","level":"info","event":"-----------edit: {'title': 'Q65927497', 'user': 'Florentyna', 'is_bot': False, 'server_name': 'www.wikidata.org', 'timestamp': 1750749202}-------------","logger":"unusual_prefix_05f7c68866a4b9981d661b83f7c582db0b838856_wiki_monitoring"}
{"timestamp":"2025-06-24T07:23:53.130557","level":"info","event":"----------------Processing messages: <cimpl.Message object at 0x78e1ecd7ccc0>------------","logger":"unusual_prefix_05f7c68866a4b9981d661b83f7c582db0b838856_wiki_monitoring"}
{"timestamp":"2025-06-24T07:23:53.130639","level":"info","event":"-----------edit: {'title': 'Category:PD-old missing SDC copyright status', 'user': 'Gzen92Bot', 'is_bot': True, 'server_name': 'commons.wikimedia.org', 'timestamp': 1750749199}-------------","logger":"unusual_prefix_05f7c68866a4b9981d661b83f7c582db0b838856_wiki_monitoring"}
{"timestamp":"2025-06-24T07:23:53.132692","level":"info","event":"----------------Processing messages: <cimpl.Message object at 0x78e1ecd7ca40>------------","logger":"unusual_prefix_05f7c68866a4b9981d661b83f7c582db0b838856_wiki_monitoring"}
{"timestamp":"2025-06-24T07:23:53.132785","level":"info","event":"-----------edit: {'title': 'หมวดหมู่:คำนามนับได้ภาษาอังกฤษ', 'user': 'Octahedron80', 'is_bot': False, 'server_name': 'th.wiktionary.org', 'timestamp': 1750749200}-------------","logger":"unusual_prefix_05f7c68866a4b9981d661b83f7c582db0b838856_wiki_monitoring"}
{"timestamp":"2025-06-24T07:23:53.134992","level":"info","event":"----------------Processing messages: <cimpl.Message object at 0x78e1ecd7c440>------------","logger":"unusual_prefix_05f7c68866a4b9981d661b83f7c582db0b838856_wiki_monitoring"}
{"timestamp":"2025-06-24T07:23:53.135081","level":"info","event":"-----------edit: {'title': 'Category:CC-PD-Mark', 'user': 'Gzen92Bot', 'is_bot': True, 'server_name': 'commons.wikimedia.org', 'timestamp': 1750749199}-------------","logger":"unusual_prefix_05f7c68866a4b9981d661b83f7c582db0b838856_wiki_monitoring"}
{"timestamp":"2025-06-24T07:23:53.137350","level":"info","event":"----------------Processing messages: <cimpl.Message object at 0x78e1ecd43e40>------------","logger":"unusual_prefix_05f7c68866a4b9981d661b83f7c582db0b838856_wiki_monitoring"}
{"timestamp":"2025-06-24T07:23:53.137455","level":"info","event":"-----------edit: {'title': 'หมวดหมู่:หน้าที่มีรายการ', 'user': 'Octahedron80', 'is_bot': False, 'server_name': 'th.wiktionary.org', 'timestamp': 1750749200}-------------","logger":"unusual_prefix_05f7c68866a4b9981d661b83f7c582db0b838856_wiki_monitoring"}
{"timestamp":"2025-06-24T07:23:53.139523","level":"info","event":"----------------Processing messages: <cimpl.Message object at 0x78e1ecd43ec0>------------","logger":"unusual_prefix_05f7c68866a4b9981d661b83f7c582db0b838856_wiki_monitoring"}
{"timestamp":"2025-06-24T07:23:53.139613","level":"info","event":"-----------edit: {'title': 'Category:PD-old-100-expired', 'user': 'Gzen92Bot', 'is_bot': True, 'server_name': 'commons.wikimedia.org', 'timestamp': 1750749199}-------------","logger":"unusual_prefix_05f7c68866a4b9981d661b83f7c582db0b838856_wiki_monitoring"}
{"timestamp":"2025-06-24T07:23:53.141547","level":"info","event":"----------------Processing messages: <cimpl.Message object at 0x78e1ecd437c0>------------","logger":"unusual_prefix_05f7c68866a4b9981d661b83f7c582db0b838856_wiki_monitoring"}
{"timestamp":"2025-06-24T07:23:53.141638","level":"info","event":"-----------edit: {'title': 'Projet:Jeu vidéo/Fichiers récents', 'user': 'OrlodrimBot', 'is_bot': True, 'server_name': 'fr.wikipedia.org', 'timestamp': 1750749201}-------------","logger":"unusual_prefix_05f7c68866a4b9981d661b83f7c582db0b838856_wiki_monitoring"}
{"timestamp":"2025-06-24T07:23:53.143571","level":"info","event":"----------------Processing messages: <cimpl.Message object at 0x78e1ecd423c0>------------","logger":"unusual_prefix_05f7c68866a4b9981d661b83f7c582db0b838856_wiki_monitoring"}
{"timestamp":"2025-06-24T07:23:53.143655","level":"info","event":"-----------edit: {'title': 'גלי בהרב-מיארה', 'user': 'Gabi S.', 'is_bot': False, 'server_name': 'he.wikipedia.org', 'timestamp': 1750749199}-------------","logger":"unusual_prefix_05f7c68866a4b9981d661b83f7c582db0b838856_wiki_monitoring"}
{"timestamp":"2025-06-24T07:23:53.145651","level":"info","event":"----------------Processing messages: <cimpl.Message object at 0x78e1ecd43ac0>------------","logger":"unusual_prefix_05f7c68866a4b9981d661b83f7c582db0b838856_wiki_monitoring"}
{"timestamp":"2025-06-24T07:23:53.145733","level":"info","event":"-----------edit: {'title': 'User:Dr. Firoz Mahmood Iqbal/sandbox', 'user': 'Dr. Firoz Mahmood Iqbal', 'is_bot': False, 'server_name': 'en.wikipedia.org', 'timestamp': 1750749201}-------------","logger":"unusual_prefix_05f7c68866a4b9981d661b83f7c582db0b838856_wiki_monitoring"}
{"timestamp":"2025-06-24T07:23:53.147618","level":"info","event":"----------------Processing messages: <cimpl.Message object at 0x78e1ecd43240>------------","logger":"unusual_prefix_05f7c68866a4b9981d661b83f7c582db0b838856_wiki_monitoring"}
{"timestamp":"2025-06-24T07:23:53.147707","level":"info","event":"-----------edit: {'title': 'หมวดหมู่:หน้าที่มี 1 รายการ', 'user': 'Octahedron80', 'is_bot': False, 'server_name': 'th.wiktionary.org', 'timestamp': 1750749200}-------------","logger":"unusual_prefix_05f7c68866a4b9981d661b83f7c582db0b838856_wiki_monitoring"}
{"timestamp":"2025-06-24T07:23:53.150032","level":"info","event":"----------------Processing messages: <cimpl.Message object at 0x78e1ecd43540>------------","logger":"unusual_prefix_05f7c68866a4b9981d661b83f7c582db0b838856_wiki_monitoring"}
{"timestamp":"2025-06-24T07:23:53.150134","level":"info","event":"-----------edit: {'title': 'Q132087086', 'user': 'Ehrlich91', 'is_bot': False, 'server_name': 'www.wikidata.org', 'timestamp': 1750749202}-------------","logger":"unusual_prefix_05f7c68866a4b9981d661b83f7c582db0b838856_wiki_monitoring"}
{"timestamp":"2025-06-24T07:23:53.152371","level":"info","event":"----------------Processing messages: <cimpl.Message object at 0x78e1ecd42cc0>------------","logger":"unusual_prefix_05f7c68866a4b9981d661b83f7c582db0b838856_wiki_monitoring"}
{"timestamp":"2025-06-24T07:23:53.152465","level":"info","event":"-----------edit: {'title': 'Category:PD US expired', 'user': 'Gzen92Bot', 'is_bot': True, 'server_name': 'commons.wikimedia.org', 'timestamp': 1750749199}-------------","logger":"unusual_prefix_05f7c68866a4b9981d661b83f7c582db0b838856_wiki_monitoring"}
{"timestamp":"2025-06-24T07:23:53.154633","level":"info","event":"----------------Processing messages: <cimpl.Message object at 0x78e1ecd7d040>------------","logger":"unusual_prefix_05f7c68866a4b9981d661b83f7c582db0b838856_wiki_monitoring"}
{"timestamp":"2025-06-24T07:23:53.154728","level":"info","event":"-----------edit: {'title': 'Category:PD-US missing SDC copyright status', 'user': 'Gzen92Bot', 'is_bot': True, 'server_name': 'commons.wikimedia.org', 'timestamp': 1750749199}-------------","logger":"unusual_prefix_05f7c68866a4b9981d661b83f7c582db0b838856_wiki_monitoring"}
{"timestamp":"2025-06-24T07:23:53.156668","level":"info","event":"----------------Processing messages: <cimpl.Message object at 0x78e1ecd7cc40>------------","logger":"unusual_prefix_05f7c68866a4b9981d661b83f7c582db0b838856_wiki_monitoring"}
{"timestamp":"2025-06-24T07:23:53.156774","level":"info","event":"-----------edit: {'title': 'Category:Sheet music from Gallica (Bibliothèque nationale de France) uploaded by Gzen92Bot', 'user': 'Gzen92Bot', 'is_bot': True, 'server_name': 'commons.wikimedia.org', 'timestamp': 1750749199}-------------","logger":"unusual_prefix_05f7c68866a4b9981d661b83f7c582db0b838856_wiki_monitoring"}
{"timestamp":"2025-06-24T07:23:53.158746","level":"info","event":"----------------Processing messages: <cimpl.Message object at 0x78e1ecd7c040>------------","logger":"unusual_prefix_05f7c68866a4b9981d661b83f7c582db0b838856_wiki_monitoring"}
{"timestamp":"2025-06-24T07:23:53.158832","level":"info","event":"-----------edit: {'title': 'Category:Ballo Faust par Mr Pierot - sic ! - Violon répétiteur - btv1b10876497g', 'user': 'Gzen92Bot', 'is_bot': True, 'server_name': 'commons.wikimedia.org', 'timestamp': 1750749199}-------------","logger":"unusual_prefix_05f7c68866a4b9981d661b83f7c582db0b838856_wiki_monitoring"}
{"timestamp":"2025-06-24T07:23:53.160755","level":"info","event":"----------------Processing messages: <cimpl.Message object at 0x78e1ecd7cbc0>------------","logger":"unusual_prefix_05f7c68866a4b9981d661b83f7c582db0b838856_wiki_monitoring"}
{"timestamp":"2025-06-24T07:23:53.160842","level":"info","event":"-----------edit: {'title': 'File:FêteMusiqueGenève2025-074.jpg', 'user': 'MHM55', 'is_bot': False, 'server_name': 'commons.wikimedia.org', 'timestamp': 1750749202}-------------","logger":"unusual_prefix_05f7c68866a4b9981d661b83f7c582db0b838856_wiki_monitoring"}
{"timestamp":"2025-06-24T07:23:53.162911","level":"info","event":"----------------Processing messages: <cimpl.Message object at 0x78e1ecd7ce40>------------","logger":"unusual_prefix_05f7c68866a4b9981d661b83f7c582db0b838856_wiki_monitoring"}
{"timestamp":"2025-06-24T07:23:53.163003","level":"info","event":"-----------edit: {'title': 'נמל התעופה טוראיף', 'user': 'Omri.kotok', 'is_bot': False, 'server_name': 'he.wikipedia.org', 'timestamp': 1750749201}-------------","logger":"unusual_prefix_05f7c68866a4b9981d661b83f7c582db0b838856_wiki_monitoring"}
{"timestamp":"2025-06-24T07:23:53.165750","level":"info","event":"----------------Processing messages: <cimpl.Message object at 0x78e1ef93fdc0>------------","logger":"unusual_prefix_05f7c68866a4b9981d661b83f7c582db0b838856_wiki_monitoring"}
{"timestamp":"2025-06-24T07:23:53.165856","level":"info","event":"-----------edit: {'title': 'Q54146028', 'user': 'EditorFX', 'is_bot': False, 'server_name': 'www.wikidata.org', 'timestamp': 1750749203}-------------","logger":"unusual_prefix_05f7c68866a4b9981d661b83f7c582db0b838856_wiki_monitoring"}
{"timestamp":"2025-06-24T07:23:53.167931","level":"info","event":"----------------Processing messages: <cimpl.Message object at 0x78e1ecd42940>------------","logger":"unusual_prefix_05f7c68866a4b9981d661b83f7c582db0b838856_wiki_monitoring"}
{"timestamp":"2025-06-24T07:23:53.168030","level":"info","event":"-----------edit: {'title': 'Catégorie:Unité militaire française des guerres de la Révolution française', 'user': 'Jihaim', 'is_bot': False, 'server_name': 'fr.wikipedia.org', 'timestamp': 1750749194}-------------","logger":"unusual_prefix_05f7c68866a4b9981d661b83f7c582db0b838856_wiki_monitoring"}
{"timestamp":"2025-06-24T07:23:53.170005","level":"info","event":"----------------Processing messages: <cimpl.Message object at 0x78e1ecd433c0>------------","logger":"unusual_prefix_05f7c68866a4b9981d661b83f7c582db0b838856_wiki_monitoring"}
{"timestamp":"2025-06-24T07:23:53.170097","level":"info","event":"-----------edit: {'title': 'Catégorie:Unité militaire française de la Seconde Guerre mondiale', 'user': 'Jihaim', 'is_bot': False, 'server_name': 'fr.wikipedia.org', 'timestamp': 1750749194}-------------","logger":"unusual_prefix_05f7c68866a4b9981d661b83f7c582db0b838856_wiki_monitoring"}
{"timestamp":"2025-06-24T07:23:53.172068","level":"info","event":"----------------Processing messages: <cimpl.Message object at 0x78e1ecd43cc0>------------","logger":"unusual_prefix_05f7c68866a4b9981d661b83f7c582db0b838856_wiki_monitoring"}
{"timestamp":"2025-06-24T07:23:53.172153","level":"info","event":"-----------edit: {'title': 'تصنيف:أماكن كانت مأهولة في السعودية', 'user': 'Mr.Ibrahembot', 'is_bot': True, 'server_name': 'ar.wikipedia.org', 'timestamp': 1750749197}-------------","logger":"unusual_prefix_05f7c68866a4b9981d661b83f7c582db0b838856_wiki_monitoring"}
{"timestamp":"2025-06-24T07:23:53.174202","level":"info","event":"----------------Processing messages: <cimpl.Message object at 0x78e1ecd43b40>------------","logger":"unusual_prefix_05f7c68866a4b9981d661b83f7c582db0b838856_wiki_monitoring"}
{"timestamp":"2025-06-24T07:23:53.174296","level":"info","event":"-----------edit: {'title': 'Category:Creative Commons Attribution-Share Alike missing SDC copyright status', 'user': 'MHM55', 'is_bot': False, 'server_name': 'commons.wikimedia.org', 'timestamp': 1750749201}-------------","logger":"unusual_prefix_05f7c68866a4b9981d661b83f7c582db0b838856_wiki_monitoring"}
{"timestamp":"2025-06-24T07:23:53.176589","level":"info","event":"----------------Processing messages: <cimpl.Message object at 0x78e1ecd43dc0>------------","logger":"unusual_prefix_05f7c68866a4b9981d661b83f7c582db0b838856_wiki_monitoring"}
{"timestamp":"2025-06-24T07:23:53.176687","level":"info","event":"-----------edit: {'title': 'Annika Åhnberg', 'user': 'Kitayama', 'is_bot': False, 'server_name': 'sv.wikipedia.org', 'timestamp': 1750749202}-------------","logger":"unusual_prefix_05f7c68866a4b9981d661b83f7c582db0b838856_wiki_monitoring"}
{"timestamp":"2025-06-24T07:23:53.178724","level":"info","event":"----------------Processing messages: <cimpl.Message object at 0x78e1ecd438c0>------------","logger":"unusual_prefix_05f7c68866a4b9981d661b83f7c582db0b838856_wiki_monitoring"}
{"timestamp":"2025-06-24T07:23:53.178820","level":"info","event":"-----------edit: {'title': 'Category:CC-BY-SA-4.0', 'user': 'MHM55', 'is_bot': False, 'server_name': 'commons.wikimedia.org', 'timestamp': 1750749201}-------------","logger":"unusual_prefix_05f7c68866a4b9981d661b83f7c582db0b838856_wiki_monitoring"}
{"timestamp":"2025-06-24T07:23:53.180767","level":"info","event":"----------------Processing messages: <cimpl.Message object at 0x78e1ecd43840>------------","logger":"unusual_prefix_05f7c68866a4b9981d661b83f7c582db0b838856_wiki_monitoring"}
{"timestamp":"2025-06-24T07:23:53.180857","level":"info","event":"-----------edit: {'title': 'تصنيف:صفحات تستخدم امتداد JsonConfig', 'user': 'Mr.Ibrahembot', 'is_bot': True, 'server_name': 'ar.wikipedia.org', 'timestamp': 1750749197}-------------","logger":"unusual_prefix_05f7c68866a4b9981d661b83f7c582db0b838856_wiki_monitoring"}
{"timestamp":"2025-06-24T07:23:53.182829","level":"info","event":"----------------Processing messages: <cimpl.Message object at 0x78e1ecd7cf40>------------","logger":"unusual_prefix_05f7c68866a4b9981d661b83f7c582db0b838856_wiki_monitoring"}
{"timestamp":"2025-06-24T07:23:53.182915","level":"info","event":"-----------edit: {'title': 'Category:Creative Commons Attribution-Share Alike 4.0 missing SDC copyright license', 'user': 'MHM55', 'is_bot': False, 'server_name': 'commons.wikimedia.org', 'timestamp': 1750749201}-------------","logger":"unusual_prefix_05f7c68866a4b9981d661b83f7c582db0b838856_wiki_monitoring"}
{"timestamp":"2025-06-24T07:23:53.184790","level":"info","event":"----------------Processing messages: <cimpl.Message object at 0x78e1ecd7cc40>------------","logger":"unusual_prefix_05f7c68866a4b9981d661b83f7c582db0b838856_wiki_monitoring"}
{"timestamp":"2025-06-24T07:23:53.184876","level":"info","event":"-----------edit: {'title': 'William Penny Brookes', 'user': 'Cloptonson', 'is_bot': False, 'server_name': 'en.wikipedia.org', 'timestamp': 1750749201}-------------","logger":"unusual_prefix_05f7c68866a4b9981d661b83f7c582db0b838856_wiki_monitoring"}
{"timestamp":"2025-06-24T07:23:53.187114","level":"info","event":"----------------Processing messages: <cimpl.Message object at 0x78e1ecd7c840>------------","logger":"unusual_prefix_05f7c68866a4b9981d661b83f7c582db0b838856_wiki_monitoring"}
{"timestamp":"2025-06-24T07:23:53.187207","level":"info","event":"-----------edit: {'title': 'Category:Self-published work', 'user': 'MHM55', 'is_bot': False, 'server_name': 'commons.wikimedia.org', 'timestamp': 1750749201}-------------","logger":"unusual_prefix_05f7c68866a4b9981d661b83f7c582db0b838856_wiki_monitoring"}
{"timestamp":"2025-06-24T07:23:53.189150","level":"info","event":"----------------Processing messages: <cimpl.Message object at 0x78e1ecd7ca40>------------","logger":"unusual_prefix_05f7c68866a4b9981d661b83f7c582db0b838856_wiki_monitoring"}
{"timestamp":"2025-06-24T07:23:53.189257","level":"info","event":"-----------edit: {'title': 'File:OJ C 42 of 2018 - BG Bulgarian.pdf', 'user': 'EUResourcesBot', 'is_bot': True, 'server_name': 'commons.wikimedia.org', 'timestamp': 1750749202}-------------","logger":"unusual_prefix_05f7c68866a4b9981d661b83f7c582db0b838856_wiki_monitoring"}
{"timestamp":"2025-06-24T07:23:53.191230","level":"info","event":"----------------Processing messages: <cimpl.Message object at 0x78e1ecd7c8c0>------------","logger":"unusual_prefix_05f7c68866a4b9981d661b83f7c582db0b838856_wiki_monitoring"}
{"timestamp":"2025-06-24T07:23:53.191320","level":"info","event":"-----------edit: {'title': 'File:Amanita pantherina collection 2.jpg', 'user': 'TyranCometh', 'is_bot': False, 'server_name': 'commons.wikimedia.org', 'timestamp': 1750749202}-------------","logger":"unusual_prefix_05f7c68866a4b9981d661b83f7c582db0b838856_wiki_monitoring"}
{"timestamp":"2025-06-24T07:23:53.193626","level":"info","event":"----------------Processing messages: <cimpl.Message object at 0x78e1ecd43840>------------","logger":"unusual_prefix_05f7c68866a4b9981d661b83f7c582db0b838856_wiki_monitoring"}
{"timestamp":"2025-06-24T07:23:53.193719","level":"info","event":"-----------edit: {'title': 'Category:Self-published work missing SDC copyright license', 'user': 'MHM55', 'is_bot': False, 'server_name': 'commons.wikimedia.org', 'timestamp': 1750749201}-------------","logger":"unusual_prefix_05f7c68866a4b9981d661b83f7c582db0b838856_wiki_monitoring"}
{"timestamp":"2025-06-24T07:23:53.195837","level":"info","event":"----------------Processing messages: <cimpl.Message object at 0x78e1ecd436c0>------------","logger":"unusual_prefix_05f7c68866a4b9981d661b83f7c582db0b838856_wiki_monitoring"}
{"timestamp":"2025-06-24T07:23:53.195936","level":"info","event":"-----------edit: {'title': 'Q54146028', 'user': 'EditorFX', 'is_bot': False, 'server_name': 'www.wikidata.org', 'timestamp': 1750749202}-------------","logger":"unusual_prefix_05f7c68866a4b9981d661b83f7c582db0b838856_wiki_monitoring"}
{"timestamp":"2025-06-24T07:23:53.198269","level":"info","event":"----------------Processing messages: <cimpl.Message object at 0x78e1ecd42fc0>------------","logger":"unusual_prefix_05f7c68866a4b9981d661b83f7c582db0b838856_wiki_monitoring"}
{"timestamp":"2025-06-24T07:23:53.198372","level":"info","event":"-----------edit: {'title': 'Category:Fête de la musique 2025 à Genève', 'user': 'MHM55', 'is_bot': False, 'server_name': 'commons.wikimedia.org', 'timestamp': 1750749201}-------------","logger":"unusual_prefix_05f7c68866a4b9981d661b83f7c582db0b838856_wiki_monitoring"}
{"timestamp":"2025-06-24T07:23:53.200613","level":"info","event":"----------------Processing messages: <cimpl.Message object at 0x78e1ecd435c0>------------","logger":"unusual_prefix_05f7c68866a4b9981d661b83f7c582db0b838856_wiki_monitoring"}
{"timestamp":"2025-06-24T07:23:53.200714","level":"info","event":"-----------edit: {'title': 'Category:Promenade du Pin (Geneva)', 'user': 'MHM55', 'is_bot': False, 'server_name': 'commons.wikimedia.org', 'timestamp': 1750749201}-------------","logger":"unusual_prefix_05f7c68866a4b9981d661b83f7c582db0b838856_wiki_monitoring"}
{"timestamp":"2025-06-24T07:23:53.202887","level":"info","event":"----------------Processing messages: <cimpl.Message object at 0x78e1ecd42c40>------------","logger":"unusual_prefix_05f7c68866a4b9981d661b83f7c582db0b838856_wiki_monitoring"}
{"timestamp":"2025-06-24T07:23:53.203026","level":"info","event":"-----------edit: {'title': 'Q3726007', 'user': 'Danielyepezgarces', 'is_bot': False, 'server_name': 'www.wikidata.org', 'timestamp': 1750749202}-------------","logger":"unusual_prefix_05f7c68866a4b9981d661b83f7c582db0b838856_wiki_monitoring"}
{"timestamp":"2025-06-24T07:23:53.205145","level":"info","event":"----------------Processing messages: <cimpl.Message object at 0x78e1ecd437c0>------------","logger":"unusual_prefix_05f7c68866a4b9981d661b83f7c582db0b838856_wiki_monitoring"}
{"timestamp":"2025-06-24T07:23:53.205269","level":"info","event":"-----------edit: {'title': 'Category:Files with broken file links', 'user': 'EUResourcesBot', 'is_bot': True, 'server_name': 'commons.wikimedia.org', 'timestamp': 1750749200}-------------","logger":"unusual_prefix_05f7c68866a4b9981d661b83f7c582db0b838856_wiki_monitoring"}
{"timestamp":"2025-06-24T07:23:53.207376","level":"info","event":"----------------Processing messages: <cimpl.Message object at 0x78e1ecd423c0>------------","logger":"unusual_prefix_05f7c68866a4b9981d661b83f7c582db0b838856_wiki_monitoring"}
{"timestamp":"2025-06-24T07:23:53.207475","level":"info","event":"-----------edit: {'title': 'Category:2018 texts', 'user': 'EUResourcesBot', 'is_bot': True, 'server_name': 'commons.wikimedia.org', 'timestamp': 1750749200}-------------","logger":"unusual_prefix_05f7c68866a4b9981d661b83f7c582db0b838856_wiki_monitoring"}
{"timestamp":"2025-06-24T07:23:53.210030","level":"info","event":"----------------Processing messages: <cimpl.Message object at 0x78e1ecd43740>------------","logger":"unusual_prefix_05f7c68866a4b9981d661b83f7c582db0b838856_wiki_monitoring"}
{"timestamp":"2025-06-24T07:23:53.210106","level":"info","event":"-----------edit: {'title': 'Category:2018-02-05', 'user': 'EUResourcesBot', 'is_bot': True, 'server_name': 'commons.wikimedia.org', 'timestamp': 1750749200}-------------","logger":"unusual_prefix_05f7c68866a4b9981d661b83f7c582db0b838856_wiki_monitoring"}
{"timestamp":"2025-06-24T07:23:53.212428","level":"info","event":"----------------Processing messages: <cimpl.Message object at 0x78e1ecd7c840>------------","logger":"unusual_prefix_05f7c68866a4b9981d661b83f7c582db0b838856_wiki_monitoring"}
{"timestamp":"2025-06-24T07:23:53.212533","level":"info","event":"-----------edit: {'title': 'Category:Attribution only license', 'user': 'EUResourcesBot', 'is_bot': True, 'server_name': 'commons.wikimedia.org', 'timestamp': 1750749200}-------------","logger":"unusual_prefix_05f7c68866a4b9981d661b83f7c582db0b838856_wiki_monitoring"}
{"timestamp":"2025-06-24T07:23:53.214897","level":"info","event":"----------------Processing messages: <cimpl.Message object at 0x78e1ecd7c4c0>------------","logger":"unusual_prefix_05f7c68866a4b9981d661b83f7c582db0b838856_wiki_monitoring"}
{"timestamp":"2025-06-24T07:23:53.215005","level":"info","event":"-----------edit: {'title': 'Category:European Union license', 'user': 'EUResourcesBot', 'is_bot': True, 'server_name': 'commons.wikimedia.org', 'timestamp': 1750749200}-------------","logger":"unusual_prefix_05f7c68866a4b9981d661b83f7c582db0b838856_wiki_monitoring"}
{"timestamp":"2025-06-24T07:23:53.217418","level":"info","event":"----------------Processing messages: <cimpl.Message object at 0x78e1ecd7c6c0>------------","logger":"unusual_prefix_05f7c68866a4b9981d661b83f7c582db0b838856_wiki_monitoring"}
{"timestamp":"2025-06-24T07:23:53.217518","level":"info","event":"-----------edit: {'title': 'Category:All articles with dead external links', 'user': 'GreenC bot', 'is_bot': True, 'server_name': 'en.wikipedia.org', 'timestamp': 1750749197}-------------","logger":"unusual_prefix_05f7c68866a4b9981d661b83f7c582db0b838856_wiki_monitoring"}
{"timestamp":"2025-06-24T07:23:53.219740","level":"info","event":"----------------Processing messages: <cimpl.Message object at 0x78e1ecd7cf40>------------","logger":"unusual_prefix_05f7c68866a4b9981d661b83f7c582db0b838856_wiki_monitoring"}
{"timestamp":"2025-06-24T07:23:53.219837","level":"info","event":"-----------edit: {'title': 'Category:PD-EUGov', 'user': 'EUResourcesBot', 'is_bot': True, 'server_name': 'commons.wikimedia.org', 'timestamp': 1750749200}-------------","logger":"unusual_prefix_05f7c68866a4b9981d661b83f7c582db0b838856_wiki_monitoring"}
{"timestamp":"2025-06-24T07:23:53.221977","level":"info","event":"----------------Processing messages: <cimpl.Message object at 0x78e1ecd7c040>------------","logger":"unusual_prefix_05f7c68866a4b9981d661b83f7c582db0b838856_wiki_monitoring"}
{"timestamp":"2025-06-24T07:23:53.222072","level":"info","event":"-----------edit: {'title': 'Q4582999', 'user': 'World Cup', 'is_bot': False, 'server_name': 'www.wikidata.org', 'timestamp': 1750749203}-------------","logger":"unusual_prefix_05f7c68866a4b9981d661b83f7c582db0b838856_wiki_monitoring"}
{"timestamp":"2025-06-24T07:23:53.224543","level":"info","event":"----------------Processing messages: <cimpl.Message object at 0x78e1ecd423c0>------------","logger":"unusual_prefix_05f7c68866a4b9981d661b83f7c582db0b838856_wiki_monitoring"}
{"timestamp":"2025-06-24T07:23:53.224641","level":"info","event":"-----------edit: {'title': 'Category:PD-EdictGov', 'user': 'EUResourcesBot', 'is_bot': True, 'server_name': 'commons.wikimedia.org', 'timestamp': 1750749200}-------------","logger":"unusual_prefix_05f7c68866a4b9981d661b83f7c582db0b838856_wiki_monitoring"}
{"timestamp":"2025-06-24T07:23:53.226729","level":"info","event":"----------------Processing messages: <cimpl.Message object at 0x78e1ecd43240>------------","logger":"unusual_prefix_05f7c68866a4b9981d661b83f7c582db0b838856_wiki_monitoring"}
{"timestamp":"2025-06-24T07:23:53.226825","level":"info","event":"-----------edit: {'title': 'Category:Articles with dead external links from June 2025', 'user': 'GreenC bot', 'is_bot': True, 'server_name': 'en.wikipedia.org', 'timestamp': 1750749197}-------------","logger":"unusual_prefix_05f7c68866a4b9981d661b83f7c582db0b838856_wiki_monitoring"}
{"timestamp":"2025-06-24T07:23:53.228960","level":"info","event":"----------------Processing messages: <cimpl.Message object at 0x78e1ecd435c0>------------","logger":"unusual_prefix_05f7c68866a4b9981d661b83f7c582db0b838856_wiki_monitoring"}
{"timestamp":"2025-06-24T07:23:53.229055","level":"info","event":"-----------edit: {'title': 'Gebruiker:Betwetter', 'user': 'Yannick1', 'is_bot': False, 'server_name': 'nl.wikipedia.org', 'timestamp': 1750749202}-------------","logger":"unusual_prefix_05f7c68866a4b9981d661b83f7c582db0b838856_wiki_monitoring"}
{"timestamp":"2025-06-24T07:23:53.231268","level":"info","event":"----------------Processing messages: <cimpl.Message object at 0x78e1ecd42fc0>------------","logger":"unusual_prefix_05f7c68866a4b9981d661b83f7c582db0b838856_wiki_monitoring"}
{"timestamp":"2025-06-24T07:23:53.231366","level":"info","event":"-----------edit: {'title': 'Category:Official Journal of the European Union 2018, C Series', 'user': 'EUResourcesBot', 'is_bot': True, 'server_name': 'commons.wikimedia.org', 'timestamp': 1750749200}-------------","logger":"unusual_prefix_05f7c68866a4b9981d661b83f7c582db0b838856_wiki_monitoring"}
{"timestamp":"2025-06-24T07:23:53.233514","level":"info","event":"----------------Processing messages: <cimpl.Message object at 0x78e1ecd436c0>------------","logger":"unusual_prefix_05f7c68866a4b9981d661b83f7c582db0b838856_wiki_monitoring"}
{"timestamp":"2025-06-24T07:23:53.233609","level":"info","event":"-----------edit: {'title': 'File:Lanciano, cappella dei Raccomandati - Affreschi 14.jpg', 'user': 'Alicia Fagerving (WMSE)', 'is_bot': False, 'server_name': 'commons.wikimedia.org', 'timestamp': 1750749202}-------------","logger":"unusual_prefix_05f7c68866a4b9981d661b83f7c582db0b838856_wiki_monitoring"}
{"timestamp":"2025-06-24T07:23:53.235592","level":"info","event":"----------------Processing messages: <cimpl.Message object at 0x78e1ecd43840>------------","logger":"unusual_prefix_05f7c68866a4b9981d661b83f7c582db0b838856_wiki_monitoring"}
{"timestamp":"2025-06-24T07:23:53.235680","level":"info","event":"-----------edit: {'title': 'Category:Bulgarian-language PDF files', 'user': 'EUResourcesBot', 'is_bot': True, 'server_name': 'commons.wikimedia.org', 'timestamp': 1750749200}-------------","logger":"unusual_prefix_05f7c68866a4b9981d661b83f7c582db0b838856_wiki_monitoring"}
{"timestamp":"2025-06-24T07:23:53.237698","level":"info","event":"----------------Processing messages: <cimpl.Message object at 0x78e1ecd43f40>------------","logger":"unusual_prefix_05f7c68866a4b9981d661b83f7c582db0b838856_wiki_monitoring"}
{"timestamp":"2025-06-24T07:23:53.237792","level":"info","event":"-----------edit: {'title': 'Q3726076', 'user': 'Danielyepezgarces', 'is_bot': False, 'server_name': 'www.wikidata.org', 'timestamp': 1750749203}-------------","logger":"unusual_prefix_05f7c68866a4b9981d661b83f7c582db0b838856_wiki_monitoring"}
{"timestamp":"2025-06-24T07:23:53.239825","level":"info","event":"----------------Processing messages: <cimpl.Message object at 0x78e1ecd434c0>------------","logger":"unusual_prefix_05f7c68866a4b9981d661b83f7c582db0b838856_wiki_monitoring"}
{"timestamp":"2025-06-24T07:23:53.239907","level":"info","event":"-----------edit: {'title': 'Category:Official Journal of the European Union files uploaded by EUResourcesBot', 'user': 'EUResourcesBot', 'is_bot': True, 'server_name': 'commons.wikimedia.org', 'timestamp': 1750749200}-------------","logger":"unusual_prefix_05f7c68866a4b9981d661b83f7c582db0b838856_wiki_monitoring"}
{"timestamp":"2025-06-24T07:23:53.242258","level":"info","event":"----------------Processing messages: <cimpl.Message object at 0x78e1ecd7c040>------------","logger":"unusual_prefix_05f7c68866a4b9981d661b83f7c582db0b838856_wiki_monitoring"}
{"timestamp":"2025-06-24T07:23:53.242362","level":"info","event":"-----------edit: {'title': 'Categoria:Controvérsias sobre a Igreja Universal do Reino de Deus', 'user': 'LIrala', 'is_bot': False, 'server_name': 'pt.wikipedia.org', 'timestamp': 1750749203}-------------","logger":"unusual_prefix_05f7c68866a4b9981d661b83f7c582db0b838856_wiki_monitoring"}
{"timestamp":"2025-06-24T07:23:53.245830","level":"info","event":"----------------Processing messages: <cimpl.Message object at 0x78e1ecd7c740>------------","logger":"unusual_prefix_05f7c68866a4b9981d661b83f7c582db0b838856_wiki_monitoring"}
{"timestamp":"2025-06-24T07:23:53.245982","level":"info","event":"-----------edit: {'title': 'Category:Uploaded with OpenRefine', 'user': 'EUResourcesBot', 'is_bot': True, 'server_name': 'commons.wikimedia.org', 'timestamp': 1750749200}-------------","logger":"unusual_prefix_05f7c68866a4b9981d661b83f7c582db0b838856_wiki_monitoring"}
{"timestamp":"2025-06-24T07:23:53.248627","level":"info","event":"----------------Processing messages: <cimpl.Message object at 0x78e1ecd7c640>------------","logger":"unusual_prefix_05f7c68866a4b9981d661b83f7c582db0b838856_wiki_monitoring"}
{"timestamp":"2025-06-24T07:23:53.248729","level":"info","event":"-----------edit: {'title': 'Category:Creative Commons Attribution-Share Alike missing SDC copyright status', 'user': 'TyranCometh', 'is_bot': False, 'server_name': 'commons.wikimedia.org', 'timestamp': 1750749202}-------------","logger":"unusual_prefix_05f7c68866a4b9981d661b83f7c582db0b838856_wiki_monitoring"}
{"timestamp":"2025-06-24T07:23:53.250918","level":"info","event":"----------------Processing messages: <cimpl.Message object at 0x78e1ecd7d040>------------","logger":"unusual_prefix_05f7c68866a4b9981d661b83f7c582db0b838856_wiki_monitoring"}
{"timestamp":"2025-06-24T07:23:53.251014","level":"info","event":"-----------edit: {'title': 'Q110952294', 'user': 'Kristbaumbot', 'is_bot': True, 'server_name': 'www.wikidata.org', 'timestamp': 1750749203}-------------","logger":"unusual_prefix_05f7c68866a4b9981d661b83f7c582db0b838856_wiki_monitoring"}
{"timestamp":"2025-06-24T07:23:53.253125","level":"info","event":"----------------Processing messages: <cimpl.Message object at 0x78e1ecd7ccc0>------------","logger":"unusual_prefix_05f7c68866a4b9981d661b83f7c582db0b838856_wiki_monitoring"}
{"timestamp":"2025-06-24T07:23:53.253214","level":"info","event":"-----------edit: {'title': 'File:Tumuli northwest of Stonehenge - geograph.org.uk - 7823440.jpg', 'user': 'GeographBot', 'is_bot': True, 'server_name': 'commons.wikimedia.org', 'timestamp': 1750749202}-------------","logger":"unusual_prefix_05f7c68866a4b9981d661b83f7c582db0b838856_wiki_monitoring"}
{"timestamp":"2025-06-24T07:23:53.255469","level":"info","event":"----------------Processing messages: <cimpl.Message object at 0x78e1ecd434c0>------------","logger":"unusual_prefix_05f7c68866a4b9981d661b83f7c582db0b838856_wiki_monitoring"}
{"timestamp":"2025-06-24T07:23:53.255565","level":"info","event":"-----------edit: {'title': 'Category:CC-BY-SA-4.0', 'user': 'TyranCometh', 'is_bot': False, 'server_name': 'commons.wikimedia.org', 'timestamp': 1750749202}-------------","logger":"unusual_prefix_05f7c68866a4b9981d661b83f7c582db0b838856_wiki_monitoring"}
{"timestamp":"2025-06-24T07:23:53.257804","level":"info","event":"----------------Processing messages: <cimpl.Message object at 0x78e1ecd43cc0>------------","logger":"unusual_prefix_05f7c68866a4b9981d661b83f7c582db0b838856_wiki_monitoring"}
{"timestamp":"2025-06-24T07:23:53.257898","level":"info","event":"-----------edit: {'title': 'File:Antton Valverde - Donostia Saria - 20250621 203256.jpg', 'user': 'Ksarasola', 'is_bot': False, 'server_name': 'commons.wikimedia.org', 'timestamp': 1750749202}-------------","logger":"unusual_prefix_05f7c68866a4b9981d661b83f7c582db0b838856_wiki_monitoring"}
{"timestamp":"2025-06-24T07:23:53.259986","level":"info","event":"----------------Processing messages: <cimpl.Message object at 0x78e1ecd43b40>------------","logger":"unusual_prefix_05f7c68866a4b9981d661b83f7c582db0b838856_wiki_monitoring"}
{"timestamp":"2025-06-24T07:23:53.260080","level":"info","event":"-----------edit: {'title': 'forboding', 'user': 'WingerBot', 'is_bot': True, 'server_name': 'en.wiktionary.org', 'timestamp': 1750749202}-------------","logger":"unusual_prefix_05f7c68866a4b9981d661b83f7c582db0b838856_wiki_monitoring"}
{"timestamp":"2025-06-24T07:23:53.262056","level":"info","event":"----------------Processing messages: <cimpl.Message object at 0x78e1ecd43640>------------","logger":"unusual_prefix_05f7c68866a4b9981d661b83f7c582db0b838856_wiki_monitoring"}
{"timestamp":"2025-06-24T07:23:53.262147","level":"info","event":"-----------edit: {'title': 'Page:Poems Louisa Blake.djvu/38', 'user': 'Alien333', 'is_bot': False, 'server_name': 'en.wikisource.org', 'timestamp': 1750749203}-------------","logger":"unusual_prefix_05f7c68866a4b9981d661b83f7c582db0b838856_wiki_monitoring"}
{"timestamp":"2025-06-24T07:23:53.264088","level":"info","event":"----------------Processing messages: <cimpl.Message object at 0x78e1ecd43bc0>------------","logger":"unusual_prefix_05f7c68866a4b9981d661b83f7c582db0b838856_wiki_monitoring"}
{"timestamp":"2025-06-24T07:23:53.264168","level":"info","event":"-----------edit: {'title': 'Category:Creative Commons Attribution-Share Alike 4.0 missing SDC copyright license', 'user': 'TyranCometh', 'is_bot': False, 'server_name': 'commons.wikimedia.org', 'timestamp': 1750749202}-------------","logger":"unusual_prefix_05f7c68866a4b9981d661b83f7c582db0b838856_wiki_monitoring"}
{"timestamp":"2025-06-24T07:23:53.266092","level":"info","event":"----------------Processing messages: <cimpl.Message object at 0x78e1ecd423c0>------------","logger":"unusual_prefix_05f7c68866a4b9981d661b83f7c582db0b838856_wiki_monitoring"}
{"timestamp":"2025-06-24T07:23:53.266185","level":"info","event":"-----------edit: {'title': 'Thể loại:Trang có lỗi chú thích', 'user': 'Lou.v1012', 'is_bot': False, 'server_name': 'vi.wikipedia.org', 'timestamp': 1750749200}-------------","logger":"unusual_prefix_05f7c68866a4b9981d661b83f7c582db0b838856_wiki_monitoring"}
{"timestamp":"2025-06-24T07:23:53.268312","level":"info","event":"----------------Processing messages: <cimpl.Message object at 0x78e1ecd42f40>------------","logger":"unusual_prefix_05f7c68866a4b9981d661b83f7c582db0b838856_wiki_monitoring"}
{"timestamp":"2025-06-24T07:23:53.268406","level":"info","event":"-----------edit: {'title': 'Category:Mycology', 'user': 'TyranCometh', 'is_bot': False, 'server_name': 'commons.wikimedia.org', 'timestamp': 1750749202}-------------","logger":"unusual_prefix_05f7c68866a4b9981d661b83f7c582db0b838856_wiki_monitoring"}
{"timestamp":"2025-06-24T07:23:53.270523","level":"info","event":"----------------Processing messages: <cimpl.Message object at 0x78e1ecd430c0>------------","logger":"unusual_prefix_05f7c68866a4b9981d661b83f7c582db0b838856_wiki_monitoring"}
{"timestamp":"2025-06-24T07:23:53.270615","level":"info","event":"-----------edit: {'title': 'Thể loại:Tọa độ không có sẵn trên Wikidata', 'user': 'Lou.v1012', 'is_bot': False, 'server_name': 'vi.wikipedia.org', 'timestamp': 1750749200}-------------","logger":"unusual_prefix_05f7c68866a4b9981d661b83f7c582db0b838856_wiki_monitoring"}
{"timestamp":"2025-06-24T07:23:53.272618","level":"info","event":"----------------Processing messages: <cimpl.Message object at 0x78e1ecd7c440>------------","logger":"unusual_prefix_05f7c68866a4b9981d661b83f7c582db0b838856_wiki_monitoring"}
{"timestamp":"2025-06-24T07:23:53.272702","level":"info","event":"-----------edit: {'title': 'Thể loại:Danh sách xã Việt Nam', 'user': 'Lou.v1012', 'is_bot': False, 'server_name': 'vi.wikipedia.org', 'timestamp': 1750749200}-------------","logger":"unusual_prefix_05f7c68866a4b9981d661b83f7c582db0b838856_wiki_monitoring"}
{"timestamp":"2025-06-24T07:23:53.274693","level":"info","event":"----------------Processing messages: <cimpl.Message object at 0x78e1ecd7c5c0>------------","logger":"unusual_prefix_05f7c68866a4b9981d661b83f7c582db0b838856_wiki_monitoring"}
{"timestamp":"2025-06-24T07:23:53.274783","level":"info","event":"-----------edit: {'title': 'Q3726043', 'user': 'Danielyepezgarces', 'is_bot': False, 'server_name': 'www.wikidata.org', 'timestamp': 1750749203}-------------","logger":"unusual_prefix_05f7c68866a4b9981d661b83f7c582db0b838856_wiki_monitoring"}
{"timestamp":"2025-06-24T07:23:53.276974","level":"info","event":"----------------Processing messages: <cimpl.Message object at 0x78e1ecd7c040>------------","logger":"unusual_prefix_05f7c68866a4b9981d661b83f7c582db0b838856_wiki_monitoring"}
{"timestamp":"2025-06-24T07:23:53.277079","level":"info","event":"-----------edit: {'title': 'La promesa (serie de televisión española)', 'user': 'AdriánDíaz91', 'is_bot': False, 'server_name': 'es.wikipedia.org', 'timestamp': 1750749201}-------------","logger":"unusual_prefix_05f7c68866a4b9981d661b83f7c582db0b838856_wiki_monitoring"}
{"timestamp":"2025-06-24T07:23:53.279182","level":"info","event":"----------------Processing messages: <cimpl.Message object at 0x78e1ecd7cd40>------------","logger":"unusual_prefix_05f7c68866a4b9981d661b83f7c582db0b838856_wiki_monitoring"}
{"timestamp":"2025-06-24T07:23:53.279278","level":"info","event":"-----------edit: {'title': 'Thể loại:Tất cả bài viết sơ khai', 'user': 'Lou.v1012', 'is_bot': False, 'server_name': 'vi.wikipedia.org', 'timestamp': 1750749200}-------------","logger":"unusual_prefix_05f7c68866a4b9981d661b83f7c582db0b838856_wiki_monitoring"}
{"timestamp":"2025-06-24T07:23:53.281298","level":"info","event":"----------------Processing messages: <cimpl.Message object at 0x78e1ecd7c9c0>------------","logger":"unusual_prefix_05f7c68866a4b9981d661b83f7c582db0b838856_wiki_monitoring"}
{"timestamp":"2025-06-24T07:23:53.281399","level":"info","event":"-----------edit: {'title': 'Thể loại:Sơ khai Bắc Ninh', 'user': 'Lou.v1012', 'is_bot': False, 'server_name': 'vi.wikipedia.org', 'timestamp': 1750749200}-------------","logger":"unusual_prefix_05f7c68866a4b9981d661b83f7c582db0b838856_wiki_monitoring"}
{"timestamp":"2025-06-24T07:23:53.283427","level":"info","event":"----------------Processing messages: <cimpl.Message object at 0x78e1ecd42f40>------------","logger":"unusual_prefix_05f7c68866a4b9981d661b83f7c582db0b838856_wiki_monitoring"}
{"timestamp":"2025-06-24T07:23:53.283520","level":"info","event":"-----------edit: {'title': 'Thể loại:Xã, phường, thị trấn Bắc Ninh', 'user': 'Lou.v1012', 'is_bot': False, 'server_name': 'vi.wikipedia.org', 'timestamp': 1750749200}-------------","logger":"unusual_prefix_05f7c68866a4b9981d661b83f7c582db0b838856_wiki_monitoring"}
{"timestamp":"2025-06-24T07:23:53.285465","level":"info","event":"----------------Processing messages: <cimpl.Message object at 0x78e1ecd43640>------------","logger":"unusual_prefix_05f7c68866a4b9981d661b83f7c582db0b838856_wiki_monitoring"}
{"timestamp":"2025-06-24T07:23:53.285554","level":"info","event":"-----------edit: {'title': 'Thể loại:Phường, xã, đặc khu Bắc Ninh', 'user': 'Lou.v1012', 'is_bot': False, 'server_name': 'vi.wikipedia.org', 'timestamp': 1750749200}-------------","logger":"unusual_prefix_05f7c68866a4b9981d661b83f7c582db0b838856_wiki_monitoring"}
{"timestamp":"2025-06-24T07:23:53.290500","level":"info","event":"Done. Returned value was: None","logger":"airflow.task.operators.airflow.providers.standard.operators.python.PythonOperator"}
