{"timestamp":"2025-06-25T23:49:31.445538","level":"info","event":"DAG bundles loaded: dags-folder","logger":"airflow.dag_processing.bundles.manager.DagBundlesManager"}
{"timestamp":"2025-06-25T23:49:31.446101","level":"info","event":"Filling up the DagBag from /opt/airflow/dags/wiki_monitoring.py","logger":"airflow.models.dagbag.DagBag"}
{"timestamp":"2025-06-25T23:49:31.591397","level":"info","event":"Topic wiki_edits already exists","logger":"unusual_prefix_05f7c68866a4b9981d661b83f7c582db0b838856_wiki_monitoring"}
{"timestamp":"2025-06-25T23:49:31.591548","level":"info","event":"---------------topic metadata created------------------","logger":"unusual_prefix_05f7c68866a4b9981d661b83f7c582db0b838856_wiki_monitoring"}
{"timestamp":"2025-06-25T23:49:34.739714","level":"info","event":"----------------Processing messages: <cimpl.Message object at 0x74b9ca856440>------------","logger":"unusual_prefix_05f7c68866a4b9981d661b83f7c582db0b838856_wiki_monitoring"}
{"timestamp":"2025-06-25T23:49:34.739867","level":"info","event":"-----------edit: {'title': 'Qualifikation zum ICC Men’s T20 World Cup 2026', 'user': 'Becksperson', 'is_bot': False, 'server_name': 'de.wikipedia.org', 'timestamp': 1750771595}-------------","logger":"unusual_prefix_05f7c68866a4b9981d661b83f7c582db0b838856_wiki_monitoring"}
{"timestamp":"2025-06-25T23:49:34.746098","level":"info","event":"----------------Processing messages: <cimpl.Message object at 0x74b9ca856fc0>------------","logger":"unusual_prefix_05f7c68866a4b9981d661b83f7c582db0b838856_wiki_monitoring"}
{"timestamp":"2025-06-25T23:49:34.746232","level":"info","event":"-----------edit: {'title': 'Template:CHIf2', 'user': '影佑樹', 'is_bot': False, 'server_name': 'ja.wikipedia.org', 'timestamp': 1750771598}-------------","logger":"unusual_prefix_05f7c68866a4b9981d661b83f7c582db0b838856_wiki_monitoring"}
{"timestamp":"2025-06-25T23:49:34.748757","level":"info","event":"----------------Processing messages: <cimpl.Message object at 0x74b9ca8574c0>------------","logger":"unusual_prefix_05f7c68866a4b9981d661b83f7c582db0b838856_wiki_monitoring"}
{"timestamp":"2025-06-25T23:49:34.748897","level":"info","event":"-----------edit: {'title': 'Didemnidae', 'user': 'OAbot', 'is_bot': True, 'server_name': 'en.wikipedia.org', 'timestamp': 1750771595}-------------","logger":"unusual_prefix_05f7c68866a4b9981d661b83f7c582db0b838856_wiki_monitoring"}
{"timestamp":"2025-06-25T23:49:34.751743","level":"info","event":"----------------Processing messages: <cimpl.Message object at 0x74b9ca857840>------------","logger":"unusual_prefix_05f7c68866a4b9981d661b83f7c582db0b838856_wiki_monitoring"}
{"timestamp":"2025-06-25T23:49:34.751878","level":"info","event":"-----------edit: {'title': 'File:Luis Otero, 1925.png', 'user': 'BotMultichillT', 'is_bot': True, 'server_name': 'commons.wikimedia.org', 'timestamp': 1750771599}-------------","logger":"unusual_prefix_05f7c68866a4b9981d661b83f7c582db0b838856_wiki_monitoring"}
{"timestamp":"2025-06-25T23:49:34.754502","level":"info","event":"----------------Processing messages: <cimpl.Message object at 0x74b9ca8579c0>------------","logger":"unusual_prefix_05f7c68866a4b9981d661b83f7c582db0b838856_wiki_monitoring"}
{"timestamp":"2025-06-25T23:49:34.754642","level":"info","event":"-----------edit: {'title': 'File:Thirparappu waterfalls in Thamilnadu (76942).jpg', 'user': 'SchlurcherBot', 'is_bot': True, 'server_name': 'commons.wikimedia.org', 'timestamp': 1750771599}-------------","logger":"unusual_prefix_05f7c68866a4b9981d661b83f7c582db0b838856_wiki_monitoring"}
{"timestamp":"2025-06-25T23:49:34.757872","level":"info","event":"----------------Processing messages: <cimpl.Message object at 0x74b9ca857bc0>------------","logger":"unusual_prefix_05f7c68866a4b9981d661b83f7c582db0b838856_wiki_monitoring"}
{"timestamp":"2025-06-25T23:49:34.758001","level":"info","event":"-----------edit: {'title': 'Q414748', 'user': 'Logjohn', 'is_bot': False, 'server_name': 'www.wikidata.org', 'timestamp': 1750771599}-------------","logger":"unusual_prefix_05f7c68866a4b9981d661b83f7c582db0b838856_wiki_monitoring"}
{"timestamp":"2025-06-25T23:49:34.761321","level":"info","event":"----------------Processing messages: <cimpl.Message object at 0x74b9ca8579c0>------------","logger":"unusual_prefix_05f7c68866a4b9981d661b83f7c582db0b838856_wiki_monitoring"}
{"timestamp":"2025-06-25T23:49:34.761458","level":"info","event":"-----------edit: {'title': '10月23日', 'user': 'Aronlee90', 'is_bot': False, 'server_name': 'zh.wikipedia.org', 'timestamp': 1750771598}-------------","logger":"unusual_prefix_05f7c68866a4b9981d661b83f7c582db0b838856_wiki_monitoring"}
{"timestamp":"2025-06-25T23:49:34.764871","level":"info","event":"----------------Processing messages: <cimpl.Message object at 0x74b9ca857cc0>------------","logger":"unusual_prefix_05f7c68866a4b9981d661b83f7c582db0b838856_wiki_monitoring"}
{"timestamp":"2025-06-25T23:49:34.764999","level":"info","event":"-----------edit: {'title': 'Category:チリのスポーツ関連のテンプレート', 'user': '影佑樹', 'is_bot': False, 'server_name': 'ja.wikipedia.org', 'timestamp': 1750771598}-------------","logger":"unusual_prefix_05f7c68866a4b9981d661b83f7c582db0b838856_wiki_monitoring"}
{"timestamp":"2025-06-25T23:49:34.768238","level":"info","event":"----------------Processing messages: <cimpl.Message object at 0x74b9ca857b40>------------","logger":"unusual_prefix_05f7c68866a4b9981d661b83f7c582db0b838856_wiki_monitoring"}
{"timestamp":"2025-06-25T23:49:34.768386","level":"info","event":"-----------edit: {'title': 'Ρεθυμνιακός Α.Ο.', 'user': 'Eranistis1908', 'is_bot': False, 'server_name': 'el.wikipedia.org', 'timestamp': 1750771599}-------------","logger":"unusual_prefix_05f7c68866a4b9981d661b83f7c582db0b838856_wiki_monitoring"}
{"timestamp":"2025-06-25T23:49:34.771431","level":"info","event":"----------------Processing messages: <cimpl.Message object at 0x74b9ca8573c0>------------","logger":"unusual_prefix_05f7c68866a4b9981d661b83f7c582db0b838856_wiki_monitoring"}
{"timestamp":"2025-06-25T23:49:34.771560","level":"info","event":"-----------edit: {'title': 'Участник:Leokand', 'user': 'Drakosh', 'is_bot': False, 'server_name': 'ru.wikipedia.org', 'timestamp': 1750771598}-------------","logger":"unusual_prefix_05f7c68866a4b9981d661b83f7c582db0b838856_wiki_monitoring"}
{"timestamp":"2025-06-25T23:49:34.774638","level":"info","event":"----------------Processing messages: <cimpl.Message object at 0x74b9ca857440>------------","logger":"unusual_prefix_05f7c68866a4b9981d661b83f7c582db0b838856_wiki_monitoring"}
{"timestamp":"2025-06-25T23:49:34.774764","level":"info","event":"-----------edit: {'title': 'List of black Academy Award winners and nominees', 'user': 'Ebernardez', 'is_bot': False, 'server_name': 'en.wikipedia.org', 'timestamp': 1750771596}-------------","logger":"unusual_prefix_05f7c68866a4b9981d661b83f7c582db0b838856_wiki_monitoring"}
{"timestamp":"2025-06-25T23:49:34.777703","level":"info","event":"----------------Processing messages: <cimpl.Message object at 0x74b9ca856340>------------","logger":"unusual_prefix_05f7c68866a4b9981d661b83f7c582db0b838856_wiki_monitoring"}
{"timestamp":"2025-06-25T23:49:34.777836","level":"info","event":"-----------edit: {'title': 'File:ÖBB Mureck Schreiner (66) (45044408735).jpg', 'user': 'Emijrpbot', 'is_bot': True, 'server_name': 'commons.wikimedia.org', 'timestamp': 1750771599}-------------","logger":"unusual_prefix_05f7c68866a4b9981d661b83f7c582db0b838856_wiki_monitoring"}
{"timestamp":"2025-06-25T23:49:34.780864","level":"info","event":"----------------Processing messages: <cimpl.Message object at 0x74b9ca857bc0>------------","logger":"unusual_prefix_05f7c68866a4b9981d661b83f7c582db0b838856_wiki_monitoring"}
{"timestamp":"2025-06-25T23:49:34.780990","level":"info","event":"-----------edit: {'title': 'File:La Clef des chansonniers ou Recueil des Vaudevilles depuis cent ans et plus, notez et recueillis pour la première fois par J. B. Christophe Ballard... Tome I - bpt6k3261425 (222 of 324).jpg', 'user': 'Gzen92Bot', 'is_bot': True, 'server_name': 'commons.wikimedia.org', 'timestamp': 1750771598}-------------","logger":"unusual_prefix_05f7c68866a4b9981d661b83f7c582db0b838856_wiki_monitoring"}
{"timestamp":"2025-06-25T23:49:34.783891","level":"info","event":"----------------Processing messages: <cimpl.Message object at 0x74b9ca894140>------------","logger":"unusual_prefix_05f7c68866a4b9981d661b83f7c582db0b838856_wiki_monitoring"}
{"timestamp":"2025-06-25T23:49:34.784013","level":"info","event":"-----------edit: {'title': 'Q414748', 'user': 'Logjohn', 'is_bot': False, 'server_name': 'www.wikidata.org', 'timestamp': 1750771599}-------------","logger":"unusual_prefix_05f7c68866a4b9981d661b83f7c582db0b838856_wiki_monitoring"}
{"timestamp":"2025-06-25T23:49:34.787496","level":"info","event":"----------------Processing messages: <cimpl.Message object at 0x74b9ca894340>------------","logger":"unusual_prefix_05f7c68866a4b9981d661b83f7c582db0b838856_wiki_monitoring"}
{"timestamp":"2025-06-25T23:49:34.787630","level":"info","event":"-----------edit: {'title': 'File:Lille mon morts face.jpg', 'user': 'Totorvdr59', 'is_bot': False, 'server_name': 'commons.wikimedia.org', 'timestamp': 1750771598}-------------","logger":"unusual_prefix_05f7c68866a4b9981d661b83f7c582db0b838856_wiki_monitoring"}
{"timestamp":"2025-06-25T23:49:34.790802","level":"info","event":"----------------Processing messages: <cimpl.Message object at 0x74b9ca894540>------------","logger":"unusual_prefix_05f7c68866a4b9981d661b83f7c582db0b838856_wiki_monitoring"}
{"timestamp":"2025-06-25T23:49:34.790949","level":"info","event":"-----------edit: {'title': 'Аспромонте (национальный парк)', 'user': 'KristinaKovalenko', 'is_bot': False, 'server_name': 'ru.wikipedia.org', 'timestamp': 1750771597}-------------","logger":"unusual_prefix_05f7c68866a4b9981d661b83f7c582db0b838856_wiki_monitoring"}
{"timestamp":"2025-06-25T23:49:34.794602","level":"info","event":"----------------Processing messages: <cimpl.Message object at 0x74b9ca8949c0>------------","logger":"unusual_prefix_05f7c68866a4b9981d661b83f7c582db0b838856_wiki_monitoring"}
{"timestamp":"2025-06-25T23:49:34.794817","level":"info","event":"-----------edit: {'title': 'Jeisyville, Illinois', 'user': 'ListeriaBot', 'is_bot': True, 'server_name': 'cy.wikipedia.org', 'timestamp': 1750771598}-------------","logger":"unusual_prefix_05f7c68866a4b9981d661b83f7c582db0b838856_wiki_monitoring"}
{"timestamp":"2025-06-25T23:49:34.798538","level":"info","event":"----------------Processing messages: <cimpl.Message object at 0x74b9ca894bc0>------------","logger":"unusual_prefix_05f7c68866a4b9981d661b83f7c582db0b838856_wiki_monitoring"}
{"timestamp":"2025-06-25T23:49:34.798678","level":"info","event":"-----------edit: {'title': 'Category:Noindexed pages', 'user': 'Proscribe', 'is_bot': False, 'server_name': 'en.wikipedia.org', 'timestamp': 1750771595}-------------","logger":"unusual_prefix_05f7c68866a4b9981d661b83f7c582db0b838856_wiki_monitoring"}
{"timestamp":"2025-06-25T23:49:34.803384","level":"info","event":"----------------Processing messages: <cimpl.Message object at 0x74b9ca8949c0>------------","logger":"unusual_prefix_05f7c68866a4b9981d661b83f7c582db0b838856_wiki_monitoring"}
{"timestamp":"2025-06-25T23:49:34.803525","level":"info","event":"-----------edit: {'title': 'Category:Biography articles of living people', 'user': 'Proscribe', 'is_bot': False, 'server_name': 'en.wikipedia.org', 'timestamp': 1750771595}-------------","logger":"unusual_prefix_05f7c68866a4b9981d661b83f7c582db0b838856_wiki_monitoring"}
{"timestamp":"2025-06-25T23:49:34.807312","level":"info","event":"----------------Processing messages: <cimpl.Message object at 0x74b9ca894e40>------------","logger":"unusual_prefix_05f7c68866a4b9981d661b83f7c582db0b838856_wiki_monitoring"}
{"timestamp":"2025-06-25T23:49:34.807466","level":"info","event":"-----------edit: {'title': 'Henri de Lacaze-Duthiers', 'user': 'Jameslwoodward', 'is_bot': False, 'server_name': 'commons.wikimedia.org', 'timestamp': 1750771600}-------------","logger":"unusual_prefix_05f7c68866a4b9981d661b83f7c582db0b838856_wiki_monitoring"}
{"timestamp":"2025-06-25T23:49:34.811975","level":"info","event":"----------------Processing messages: <cimpl.Message object at 0x74b9ca856340>------------","logger":"unusual_prefix_05f7c68866a4b9981d661b83f7c582db0b838856_wiki_monitoring"}
{"timestamp":"2025-06-25T23:49:34.812365","level":"info","event":"-----------edit: {'title': 'Category:Start-Class biography articles', 'user': 'Proscribe', 'is_bot': False, 'server_name': 'en.wikipedia.org', 'timestamp': 1750771595}-------------","logger":"unusual_prefix_05f7c68866a4b9981d661b83f7c582db0b838856_wiki_monitoring"}
{"timestamp":"2025-06-25T23:49:34.816561","level":"info","event":"----------------Processing messages: <cimpl.Message object at 0x74b9ca857140>------------","logger":"unusual_prefix_05f7c68866a4b9981d661b83f7c582db0b838856_wiki_monitoring"}
{"timestamp":"2025-06-25T23:49:34.816696","level":"info","event":"-----------edit: {'title': 'Q414748', 'user': 'Logjohn', 'is_bot': False, 'server_name': 'www.wikidata.org', 'timestamp': 1750771600}-------------","logger":"unusual_prefix_05f7c68866a4b9981d661b83f7c582db0b838856_wiki_monitoring"}
{"timestamp":"2025-06-25T23:49:34.820462","level":"info","event":"----------------Processing messages: <cimpl.Message object at 0x74b9ca8562c0>------------","logger":"unusual_prefix_05f7c68866a4b9981d661b83f7c582db0b838856_wiki_monitoring"}
{"timestamp":"2025-06-25T23:49:34.820602","level":"info","event":"-----------edit: {'title': 'Catégorie:Portail:Années 2010/Articles liés', 'user': 'SenseiAC', 'is_bot': False, 'server_name': 'fr.wikipedia.org', 'timestamp': 1750771596}-------------","logger":"unusual_prefix_05f7c68866a4b9981d661b83f7c582db0b838856_wiki_monitoring"}
{"timestamp":"2025-06-25T23:49:34.824652","level":"info","event":"----------------Processing messages: <cimpl.Message object at 0x74b9ca857640>------------","logger":"unusual_prefix_05f7c68866a4b9981d661b83f7c582db0b838856_wiki_monitoring"}
{"timestamp":"2025-06-25T23:49:34.824789","level":"info","event":"-----------edit: {'title': 'Io (moon)', 'user': '103.100.235.143', 'is_bot': False, 'server_name': 'en.wikipedia.org', 'timestamp': 1750771594}-------------","logger":"unusual_prefix_05f7c68866a4b9981d661b83f7c582db0b838856_wiki_monitoring"}
{"timestamp":"2025-06-25T23:49:34.828450","level":"info","event":"----------------Processing messages: <cimpl.Message object at 0x74b9ca857dc0>------------","logger":"unusual_prefix_05f7c68866a4b9981d661b83f7c582db0b838856_wiki_monitoring"}
{"timestamp":"2025-06-25T23:49:34.828569","level":"info","event":"-----------edit: {'title': 'Category:Start-Class biography (actors and filmmakers) articles', 'user': 'Proscribe', 'is_bot': False, 'server_name': 'en.wikipedia.org', 'timestamp': 1750771595}-------------","logger":"unusual_prefix_05f7c68866a4b9981d661b83f7c582db0b838856_wiki_monitoring"}
{"timestamp":"2025-06-25T23:49:34.832118","level":"info","event":"----------------Processing messages: <cimpl.Message object at 0x74b9ca857ec0>------------","logger":"unusual_prefix_05f7c68866a4b9981d661b83f7c582db0b838856_wiki_monitoring"}
{"timestamp":"2025-06-25T23:49:34.832298","level":"info","event":"-----------edit: {'title': 'Q125522602', 'user': 'Reblip', 'is_bot': False, 'server_name': 'www.wikidata.org', 'timestamp': 1750771600}-------------","logger":"unusual_prefix_05f7c68866a4b9981d661b83f7c582db0b838856_wiki_monitoring"}
{"timestamp":"2025-06-25T23:49:34.836296","level":"info","event":"----------------Processing messages: <cimpl.Message object at 0x74b9ca857940>------------","logger":"unusual_prefix_05f7c68866a4b9981d661b83f7c582db0b838856_wiki_monitoring"}
{"timestamp":"2025-06-25T23:49:34.836441","level":"info","event":"-----------edit: {'title': 'Category:Unknown-importance biography (actors and filmmakers) articles', 'user': 'Proscribe', 'is_bot': False, 'server_name': 'en.wikipedia.org', 'timestamp': 1750771595}-------------","logger":"unusual_prefix_05f7c68866a4b9981d661b83f7c582db0b838856_wiki_monitoring"}
{"timestamp":"2025-06-25T23:49:34.840675","level":"info","event":"----------------Processing messages: <cimpl.Message object at 0x74b9ca8567c0>------------","logger":"unusual_prefix_05f7c68866a4b9981d661b83f7c582db0b838856_wiki_monitoring"}
{"timestamp":"2025-06-25T23:49:34.840840","level":"info","event":"-----------edit: {'title': 'Catégorie:Portail:XXIe siècle/Articles liés', 'user': 'SenseiAC', 'is_bot': False, 'server_name': 'fr.wikipedia.org', 'timestamp': 1750771596}-------------","logger":"unusual_prefix_05f7c68866a4b9981d661b83f7c582db0b838856_wiki_monitoring"}
{"timestamp":"2025-06-25T23:49:34.844453","level":"info","event":"----------------Processing messages: <cimpl.Message object at 0x74b9ca894f40>------------","logger":"unusual_prefix_05f7c68866a4b9981d661b83f7c582db0b838856_wiki_monitoring"}
{"timestamp":"2025-06-25T23:49:34.844627","level":"info","event":"-----------edit: {'title': \"File:Lucifer's Loch - geograph.org.uk - 7825193.jpg\", 'user': 'GeographBot', 'is_bot': True, 'server_name': 'commons.wikimedia.org', 'timestamp': 1750771600}-------------","logger":"unusual_prefix_05f7c68866a4b9981d661b83f7c582db0b838856_wiki_monitoring"}
{"timestamp":"2025-06-25T23:49:34.848088","level":"info","event":"----------------Processing messages: <cimpl.Message object at 0x74b9ca894ec0>------------","logger":"unusual_prefix_05f7c68866a4b9981d661b83f7c582db0b838856_wiki_monitoring"}
{"timestamp":"2025-06-25T23:49:34.848204","level":"info","event":"-----------edit: {'title': 'Category:Actors and filmmakers work group articles', 'user': 'Proscribe', 'is_bot': False, 'server_name': 'en.wikipedia.org', 'timestamp': 1750771595}-------------","logger":"unusual_prefix_05f7c68866a4b9981d661b83f7c582db0b838856_wiki_monitoring"}
{"timestamp":"2025-06-25T23:49:34.851736","level":"info","event":"----------------Processing messages: <cimpl.Message object at 0x74b9ca894a40>------------","logger":"unusual_prefix_05f7c68866a4b9981d661b83f7c582db0b838856_wiki_monitoring"}
{"timestamp":"2025-06-25T23:49:34.851896","level":"info","event":"-----------edit: {'title': 'Catégorie:Portail:Cinquième République/Articles liés', 'user': 'SenseiAC', 'is_bot': False, 'server_name': 'fr.wikipedia.org', 'timestamp': 1750771596}-------------","logger":"unusual_prefix_05f7c68866a4b9981d661b83f7c582db0b838856_wiki_monitoring"}
{"timestamp":"2025-06-25T23:49:34.855578","level":"info","event":"----------------Processing messages: <cimpl.Message object at 0x74b9ca894840>------------","logger":"unusual_prefix_05f7c68866a4b9981d661b83f7c582db0b838856_wiki_monitoring"}
{"timestamp":"2025-06-25T23:49:34.855714","level":"info","event":"-----------edit: {'title': 'Catégorie:Portail:Libéralisme/Articles liés', 'user': 'SenseiAC', 'is_bot': False, 'server_name': 'fr.wikipedia.org', 'timestamp': 1750771596}-------------","logger":"unusual_prefix_05f7c68866a4b9981d661b83f7c582db0b838856_wiki_monitoring"}
{"timestamp":"2025-06-25T23:49:34.859724","level":"info","event":"----------------Processing messages: <cimpl.Message object at 0x74b9ca894440>------------","logger":"unusual_prefix_05f7c68866a4b9981d661b83f7c582db0b838856_wiki_monitoring"}
{"timestamp":"2025-06-25T23:49:34.860026","level":"info","event":"-----------edit: {'title': 'Category:Paintings of women', 'user': 'Doomhope', 'is_bot': False, 'server_name': 'en.wikipedia.org', 'timestamp': 1750771598}-------------","logger":"unusual_prefix_05f7c68866a4b9981d661b83f7c582db0b838856_wiki_monitoring"}
{"timestamp":"2025-06-25T23:49:34.863972","level":"info","event":"----------------Processing messages: <cimpl.Message object at 0x74b9ca857e40>------------","logger":"unusual_prefix_05f7c68866a4b9981d661b83f7c582db0b838856_wiki_monitoring"}
{"timestamp":"2025-06-25T23:49:34.864115","level":"info","event":"-----------edit: {'title': 'Category:Wikipedia requested photographs of actors and filmmakers', 'user': 'Proscribe', 'is_bot': False, 'server_name': 'en.wikipedia.org', 'timestamp': 1750771595}-------------","logger":"unusual_prefix_05f7c68866a4b9981d661b83f7c582db0b838856_wiki_monitoring"}
{"timestamp":"2025-06-25T23:49:34.867724","level":"info","event":"----------------Processing messages: <cimpl.Message object at 0x74b9ca8575c0>------------","logger":"unusual_prefix_05f7c68866a4b9981d661b83f7c582db0b838856_wiki_monitoring"}
{"timestamp":"2025-06-25T23:49:34.867871","level":"info","event":"-----------edit: {'title': 'Morning Midas', 'user': 'Roupheinos', 'is_bot': False, 'server_name': 'de.wikipedia.org', 'timestamp': 1750771599}-------------","logger":"unusual_prefix_05f7c68866a4b9981d661b83f7c582db0b838856_wiki_monitoring"}
{"timestamp":"2025-06-25T23:49:34.871029","level":"info","event":"----------------Processing messages: <cimpl.Message object at 0x74b9ca857740>------------","logger":"unusual_prefix_05f7c68866a4b9981d661b83f7c582db0b838856_wiki_monitoring"}
{"timestamp":"2025-06-25T23:49:34.871175","level":"info","event":"-----------edit: {'title': 'Category:Wikipedia requested photographs of people', 'user': 'Proscribe', 'is_bot': False, 'server_name': 'en.wikipedia.org', 'timestamp': 1750771595}-------------","logger":"unusual_prefix_05f7c68866a4b9981d661b83f7c582db0b838856_wiki_monitoring"}
{"timestamp":"2025-06-25T23:49:34.873890","level":"info","event":"----------------Processing messages: <cimpl.Message object at 0x74b9ca857c40>------------","logger":"unusual_prefix_05f7c68866a4b9981d661b83f7c582db0b838856_wiki_monitoring"}
{"timestamp":"2025-06-25T23:49:34.874024","level":"info","event":"-----------edit: {'title': 'Category:WikiProject Biography articles', 'user': 'Proscribe', 'is_bot': False, 'server_name': 'en.wikipedia.org', 'timestamp': 1750771595}-------------","logger":"unusual_prefix_05f7c68866a4b9981d661b83f7c582db0b838856_wiki_monitoring"}
{"timestamp":"2025-06-25T23:49:34.877179","level":"info","event":"----------------Processing messages: <cimpl.Message object at 0x74b9ca857a40>------------","logger":"unusual_prefix_05f7c68866a4b9981d661b83f7c582db0b838856_wiki_monitoring"}
{"timestamp":"2025-06-25T23:49:34.877319","level":"info","event":"-----------edit: {'title': 'Category:Start-Class African diaspora articles', 'user': 'Proscribe', 'is_bot': False, 'server_name': 'en.wikipedia.org', 'timestamp': 1750771595}-------------","logger":"unusual_prefix_05f7c68866a4b9981d661b83f7c582db0b838856_wiki_monitoring"}
{"timestamp":"2025-06-25T23:49:34.880420","level":"info","event":"----------------Processing messages: <cimpl.Message object at 0x74b9ca857540>------------","logger":"unusual_prefix_05f7c68866a4b9981d661b83f7c582db0b838856_wiki_monitoring"}
{"timestamp":"2025-06-25T23:49:34.880549","level":"info","event":"-----------edit: {'title': 'File:Luis Pérez Pombo, 1925.png', 'user': 'BotMultichillT', 'is_bot': True, 'server_name': 'commons.wikimedia.org', 'timestamp': 1750771600}-------------","logger":"unusual_prefix_05f7c68866a4b9981d661b83f7c582db0b838856_wiki_monitoring"}
{"timestamp":"2025-06-25T23:49:34.883437","level":"info","event":"----------------Processing messages: <cimpl.Message object at 0x74b9ca856fc0>------------","logger":"unusual_prefix_05f7c68866a4b9981d661b83f7c582db0b838856_wiki_monitoring"}
{"timestamp":"2025-06-25T23:49:34.883557","level":"info","event":"-----------edit: {'title': 'Category:Low-importance African diaspora articles', 'user': 'Proscribe', 'is_bot': False, 'server_name': 'en.wikipedia.org', 'timestamp': 1750771595}-------------","logger":"unusual_prefix_05f7c68866a4b9981d661b83f7c582db0b838856_wiki_monitoring"}
{"timestamp":"2025-06-25T23:49:34.886017","level":"info","event":"----------------Processing messages: <cimpl.Message object at 0x74b9ca857440>------------","logger":"unusual_prefix_05f7c68866a4b9981d661b83f7c582db0b838856_wiki_monitoring"}
{"timestamp":"2025-06-25T23:49:34.886135","level":"info","event":"-----------edit: {'title': 'Benutzer:Kawona67/Artikelentwurf Jonathan Vervenne', 'user': 'Nordprinz', 'is_bot': False, 'server_name': 'de.wikipedia.org', 'timestamp': 1750771599}-------------","logger":"unusual_prefix_05f7c68866a4b9981d661b83f7c582db0b838856_wiki_monitoring"}
{"timestamp":"2025-06-25T23:49:34.888747","level":"info","event":"----------------Processing messages: <cimpl.Message object at 0x74b9ca894ec0>------------","logger":"unusual_prefix_05f7c68866a4b9981d661b83f7c582db0b838856_wiki_monitoring"}
{"timestamp":"2025-06-25T23:49:34.888866","level":"info","event":"-----------edit: {'title': 'Category:WikiProject African diaspora articles', 'user': 'Proscribe', 'is_bot': False, 'server_name': 'en.wikipedia.org', 'timestamp': 1750771595}-------------","logger":"unusual_prefix_05f7c68866a4b9981d661b83f7c582db0b838856_wiki_monitoring"}
{"timestamp":"2025-06-25T23:49:34.892045","level":"info","event":"----------------Processing messages: <cimpl.Message object at 0x74b9ca894940>------------","logger":"unusual_prefix_05f7c68866a4b9981d661b83f7c582db0b838856_wiki_monitoring"}
{"timestamp":"2025-06-25T23:49:34.892169","level":"info","event":"-----------edit: {'title': 'Category:Files from Gallica', 'user': 'Gzen92Bot', 'is_bot': True, 'server_name': 'commons.wikimedia.org', 'timestamp': 1750771598}-------------","logger":"unusual_prefix_05f7c68866a4b9981d661b83f7c582db0b838856_wiki_monitoring"}
{"timestamp":"2025-06-25T23:49:34.894767","level":"info","event":"----------------Processing messages: <cimpl.Message object at 0x74b9ca894640>------------","logger":"unusual_prefix_05f7c68866a4b9981d661b83f7c582db0b838856_wiki_monitoring"}
{"timestamp":"2025-06-25T23:49:34.894881","level":"info","event":"-----------edit: {'title': 'Category:Start-Class WikiProject Women articles', 'user': 'Proscribe', 'is_bot': False, 'server_name': 'en.wikipedia.org', 'timestamp': 1750771595}-------------","logger":"unusual_prefix_05f7c68866a4b9981d661b83f7c582db0b838856_wiki_monitoring"}
{"timestamp":"2025-06-25T23:49:34.897542","level":"info","event":"----------------Processing messages: <cimpl.Message object at 0x74b9ca894d40>------------","logger":"unusual_prefix_05f7c68866a4b9981d661b83f7c582db0b838856_wiki_monitoring"}
{"timestamp":"2025-06-25T23:49:34.897668","level":"info","event":"-----------edit: {'title': 'Category:All WikiProject Women-related pages', 'user': 'Proscribe', 'is_bot': False, 'server_name': 'en.wikipedia.org', 'timestamp': 1750771595}-------------","logger":"unusual_prefix_05f7c68866a4b9981d661b83f7c582db0b838856_wiki_monitoring"}
{"timestamp":"2025-06-25T23:49:34.900219","level":"info","event":"----------------Processing messages: <cimpl.Message object at 0x74b9ca894340>------------","logger":"unusual_prefix_05f7c68866a4b9981d661b83f7c582db0b838856_wiki_monitoring"}
{"timestamp":"2025-06-25T23:49:34.900342","level":"info","event":"-----------edit: {'title': 'Category:WikiProject Women articles', 'user': 'Proscribe', 'is_bot': False, 'server_name': 'en.wikipedia.org', 'timestamp': 1750771595}-------------","logger":"unusual_prefix_05f7c68866a4b9981d661b83f7c582db0b838856_wiki_monitoring"}
{"timestamp":"2025-06-25T23:49:34.903241","level":"info","event":"----------------Processing messages: <cimpl.Message object at 0x74b9ca857440>------------","logger":"unusual_prefix_05f7c68866a4b9981d661b83f7c582db0b838856_wiki_monitoring"}
{"timestamp":"2025-06-25T23:49:34.903358","level":"info","event":"-----------edit: {'title': 'Category:Artworks without Wikidata item', 'user': 'Gzen92Bot', 'is_bot': True, 'server_name': 'commons.wikimedia.org', 'timestamp': 1750771598}-------------","logger":"unusual_prefix_05f7c68866a4b9981d661b83f7c582db0b838856_wiki_monitoring"}
{"timestamp":"2025-06-25T23:49:34.906443","level":"info","event":"----------------Processing messages: <cimpl.Message object at 0x74b9ca857b40>------------","logger":"unusual_prefix_05f7c68866a4b9981d661b83f7c582db0b838856_wiki_monitoring"}
{"timestamp":"2025-06-25T23:49:34.906625","level":"info","event":"-----------edit: {'title': 'Lūi-pia̍t:Webarchive pang-bô͘ wayback liân-kiat', 'user': 'InternetArchiveBot', 'is_bot': True, 'server_name': 'zh-min-nan.wikipedia.org', 'timestamp': 1750771594}-------------","logger":"unusual_prefix_05f7c68866a4b9981d661b83f7c582db0b838856_wiki_monitoring"}
{"timestamp":"2025-06-25T23:49:34.909247","level":"info","event":"----------------Processing messages: <cimpl.Message object at 0x74b9ca857cc0>------------","logger":"unusual_prefix_05f7c68866a4b9981d661b83f7c582db0b838856_wiki_monitoring"}
{"timestamp":"2025-06-25T23:49:34.909360","level":"info","event":"-----------edit: {'title': 'Category:PD France', 'user': 'Gzen92Bot', 'is_bot': True, 'server_name': 'commons.wikimedia.org', 'timestamp': 1750771598}-------------","logger":"unusual_prefix_05f7c68866a4b9981d661b83f7c582db0b838856_wiki_monitoring"}
{"timestamp":"2025-06-25T23:49:34.912065","level":"info","event":"----------------Processing messages: <cimpl.Message object at 0x74b9ca8579c0>------------","logger":"unusual_prefix_05f7c68866a4b9981d661b83f7c582db0b838856_wiki_monitoring"}
{"timestamp":"2025-06-25T23:49:34.912186","level":"info","event":"-----------edit: {'title': 'Lūi-pia̍t:Internet Archive pang-bô͘', 'user': 'InternetArchiveBot', 'is_bot': True, 'server_name': 'zh-min-nan.wikipedia.org', 'timestamp': 1750771594}-------------","logger":"unusual_prefix_05f7c68866a4b9981d661b83f7c582db0b838856_wiki_monitoring"}
{"timestamp":"2025-06-25T23:49:34.915347","level":"info","event":"----------------Processing messages: <cimpl.Message object at 0x74b9ca856b40>------------","logger":"unusual_prefix_05f7c68866a4b9981d661b83f7c582db0b838856_wiki_monitoring"}
{"timestamp":"2025-06-25T23:49:34.915480","level":"info","event":"-----------edit: {'title': 'Category:PD-old missing SDC copyright status', 'user': 'Gzen92Bot', 'is_bot': True, 'server_name': 'commons.wikimedia.org', 'timestamp': 1750771598}-------------","logger":"unusual_prefix_05f7c68866a4b9981d661b83f7c582db0b838856_wiki_monitoring"}
{"timestamp":"2025-06-25T23:49:34.918692","level":"info","event":"----------------Processing messages: <cimpl.Message object at 0x74b9ca856bc0>------------","logger":"unusual_prefix_05f7c68866a4b9981d661b83f7c582db0b838856_wiki_monitoring"}
{"timestamp":"2025-06-25T23:49:34.918854","level":"info","event":"-----------edit: {'title': 'Q414748', 'user': 'Logjohn', 'is_bot': False, 'server_name': 'www.wikidata.org', 'timestamp': 1750771600}-------------","logger":"unusual_prefix_05f7c68866a4b9981d661b83f7c582db0b838856_wiki_monitoring"}
{"timestamp":"2025-06-25T23:49:34.922788","level":"info","event":"----------------Processing messages: <cimpl.Message object at 0x74b9ca8578c0>------------","logger":"unusual_prefix_05f7c68866a4b9981d661b83f7c582db0b838856_wiki_monitoring"}
{"timestamp":"2025-06-25T23:49:34.922929","level":"info","event":"-----------edit: {'title': 'Category:WikiProject Women in Red articles not associated with a meetup', 'user': 'Proscribe', 'is_bot': False, 'server_name': 'en.wikipedia.org', 'timestamp': 1750771595}-------------","logger":"unusual_prefix_05f7c68866a4b9981d661b83f7c582db0b838856_wiki_monitoring"}
{"timestamp":"2025-06-25T23:49:34.926853","level":"info","event":"----------------Processing messages: <cimpl.Message object at 0x74b9ca857840>------------","logger":"unusual_prefix_05f7c68866a4b9981d661b83f7c582db0b838856_wiki_monitoring"}
{"timestamp":"2025-06-25T23:49:34.926975","level":"info","event":"-----------edit: {'title': 'Category:CC-PD-Mark', 'user': 'Gzen92Bot', 'is_bot': True, 'server_name': 'commons.wikimedia.org', 'timestamp': 1750771598}-------------","logger":"unusual_prefix_05f7c68866a4b9981d661b83f7c582db0b838856_wiki_monitoring"}
{"timestamp":"2025-06-25T23:49:34.930520","level":"info","event":"----------------Processing messages: <cimpl.Message object at 0x74b9ca894640>------------","logger":"unusual_prefix_05f7c68866a4b9981d661b83f7c582db0b838856_wiki_monitoring"}
{"timestamp":"2025-06-25T23:49:34.930658","level":"info","event":"-----------edit: {'title': 'Category:All WikiProject Women in Red pages', 'user': 'Proscribe', 'is_bot': False, 'server_name': 'en.wikipedia.org', 'timestamp': 1750771595}-------------","logger":"unusual_prefix_05f7c68866a4b9981d661b83f7c582db0b838856_wiki_monitoring"}
{"timestamp":"2025-06-25T23:49:34.934233","level":"info","event":"----------------Processing messages: <cimpl.Message object at 0x74b9ca8949c0>------------","logger":"unusual_prefix_05f7c68866a4b9981d661b83f7c582db0b838856_wiki_monitoring"}
{"timestamp":"2025-06-25T23:49:34.934370","level":"info","event":"-----------edit: {'title': 'Category:Edgar Boutry', 'user': 'Totorvdr59', 'is_bot': False, 'server_name': 'commons.wikimedia.org', 'timestamp': 1750771598}-------------","logger":"unusual_prefix_05f7c68866a4b9981d661b83f7c582db0b838856_wiki_monitoring"}
{"timestamp":"2025-06-25T23:49:34.937434","level":"info","event":"----------------Processing messages: <cimpl.Message object at 0x74b9ca894cc0>------------","logger":"unusual_prefix_05f7c68866a4b9981d661b83f7c582db0b838856_wiki_monitoring"}
{"timestamp":"2025-06-25T23:49:34.937639","level":"info","event":"-----------edit: {'title': 'Category:PD-old-100-expired', 'user': 'Gzen92Bot', 'is_bot': True, 'server_name': 'commons.wikimedia.org', 'timestamp': 1750771598}-------------","logger":"unusual_prefix_05f7c68866a4b9981d661b83f7c582db0b838856_wiki_monitoring"}
{"timestamp":"2025-06-25T23:49:34.940749","level":"info","event":"----------------Processing messages: <cimpl.Message object at 0x74b9ca894540>------------","logger":"unusual_prefix_05f7c68866a4b9981d661b83f7c582db0b838856_wiki_monitoring"}
{"timestamp":"2025-06-25T23:49:34.940869","level":"info","event":"-----------edit: {'title': 'Category:PD US expired', 'user': 'Gzen92Bot', 'is_bot': True, 'server_name': 'commons.wikimedia.org', 'timestamp': 1750771598}-------------","logger":"unusual_prefix_05f7c68866a4b9981d661b83f7c582db0b838856_wiki_monitoring"}
{"timestamp":"2025-06-25T23:49:34.943827","level":"info","event":"----------------Processing messages: <cimpl.Message object at 0x74b9ca894840>------------","logger":"unusual_prefix_05f7c68866a4b9981d661b83f7c582db0b838856_wiki_monitoring"}
{"timestamp":"2025-06-25T23:49:34.943947","level":"info","event":"-----------edit: {'title': \"2025 IHF Men's U21 Handball World Championship\", 'user': 'Kante4', 'is_bot': False, 'server_name': 'en.wikipedia.org', 'timestamp': 1750771595}-------------","logger":"unusual_prefix_05f7c68866a4b9981d661b83f7c582db0b838856_wiki_monitoring"}
{"timestamp":"2025-06-25T23:49:34.946702","level":"info","event":"----------------Processing messages: <cimpl.Message object at 0x74b9ca8578c0>------------","logger":"unusual_prefix_05f7c68866a4b9981d661b83f7c582db0b838856_wiki_monitoring"}
{"timestamp":"2025-06-25T23:49:34.946820","level":"info","event":"-----------edit: {'title': 'Wikipedia:Bot requests/topic list', 'user': 'Cewbot', 'is_bot': True, 'server_name': 'en.wikipedia.org', 'timestamp': 1750771600}-------------","logger":"unusual_prefix_05f7c68866a4b9981d661b83f7c582db0b838856_wiki_monitoring"}
{"timestamp":"2025-06-25T23:49:34.949642","level":"info","event":"----------------Processing messages: <cimpl.Message object at 0x74b9ca856b40>------------","logger":"unusual_prefix_05f7c68866a4b9981d661b83f7c582db0b838856_wiki_monitoring"}
{"timestamp":"2025-06-25T23:49:34.949760","level":"info","event":"-----------edit: {'title': 'Category:PD-US missing SDC copyright status', 'user': 'Gzen92Bot', 'is_bot': True, 'server_name': 'commons.wikimedia.org', 'timestamp': 1750771598}-------------","logger":"unusual_prefix_05f7c68866a4b9981d661b83f7c582db0b838856_wiki_monitoring"}
{"timestamp":"2025-06-25T23:49:34.952669","level":"info","event":"----------------Processing messages: <cimpl.Message object at 0x74b9ca8562c0>------------","logger":"unusual_prefix_05f7c68866a4b9981d661b83f7c582db0b838856_wiki_monitoring"}
{"timestamp":"2025-06-25T23:49:34.952791","level":"info","event":"-----------edit: {'title': 'Category:Sheet music from Gallica (Bibliothèque nationale de France) uploaded by Gzen92Bot', 'user': 'Gzen92Bot', 'is_bot': True, 'server_name': 'commons.wikimedia.org', 'timestamp': 1750771598}-------------","logger":"unusual_prefix_05f7c68866a4b9981d661b83f7c582db0b838856_wiki_monitoring"}
{"timestamp":"2025-06-25T23:49:34.955389","level":"info","event":"----------------Processing messages: <cimpl.Message object at 0x74b9ca857140>------------","logger":"unusual_prefix_05f7c68866a4b9981d661b83f7c582db0b838856_wiki_monitoring"}
{"timestamp":"2025-06-25T23:49:34.955508","level":"info","event":"-----------edit: {'title': 'Category:La Clef des chansonniers ou Recueil des Vaudevilles depuis cent ans et plus, notez et recueillis pour la première fois par J. B. Christophe Ballard... Tome I - bpt6k3261425', 'user': 'Gzen92Bot', 'is_bot': True, 'server_name': 'commons.wikimedia.org', 'timestamp': 1750771598}-------------","logger":"unusual_prefix_05f7c68866a4b9981d661b83f7c582db0b838856_wiki_monitoring"}
{"timestamp":"2025-06-25T23:49:34.957891","level":"info","event":"----------------Processing messages: <cimpl.Message object at 0x74b9ca856340>------------","logger":"unusual_prefix_05f7c68866a4b9981d661b83f7c582db0b838856_wiki_monitoring"}
{"timestamp":"2025-06-25T23:49:34.958005","level":"info","event":"-----------edit: {'title': 'Category:Reflistで3列を指定しているページ', 'user': 'Mister0124', 'is_bot': False, 'server_name': 'ja.wikipedia.org', 'timestamp': 1750771596}-------------","logger":"unusual_prefix_05f7c68866a4b9981d661b83f7c582db0b838856_wiki_monitoring"}
{"timestamp":"2025-06-25T23:49:34.960292","level":"info","event":"----------------Processing messages: <cimpl.Message object at 0x74b9ca857c40>------------","logger":"unusual_prefix_05f7c68866a4b9981d661b83f7c582db0b838856_wiki_monitoring"}
{"timestamp":"2025-06-25T23:49:34.960399","level":"info","event":"-----------edit: {'title': 'Central Brahui Range', 'user': 'Sir Calculus', 'is_bot': False, 'server_name': 'en.wikipedia.org', 'timestamp': 1750771599}-------------","logger":"unusual_prefix_05f7c68866a4b9981d661b83f7c582db0b838856_wiki_monitoring"}
{"timestamp":"2025-06-25T23:49:34.962745","level":"info","event":"----------------Processing messages: <cimpl.Message object at 0x74b9ca8572c0>------------","logger":"unusual_prefix_05f7c68866a4b9981d661b83f7c582db0b838856_wiki_monitoring"}
{"timestamp":"2025-06-25T23:49:34.962861","level":"info","event":"-----------edit: {'title': 'ইগনাসিও মিরামোন', 'user': 'Waraka Saki', 'is_bot': False, 'server_name': 'bn.wikipedia.org', 'timestamp': 1750771599}-------------","logger":"unusual_prefix_05f7c68866a4b9981d661b83f7c582db0b838856_wiki_monitoring"}
{"timestamp":"2025-06-25T23:49:34.965280","level":"info","event":"----------------Processing messages: <cimpl.Message object at 0x74b9ca856e40>------------","logger":"unusual_prefix_05f7c68866a4b9981d661b83f7c582db0b838856_wiki_monitoring"}
{"timestamp":"2025-06-25T23:49:34.965397","level":"info","event":"-----------edit: {'title': 'Utilisateur:37.61.113.216', 'user': 'Ariel Provost', 'is_bot': False, 'server_name': 'fr.wikipedia.org', 'timestamp': 1750771601}-------------","logger":"unusual_prefix_05f7c68866a4b9981d661b83f7c582db0b838856_wiki_monitoring"}
{"timestamp":"2025-06-25T23:49:34.967934","level":"info","event":"----------------Processing messages: <cimpl.Message object at 0x74b9ca856fc0>------------","logger":"unusual_prefix_05f7c68866a4b9981d661b83f7c582db0b838856_wiki_monitoring"}
{"timestamp":"2025-06-25T23:49:34.968052","level":"info","event":"-----------edit: {'title': 'Q123407349', 'user': 'Florentyna', 'is_bot': False, 'server_name': 'www.wikidata.org', 'timestamp': 1750771601}-------------","logger":"unusual_prefix_05f7c68866a4b9981d661b83f7c582db0b838856_wiki_monitoring"}
{"timestamp":"2025-06-25T23:49:34.970539","level":"info","event":"----------------Processing messages: <cimpl.Message object at 0x74b9ca894240>------------","logger":"unusual_prefix_05f7c68866a4b9981d661b83f7c582db0b838856_wiki_monitoring"}
{"timestamp":"2025-06-25T23:49:34.970653","level":"info","event":"-----------edit: {'title': 'Q5146094', 'user': '83.61.242.133', 'is_bot': False, 'server_name': 'www.wikidata.org', 'timestamp': 1750771601}-------------","logger":"unusual_prefix_05f7c68866a4b9981d661b83f7c582db0b838856_wiki_monitoring"}
{"timestamp":"2025-06-25T23:49:34.973131","level":"info","event":"----------------Processing messages: <cimpl.Message object at 0x74b9ca894ac0>------------","logger":"unusual_prefix_05f7c68866a4b9981d661b83f7c582db0b838856_wiki_monitoring"}
{"timestamp":"2025-06-25T23:49:34.973251","level":"info","event":"-----------edit: {'title': 'Q414748', 'user': 'Logjohn', 'is_bot': False, 'server_name': 'www.wikidata.org', 'timestamp': 1750771601}-------------","logger":"unusual_prefix_05f7c68866a4b9981d661b83f7c582db0b838856_wiki_monitoring"}
{"timestamp":"2025-06-25T23:49:34.975944","level":"info","event":"----------------Processing messages: <cimpl.Message object at 0x74b9ca894dc0>------------","logger":"unusual_prefix_05f7c68866a4b9981d661b83f7c582db0b838856_wiki_monitoring"}
{"timestamp":"2025-06-25T23:49:34.976066","level":"info","event":"-----------edit: {'title': 'Sensor', 'user': '2A02:8109:9CA2:A700:399C:E593:42F8:C165', 'is_bot': False, 'server_name': 'en.wikipedia.org', 'timestamp': 1750771599}-------------","logger":"unusual_prefix_05f7c68866a4b9981d661b83f7c582db0b838856_wiki_monitoring"}
{"timestamp":"2025-06-25T23:49:34.978865","level":"info","event":"----------------Processing messages: <cimpl.Message object at 0x74b9ca894e40>------------","logger":"unusual_prefix_05f7c68866a4b9981d661b83f7c582db0b838856_wiki_monitoring"}
{"timestamp":"2025-06-25T23:49:34.978991","level":"info","event":"-----------edit: {'title': 'User talk:2001:4DD1:6BF2:0:A4CD:2A11:903C:A79D', 'user': '185.113.97.247', 'is_bot': False, 'server_name': 'en.wikipedia.org', 'timestamp': 1750771601}-------------","logger":"unusual_prefix_05f7c68866a4b9981d661b83f7c582db0b838856_wiki_monitoring"}
{"timestamp":"2025-06-25T23:49:34.981873","level":"info","event":"----------------Processing messages: <cimpl.Message object at 0x74b9ca8572c0>------------","logger":"unusual_prefix_05f7c68866a4b9981d661b83f7c582db0b838856_wiki_monitoring"}
{"timestamp":"2025-06-25T23:49:34.981997","level":"info","event":"-----------edit: {'title': 'Q2415950', 'user': 'Kbseah', 'is_bot': False, 'server_name': 'www.wikidata.org', 'timestamp': 1750771601}-------------","logger":"unusual_prefix_05f7c68866a4b9981d661b83f7c582db0b838856_wiki_monitoring"}
{"timestamp":"2025-06-25T23:49:34.985170","level":"info","event":"----------------Processing messages: <cimpl.Message object at 0x74b9ca857bc0>------------","logger":"unusual_prefix_05f7c68866a4b9981d661b83f7c582db0b838856_wiki_monitoring"}
{"timestamp":"2025-06-25T23:49:34.985291","level":"info","event":"-----------edit: {'title': 'تصنيف:صفحات تستخدم امتداد JsonConfig', 'user': 'MenoBot', 'is_bot': True, 'server_name': 'ar.wikipedia.org', 'timestamp': 1750771591}-------------","logger":"unusual_prefix_05f7c68866a4b9981d661b83f7c582db0b838856_wiki_monitoring"}
{"timestamp":"2025-06-25T23:49:34.988067","level":"info","event":"----------------Processing messages: <cimpl.Message object at 0x74b9ca856f40>------------","logger":"unusual_prefix_05f7c68866a4b9981d661b83f7c582db0b838856_wiki_monitoring"}
{"timestamp":"2025-06-25T23:49:34.988195","level":"info","event":"-----------edit: {'title': 'User talk:2001:4DD1:6BF2:0:A4CD:2A11:903C:A79D', 'user': '185.113.97.247', 'is_bot': False, 'server_name': 'en.wikipedia.org', 'timestamp': 1750771601}-------------","logger":"unusual_prefix_05f7c68866a4b9981d661b83f7c582db0b838856_wiki_monitoring"}
{"timestamp":"2025-06-25T23:49:34.990936","level":"info","event":"----------------Processing messages: <cimpl.Message object at 0x74b9ca857240>------------","logger":"unusual_prefix_05f7c68866a4b9981d661b83f7c582db0b838856_wiki_monitoring"}
{"timestamp":"2025-06-25T23:49:34.991066","level":"info","event":"-----------edit: {'title': 'Q4924529', 'user': 'Kbseah', 'is_bot': False, 'server_name': 'www.wikidata.org', 'timestamp': 1750771601}-------------","logger":"unusual_prefix_05f7c68866a4b9981d661b83f7c582db0b838856_wiki_monitoring"}
{"timestamp":"2025-06-25T23:49:34.993798","level":"info","event":"----------------Processing messages: <cimpl.Message object at 0x74b9ca857740>------------","logger":"unusual_prefix_05f7c68866a4b9981d661b83f7c582db0b838856_wiki_monitoring"}
{"timestamp":"2025-06-25T23:49:34.993910","level":"info","event":"-----------edit: {'title': 'Q135064465', 'user': 'MmaBaggio', 'is_bot': False, 'server_name': 'www.wikidata.org', 'timestamp': 1750771601}-------------","logger":"unusual_prefix_05f7c68866a4b9981d661b83f7c582db0b838856_wiki_monitoring"}
{"timestamp":"2025-06-25T23:49:34.996145","level":"info","event":"----------------Processing messages: <cimpl.Message object at 0x74b9ca8575c0>------------","logger":"unusual_prefix_05f7c68866a4b9981d661b83f7c582db0b838856_wiki_monitoring"}
{"timestamp":"2025-06-25T23:49:34.996249","level":"info","event":"-----------edit: {'title': 'File:Illusion, poème en 9 chants de Jean Lahor - bpt6k885554q (19 of 60).jpg', 'user': 'Gzen92Bot', 'is_bot': True, 'server_name': 'commons.wikimedia.org', 'timestamp': 1750771599}-------------","logger":"unusual_prefix_05f7c68866a4b9981d661b83f7c582db0b838856_wiki_monitoring"}
{"timestamp":"2025-06-25T23:49:34.998501","level":"info","event":"----------------Processing messages: <cimpl.Message object at 0x74b9ca857e40>------------","logger":"unusual_prefix_05f7c68866a4b9981d661b83f7c582db0b838856_wiki_monitoring"}
{"timestamp":"2025-06-25T23:49:34.998613","level":"info","event":"-----------edit: {'title': 'אליעד שרגא', 'user': 'יודוקוליס', 'is_bot': False, 'server_name': 'he.wikipedia.org', 'timestamp': 1750771601}-------------","logger":"unusual_prefix_05f7c68866a4b9981d661b83f7c582db0b838856_wiki_monitoring"}
{"timestamp":"2025-06-25T23:49:35.001290","level":"info","event":"----------------Processing messages: <cimpl.Message object at 0x74b9ca857640>------------","logger":"unusual_prefix_05f7c68866a4b9981d661b83f7c582db0b838856_wiki_monitoring"}
{"timestamp":"2025-06-25T23:49:35.001403","level":"info","event":"-----------edit: {'title': 'Q414748', 'user': 'Logjohn', 'is_bot': False, 'server_name': 'www.wikidata.org', 'timestamp': 1750771601}-------------","logger":"unusual_prefix_05f7c68866a4b9981d661b83f7c582db0b838856_wiki_monitoring"}
{"timestamp":"2025-06-25T23:49:35.003991","level":"info","event":"----------------Processing messages: <cimpl.Message object at 0x74b9ca857d40>------------","logger":"unusual_prefix_05f7c68866a4b9981d661b83f7c582db0b838856_wiki_monitoring"}
{"timestamp":"2025-06-25T23:49:35.004100","level":"info","event":"-----------edit: {'title': 'Johannes Paulus II', 'user': 'Katlinke', 'is_bot': False, 'server_name': 'sv.wikipedia.org', 'timestamp': 1750771598}-------------","logger":"unusual_prefix_05f7c68866a4b9981d661b83f7c582db0b838856_wiki_monitoring"}
{"timestamp":"2025-06-25T23:49:35.006530","level":"info","event":"----------------Processing messages: <cimpl.Message object at 0x74b9ca894c40>------------","logger":"unusual_prefix_05f7c68866a4b9981d661b83f7c582db0b838856_wiki_monitoring"}
{"timestamp":"2025-06-25T23:49:35.006638","level":"info","event":"-----------edit: {'title': 'جنگ\\u200cهای یهود و روم', 'user': 'MohsenAkbarnejad', 'is_bot': False, 'server_name': 'fa.wikipedia.org', 'timestamp': 1750771598}-------------","logger":"unusual_prefix_05f7c68866a4b9981d661b83f7c582db0b838856_wiki_monitoring"}
{"timestamp":"2025-06-25T23:49:35.008843","level":"info","event":"----------------Processing messages: <cimpl.Message object at 0x74b9ca894940>------------","logger":"unusual_prefix_05f7c68866a4b9981d661b83f7c582db0b838856_wiki_monitoring"}
{"timestamp":"2025-06-25T23:49:35.008945","level":"info","event":"-----------edit: {'title': 'Q868595', 'user': 'Florentyna', 'is_bot': False, 'server_name': 'www.wikidata.org', 'timestamp': 1750771601}-------------","logger":"unusual_prefix_05f7c68866a4b9981d661b83f7c582db0b838856_wiki_monitoring"}
{"timestamp":"2025-06-25T23:49:35.011158","level":"info","event":"----------------Processing messages: <cimpl.Message object at 0x74b9ca894140>------------","logger":"unusual_prefix_05f7c68866a4b9981d661b83f7c582db0b838856_wiki_monitoring"}
{"timestamp":"2025-06-25T23:49:35.011259","level":"info","event":"-----------edit: {'title': 'Property:P642', 'user': 'Desoda', 'is_bot': False, 'server_name': 'www.wikidata.org', 'timestamp': 1750771601}-------------","logger":"unusual_prefix_05f7c68866a4b9981d661b83f7c582db0b838856_wiki_monitoring"}
{"timestamp":"2025-06-25T23:49:35.013316","level":"info","event":"----------------Processing messages: <cimpl.Message object at 0x74b9ca894cc0>------------","logger":"unusual_prefix_05f7c68866a4b9981d661b83f7c582db0b838856_wiki_monitoring"}
{"timestamp":"2025-06-25T23:49:35.013411","level":"info","event":"-----------edit: {'title': 'Q414748', 'user': 'Logjohn', 'is_bot': False, 'server_name': 'www.wikidata.org', 'timestamp': 1750771602}-------------","logger":"unusual_prefix_05f7c68866a4b9981d661b83f7c582db0b838856_wiki_monitoring"}
{"timestamp":"2025-06-25T23:49:35.015923","level":"info","event":"----------------Processing messages: <cimpl.Message object at 0x74b9ca857e40>------------","logger":"unusual_prefix_05f7c68866a4b9981d661b83f7c582db0b838856_wiki_monitoring"}
{"timestamp":"2025-06-25T23:49:35.016062","level":"info","event":"-----------edit: {'title': 'Q135064522', 'user': 'Чаховіч Уладзіслаў', 'is_bot': False, 'server_name': 'www.wikidata.org', 'timestamp': 1750771601}-------------","logger":"unusual_prefix_05f7c68866a4b9981d661b83f7c582db0b838856_wiki_monitoring"}
{"timestamp":"2025-06-25T23:49:35.018935","level":"info","event":"----------------Processing messages: <cimpl.Message object at 0x74b9ca8579c0>------------","logger":"unusual_prefix_05f7c68866a4b9981d661b83f7c582db0b838856_wiki_monitoring"}
{"timestamp":"2025-06-25T23:49:35.019050","level":"info","event":"-----------edit: {'title': 'Категория:ПРО:ГЕО:Последняя правка: в текущем месяце', 'user': 'KristinaKovalenko', 'is_bot': False, 'server_name': 'ru.wikipedia.org', 'timestamp': 1750771597}-------------","logger":"unusual_prefix_05f7c68866a4b9981d661b83f7c582db0b838856_wiki_monitoring"}
{"timestamp":"2025-06-25T23:49:35.021241","level":"info","event":"----------------Processing messages: <cimpl.Message object at 0x74b9ca857cc0>------------","logger":"unusual_prefix_05f7c68866a4b9981d661b83f7c582db0b838856_wiki_monitoring"}
{"timestamp":"2025-06-25T23:49:35.021347","level":"info","event":"-----------edit: {'title': 'Q5146094', 'user': '83.61.242.133', 'is_bot': False, 'server_name': 'www.wikidata.org', 'timestamp': 1750771602}-------------","logger":"unusual_prefix_05f7c68866a4b9981d661b83f7c582db0b838856_wiki_monitoring"}
{"timestamp":"2025-06-25T23:49:35.023461","level":"info","event":"----------------Processing messages: <cimpl.Message object at 0x74b9ca857b40>------------","logger":"unusual_prefix_05f7c68866a4b9981d661b83f7c582db0b838856_wiki_monitoring"}
{"timestamp":"2025-06-25T23:49:35.023566","level":"info","event":"-----------edit: {'title': 'Категория:ПРО:ГЕО:Последняя правка: в текущем году', 'user': 'KristinaKovalenko', 'is_bot': False, 'server_name': 'ru.wikipedia.org', 'timestamp': 1750771597}-------------","logger":"unusual_prefix_05f7c68866a4b9981d661b83f7c582db0b838856_wiki_monitoring"}
{"timestamp":"2025-06-25T23:49:35.025805","level":"info","event":"----------------Processing messages: <cimpl.Message object at 0x74b9ca8573c0>------------","logger":"unusual_prefix_05f7c68866a4b9981d661b83f7c582db0b838856_wiki_monitoring"}
{"timestamp":"2025-06-25T23:49:35.025906","level":"info","event":"-----------edit: {'title': 'File:Childs-Irving Hydroelectric Facilities power lines.jpg', 'user': '87.128.77.121', 'is_bot': False, 'server_name': 'commons.wikimedia.org', 'timestamp': 1750771601}-------------","logger":"unusual_prefix_05f7c68866a4b9981d661b83f7c582db0b838856_wiki_monitoring"}
{"timestamp":"2025-06-25T23:49:35.028257","level":"info","event":"----------------Processing messages: <cimpl.Message object at 0x74b9ca856340>------------","logger":"unusual_prefix_05f7c68866a4b9981d661b83f7c582db0b838856_wiki_monitoring"}
{"timestamp":"2025-06-25T23:49:35.028370","level":"info","event":"-----------edit: {'title': 'Q5146094', 'user': '83.61.242.133', 'is_bot': False, 'server_name': 'www.wikidata.org', 'timestamp': 1750771602}-------------","logger":"unusual_prefix_05f7c68866a4b9981d661b83f7c582db0b838856_wiki_monitoring"}
{"timestamp":"2025-06-25T23:49:35.030780","level":"info","event":"----------------Processing messages: <cimpl.Message object at 0x74b9ca857140>------------","logger":"unusual_prefix_05f7c68866a4b9981d661b83f7c582db0b838856_wiki_monitoring"}
{"timestamp":"2025-06-25T23:49:35.030889","level":"info","event":"-----------edit: {'title': 'Michael Collins (Politiker, 1940)', 'user': 'Invisigoth67', 'is_bot': False, 'server_name': 'de.wikipedia.org', 'timestamp': 1750771601}-------------","logger":"unusual_prefix_05f7c68866a4b9981d661b83f7c582db0b838856_wiki_monitoring"}
{"timestamp":"2025-06-25T23:49:35.033187","level":"info","event":"----------------Processing messages: <cimpl.Message object at 0x74b9ca856fc0>------------","logger":"unusual_prefix_05f7c68866a4b9981d661b83f7c582db0b838856_wiki_monitoring"}
{"timestamp":"2025-06-25T23:49:35.033292","level":"info","event":"-----------edit: {'title': 'Category:Stadtprozelten', 'user': 'Triplec85', 'is_bot': False, 'server_name': 'commons.wikimedia.org', 'timestamp': 1750771601}-------------","logger":"unusual_prefix_05f7c68866a4b9981d661b83f7c582db0b838856_wiki_monitoring"}
{"timestamp":"2025-06-25T23:49:35.035611","level":"info","event":"----------------Processing messages: <cimpl.Message object at 0x74b9ca894940>------------","logger":"unusual_prefix_05f7c68866a4b9981d661b83f7c582db0b838856_wiki_monitoring"}
{"timestamp":"2025-06-25T23:49:35.035719","level":"info","event":"-----------edit: {'title': 'Q414748', 'user': 'Logjohn', 'is_bot': False, 'server_name': 'www.wikidata.org', 'timestamp': 1750771602}-------------","logger":"unusual_prefix_05f7c68866a4b9981d661b83f7c582db0b838856_wiki_monitoring"}
{"timestamp":"2025-06-25T23:49:35.038134","level":"info","event":"----------------Processing messages: <cimpl.Message object at 0x74b9ca894540>------------","logger":"unusual_prefix_05f7c68866a4b9981d661b83f7c582db0b838856_wiki_monitoring"}
{"timestamp":"2025-06-25T23:49:35.038244","level":"info","event":"-----------edit: {'title': 'Category:Files from Gallica', 'user': 'Gzen92Bot', 'is_bot': True, 'server_name': 'commons.wikimedia.org', 'timestamp': 1750771600}-------------","logger":"unusual_prefix_05f7c68866a4b9981d661b83f7c582db0b838856_wiki_monitoring"}
{"timestamp":"2025-06-25T23:49:35.040711","level":"info","event":"----------------Processing messages: <cimpl.Message object at 0x74b9ca894640>------------","logger":"unusual_prefix_05f7c68866a4b9981d661b83f7c582db0b838856_wiki_monitoring"}
{"timestamp":"2025-06-25T23:49:35.040823","level":"info","event":"-----------edit: {'title': 'File:OJ L 68 of 2018 - EN English.pdf', 'user': 'EUResourcesBot', 'is_bot': True, 'server_name': 'commons.wikimedia.org', 'timestamp': 1750771601}-------------","logger":"unusual_prefix_05f7c68866a4b9981d661b83f7c582db0b838856_wiki_monitoring"}
{"timestamp":"2025-06-25T23:49:35.043271","level":"info","event":"----------------Processing messages: <cimpl.Message object at 0x74b9ca894b40>------------","logger":"unusual_prefix_05f7c68866a4b9981d661b83f7c582db0b838856_wiki_monitoring"}
{"timestamp":"2025-06-25T23:49:35.043377","level":"info","event":"-----------edit: {'title': 'Category:Artworks without Wikidata item', 'user': 'Gzen92Bot', 'is_bot': True, 'server_name': 'commons.wikimedia.org', 'timestamp': 1750771600}-------------","logger":"unusual_prefix_05f7c68866a4b9981d661b83f7c582db0b838856_wiki_monitoring"}
{"timestamp":"2025-06-25T23:49:35.045992","level":"info","event":"----------------Processing messages: <cimpl.Message object at 0x74b9ca894e40>------------","logger":"unusual_prefix_05f7c68866a4b9981d661b83f7c582db0b838856_wiki_monitoring"}
{"timestamp":"2025-06-25T23:49:35.046110","level":"info","event":"-----------edit: {'title': 'Talk:Nazareth', 'user': 'Charliehdb', 'is_bot': False, 'server_name': 'en.wikipedia.org', 'timestamp': 1750771603}-------------","logger":"unusual_prefix_05f7c68866a4b9981d661b83f7c582db0b838856_wiki_monitoring"}
{"timestamp":"2025-06-25T23:49:35.048560","level":"info","event":"----------------Processing messages: <cimpl.Message object at 0x74b9ca857ac0>------------","logger":"unusual_prefix_05f7c68866a4b9981d661b83f7c582db0b838856_wiki_monitoring"}
{"timestamp":"2025-06-25T23:49:35.048665","level":"info","event":"-----------edit: {'title': 'Category:PD France', 'user': 'Gzen92Bot', 'is_bot': True, 'server_name': 'commons.wikimedia.org', 'timestamp': 1750771600}-------------","logger":"unusual_prefix_05f7c68866a4b9981d661b83f7c582db0b838856_wiki_monitoring"}
{"timestamp":"2025-06-25T23:49:35.050704","level":"info","event":"----------------Processing messages: <cimpl.Message object at 0x74b9ca857540>------------","logger":"unusual_prefix_05f7c68866a4b9981d661b83f7c582db0b838856_wiki_monitoring"}
{"timestamp":"2025-06-25T23:49:35.050799","level":"info","event":"-----------edit: {'title': 'إنجوي فينيكس', 'user': 'MenoBot', 'is_bot': True, 'server_name': 'ar.wikipedia.org', 'timestamp': 1750771600}-------------","logger":"unusual_prefix_05f7c68866a4b9981d661b83f7c582db0b838856_wiki_monitoring"}
{"timestamp":"2025-06-25T23:49:35.056410","level":"info","event":"Done. Returned value was: None","logger":"airflow.task.operators.airflow.providers.standard.operators.python.PythonOperator"}
