{"timestamp":"2025-06-24T10:39:36.459015","level":"info","event":"DAG bundles loaded: dags-folder","logger":"airflow.dag_processing.bundles.manager.DagBundlesManager"}
{"timestamp":"2025-06-24T10:39:36.459491","level":"info","event":"Filling up the DagBag from /opt/airflow/dags/wiki_monitoring.py","logger":"airflow.models.dagbag.DagBag"}
{"timestamp":"2025-06-24T10:39:36.606115","level":"info","event":"Topic wiki_edits already exists","logger":"unusual_prefix_05f7c68866a4b9981d661b83f7c582db0b838856_wiki_monitoring"}
{"timestamp":"2025-06-24T10:39:36.606202","level":"info","event":"---------------topic metadata created------------------","logger":"unusual_prefix_05f7c68866a4b9981d661b83f7c582db0b838856_wiki_monitoring"}
{"timestamp":"2025-06-24T10:39:39.833886","level":"info","event":"----------------Processing messages: <cimpl.Message object at 0x745f32916840>------------","logger":"unusual_prefix_05f7c68866a4b9981d661b83f7c582db0b838856_wiki_monitoring"}
{"timestamp":"2025-06-24T10:39:39.834043","level":"info","event":"-----------edit: {'title': 'Category:Quality images of Bavaria', 'user': 'MB-one', 'is_bot': False, 'server_name': 'commons.wikimedia.org', 'timestamp': 1750758638}-------------","logger":"unusual_prefix_05f7c68866a4b9981d661b83f7c582db0b838856_wiki_monitoring"}
{"timestamp":"2025-06-24T10:39:39.840256","level":"info","event":"----------------Processing messages: <cimpl.Message object at 0x745f329173c0>------------","logger":"unusual_prefix_05f7c68866a4b9981d661b83f7c582db0b838856_wiki_monitoring"}
{"timestamp":"2025-06-24T10:39:39.840408","level":"info","event":"-----------edit: {'title': 'Q135051510', 'user': 'BitBerry2000', 'is_bot': False, 'server_name': 'www.wikidata.org', 'timestamp': 1750758640}-------------","logger":"unusual_prefix_05f7c68866a4b9981d661b83f7c582db0b838856_wiki_monitoring"}
{"timestamp":"2025-06-24T10:39:39.843074","level":"info","event":"----------------Processing messages: <cimpl.Message object at 0x745f32917740>------------","logger":"unusual_prefix_05f7c68866a4b9981d661b83f7c582db0b838856_wiki_monitoring"}
{"timestamp":"2025-06-24T10:39:39.843207","level":"info","event":"-----------edit: {'title': 'File:Marktplatz 21 in Lauf an der Pegnitz (1).jpg', 'user': 'MB-one', 'is_bot': False, 'server_name': 'commons.wikimedia.org', 'timestamp': 1750758639}-------------","logger":"unusual_prefix_05f7c68866a4b9981d661b83f7c582db0b838856_wiki_monitoring"}
{"timestamp":"2025-06-24T10:39:39.846200","level":"info","event":"----------------Processing messages: <cimpl.Message object at 0x745f32917cc0>------------","logger":"unusual_prefix_05f7c68866a4b9981d661b83f7c582db0b838856_wiki_monitoring"}
{"timestamp":"2025-06-24T10:39:39.846323","level":"info","event":"-----------edit: {'title': 'Q33997942', 'user': 'Cewbot', 'is_bot': True, 'server_name': 'www.wikidata.org', 'timestamp': 1750758640}-------------","logger":"unusual_prefix_05f7c68866a4b9981d661b83f7c582db0b838856_wiki_monitoring"}
{"timestamp":"2025-06-24T10:39:39.849268","level":"info","event":"----------------Processing messages: <cimpl.Message object at 0x745f32917e40>------------","logger":"unusual_prefix_05f7c68866a4b9981d661b83f7c582db0b838856_wiki_monitoring"}
{"timestamp":"2025-06-24T10:39:39.849385","level":"info","event":"-----------edit: {'title': 'History of the United States', 'user': 'Onel5969', 'is_bot': False, 'server_name': 'en.wikipedia.org', 'timestamp': 1750758625}-------------","logger":"unusual_prefix_05f7c68866a4b9981d661b83f7c582db0b838856_wiki_monitoring"}
{"timestamp":"2025-06-24T10:39:39.852666","level":"info","event":"----------------Processing messages: <cimpl.Message object at 0x745f329166c0>------------","logger":"unusual_prefix_05f7c68866a4b9981d661b83f7c582db0b838856_wiki_monitoring"}
{"timestamp":"2025-06-24T10:39:39.852972","level":"info","event":"-----------edit: {'title': '六四事件中的香港', 'user': 'MoAiSang', 'is_bot': False, 'server_name': 'zh.wikipedia.org', 'timestamp': 1750758640}-------------","logger":"unusual_prefix_05f7c68866a4b9981d661b83f7c582db0b838856_wiki_monitoring"}
{"timestamp":"2025-06-24T10:39:39.856451","level":"info","event":"----------------Processing messages: <cimpl.Message object at 0x745f32917e40>------------","logger":"unusual_prefix_05f7c68866a4b9981d661b83f7c582db0b838856_wiki_monitoring"}
{"timestamp":"2025-06-24T10:39:39.856561","level":"info","event":"-----------edit: {'title': 'Обговорення:Ганусек', 'user': 'RarBot', 'is_bot': True, 'server_name': 'uk.wikipedia.org', 'timestamp': 1750758641}-------------","logger":"unusual_prefix_05f7c68866a4b9981d661b83f7c582db0b838856_wiki_monitoring"}
{"timestamp":"2025-06-24T10:39:39.860159","level":"info","event":"----------------Processing messages: <cimpl.Message object at 0x745f329177c0>------------","logger":"unusual_prefix_05f7c68866a4b9981d661b83f7c582db0b838856_wiki_monitoring"}
{"timestamp":"2025-06-24T10:39:39.860276","level":"info","event":"-----------edit: {'title': 'Categoria:Guanyadors del premi Oscar al millor guió adaptat', 'user': 'PereBot', 'is_bot': True, 'server_name': 'ca.wikipedia.org', 'timestamp': 1750758631}-------------","logger":"unusual_prefix_05f7c68866a4b9981d661b83f7c582db0b838856_wiki_monitoring"}
{"timestamp":"2025-06-24T10:39:39.862548","level":"info","event":"----------------Processing messages: <cimpl.Message object at 0x745f32916f40>------------","logger":"unusual_prefix_05f7c68866a4b9981d661b83f7c582db0b838856_wiki_monitoring"}
{"timestamp":"2025-06-24T10:39:39.862642","level":"info","event":"-----------edit: {'title': 'Q92662983', 'user': 'Kbseah', 'is_bot': False, 'server_name': 'www.wikidata.org', 'timestamp': 1750758640}-------------","logger":"unusual_prefix_05f7c68866a4b9981d661b83f7c582db0b838856_wiki_monitoring"}
{"timestamp":"2025-06-24T10:39:39.865493","level":"info","event":"----------------Processing messages: <cimpl.Message object at 0x745f32954240>------------","logger":"unusual_prefix_05f7c68866a4b9981d661b83f7c582db0b838856_wiki_monitoring"}
{"timestamp":"2025-06-24T10:39:39.865612","level":"info","event":"-----------edit: {'title': 'Q110488644', 'user': 'Kbseah', 'is_bot': False, 'server_name': 'www.wikidata.org', 'timestamp': 1750758640}-------------","logger":"unusual_prefix_05f7c68866a4b9981d661b83f7c582db0b838856_wiki_monitoring"}
{"timestamp":"2025-06-24T10:39:39.868088","level":"info","event":"----------------Processing messages: <cimpl.Message object at 0x745f329544c0>------------","logger":"unusual_prefix_05f7c68866a4b9981d661b83f7c582db0b838856_wiki_monitoring"}
{"timestamp":"2025-06-24T10:39:39.868192","level":"info","event":"-----------edit: {'title': 'Kategorie:Pages using the JsonConfig extension', 'user': '103.158.210.21', 'is_bot': False, 'server_name': 'af.wikipedia.org', 'timestamp': 1750758639}-------------","logger":"unusual_prefix_05f7c68866a4b9981d661b83f7c582db0b838856_wiki_monitoring"}
{"timestamp":"2025-06-24T10:39:39.870526","level":"info","event":"----------------Processing messages: <cimpl.Message object at 0x745f329546c0>------------","logger":"unusual_prefix_05f7c68866a4b9981d661b83f7c582db0b838856_wiki_monitoring"}
{"timestamp":"2025-06-24T10:39:39.870656","level":"info","event":"-----------edit: {'title': 'Участник:193.233.228.206', 'user': 'QBA-bot', 'is_bot': True, 'server_name': 'ru.wikiquote.org', 'timestamp': 1750758641}-------------","logger":"unusual_prefix_05f7c68866a4b9981d661b83f7c582db0b838856_wiki_monitoring"}
{"timestamp":"2025-06-24T10:39:39.873111","level":"info","event":"----------------Processing messages: <cimpl.Message object at 0x745f32954940>------------","logger":"unusual_prefix_05f7c68866a4b9981d661b83f7c582db0b838856_wiki_monitoring"}
{"timestamp":"2025-06-24T10:39:39.873212","level":"info","event":"-----------edit: {'title': 'Q56464622', 'user': 'Adam78', 'is_bot': False, 'server_name': 'www.wikidata.org', 'timestamp': 1750758641}-------------","logger":"unusual_prefix_05f7c68866a4b9981d661b83f7c582db0b838856_wiki_monitoring"}
{"timestamp":"2025-06-24T10:39:39.875548","level":"info","event":"----------------Processing messages: <cimpl.Message object at 0x745f32954ac0>------------","logger":"unusual_prefix_05f7c68866a4b9981d661b83f7c582db0b838856_wiki_monitoring"}
{"timestamp":"2025-06-24T10:39:39.875668","level":"info","event":"-----------edit: {'title': 'Category:Wikipedia non-free files with redirect backlink', 'user': 'Nardog', 'is_bot': False, 'server_name': 'en.wikipedia.org', 'timestamp': 1750758638}-------------","logger":"unusual_prefix_05f7c68866a4b9981d661b83f7c582db0b838856_wiki_monitoring"}
{"timestamp":"2025-06-24T10:39:39.879399","level":"info","event":"----------------Processing messages: <cimpl.Message object at 0x745f32954cc0>------------","logger":"unusual_prefix_05f7c68866a4b9981d661b83f7c582db0b838856_wiki_monitoring"}
{"timestamp":"2025-06-24T10:39:39.879515","level":"info","event":"-----------edit: {'title': 'Category:Files from Gallica', 'user': 'Gzen92Bot', 'is_bot': True, 'server_name': 'commons.wikimedia.org', 'timestamp': 1750758639}-------------","logger":"unusual_prefix_05f7c68866a4b9981d661b83f7c582db0b838856_wiki_monitoring"}
{"timestamp":"2025-06-24T10:39:39.884133","level":"info","event":"----------------Processing messages: <cimpl.Message object at 0x745f32954ec0>------------","logger":"unusual_prefix_05f7c68866a4b9981d661b83f7c582db0b838856_wiki_monitoring"}
{"timestamp":"2025-06-24T10:39:39.884261","level":"info","event":"-----------edit: {'title': 'Category:Artworks without Wikidata item', 'user': 'Gzen92Bot', 'is_bot': True, 'server_name': 'commons.wikimedia.org', 'timestamp': 1750758639}-------------","logger":"unusual_prefix_05f7c68866a4b9981d661b83f7c582db0b838856_wiki_monitoring"}
{"timestamp":"2025-06-24T10:39:39.888531","level":"info","event":"----------------Processing messages: <cimpl.Message object at 0x745f329552c0>------------","logger":"unusual_prefix_05f7c68866a4b9981d661b83f7c582db0b838856_wiki_monitoring"}
{"timestamp":"2025-06-24T10:39:39.888745","level":"info","event":"-----------edit: {'title': 'зехьэлӏэн', 'user': 'Rhdkabardian', 'is_bot': False, 'server_name': 'kbd.wiktionary.org', 'timestamp': 1750758641}-------------","logger":"unusual_prefix_05f7c68866a4b9981d661b83f7c582db0b838856_wiki_monitoring"}
{"timestamp":"2025-06-24T10:39:39.892754","level":"info","event":"----------------Processing messages: <cimpl.Message object at 0x745f32917ec0>------------","logger":"unusual_prefix_05f7c68866a4b9981d661b83f7c582db0b838856_wiki_monitoring"}
{"timestamp":"2025-06-24T10:39:39.892901","level":"info","event":"-----------edit: {'title': 'File:Marter Maintal 0182.jpg', 'user': 'MB-one', 'is_bot': False, 'server_name': 'commons.wikimedia.org', 'timestamp': 1750758640}-------------","logger":"unusual_prefix_05f7c68866a4b9981d661b83f7c582db0b838856_wiki_monitoring"}
{"timestamp":"2025-06-24T10:39:39.897896","level":"info","event":"----------------Processing messages: <cimpl.Message object at 0x745f32916c40>------------","logger":"unusual_prefix_05f7c68866a4b9981d661b83f7c582db0b838856_wiki_monitoring"}
{"timestamp":"2025-06-24T10:39:39.898023","level":"info","event":"-----------edit: {'title': 'Category:PD France', 'user': 'Gzen92Bot', 'is_bot': True, 'server_name': 'commons.wikimedia.org', 'timestamp': 1750758639}-------------","logger":"unusual_prefix_05f7c68866a4b9981d661b83f7c582db0b838856_wiki_monitoring"}
{"timestamp":"2025-06-24T10:39:39.901944","level":"info","event":"----------------Processing messages: <cimpl.Message object at 0x745f32916bc0>------------","logger":"unusual_prefix_05f7c68866a4b9981d661b83f7c582db0b838856_wiki_monitoring"}
{"timestamp":"2025-06-24T10:39:39.902128","level":"info","event":"-----------edit: {'title': 'Q92672096', 'user': 'Kbseah', 'is_bot': False, 'server_name': 'www.wikidata.org', 'timestamp': 1750758641}-------------","logger":"unusual_prefix_05f7c68866a4b9981d661b83f7c582db0b838856_wiki_monitoring"}
{"timestamp":"2025-06-24T10:39:39.904822","level":"info","event":"----------------Processing messages: <cimpl.Message object at 0x745f329179c0>------------","logger":"unusual_prefix_05f7c68866a4b9981d661b83f7c582db0b838856_wiki_monitoring"}
{"timestamp":"2025-06-24T10:39:39.904953","level":"info","event":"-----------edit: {'title': 'Category:PD-old missing SDC copyright status', 'user': 'Gzen92Bot', 'is_bot': True, 'server_name': 'commons.wikimedia.org', 'timestamp': 1750758639}-------------","logger":"unusual_prefix_05f7c68866a4b9981d661b83f7c582db0b838856_wiki_monitoring"}
{"timestamp":"2025-06-24T10:39:39.907792","level":"info","event":"----------------Processing messages: <cimpl.Message object at 0x745f329173c0>------------","logger":"unusual_prefix_05f7c68866a4b9981d661b83f7c582db0b838856_wiki_monitoring"}
{"timestamp":"2025-06-24T10:39:39.907910","level":"info","event":"-----------edit: {'title': 'Category:CC-PD-Mark', 'user': 'Gzen92Bot', 'is_bot': True, 'server_name': 'commons.wikimedia.org', 'timestamp': 1750758639}-------------","logger":"unusual_prefix_05f7c68866a4b9981d661b83f7c582db0b838856_wiki_monitoring"}
{"timestamp":"2025-06-24T10:39:39.911175","level":"info","event":"----------------Processing messages: <cimpl.Message object at 0x745f32917b40>------------","logger":"unusual_prefix_05f7c68866a4b9981d661b83f7c582db0b838856_wiki_monitoring"}
{"timestamp":"2025-06-24T10:39:39.911316","level":"info","event":"-----------edit: {'title': 'File:View over Whitesands Bay-Porth Mawr - geograph.org.uk - 7824198.jpg', 'user': 'GeographBot', 'is_bot': True, 'server_name': 'commons.wikimedia.org', 'timestamp': 1750758641}-------------","logger":"unusual_prefix_05f7c68866a4b9981d661b83f7c582db0b838856_wiki_monitoring"}
{"timestamp":"2025-06-24T10:39:39.914502","level":"info","event":"----------------Processing messages: <cimpl.Message object at 0x745f32955440>------------","logger":"unusual_prefix_05f7c68866a4b9981d661b83f7c582db0b838856_wiki_monitoring"}
{"timestamp":"2025-06-24T10:39:39.914617","level":"info","event":"-----------edit: {'title': 'Q110488640', 'user': 'Kbseah', 'is_bot': False, 'server_name': 'www.wikidata.org', 'timestamp': 1750758641}-------------","logger":"unusual_prefix_05f7c68866a4b9981d661b83f7c582db0b838856_wiki_monitoring"}
{"timestamp":"2025-06-24T10:39:39.917133","level":"info","event":"----------------Processing messages: <cimpl.Message object at 0x745f329554c0>------------","logger":"unusual_prefix_05f7c68866a4b9981d661b83f7c582db0b838856_wiki_monitoring"}
{"timestamp":"2025-06-24T10:39:39.917249","level":"info","event":"-----------edit: {'title': 'Category:PD-old-100-expired', 'user': 'Gzen92Bot', 'is_bot': True, 'server_name': 'commons.wikimedia.org', 'timestamp': 1750758639}-------------","logger":"unusual_prefix_05f7c68866a4b9981d661b83f7c582db0b838856_wiki_monitoring"}
{"timestamp":"2025-06-24T10:39:39.920202","level":"info","event":"----------------Processing messages: <cimpl.Message object at 0x745f32954dc0>------------","logger":"unusual_prefix_05f7c68866a4b9981d661b83f7c582db0b838856_wiki_monitoring"}
{"timestamp":"2025-06-24T10:39:39.920323","level":"info","event":"-----------edit: {'title': 'Category:PD US expired', 'user': 'Gzen92Bot', 'is_bot': True, 'server_name': 'commons.wikimedia.org', 'timestamp': 1750758639}-------------","logger":"unusual_prefix_05f7c68866a4b9981d661b83f7c582db0b838856_wiki_monitoring"}
{"timestamp":"2025-06-24T10:39:39.922952","level":"info","event":"----------------Processing messages: <cimpl.Message object at 0x745f32954e40>------------","logger":"unusual_prefix_05f7c68866a4b9981d661b83f7c582db0b838856_wiki_monitoring"}
{"timestamp":"2025-06-24T10:39:39.923072","level":"info","event":"-----------edit: {'title': 'Q124526901', 'user': 'Chabe01', 'is_bot': False, 'server_name': 'www.wikidata.org', 'timestamp': 1750758641}-------------","logger":"unusual_prefix_05f7c68866a4b9981d661b83f7c582db0b838856_wiki_monitoring"}
{"timestamp":"2025-06-24T10:39:39.926515","level":"info","event":"----------------Processing messages: <cimpl.Message object at 0x745f329544c0>------------","logger":"unusual_prefix_05f7c68866a4b9981d661b83f7c582db0b838856_wiki_monitoring"}
{"timestamp":"2025-06-24T10:39:39.926632","level":"info","event":"-----------edit: {'title': 'Libido', 'user': 'AnomieBOT', 'is_bot': True, 'server_name': 'en.wikipedia.org', 'timestamp': 1750758638}-------------","logger":"unusual_prefix_05f7c68866a4b9981d661b83f7c582db0b838856_wiki_monitoring"}
{"timestamp":"2025-06-24T10:39:39.929057","level":"info","event":"----------------Processing messages: <cimpl.Message object at 0x745f32954840>------------","logger":"unusual_prefix_05f7c68866a4b9981d661b83f7c582db0b838856_wiki_monitoring"}
{"timestamp":"2025-06-24T10:39:39.929202","level":"info","event":"-----------edit: {'title': 'Q132307595', 'user': 'Henri Aja', 'is_bot': False, 'server_name': 'www.wikidata.org', 'timestamp': 1750758642}-------------","logger":"unusual_prefix_05f7c68866a4b9981d661b83f7c582db0b838856_wiki_monitoring"}
{"timestamp":"2025-06-24T10:39:39.932235","level":"info","event":"----------------Processing messages: <cimpl.Message object at 0x745f32954240>------------","logger":"unusual_prefix_05f7c68866a4b9981d661b83f7c582db0b838856_wiki_monitoring"}
{"timestamp":"2025-06-24T10:39:39.932355","level":"info","event":"-----------edit: {'title': 'Category:PD-US missing SDC copyright status', 'user': 'Gzen92Bot', 'is_bot': True, 'server_name': 'commons.wikimedia.org', 'timestamp': 1750758639}-------------","logger":"unusual_prefix_05f7c68866a4b9981d661b83f7c582db0b838856_wiki_monitoring"}
{"timestamp":"2025-06-24T10:39:39.935824","level":"info","event":"----------------Processing messages: <cimpl.Message object at 0x745f32917d40>------------","logger":"unusual_prefix_05f7c68866a4b9981d661b83f7c582db0b838856_wiki_monitoring"}
{"timestamp":"2025-06-24T10:39:39.935944","level":"info","event":"-----------edit: {'title': 'Category:Sheet music from Gallica (Bibliothèque nationale de France) uploaded by Gzen92Bot', 'user': 'Gzen92Bot', 'is_bot': True, 'server_name': 'commons.wikimedia.org', 'timestamp': 1750758639}-------------","logger":"unusual_prefix_05f7c68866a4b9981d661b83f7c582db0b838856_wiki_monitoring"}
{"timestamp":"2025-06-24T10:39:39.939094","level":"info","event":"----------------Processing messages: <cimpl.Message object at 0x745f32917dc0>------------","logger":"unusual_prefix_05f7c68866a4b9981d661b83f7c582db0b838856_wiki_monitoring"}
{"timestamp":"2025-06-24T10:39:39.939216","level":"info","event":"-----------edit: {'title': 'Category:Quality images of Bavaria', 'user': 'MB-one', 'is_bot': False, 'server_name': 'commons.wikimedia.org', 'timestamp': 1750758639}-------------","logger":"unusual_prefix_05f7c68866a4b9981d661b83f7c582db0b838856_wiki_monitoring"}
{"timestamp":"2025-06-24T10:39:39.942058","level":"info","event":"----------------Processing messages: <cimpl.Message object at 0x745f32916c40>------------","logger":"unusual_prefix_05f7c68866a4b9981d661b83f7c582db0b838856_wiki_monitoring"}
{"timestamp":"2025-06-24T10:39:39.942291","level":"info","event":"-----------edit: {'title': 'Q135051511', 'user': 'BitBerry2000', 'is_bot': False, 'server_name': 'www.wikidata.org', 'timestamp': 1750758640}-------------","logger":"unusual_prefix_05f7c68866a4b9981d661b83f7c582db0b838856_wiki_monitoring"}
{"timestamp":"2025-06-24T10:39:39.945063","level":"info","event":"----------------Processing messages: <cimpl.Message object at 0x745f32917ec0>------------","logger":"unusual_prefix_05f7c68866a4b9981d661b83f7c582db0b838856_wiki_monitoring"}
{"timestamp":"2025-06-24T10:39:39.945176","level":"info","event":"-----------edit: {'title': 'File:NDL1271265 株式裏書譲渡の解説.pdf', 'user': 'MidleadingBot', 'is_bot': True, 'server_name': 'commons.wikimedia.org', 'timestamp': 1750758640}-------------","logger":"unusual_prefix_05f7c68866a4b9981d661b83f7c582db0b838856_wiki_monitoring"}
{"timestamp":"2025-06-24T10:39:39.947997","level":"info","event":"----------------Processing messages: <cimpl.Message object at 0x745f329177c0>------------","logger":"unusual_prefix_05f7c68866a4b9981d661b83f7c582db0b838856_wiki_monitoring"}
{"timestamp":"2025-06-24T10:39:39.948116","level":"info","event":"-----------edit: {'title': 'Category:Oeuvre XII. Camille ou le souterrain, comédie en trois actes en prose par M. Marsollier. Représentée par les comédiens italiens le samedy 19 mars 1791.... Gravé par Huguet - btv1b100724342', 'user': 'Gzen92Bot', 'is_bot': True, 'server_name': 'commons.wikimedia.org', 'timestamp': 1750758639}-------------","logger":"unusual_prefix_05f7c68866a4b9981d661b83f7c582db0b838856_wiki_monitoring"}
{"timestamp":"2025-06-24T10:39:39.950832","level":"info","event":"----------------Processing messages: <cimpl.Message object at 0x745f32917a40>------------","logger":"unusual_prefix_05f7c68866a4b9981d661b83f7c582db0b838856_wiki_monitoring"}
{"timestamp":"2025-06-24T10:39:39.950953","level":"info","event":"-----------edit: {'title': 'Категорія:Статті проєкту Польща низької важливості', 'user': 'RarBot', 'is_bot': True, 'server_name': 'uk.wikipedia.org', 'timestamp': 1750758641}-------------","logger":"unusual_prefix_05f7c68866a4b9981d661b83f7c582db0b838856_wiki_monitoring"}
{"timestamp":"2025-06-24T10:39:39.953671","level":"info","event":"----------------Processing messages: <cimpl.Message object at 0x745f32917340>------------","logger":"unusual_prefix_05f7c68866a4b9981d661b83f7c582db0b838856_wiki_monitoring"}
{"timestamp":"2025-06-24T10:39:39.953872","level":"info","event":"-----------edit: {'title': 'Категорія:Статті проєкту Польща невідомого рівня низької важливості', 'user': 'RarBot', 'is_bot': True, 'server_name': 'uk.wikipedia.org', 'timestamp': 1750758641}-------------","logger":"unusual_prefix_05f7c68866a4b9981d661b83f7c582db0b838856_wiki_monitoring"}
{"timestamp":"2025-06-24T10:39:39.956808","level":"info","event":"----------------Processing messages: <cimpl.Message object at 0x745f329545c0>------------","logger":"unusual_prefix_05f7c68866a4b9981d661b83f7c582db0b838856_wiki_monitoring"}
{"timestamp":"2025-06-24T10:39:39.956925","level":"info","event":"-----------edit: {'title': 'Категорія:Статті проєкту Польща невідомої важливості', 'user': 'RarBot', 'is_bot': True, 'server_name': 'uk.wikipedia.org', 'timestamp': 1750758641}-------------","logger":"unusual_prefix_05f7c68866a4b9981d661b83f7c582db0b838856_wiki_monitoring"}
{"timestamp":"2025-06-24T10:39:39.959436","level":"info","event":"----------------Processing messages: <cimpl.Message object at 0x745f329549c0>------------","logger":"unusual_prefix_05f7c68866a4b9981d661b83f7c582db0b838856_wiki_monitoring"}
{"timestamp":"2025-06-24T10:39:39.959544","level":"info","event":"-----------edit: {'title': 'Категорія:Статті проєкту Польща невідомого рівня невідомої важливості', 'user': 'RarBot', 'is_bot': True, 'server_name': 'uk.wikipedia.org', 'timestamp': 1750758641}-------------","logger":"unusual_prefix_05f7c68866a4b9981d661b83f7c582db0b838856_wiki_monitoring"}
{"timestamp":"2025-06-24T10:39:39.962882","level":"info","event":"----------------Processing messages: <cimpl.Message object at 0x745f32954b40>------------","logger":"unusual_prefix_05f7c68866a4b9981d661b83f7c582db0b838856_wiki_monitoring"}
{"timestamp":"2025-06-24T10:39:39.962998","level":"info","event":"-----------edit: {'title': 'Q231196', 'user': 'Florentyna', 'is_bot': False, 'server_name': 'www.wikidata.org', 'timestamp': 1750758642}-------------","logger":"unusual_prefix_05f7c68866a4b9981d661b83f7c582db0b838856_wiki_monitoring"}
{"timestamp":"2025-06-24T10:39:39.965640","level":"info","event":"----------------Processing messages: <cimpl.Message object at 0x745f32954d40>------------","logger":"unusual_prefix_05f7c68866a4b9981d661b83f7c582db0b838856_wiki_monitoring"}
{"timestamp":"2025-06-24T10:39:39.965746","level":"info","event":"-----------edit: {'title': 'Участник:193.233.229.144', 'user': 'QBA-bot', 'is_bot': True, 'server_name': 'ru.wikiquote.org', 'timestamp': 1750758642}-------------","logger":"unusual_prefix_05f7c68866a4b9981d661b83f7c582db0b838856_wiki_monitoring"}
{"timestamp":"2025-06-24T10:39:39.968824","level":"info","event":"----------------Processing messages: <cimpl.Message object at 0x745f32954fc0>------------","logger":"unusual_prefix_05f7c68866a4b9981d661b83f7c582db0b838856_wiki_monitoring"}
{"timestamp":"2025-06-24T10:39:39.968941","level":"info","event":"-----------edit: {'title': 'Q92673746', 'user': 'Kbseah', 'is_bot': False, 'server_name': 'www.wikidata.org', 'timestamp': 1750758642}-------------","logger":"unusual_prefix_05f7c68866a4b9981d661b83f7c582db0b838856_wiki_monitoring"}
{"timestamp":"2025-06-24T10:39:39.971578","level":"info","event":"----------------Processing messages: <cimpl.Message object at 0x745f329553c0>------------","logger":"unusual_prefix_05f7c68866a4b9981d661b83f7c582db0b838856_wiki_monitoring"}
{"timestamp":"2025-06-24T10:39:39.971697","level":"info","event":"-----------edit: {'title': 'Q231196', 'user': 'Florentyna', 'is_bot': False, 'server_name': 'www.wikidata.org', 'timestamp': 1750758641}-------------","logger":"unusual_prefix_05f7c68866a4b9981d661b83f7c582db0b838856_wiki_monitoring"}
{"timestamp":"2025-06-24T10:39:39.975019","level":"info","event":"----------------Processing messages: <cimpl.Message object at 0x745f32a9bcc0>------------","logger":"unusual_prefix_05f7c68866a4b9981d661b83f7c582db0b838856_wiki_monitoring"}
{"timestamp":"2025-06-24T10:39:39.975205","level":"info","event":"-----------edit: {'title': 'Нападение на николаевскую станицу', 'user': 'Sunnimuslimwarrior', 'is_bot': False, 'server_name': 'ru.wikipedia.org', 'timestamp': 1750758641}-------------","logger":"unusual_prefix_05f7c68866a4b9981d661b83f7c582db0b838856_wiki_monitoring"}
{"timestamp":"2025-06-24T10:39:39.978018","level":"info","event":"----------------Processing messages: <cimpl.Message object at 0x745f32917740>------------","logger":"unusual_prefix_05f7c68866a4b9981d661b83f7c582db0b838856_wiki_monitoring"}
{"timestamp":"2025-06-24T10:39:39.978159","level":"info","event":"-----------edit: {'title': 'File:20251710230 GOES19-ABI-FD-GEOCOLOR-21696x21696 64.jpg', 'user': 'PantheraLeo1359531', 'is_bot': False, 'server_name': 'commons.wikimedia.org', 'timestamp': 1750758641}-------------","logger":"unusual_prefix_05f7c68866a4b9981d661b83f7c582db0b838856_wiki_monitoring"}
{"timestamp":"2025-06-24T10:39:39.981221","level":"info","event":"----------------Processing messages: <cimpl.Message object at 0x745f329166c0>------------","logger":"unusual_prefix_05f7c68866a4b9981d661b83f7c582db0b838856_wiki_monitoring"}
{"timestamp":"2025-06-24T10:39:39.981343","level":"info","event":"-----------edit: {'title': 'Roddie Haley', 'user': 'Frank63', 'is_bot': False, 'server_name': 'en.wikipedia.org', 'timestamp': 1750758641}-------------","logger":"unusual_prefix_05f7c68866a4b9981d661b83f7c582db0b838856_wiki_monitoring"}
{"timestamp":"2025-06-24T10:39:39.984032","level":"info","event":"----------------Processing messages: <cimpl.Message object at 0x745f32917640>------------","logger":"unusual_prefix_05f7c68866a4b9981d661b83f7c582db0b838856_wiki_monitoring"}
{"timestamp":"2025-06-24T10:39:39.984165","level":"info","event":"-----------edit: {'title': 'Q135040018', 'user': 'Immanuelle', 'is_bot': False, 'server_name': 'www.wikidata.org', 'timestamp': 1750758642}-------------","logger":"unusual_prefix_05f7c68866a4b9981d661b83f7c582db0b838856_wiki_monitoring"}
{"timestamp":"2025-06-24T10:39:39.987376","level":"info","event":"----------------Processing messages: <cimpl.Message object at 0x745f32917ac0>------------","logger":"unusual_prefix_05f7c68866a4b9981d661b83f7c582db0b838856_wiki_monitoring"}
{"timestamp":"2025-06-24T10:39:39.987493","level":"info","event":"-----------edit: {'title': 'Q135051512', 'user': 'BitBerry2000', 'is_bot': False, 'server_name': 'www.wikidata.org', 'timestamp': 1750758641}-------------","logger":"unusual_prefix_05f7c68866a4b9981d661b83f7c582db0b838856_wiki_monitoring"}
{"timestamp":"2025-06-24T10:39:39.990272","level":"info","event":"----------------Processing messages: <cimpl.Message object at 0x745f32917f40>------------","logger":"unusual_prefix_05f7c68866a4b9981d661b83f7c582db0b838856_wiki_monitoring"}
{"timestamp":"2025-06-24T10:39:39.990402","level":"info","event":"-----------edit: {'title': 'Q110488633', 'user': 'Kbseah', 'is_bot': False, 'server_name': 'www.wikidata.org', 'timestamp': 1750758642}-------------","logger":"unusual_prefix_05f7c68866a4b9981d661b83f7c582db0b838856_wiki_monitoring"}
{"timestamp":"2025-06-24T10:39:39.993535","level":"info","event":"----------------Processing messages: <cimpl.Message object at 0x745f32917c40>------------","logger":"unusual_prefix_05f7c68866a4b9981d661b83f7c582db0b838856_wiki_monitoring"}
{"timestamp":"2025-06-24T10:39:39.993637","level":"info","event":"-----------edit: {'title': 'Category:PD US NOAA', 'user': 'PantheraLeo1359531', 'is_bot': False, 'server_name': 'commons.wikimedia.org', 'timestamp': 1750758641}-------------","logger":"unusual_prefix_05f7c68866a4b9981d661b83f7c582db0b838856_wiki_monitoring"}
{"timestamp":"2025-06-24T10:39:39.996586","level":"info","event":"----------------Processing messages: <cimpl.Message object at 0x745f329552c0>------------","logger":"unusual_prefix_05f7c68866a4b9981d661b83f7c582db0b838856_wiki_monitoring"}
{"timestamp":"2025-06-24T10:39:39.996713","level":"info","event":"-----------edit: {'title': 'File:Marter Maintal 0183.jpg', 'user': 'MB-one', 'is_bot': False, 'server_name': 'commons.wikimedia.org', 'timestamp': 1750758641}-------------","logger":"unusual_prefix_05f7c68866a4b9981d661b83f7c582db0b838856_wiki_monitoring"}
{"timestamp":"2025-06-24T10:39:39.999353","level":"info","event":"----------------Processing messages: <cimpl.Message object at 0x745f32954bc0>------------","logger":"unusual_prefix_05f7c68866a4b9981d661b83f7c582db0b838856_wiki_monitoring"}
{"timestamp":"2025-06-24T10:39:39.999468","level":"info","event":"-----------edit: {'title': 'دل دیا درد لیا', 'user': 'ZumrahBot', 'is_bot': True, 'server_name': 'ur.wikipedia.org', 'timestamp': 1750758640}-------------","logger":"unusual_prefix_05f7c68866a4b9981d661b83f7c582db0b838856_wiki_monitoring"}
{"timestamp":"2025-06-24T10:39:40.001904","level":"info","event":"----------------Processing messages: <cimpl.Message object at 0x745f32954c40>------------","logger":"unusual_prefix_05f7c68866a4b9981d661b83f7c582db0b838856_wiki_monitoring"}
{"timestamp":"2025-06-24T10:39:40.002145","level":"info","event":"-----------edit: {'title': 'mamsell', 'user': 'WingerBot', 'is_bot': True, 'server_name': 'en.wiktionary.org', 'timestamp': 1750758641}-------------","logger":"unusual_prefix_05f7c68866a4b9981d661b83f7c582db0b838856_wiki_monitoring"}
{"timestamp":"2025-06-24T10:39:40.004911","level":"info","event":"----------------Processing messages: <cimpl.Message object at 0x745f329546c0>------------","logger":"unusual_prefix_05f7c68866a4b9981d661b83f7c582db0b838856_wiki_monitoring"}
{"timestamp":"2025-06-24T10:39:40.005038","level":"info","event":"-----------edit: {'title': 'Category:PD-USGov missing SDC copyright status', 'user': 'PantheraLeo1359531', 'is_bot': False, 'server_name': 'commons.wikimedia.org', 'timestamp': 1750758641}-------------","logger":"unusual_prefix_05f7c68866a4b9981d661b83f7c582db0b838856_wiki_monitoring"}
{"timestamp":"2025-06-24T10:39:40.007587","level":"info","event":"----------------Processing messages: <cimpl.Message object at 0x745f32954a40>------------","logger":"unusual_prefix_05f7c68866a4b9981d661b83f7c582db0b838856_wiki_monitoring"}
{"timestamp":"2025-06-24T10:39:40.007702","level":"info","event":"-----------edit: {'title': 'Q65622007', 'user': 'Florentyna', 'is_bot': False, 'server_name': 'www.wikidata.org', 'timestamp': 1750758643}-------------","logger":"unusual_prefix_05f7c68866a4b9981d661b83f7c582db0b838856_wiki_monitoring"}
{"timestamp":"2025-06-24T10:39:40.010561","level":"info","event":"----------------Processing messages: <cimpl.Message object at 0x745f32954240>------------","logger":"unusual_prefix_05f7c68866a4b9981d661b83f7c582db0b838856_wiki_monitoring"}
{"timestamp":"2025-06-24T10:39:40.010686","level":"info","event":"-----------edit: {'title': 'Category:GOES-19 ABI FD imagery of Hurricane Erick (2025) (GeoColor)', 'user': 'PantheraLeo1359531', 'is_bot': False, 'server_name': 'commons.wikimedia.org', 'timestamp': 1750758641}-------------","logger":"unusual_prefix_05f7c68866a4b9981d661b83f7c582db0b838856_wiki_monitoring"}
{"timestamp":"2025-06-24T10:39:40.013239","level":"info","event":"----------------Processing messages: <cimpl.Message object at 0x745f32917f40>------------","logger":"unusual_prefix_05f7c68866a4b9981d661b83f7c582db0b838856_wiki_monitoring"}
{"timestamp":"2025-06-24T10:39:40.013350","level":"info","event":"-----------edit: {'title': 'Category:Images from NOAA uploaded by PantheraLeo1359531', 'user': 'PantheraLeo1359531', 'is_bot': False, 'server_name': 'commons.wikimedia.org', 'timestamp': 1750758641}-------------","logger":"unusual_prefix_05f7c68866a4b9981d661b83f7c582db0b838856_wiki_monitoring"}
{"timestamp":"2025-06-24T10:39:40.016218","level":"info","event":"----------------Processing messages: <cimpl.Message object at 0x745f32917540>------------","logger":"unusual_prefix_05f7c68866a4b9981d661b83f7c582db0b838856_wiki_monitoring"}
{"timestamp":"2025-06-24T10:39:40.016338","level":"info","event":"-----------edit: {'title': 'Category:Files uploaded by PantheraLeo1359531', 'user': 'PantheraLeo1359531', 'is_bot': False, 'server_name': 'commons.wikimedia.org', 'timestamp': 1750758641}-------------","logger":"unusual_prefix_05f7c68866a4b9981d661b83f7c582db0b838856_wiki_monitoring"}
{"timestamp":"2025-06-24T10:39:40.018932","level":"info","event":"----------------Processing messages: <cimpl.Message object at 0x745f329172c0>------------","logger":"unusual_prefix_05f7c68866a4b9981d661b83f7c582db0b838856_wiki_monitoring"}
{"timestamp":"2025-06-24T10:39:40.019044","level":"info","event":"-----------edit: {'title': 'File:Drapeau fr département Alpes-de-Haute-Provence.svg', 'user': 'Kontributor 2K', 'is_bot': False, 'server_name': 'commons.wikimedia.org', 'timestamp': 1750758641}-------------","logger":"unusual_prefix_05f7c68866a4b9981d661b83f7c582db0b838856_wiki_monitoring"}
{"timestamp":"2025-06-24T10:39:40.022114","level":"info","event":"----------------Processing messages: <cimpl.Message object at 0x745f32917840>------------","logger":"unusual_prefix_05f7c68866a4b9981d661b83f7c582db0b838856_wiki_monitoring"}
{"timestamp":"2025-06-24T10:39:40.022243","level":"info","event":"-----------edit: {'title': 'Category:Quality images of Bavaria', 'user': 'MB-one', 'is_bot': False, 'server_name': 'commons.wikimedia.org', 'timestamp': 1750758640}-------------","logger":"unusual_prefix_05f7c68866a4b9981d661b83f7c582db0b838856_wiki_monitoring"}
{"timestamp":"2025-06-24T10:39:40.024784","level":"info","event":"----------------Processing messages: <cimpl.Message object at 0x745f329176c0>------------","logger":"unusual_prefix_05f7c68866a4b9981d661b83f7c582db0b838856_wiki_monitoring"}
{"timestamp":"2025-06-24T10:39:40.024892","level":"info","event":"-----------edit: {'title': 'Q65116886', 'user': 'Florentyna', 'is_bot': False, 'server_name': 'www.wikidata.org', 'timestamp': 1750758642}-------------","logger":"unusual_prefix_05f7c68866a4b9981d661b83f7c582db0b838856_wiki_monitoring"}
{"timestamp":"2025-06-24T10:39:40.027393","level":"info","event":"----------------Processing messages: <cimpl.Message object at 0x745f32917340>------------","logger":"unusual_prefix_05f7c68866a4b9981d661b83f7c582db0b838856_wiki_monitoring"}
{"timestamp":"2025-06-24T10:39:40.027522","level":"info","event":"-----------edit: {'title': 'Q65622007', 'user': 'Florentyna', 'is_bot': False, 'server_name': 'www.wikidata.org', 'timestamp': 1750758642}-------------","logger":"unusual_prefix_05f7c68866a4b9981d661b83f7c582db0b838856_wiki_monitoring"}
{"timestamp":"2025-06-24T10:39:40.030148","level":"info","event":"----------------Processing messages: <cimpl.Message object at 0x745f329546c0>------------","logger":"unusual_prefix_05f7c68866a4b9981d661b83f7c582db0b838856_wiki_monitoring"}
{"timestamp":"2025-06-24T10:39:40.030257","level":"info","event":"-----------edit: {'title': 'Mathc initiation/a81', 'user': 'Xhungab', 'is_bot': False, 'server_name': 'fr.wikibooks.org', 'timestamp': 1750758642}-------------","logger":"unusual_prefix_05f7c68866a4b9981d661b83f7c582db0b838856_wiki_monitoring"}
{"timestamp":"2025-06-24T10:39:40.032438","level":"info","event":"----------------Processing messages: <cimpl.Message object at 0x745f32955140>------------","logger":"unusual_prefix_05f7c68866a4b9981d661b83f7c582db0b838856_wiki_monitoring"}
{"timestamp":"2025-06-24T10:39:40.032536","level":"info","event":"-----------edit: {'title': 'Wikidata:Database reports/Constraint violations/P6005', 'user': 'KrBot2', 'is_bot': True, 'server_name': 'www.wikidata.org', 'timestamp': 1750758634}-------------","logger":"unusual_prefix_05f7c68866a4b9981d661b83f7c582db0b838856_wiki_monitoring"}
{"timestamp":"2025-06-24T10:39:40.035794","level":"info","event":"----------------Processing messages: <cimpl.Message object at 0x745f32954dc0>------------","logger":"unusual_prefix_05f7c68866a4b9981d661b83f7c582db0b838856_wiki_monitoring"}
{"timestamp":"2025-06-24T10:39:40.035930","level":"info","event":"-----------edit: {'title': 'Q110488601', 'user': 'Kbseah', 'is_bot': False, 'server_name': 'www.wikidata.org', 'timestamp': 1750758642}-------------","logger":"unusual_prefix_05f7c68866a4b9981d661b83f7c582db0b838856_wiki_monitoring"}
{"timestamp":"2025-06-24T10:39:40.038372","level":"info","event":"----------------Processing messages: <cimpl.Message object at 0x745f329545c0>------------","logger":"unusual_prefix_05f7c68866a4b9981d661b83f7c582db0b838856_wiki_monitoring"}
{"timestamp":"2025-06-24T10:39:40.038483","level":"info","event":"-----------edit: {'title': 'Q92674662', 'user': 'Kbseah', 'is_bot': False, 'server_name': 'www.wikidata.org', 'timestamp': 1750758642}-------------","logger":"unusual_prefix_05f7c68866a4b9981d661b83f7c582db0b838856_wiki_monitoring"}
{"timestamp":"2025-06-24T10:39:40.041435","level":"info","event":"----------------Processing messages: <cimpl.Message object at 0x745f329549c0>------------","logger":"unusual_prefix_05f7c68866a4b9981d661b83f7c582db0b838856_wiki_monitoring"}
{"timestamp":"2025-06-24T10:39:40.041591","level":"info","event":"-----------edit: {'title': 'Q125266547', 'user': 'Arch2all', 'is_bot': False, 'server_name': 'www.wikidata.org', 'timestamp': 1750758643}-------------","logger":"unusual_prefix_05f7c68866a4b9981d661b83f7c582db0b838856_wiki_monitoring"}
{"timestamp":"2025-06-24T10:39:40.044278","level":"info","event":"----------------Processing messages: <cimpl.Message object at 0x745f329550c0>------------","logger":"unusual_prefix_05f7c68866a4b9981d661b83f7c582db0b838856_wiki_monitoring"}
{"timestamp":"2025-06-24T10:39:40.044433","level":"info","event":"-----------edit: {'title': 'Участник:193.233.229.148', 'user': 'QBA-bot', 'is_bot': True, 'server_name': 'ru.wikiquote.org', 'timestamp': 1750758643}-------------","logger":"unusual_prefix_05f7c68866a4b9981d661b83f7c582db0b838856_wiki_monitoring"}
{"timestamp":"2025-06-24T10:39:40.047096","level":"info","event":"----------------Processing messages: <cimpl.Message object at 0x745f32954b40>------------","logger":"unusual_prefix_05f7c68866a4b9981d661b83f7c582db0b838856_wiki_monitoring"}
{"timestamp":"2025-06-24T10:39:40.047214","level":"info","event":"-----------edit: {'title': \"File:Opening Bangor's £148,000 swimming pool, that is not being used by schools (1515722).jpg\", 'user': 'SchlurcherBot', 'is_bot': True, 'server_name': 'commons.wikimedia.org', 'timestamp': 1750758642}-------------","logger":"unusual_prefix_05f7c68866a4b9981d661b83f7c582db0b838856_wiki_monitoring"}
{"timestamp":"2025-06-24T10:39:40.049971","level":"info","event":"----------------Processing messages: <cimpl.Message object at 0x745f329176c0>------------","logger":"unusual_prefix_05f7c68866a4b9981d661b83f7c582db0b838856_wiki_monitoring"}
{"timestamp":"2025-06-24T10:39:40.050079","level":"info","event":"-----------edit: {'title': 'Q134616488', 'user': 'Florentyna', 'is_bot': False, 'server_name': 'www.wikidata.org', 'timestamp': 1750758643}-------------","logger":"unusual_prefix_05f7c68866a4b9981d661b83f7c582db0b838856_wiki_monitoring"}
{"timestamp":"2025-06-24T10:39:40.053079","level":"info","event":"----------------Processing messages: <cimpl.Message object at 0x745f329177c0>------------","logger":"unusual_prefix_05f7c68866a4b9981d661b83f7c582db0b838856_wiki_monitoring"}
{"timestamp":"2025-06-24T10:39:40.053204","level":"info","event":"-----------edit: {'title': 'Discussion:Daniel Owassa', 'user': 'Madaraizen20', 'is_bot': False, 'server_name': 'fr.wikipedia.org', 'timestamp': 1750758642}-------------","logger":"unusual_prefix_05f7c68866a4b9981d661b83f7c582db0b838856_wiki_monitoring"}
{"timestamp":"2025-06-24T10:39:40.055770","level":"info","event":"----------------Processing messages: <cimpl.Message object at 0x745f32917dc0>------------","logger":"unusual_prefix_05f7c68866a4b9981d661b83f7c582db0b838856_wiki_monitoring"}
{"timestamp":"2025-06-24T10:39:40.055888","level":"info","event":"-----------edit: {'title': 'File:NDL1266756 最新法律 - 笑ひながら研究出来る part4.pdf', 'user': 'MidleadingBot', 'is_bot': True, 'server_name': 'commons.wikimedia.org', 'timestamp': 1750758642}-------------","logger":"unusual_prefix_05f7c68866a4b9981d661b83f7c582db0b838856_wiki_monitoring"}
{"timestamp":"2025-06-24T10:39:40.058738","level":"info","event":"----------------Processing messages: <cimpl.Message object at 0x745f32917940>------------","logger":"unusual_prefix_05f7c68866a4b9981d661b83f7c582db0b838856_wiki_monitoring"}
{"timestamp":"2025-06-24T10:39:40.058866","level":"info","event":"-----------edit: {'title': 'Q125266547', 'user': 'Arch2all', 'is_bot': False, 'server_name': 'www.wikidata.org', 'timestamp': 1750758643}-------------","logger":"unusual_prefix_05f7c68866a4b9981d661b83f7c582db0b838856_wiki_monitoring"}
{"timestamp":"2025-06-24T10:39:40.061438","level":"info","event":"----------------Processing messages: <cimpl.Message object at 0x745f329173c0>------------","logger":"unusual_prefix_05f7c68866a4b9981d661b83f7c582db0b838856_wiki_monitoring"}
{"timestamp":"2025-06-24T10:39:40.061552","level":"info","event":"-----------edit: {'title': 'Earl of Errol', 'user': '2001:863:203:1416:C99F:F789:9D3D:5E88', 'is_bot': False, 'server_name': 'en.wikipedia.org', 'timestamp': 1750758642}-------------","logger":"unusual_prefix_05f7c68866a4b9981d661b83f7c582db0b838856_wiki_monitoring"}
{"timestamp":"2025-06-24T10:39:40.064649","level":"info","event":"----------------Processing messages: <cimpl.Message object at 0x745f32917cc0>------------","logger":"unusual_prefix_05f7c68866a4b9981d661b83f7c582db0b838856_wiki_monitoring"}
{"timestamp":"2025-06-24T10:39:40.064770","level":"info","event":"-----------edit: {'title': 'Q134616488', 'user': 'Florentyna', 'is_bot': False, 'server_name': 'www.wikidata.org', 'timestamp': 1750758643}-------------","logger":"unusual_prefix_05f7c68866a4b9981d661b83f7c582db0b838856_wiki_monitoring"}
{"timestamp":"2025-06-24T10:39:40.067407","level":"info","event":"----------------Processing messages: <cimpl.Message object at 0x745f32954b40>------------","logger":"unusual_prefix_05f7c68866a4b9981d661b83f7c582db0b838856_wiki_monitoring"}
{"timestamp":"2025-06-24T10:39:40.067513","level":"info","event":"-----------edit: {'title': 'File:Метелик - 20250624 071327.jpg', 'user': 'Микола Василечко', 'is_bot': False, 'server_name': 'commons.wikimedia.org', 'timestamp': 1750758642}-------------","logger":"unusual_prefix_05f7c68866a4b9981d661b83f7c582db0b838856_wiki_monitoring"}
{"timestamp":"2025-06-24T10:39:40.070442","level":"info","event":"----------------Processing messages: <cimpl.Message object at 0x745f329549c0>------------","logger":"unusual_prefix_05f7c68866a4b9981d661b83f7c582db0b838856_wiki_monitoring"}
{"timestamp":"2025-06-24T10:39:40.070576","level":"info","event":"-----------edit: {'title': 'Википедия:Откуда редактируют Русскую Википедию', 'user': 'Mitte27', 'is_bot': False, 'server_name': 'ru.wikipedia.org', 'timestamp': 1750758643}-------------","logger":"unusual_prefix_05f7c68866a4b9981d661b83f7c582db0b838856_wiki_monitoring"}
{"timestamp":"2025-06-24T10:39:40.073308","level":"info","event":"----------------Processing messages: <cimpl.Message object at 0x745f32954d40>------------","logger":"unusual_prefix_05f7c68866a4b9981d661b83f7c582db0b838856_wiki_monitoring"}
{"timestamp":"2025-06-24T10:39:40.073426","level":"info","event":"-----------edit: {'title': 'Q80104080', 'user': 'Florentyna', 'is_bot': False, 'server_name': 'www.wikidata.org', 'timestamp': 1750758643}-------------","logger":"unusual_prefix_05f7c68866a4b9981d661b83f7c582db0b838856_wiki_monitoring"}
{"timestamp":"2025-06-24T10:39:40.077048","level":"info","event":"----------------Processing messages: <cimpl.Message object at 0x745f32954f40>------------","logger":"unusual_prefix_05f7c68866a4b9981d661b83f7c582db0b838856_wiki_monitoring"}
{"timestamp":"2025-06-24T10:39:40.077174","level":"info","event":"-----------edit: {'title': 'Category:香港历史模板', 'user': 'MoAiSang', 'is_bot': False, 'server_name': 'zh.wikipedia.org', 'timestamp': 1750758640}-------------","logger":"unusual_prefix_05f7c68866a4b9981d661b83f7c582db0b838856_wiki_monitoring"}
{"timestamp":"2025-06-24T10:39:40.079685","level":"info","event":"----------------Processing messages: <cimpl.Message object at 0x745f329551c0>------------","logger":"unusual_prefix_05f7c68866a4b9981d661b83f7c582db0b838856_wiki_monitoring"}
{"timestamp":"2025-06-24T10:39:40.079790","level":"info","event":"-----------edit: {'title': 'sultân', 'user': 'WingerBot', 'is_bot': True, 'server_name': 'en.wiktionary.org', 'timestamp': 1750758642}-------------","logger":"unusual_prefix_05f7c68866a4b9981d661b83f7c582db0b838856_wiki_monitoring"}
{"timestamp":"2025-06-24T10:39:40.082507","level":"info","event":"----------------Processing messages: <cimpl.Message object at 0x745f329547c0>------------","logger":"unusual_prefix_05f7c68866a4b9981d661b83f7c582db0b838856_wiki_monitoring"}
{"timestamp":"2025-06-24T10:39:40.082639","level":"info","event":"-----------edit: {'title': 'Q135051513', 'user': 'BitBerry2000', 'is_bot': False, 'server_name': 'www.wikidata.org', 'timestamp': 1750758642}-------------","logger":"unusual_prefix_05f7c68866a4b9981d661b83f7c582db0b838856_wiki_monitoring"}
{"timestamp":"2025-06-24T10:39:40.085204","level":"info","event":"----------------Processing messages: <cimpl.Message object at 0x745f32954ec0>------------","logger":"unusual_prefix_05f7c68866a4b9981d661b83f7c582db0b838856_wiki_monitoring"}
{"timestamp":"2025-06-24T10:39:40.085314","level":"info","event":"-----------edit: {'title': 'Q135050003', 'user': 'Rebexho', 'is_bot': False, 'server_name': 'www.wikidata.org', 'timestamp': 1750758643}-------------","logger":"unusual_prefix_05f7c68866a4b9981d661b83f7c582db0b838856_wiki_monitoring"}
{"timestamp":"2025-06-24T10:39:40.087951","level":"info","event":"----------------Processing messages: <cimpl.Message object at 0x745f329173c0>------------","logger":"unusual_prefix_05f7c68866a4b9981d661b83f7c582db0b838856_wiki_monitoring"}
{"timestamp":"2025-06-24T10:39:40.088073","level":"info","event":"-----------edit: {'title': 'Q110974404', 'user': 'Kristbaumbot', 'is_bot': True, 'server_name': 'www.wikidata.org', 'timestamp': 1750758643}-------------","logger":"unusual_prefix_05f7c68866a4b9981d661b83f7c582db0b838856_wiki_monitoring"}
{"timestamp":"2025-06-24T10:39:40.090758","level":"info","event":"----------------Processing messages: <cimpl.Message object at 0x745f32917e40>------------","logger":"unusual_prefix_05f7c68866a4b9981d661b83f7c582db0b838856_wiki_monitoring"}
{"timestamp":"2025-06-24T10:39:40.090872","level":"info","event":"-----------edit: {'title': 'Q110488612', 'user': 'Kbseah', 'is_bot': False, 'server_name': 'www.wikidata.org', 'timestamp': 1750758643}-------------","logger":"unusual_prefix_05f7c68866a4b9981d661b83f7c582db0b838856_wiki_monitoring"}
{"timestamp":"2025-06-24T10:39:40.093740","level":"info","event":"----------------Processing messages: <cimpl.Message object at 0x745f32916fc0>------------","logger":"unusual_prefix_05f7c68866a4b9981d661b83f7c582db0b838856_wiki_monitoring"}
{"timestamp":"2025-06-24T10:39:40.094023","level":"info","event":"-----------edit: {'title': 'Category:Quality images of Bavaria', 'user': 'MB-one', 'is_bot': False, 'server_name': 'commons.wikimedia.org', 'timestamp': 1750758641}-------------","logger":"unusual_prefix_05f7c68866a4b9981d661b83f7c582db0b838856_wiki_monitoring"}
{"timestamp":"2025-06-24T10:39:40.096726","level":"info","event":"----------------Processing messages: <cimpl.Message object at 0x745f329178c0>------------","logger":"unusual_prefix_05f7c68866a4b9981d661b83f7c582db0b838856_wiki_monitoring"}
{"timestamp":"2025-06-24T10:39:40.096835","level":"info","event":"-----------edit: {'title': 'Q39202623', 'user': 'Cewbot', 'is_bot': True, 'server_name': 'www.wikidata.org', 'timestamp': 1750758642}-------------","logger":"unusual_prefix_05f7c68866a4b9981d661b83f7c582db0b838856_wiki_monitoring"}
{"timestamp":"2025-06-24T10:39:40.099208","level":"info","event":"----------------Processing messages: <cimpl.Message object at 0x745f32917240>------------","logger":"unusual_prefix_05f7c68866a4b9981d661b83f7c582db0b838856_wiki_monitoring"}
{"timestamp":"2025-06-24T10:39:40.099322","level":"info","event":"-----------edit: {'title': 'File:Marter Maintal 0184.jpg', 'user': 'MB-one', 'is_bot': False, 'server_name': 'commons.wikimedia.org', 'timestamp': 1750758642}-------------","logger":"unusual_prefix_05f7c68866a4b9981d661b83f7c582db0b838856_wiki_monitoring"}
{"timestamp":"2025-06-24T10:39:40.102246","level":"info","event":"----------------Processing messages: <cimpl.Message object at 0x745f32916bc0>------------","logger":"unusual_prefix_05f7c68866a4b9981d661b83f7c582db0b838856_wiki_monitoring"}
{"timestamp":"2025-06-24T10:39:40.102365","level":"info","event":"-----------edit: {'title': 'Q135050003', 'user': 'Rebexho', 'is_bot': False, 'server_name': 'www.wikidata.org', 'timestamp': 1750758643}-------------","logger":"unusual_prefix_05f7c68866a4b9981d661b83f7c582db0b838856_wiki_monitoring"}
{"timestamp":"2025-06-24T10:39:40.104828","level":"info","event":"----------------Processing messages: <cimpl.Message object at 0x745f32954ac0>------------","logger":"unusual_prefix_05f7c68866a4b9981d661b83f7c582db0b838856_wiki_monitoring"}
{"timestamp":"2025-06-24T10:39:40.104952","level":"info","event":"-----------edit: {'title': 'Обговорення:Гарбовиці', 'user': 'RarBot', 'is_bot': True, 'server_name': 'uk.wikipedia.org', 'timestamp': 1750758643}-------------","logger":"unusual_prefix_05f7c68866a4b9981d661b83f7c582db0b838856_wiki_monitoring"}
{"timestamp":"2025-06-24T10:39:40.108464","level":"info","event":"----------------Processing messages: <cimpl.Message object at 0x745f329548c0>------------","logger":"unusual_prefix_05f7c68866a4b9981d661b83f7c582db0b838856_wiki_monitoring"}
{"timestamp":"2025-06-24T10:39:40.108582","level":"info","event":"-----------edit: {'title': 'Q92678076', 'user': 'Kbseah', 'is_bot': False, 'server_name': 'www.wikidata.org', 'timestamp': 1750758643}-------------","logger":"unusual_prefix_05f7c68866a4b9981d661b83f7c582db0b838856_wiki_monitoring"}
{"timestamp":"2025-06-24T10:39:40.110745","level":"info","event":"----------------Processing messages: <cimpl.Message object at 0x745f32954d40>------------","logger":"unusual_prefix_05f7c68866a4b9981d661b83f7c582db0b838856_wiki_monitoring"}
{"timestamp":"2025-06-24T10:39:40.110849","level":"info","event":"-----------edit: {'title': 'Категория:Википедия:Статьи, требующие уточнения источников', 'user': 'Werter1995', 'is_bot': False, 'server_name': 'ru.wikipedia.org', 'timestamp': 1750758639}-------------","logger":"unusual_prefix_05f7c68866a4b9981d661b83f7c582db0b838856_wiki_monitoring"}
{"timestamp":"2025-06-24T10:39:40.113940","level":"info","event":"----------------Processing messages: <cimpl.Message object at 0x745f329549c0>------------","logger":"unusual_prefix_05f7c68866a4b9981d661b83f7c582db0b838856_wiki_monitoring"}
{"timestamp":"2025-06-24T10:39:40.114051","level":"info","event":"-----------edit: {'title': 'File:Memorial Day 2015 (18140067746).jpg', 'user': 'CuratorBot', 'is_bot': True, 'server_name': 'commons.wikimedia.org', 'timestamp': 1750758643}-------------","logger":"unusual_prefix_05f7c68866a4b9981d661b83f7c582db0b838856_wiki_monitoring"}
{"timestamp":"2025-06-24T10:39:40.116637","level":"info","event":"----------------Processing messages: <cimpl.Message object at 0x745f32954b40>------------","logger":"unusual_prefix_05f7c68866a4b9981d661b83f7c582db0b838856_wiki_monitoring"}
{"timestamp":"2025-06-24T10:39:40.116753","level":"info","event":"-----------edit: {'title': 'Категория:Википедия:Нет страницы с августа 2023', 'user': 'Werter1995', 'is_bot': False, 'server_name': 'ru.wikipedia.org', 'timestamp': 1750758639}-------------","logger":"unusual_prefix_05f7c68866a4b9981d661b83f7c582db0b838856_wiki_monitoring"}
{"timestamp":"2025-06-24T10:39:40.119838","level":"info","event":"----------------Processing messages: <cimpl.Message object at 0x745f32954940>------------","logger":"unusual_prefix_05f7c68866a4b9981d661b83f7c582db0b838856_wiki_monitoring"}
{"timestamp":"2025-06-24T10:39:40.119962","level":"info","event":"-----------edit: {'title': 'User talk:Mizan0072023', 'user': 'Count Count', 'is_bot': False, 'server_name': 'en.wikipedia.org', 'timestamp': 1750758643}-------------","logger":"unusual_prefix_05f7c68866a4b9981d661b83f7c582db0b838856_wiki_monitoring"}
{"timestamp":"2025-06-24T10:39:40.122656","level":"info","event":"----------------Processing messages: <cimpl.Message object at 0x745f32955040>------------","logger":"unusual_prefix_05f7c68866a4b9981d661b83f7c582db0b838856_wiki_monitoring"}
{"timestamp":"2025-06-24T10:39:40.122772","level":"info","event":"-----------edit: {'title': 'Категория:Википедия:Статьи со ссылками на книгу без указания страницы более 14 дней', 'user': 'Werter1995', 'is_bot': False, 'server_name': 'ru.wikipedia.org', 'timestamp': 1750758639}-------------","logger":"unusual_prefix_05f7c68866a4b9981d661b83f7c582db0b838856_wiki_monitoring"}
{"timestamp":"2025-06-24T10:39:40.126038","level":"info","event":"----------------Processing messages: <cimpl.Message object at 0x745f32917240>------------","logger":"unusual_prefix_05f7c68866a4b9981d661b83f7c582db0b838856_wiki_monitoring"}
{"timestamp":"2025-06-24T10:39:40.126152","level":"info","event":"-----------edit: {'title': 'Q124526901', 'user': 'Chabe01', 'is_bot': False, 'server_name': 'www.wikidata.org', 'timestamp': 1750758643}-------------","logger":"unusual_prefix_05f7c68866a4b9981d661b83f7c582db0b838856_wiki_monitoring"}
{"timestamp":"2025-06-24T10:39:40.129012","level":"info","event":"----------------Processing messages: <cimpl.Message object at 0x745f32916fc0>------------","logger":"unusual_prefix_05f7c68866a4b9981d661b83f7c582db0b838856_wiki_monitoring"}
{"timestamp":"2025-06-24T10:39:40.129121","level":"info","event":"-----------edit: {'title': 'Q80104082', 'user': 'Florentyna', 'is_bot': False, 'server_name': 'www.wikidata.org', 'timestamp': 1750758643}-------------","logger":"unusual_prefix_05f7c68866a4b9981d661b83f7c582db0b838856_wiki_monitoring"}
{"timestamp":"2025-06-24T10:39:40.132118","level":"info","event":"----------------Processing messages: <cimpl.Message object at 0x745f32917e40>------------","logger":"unusual_prefix_05f7c68866a4b9981d661b83f7c582db0b838856_wiki_monitoring"}
{"timestamp":"2025-06-24T10:39:40.132238","level":"info","event":"-----------edit: {'title': 'Q134616489', 'user': 'Florentyna', 'is_bot': False, 'server_name': 'www.wikidata.org', 'timestamp': 1750758644}-------------","logger":"unusual_prefix_05f7c68866a4b9981d661b83f7c582db0b838856_wiki_monitoring"}
{"timestamp":"2025-06-24T10:39:40.134719","level":"info","event":"----------------Processing messages: <cimpl.Message object at 0x745f329173c0>------------","logger":"unusual_prefix_05f7c68866a4b9981d661b83f7c582db0b838856_wiki_monitoring"}
{"timestamp":"2025-06-24T10:39:40.134829","level":"info","event":"-----------edit: {'title': 'Diego Velázquez de Cuéllar', 'user': 'Onel5969', 'is_bot': False, 'server_name': 'en.wikipedia.org', 'timestamp': 1750758641}-------------","logger":"unusual_prefix_05f7c68866a4b9981d661b83f7c582db0b838856_wiki_monitoring"}
{"timestamp":"2025-06-24T10:39:40.137804","level":"info","event":"----------------Processing messages: <cimpl.Message object at 0x745f32917640>------------","logger":"unusual_prefix_05f7c68866a4b9981d661b83f7c582db0b838856_wiki_monitoring"}
{"timestamp":"2025-06-24T10:39:40.137917","level":"info","event":"-----------edit: {'title': 'Category:Invalid SVG created with Inkscape:Flags', 'user': 'Kontributor 2K', 'is_bot': False, 'server_name': 'commons.wikimedia.org', 'timestamp': 1750758641}-------------","logger":"unusual_prefix_05f7c68866a4b9981d661b83f7c582db0b838856_wiki_monitoring"}
{"timestamp":"2025-06-24T10:39:40.150631","level":"info","event":"Done. Returned value was: None","logger":"airflow.task.operators.airflow.providers.standard.operators.python.PythonOperator"}
