{"timestamp":"2025-06-24T11:50:39.797689","level":"info","event":"DAG bundles loaded: dags-folder","logger":"airflow.dag_processing.bundles.manager.DagBundlesManager"}
{"timestamp":"2025-06-24T11:50:39.798095","level":"info","event":"Filling up the DagBag from /opt/airflow/dags/wiki_monitoring.py","logger":"airflow.models.dagbag.DagBag"}
{"timestamp":"2025-06-24T11:50:39.916824","level":"info","event":"Topic wiki_edits already exists","logger":"unusual_prefix_05f7c68866a4b9981d661b83f7c582db0b838856_wiki_monitoring"}
{"timestamp":"2025-06-24T11:50:39.916900","level":"info","event":"---------------topic metadata created------------------","logger":"unusual_prefix_05f7c68866a4b9981d661b83f7c582db0b838856_wiki_monitoring"}
{"timestamp":"2025-06-24T11:50:43.081632","level":"info","event":"----------------Processing messages: <cimpl.Message object at 0x745f32944b40>------------","logger":"unusual_prefix_05f7c68866a4b9981d661b83f7c582db0b838856_wiki_monitoring"}
{"timestamp":"2025-06-24T11:50:43.081766","level":"info","event":"-----------edit: {'title': 'Category:Quality images of Bavaria', 'user': 'MB-one', 'is_bot': False, 'server_name': 'commons.wikimedia.org', 'timestamp': 1750758638}-------------","logger":"unusual_prefix_05f7c68866a4b9981d661b83f7c582db0b838856_wiki_monitoring"}
{"timestamp":"2025-06-24T11:50:43.087395","level":"info","event":"----------------Processing messages: <cimpl.Message object at 0x745f329456c0>------------","logger":"unusual_prefix_05f7c68866a4b9981d661b83f7c582db0b838856_wiki_monitoring"}
{"timestamp":"2025-06-24T11:50:43.087505","level":"info","event":"-----------edit: {'title': 'Q135051510', 'user': 'BitBerry2000', 'is_bot': False, 'server_name': 'www.wikidata.org', 'timestamp': 1750758640}-------------","logger":"unusual_prefix_05f7c68866a4b9981d661b83f7c582db0b838856_wiki_monitoring"}
{"timestamp":"2025-06-24T11:50:43.089800","level":"info","event":"----------------Processing messages: <cimpl.Message object at 0x745f32945b40>------------","logger":"unusual_prefix_05f7c68866a4b9981d661b83f7c582db0b838856_wiki_monitoring"}
{"timestamp":"2025-06-24T11:50:43.089899","level":"info","event":"-----------edit: {'title': 'File:Marktplatz 21 in Lauf an der Pegnitz (1).jpg', 'user': 'MB-one', 'is_bot': False, 'server_name': 'commons.wikimedia.org', 'timestamp': 1750758639}-------------","logger":"unusual_prefix_05f7c68866a4b9981d661b83f7c582db0b838856_wiki_monitoring"}
{"timestamp":"2025-06-24T11:50:43.091957","level":"info","event":"----------------Processing messages: <cimpl.Message object at 0x745f32945ec0>------------","logger":"unusual_prefix_05f7c68866a4b9981d661b83f7c582db0b838856_wiki_monitoring"}
{"timestamp":"2025-06-24T11:50:43.092026","level":"info","event":"-----------edit: {'title': 'Q33997942', 'user': 'Cewbot', 'is_bot': True, 'server_name': 'www.wikidata.org', 'timestamp': 1750758640}-------------","logger":"unusual_prefix_05f7c68866a4b9981d661b83f7c582db0b838856_wiki_monitoring"}
{"timestamp":"2025-06-24T11:50:43.094160","level":"info","event":"----------------Processing messages: <cimpl.Message object at 0x745f32946040>------------","logger":"unusual_prefix_05f7c68866a4b9981d661b83f7c582db0b838856_wiki_monitoring"}
{"timestamp":"2025-06-24T11:50:43.094256","level":"info","event":"-----------edit: {'title': 'History of the United States', 'user': 'Onel5969', 'is_bot': False, 'server_name': 'en.wikipedia.org', 'timestamp': 1750758625}-------------","logger":"unusual_prefix_05f7c68866a4b9981d661b83f7c582db0b838856_wiki_monitoring"}
{"timestamp":"2025-06-24T11:50:43.096435","level":"info","event":"----------------Processing messages: <cimpl.Message object at 0x745f32946240>------------","logger":"unusual_prefix_05f7c68866a4b9981d661b83f7c582db0b838856_wiki_monitoring"}
{"timestamp":"2025-06-24T11:50:43.096541","level":"info","event":"-----------edit: {'title': '六四事件中的香港', 'user': 'MoAiSang', 'is_bot': False, 'server_name': 'zh.wikipedia.org', 'timestamp': 1750758640}-------------","logger":"unusual_prefix_05f7c68866a4b9981d661b83f7c582db0b838856_wiki_monitoring"}
{"timestamp":"2025-06-24T11:50:43.098560","level":"info","event":"----------------Processing messages: <cimpl.Message object at 0x745f32946040>------------","logger":"unusual_prefix_05f7c68866a4b9981d661b83f7c582db0b838856_wiki_monitoring"}
{"timestamp":"2025-06-24T11:50:43.098656","level":"info","event":"-----------edit: {'title': 'Обговорення:Ганусек', 'user': 'RarBot', 'is_bot': True, 'server_name': 'uk.wikipedia.org', 'timestamp': 1750758641}-------------","logger":"unusual_prefix_05f7c68866a4b9981d661b83f7c582db0b838856_wiki_monitoring"}
{"timestamp":"2025-06-24T11:50:43.100728","level":"info","event":"----------------Processing messages: <cimpl.Message object at 0x745f32946640>------------","logger":"unusual_prefix_05f7c68866a4b9981d661b83f7c582db0b838856_wiki_monitoring"}
{"timestamp":"2025-06-24T11:50:43.100827","level":"info","event":"-----------edit: {'title': 'Categoria:Guanyadors del premi Oscar al millor guió adaptat', 'user': 'PereBot', 'is_bot': True, 'server_name': 'ca.wikipedia.org', 'timestamp': 1750758631}-------------","logger":"unusual_prefix_05f7c68866a4b9981d661b83f7c582db0b838856_wiki_monitoring"}
{"timestamp":"2025-06-24T11:50:43.102832","level":"info","event":"----------------Processing messages: <cimpl.Message object at 0x745f329469c0>------------","logger":"unusual_prefix_05f7c68866a4b9981d661b83f7c582db0b838856_wiki_monitoring"}
{"timestamp":"2025-06-24T11:50:43.102943","level":"info","event":"-----------edit: {'title': 'Q92662983', 'user': 'Kbseah', 'is_bot': False, 'server_name': 'www.wikidata.org', 'timestamp': 1750758640}-------------","logger":"unusual_prefix_05f7c68866a4b9981d661b83f7c582db0b838856_wiki_monitoring"}
{"timestamp":"2025-06-24T11:50:43.104877","level":"info","event":"----------------Processing messages: <cimpl.Message object at 0x745f32946dc0>------------","logger":"unusual_prefix_05f7c68866a4b9981d661b83f7c582db0b838856_wiki_monitoring"}
{"timestamp":"2025-06-24T11:50:43.104964","level":"info","event":"-----------edit: {'title': 'Q110488644', 'user': 'Kbseah', 'is_bot': False, 'server_name': 'www.wikidata.org', 'timestamp': 1750758640}-------------","logger":"unusual_prefix_05f7c68866a4b9981d661b83f7c582db0b838856_wiki_monitoring"}
{"timestamp":"2025-06-24T11:50:43.107591","level":"info","event":"----------------Processing messages: <cimpl.Message object at 0x745f32947040>------------","logger":"unusual_prefix_05f7c68866a4b9981d661b83f7c582db0b838856_wiki_monitoring"}
{"timestamp":"2025-06-24T11:50:43.107703","level":"info","event":"-----------edit: {'title': 'Kategorie:Pages using the JsonConfig extension', 'user': '103.158.210.21', 'is_bot': False, 'server_name': 'af.wikipedia.org', 'timestamp': 1750758639}-------------","logger":"unusual_prefix_05f7c68866a4b9981d661b83f7c582db0b838856_wiki_monitoring"}
{"timestamp":"2025-06-24T11:50:43.110006","level":"info","event":"----------------Processing messages: <cimpl.Message object at 0x745f32946bc0>------------","logger":"unusual_prefix_05f7c68866a4b9981d661b83f7c582db0b838856_wiki_monitoring"}
{"timestamp":"2025-06-24T11:50:43.110113","level":"info","event":"-----------edit: {'title': 'Участник:193.233.228.206', 'user': 'QBA-bot', 'is_bot': True, 'server_name': 'ru.wikiquote.org', 'timestamp': 1750758641}-------------","logger":"unusual_prefix_05f7c68866a4b9981d661b83f7c582db0b838856_wiki_monitoring"}
{"timestamp":"2025-06-24T11:50:43.112212","level":"info","event":"----------------Processing messages: <cimpl.Message object at 0x745f329468c0>------------","logger":"unusual_prefix_05f7c68866a4b9981d661b83f7c582db0b838856_wiki_monitoring"}
{"timestamp":"2025-06-24T11:50:43.112328","level":"info","event":"-----------edit: {'title': 'Q56464622', 'user': 'Adam78', 'is_bot': False, 'server_name': 'www.wikidata.org', 'timestamp': 1750758641}-------------","logger":"unusual_prefix_05f7c68866a4b9981d661b83f7c582db0b838856_wiki_monitoring"}
{"timestamp":"2025-06-24T11:50:43.114691","level":"info","event":"----------------Processing messages: <cimpl.Message object at 0x745f32946b40>------------","logger":"unusual_prefix_05f7c68866a4b9981d661b83f7c582db0b838856_wiki_monitoring"}
{"timestamp":"2025-06-24T11:50:43.114793","level":"info","event":"-----------edit: {'title': 'Category:Wikipedia non-free files with redirect backlink', 'user': 'Nardog', 'is_bot': False, 'server_name': 'en.wikipedia.org', 'timestamp': 1750758638}-------------","logger":"unusual_prefix_05f7c68866a4b9981d661b83f7c582db0b838856_wiki_monitoring"}
{"timestamp":"2025-06-24T11:50:43.117211","level":"info","event":"----------------Processing messages: <cimpl.Message object at 0x745f32946940>------------","logger":"unusual_prefix_05f7c68866a4b9981d661b83f7c582db0b838856_wiki_monitoring"}
{"timestamp":"2025-06-24T11:50:43.117306","level":"info","event":"-----------edit: {'title': 'Category:Files from Gallica', 'user': 'Gzen92Bot', 'is_bot': True, 'server_name': 'commons.wikimedia.org', 'timestamp': 1750758639}-------------","logger":"unusual_prefix_05f7c68866a4b9981d661b83f7c582db0b838856_wiki_monitoring"}
{"timestamp":"2025-06-24T11:50:43.119448","level":"info","event":"----------------Processing messages: <cimpl.Message object at 0x745f32946ac0>------------","logger":"unusual_prefix_05f7c68866a4b9981d661b83f7c582db0b838856_wiki_monitoring"}
{"timestamp":"2025-06-24T11:50:43.119537","level":"info","event":"-----------edit: {'title': 'Category:Artworks without Wikidata item', 'user': 'Gzen92Bot', 'is_bot': True, 'server_name': 'commons.wikimedia.org', 'timestamp': 1750758639}-------------","logger":"unusual_prefix_05f7c68866a4b9981d661b83f7c582db0b838856_wiki_monitoring"}
{"timestamp":"2025-06-24T11:50:43.121931","level":"info","event":"----------------Processing messages: <cimpl.Message object at 0x745f329465c0>------------","logger":"unusual_prefix_05f7c68866a4b9981d661b83f7c582db0b838856_wiki_monitoring"}
{"timestamp":"2025-06-24T11:50:43.122043","level":"info","event":"-----------edit: {'title': 'зехьэлӏэн', 'user': 'Rhdkabardian', 'is_bot': False, 'server_name': 'kbd.wiktionary.org', 'timestamp': 1750758641}-------------","logger":"unusual_prefix_05f7c68866a4b9981d661b83f7c582db0b838856_wiki_monitoring"}
{"timestamp":"2025-06-24T11:50:43.125122","level":"info","event":"----------------Processing messages: <cimpl.Message object at 0x745f32945f40>------------","logger":"unusual_prefix_05f7c68866a4b9981d661b83f7c582db0b838856_wiki_monitoring"}
{"timestamp":"2025-06-24T11:50:43.125227","level":"info","event":"-----------edit: {'title': 'File:Marter Maintal 0182.jpg', 'user': 'MB-one', 'is_bot': False, 'server_name': 'commons.wikimedia.org', 'timestamp': 1750758640}-------------","logger":"unusual_prefix_05f7c68866a4b9981d661b83f7c582db0b838856_wiki_monitoring"}
{"timestamp":"2025-06-24T11:50:43.127548","level":"info","event":"----------------Processing messages: <cimpl.Message object at 0x745f329465c0>------------","logger":"unusual_prefix_05f7c68866a4b9981d661b83f7c582db0b838856_wiki_monitoring"}
{"timestamp":"2025-06-24T11:50:43.127643","level":"info","event":"-----------edit: {'title': 'Category:PD France', 'user': 'Gzen92Bot', 'is_bot': True, 'server_name': 'commons.wikimedia.org', 'timestamp': 1750758639}-------------","logger":"unusual_prefix_05f7c68866a4b9981d661b83f7c582db0b838856_wiki_monitoring"}
{"timestamp":"2025-06-24T11:50:43.129976","level":"info","event":"----------------Processing messages: <cimpl.Message object at 0x745f32945b40>------------","logger":"unusual_prefix_05f7c68866a4b9981d661b83f7c582db0b838856_wiki_monitoring"}
{"timestamp":"2025-06-24T11:50:43.130069","level":"info","event":"-----------edit: {'title': 'Q92672096', 'user': 'Kbseah', 'is_bot': False, 'server_name': 'www.wikidata.org', 'timestamp': 1750758641}-------------","logger":"unusual_prefix_05f7c68866a4b9981d661b83f7c582db0b838856_wiki_monitoring"}
{"timestamp":"2025-06-24T11:50:43.132185","level":"info","event":"----------------Processing messages: <cimpl.Message object at 0x745f32945e40>------------","logger":"unusual_prefix_05f7c68866a4b9981d661b83f7c582db0b838856_wiki_monitoring"}
{"timestamp":"2025-06-24T11:50:43.132278","level":"info","event":"-----------edit: {'title': 'Category:PD-old missing SDC copyright status', 'user': 'Gzen92Bot', 'is_bot': True, 'server_name': 'commons.wikimedia.org', 'timestamp': 1750758639}-------------","logger":"unusual_prefix_05f7c68866a4b9981d661b83f7c582db0b838856_wiki_monitoring"}
{"timestamp":"2025-06-24T11:50:43.134497","level":"info","event":"----------------Processing messages: <cimpl.Message object at 0x745f32945ac0>------------","logger":"unusual_prefix_05f7c68866a4b9981d661b83f7c582db0b838856_wiki_monitoring"}
{"timestamp":"2025-06-24T11:50:43.134596","level":"info","event":"-----------edit: {'title': 'Category:CC-PD-Mark', 'user': 'Gzen92Bot', 'is_bot': True, 'server_name': 'commons.wikimedia.org', 'timestamp': 1750758639}-------------","logger":"unusual_prefix_05f7c68866a4b9981d661b83f7c582db0b838856_wiki_monitoring"}
{"timestamp":"2025-06-24T11:50:43.137016","level":"info","event":"----------------Processing messages: <cimpl.Message object at 0x745f329459c0>------------","logger":"unusual_prefix_05f7c68866a4b9981d661b83f7c582db0b838856_wiki_monitoring"}
{"timestamp":"2025-06-24T11:50:43.137129","level":"info","event":"-----------edit: {'title': 'File:View over Whitesands Bay-Porth Mawr - geograph.org.uk - 7824198.jpg', 'user': 'GeographBot', 'is_bot': True, 'server_name': 'commons.wikimedia.org', 'timestamp': 1750758641}-------------","logger":"unusual_prefix_05f7c68866a4b9981d661b83f7c582db0b838856_wiki_monitoring"}
{"timestamp":"2025-06-24T11:50:43.139463","level":"info","event":"----------------Processing messages: <cimpl.Message object at 0x745f32945540>------------","logger":"unusual_prefix_05f7c68866a4b9981d661b83f7c582db0b838856_wiki_monitoring"}
{"timestamp":"2025-06-24T11:50:43.139561","level":"info","event":"-----------edit: {'title': 'Q110488640', 'user': 'Kbseah', 'is_bot': False, 'server_name': 'www.wikidata.org', 'timestamp': 1750758641}-------------","logger":"unusual_prefix_05f7c68866a4b9981d661b83f7c582db0b838856_wiki_monitoring"}
{"timestamp":"2025-06-24T11:50:43.142777","level":"info","event":"----------------Processing messages: <cimpl.Message object at 0x745f32947240>------------","logger":"unusual_prefix_05f7c68866a4b9981d661b83f7c582db0b838856_wiki_monitoring"}
{"timestamp":"2025-06-24T11:50:43.142901","level":"info","event":"-----------edit: {'title': 'Category:PD-old-100-expired', 'user': 'Gzen92Bot', 'is_bot': True, 'server_name': 'commons.wikimedia.org', 'timestamp': 1750758639}-------------","logger":"unusual_prefix_05f7c68866a4b9981d661b83f7c582db0b838856_wiki_monitoring"}
{"timestamp":"2025-06-24T11:50:43.145434","level":"info","event":"----------------Processing messages: <cimpl.Message object at 0x745f32944a40>------------","logger":"unusual_prefix_05f7c68866a4b9981d661b83f7c582db0b838856_wiki_monitoring"}
{"timestamp":"2025-06-24T11:50:43.145547","level":"info","event":"-----------edit: {'title': 'Category:PD US expired', 'user': 'Gzen92Bot', 'is_bot': True, 'server_name': 'commons.wikimedia.org', 'timestamp': 1750758639}-------------","logger":"unusual_prefix_05f7c68866a4b9981d661b83f7c582db0b838856_wiki_monitoring"}
{"timestamp":"2025-06-24T11:50:43.148051","level":"info","event":"----------------Processing messages: <cimpl.Message object at 0x745f32945a40>------------","logger":"unusual_prefix_05f7c68866a4b9981d661b83f7c582db0b838856_wiki_monitoring"}
{"timestamp":"2025-06-24T11:50:43.148161","level":"info","event":"-----------edit: {'title': 'Q124526901', 'user': 'Chabe01', 'is_bot': False, 'server_name': 'www.wikidata.org', 'timestamp': 1750758641}-------------","logger":"unusual_prefix_05f7c68866a4b9981d661b83f7c582db0b838856_wiki_monitoring"}
{"timestamp":"2025-06-24T11:50:43.150322","level":"info","event":"----------------Processing messages: <cimpl.Message object at 0x745f32945cc0>------------","logger":"unusual_prefix_05f7c68866a4b9981d661b83f7c582db0b838856_wiki_monitoring"}
{"timestamp":"2025-06-24T11:50:43.150443","level":"info","event":"-----------edit: {'title': 'Libido', 'user': 'AnomieBOT', 'is_bot': True, 'server_name': 'en.wikipedia.org', 'timestamp': 1750758638}-------------","logger":"unusual_prefix_05f7c68866a4b9981d661b83f7c582db0b838856_wiki_monitoring"}
{"timestamp":"2025-06-24T11:50:43.152561","level":"info","event":"----------------Processing messages: <cimpl.Message object at 0x745f32945dc0>------------","logger":"unusual_prefix_05f7c68866a4b9981d661b83f7c582db0b838856_wiki_monitoring"}
{"timestamp":"2025-06-24T11:50:43.152664","level":"info","event":"-----------edit: {'title': 'Q132307595', 'user': 'Henri Aja', 'is_bot': False, 'server_name': 'www.wikidata.org', 'timestamp': 1750758642}-------------","logger":"unusual_prefix_05f7c68866a4b9981d661b83f7c582db0b838856_wiki_monitoring"}
{"timestamp":"2025-06-24T11:50:43.155025","level":"info","event":"----------------Processing messages: <cimpl.Message object at 0x745f32946440>------------","logger":"unusual_prefix_05f7c68866a4b9981d661b83f7c582db0b838856_wiki_monitoring"}
{"timestamp":"2025-06-24T11:50:43.155130","level":"info","event":"-----------edit: {'title': 'Category:PD-US missing SDC copyright status', 'user': 'Gzen92Bot', 'is_bot': True, 'server_name': 'commons.wikimedia.org', 'timestamp': 1750758639}-------------","logger":"unusual_prefix_05f7c68866a4b9981d661b83f7c582db0b838856_wiki_monitoring"}
{"timestamp":"2025-06-24T11:50:43.157617","level":"info","event":"----------------Processing messages: <cimpl.Message object at 0x745f32946940>------------","logger":"unusual_prefix_05f7c68866a4b9981d661b83f7c582db0b838856_wiki_monitoring"}
{"timestamp":"2025-06-24T11:50:43.157723","level":"info","event":"-----------edit: {'title': 'Category:Sheet music from Gallica (Bibliothèque nationale de France) uploaded by Gzen92Bot', 'user': 'Gzen92Bot', 'is_bot': True, 'server_name': 'commons.wikimedia.org', 'timestamp': 1750758639}-------------","logger":"unusual_prefix_05f7c68866a4b9981d661b83f7c582db0b838856_wiki_monitoring"}
{"timestamp":"2025-06-24T11:50:43.159979","level":"info","event":"----------------Processing messages: <cimpl.Message object at 0x745f32946340>------------","logger":"unusual_prefix_05f7c68866a4b9981d661b83f7c582db0b838856_wiki_monitoring"}
{"timestamp":"2025-06-24T11:50:43.160078","level":"info","event":"-----------edit: {'title': 'Category:Quality images of Bavaria', 'user': 'MB-one', 'is_bot': False, 'server_name': 'commons.wikimedia.org', 'timestamp': 1750758639}-------------","logger":"unusual_prefix_05f7c68866a4b9981d661b83f7c582db0b838856_wiki_monitoring"}
{"timestamp":"2025-06-24T11:50:43.162089","level":"info","event":"----------------Processing messages: <cimpl.Message object at 0x745f329463c0>------------","logger":"unusual_prefix_05f7c68866a4b9981d661b83f7c582db0b838856_wiki_monitoring"}
{"timestamp":"2025-06-24T11:50:43.162182","level":"info","event":"-----------edit: {'title': 'Q135051511', 'user': 'BitBerry2000', 'is_bot': False, 'server_name': 'www.wikidata.org', 'timestamp': 1750758640}-------------","logger":"unusual_prefix_05f7c68866a4b9981d661b83f7c582db0b838856_wiki_monitoring"}
{"timestamp":"2025-06-24T11:50:43.164159","level":"info","event":"----------------Processing messages: <cimpl.Message object at 0x745f32946e40>------------","logger":"unusual_prefix_05f7c68866a4b9981d661b83f7c582db0b838856_wiki_monitoring"}
{"timestamp":"2025-06-24T11:50:43.164248","level":"info","event":"-----------edit: {'title': 'File:NDL1271265 株式裏書譲渡の解説.pdf', 'user': 'MidleadingBot', 'is_bot': True, 'server_name': 'commons.wikimedia.org', 'timestamp': 1750758640}-------------","logger":"unusual_prefix_05f7c68866a4b9981d661b83f7c582db0b838856_wiki_monitoring"}
{"timestamp":"2025-06-24T11:50:43.166178","level":"info","event":"----------------Processing messages: <cimpl.Message object at 0x745f32946cc0>------------","logger":"unusual_prefix_05f7c68866a4b9981d661b83f7c582db0b838856_wiki_monitoring"}
{"timestamp":"2025-06-24T11:50:43.166285","level":"info","event":"-----------edit: {'title': 'Category:Oeuvre XII. Camille ou le souterrain, comédie en trois actes en prose par M. Marsollier. Représentée par les comédiens italiens le samedy 19 mars 1791.... Gravé par Huguet - btv1b100724342', 'user': 'Gzen92Bot', 'is_bot': True, 'server_name': 'commons.wikimedia.org', 'timestamp': 1750758639}-------------","logger":"unusual_prefix_05f7c68866a4b9981d661b83f7c582db0b838856_wiki_monitoring"}
{"timestamp":"2025-06-24T11:50:43.168472","level":"info","event":"----------------Processing messages: <cimpl.Message object at 0x745f32946bc0>------------","logger":"unusual_prefix_05f7c68866a4b9981d661b83f7c582db0b838856_wiki_monitoring"}
{"timestamp":"2025-06-24T11:50:43.168574","level":"info","event":"-----------edit: {'title': 'Категорія:Статті проєкту Польща низької важливості', 'user': 'RarBot', 'is_bot': True, 'server_name': 'uk.wikipedia.org', 'timestamp': 1750758641}-------------","logger":"unusual_prefix_05f7c68866a4b9981d661b83f7c582db0b838856_wiki_monitoring"}
{"timestamp":"2025-06-24T11:50:43.170745","level":"info","event":"----------------Processing messages: <cimpl.Message object at 0x745f32946ec0>------------","logger":"unusual_prefix_05f7c68866a4b9981d661b83f7c582db0b838856_wiki_monitoring"}
{"timestamp":"2025-06-24T11:50:43.170847","level":"info","event":"-----------edit: {'title': 'Категорія:Статті проєкту Польща невідомого рівня низької важливості', 'user': 'RarBot', 'is_bot': True, 'server_name': 'uk.wikipedia.org', 'timestamp': 1750758641}-------------","logger":"unusual_prefix_05f7c68866a4b9981d661b83f7c582db0b838856_wiki_monitoring"}
{"timestamp":"2025-06-24T11:50:43.172989","level":"info","event":"----------------Processing messages: <cimpl.Message object at 0x745f329459c0>------------","logger":"unusual_prefix_05f7c68866a4b9981d661b83f7c582db0b838856_wiki_monitoring"}
{"timestamp":"2025-06-24T11:50:43.173090","level":"info","event":"-----------edit: {'title': 'Категорія:Статті проєкту Польща невідомої важливості', 'user': 'RarBot', 'is_bot': True, 'server_name': 'uk.wikipedia.org', 'timestamp': 1750758641}-------------","logger":"unusual_prefix_05f7c68866a4b9981d661b83f7c582db0b838856_wiki_monitoring"}
{"timestamp":"2025-06-24T11:50:43.175134","level":"info","event":"----------------Processing messages: <cimpl.Message object at 0x745f329469c0>------------","logger":"unusual_prefix_05f7c68866a4b9981d661b83f7c582db0b838856_wiki_monitoring"}
{"timestamp":"2025-06-24T11:50:43.175235","level":"info","event":"-----------edit: {'title': 'Категорія:Статті проєкту Польща невідомого рівня невідомої важливості', 'user': 'RarBot', 'is_bot': True, 'server_name': 'uk.wikipedia.org', 'timestamp': 1750758641}-------------","logger":"unusual_prefix_05f7c68866a4b9981d661b83f7c582db0b838856_wiki_monitoring"}
{"timestamp":"2025-06-24T11:50:43.177324","level":"info","event":"----------------Processing messages: <cimpl.Message object at 0x745f329463c0>------------","logger":"unusual_prefix_05f7c68866a4b9981d661b83f7c582db0b838856_wiki_monitoring"}
{"timestamp":"2025-06-24T11:50:43.177423","level":"info","event":"-----------edit: {'title': 'Q231196', 'user': 'Florentyna', 'is_bot': False, 'server_name': 'www.wikidata.org', 'timestamp': 1750758642}-------------","logger":"unusual_prefix_05f7c68866a4b9981d661b83f7c582db0b838856_wiki_monitoring"}
{"timestamp":"2025-06-24T11:50:43.179685","level":"info","event":"----------------Processing messages: <cimpl.Message object at 0x745f32946340>------------","logger":"unusual_prefix_05f7c68866a4b9981d661b83f7c582db0b838856_wiki_monitoring"}
{"timestamp":"2025-06-24T11:50:43.179785","level":"info","event":"-----------edit: {'title': 'Участник:193.233.229.144', 'user': 'QBA-bot', 'is_bot': True, 'server_name': 'ru.wikiquote.org', 'timestamp': 1750758642}-------------","logger":"unusual_prefix_05f7c68866a4b9981d661b83f7c582db0b838856_wiki_monitoring"}
{"timestamp":"2025-06-24T11:50:43.181849","level":"info","event":"----------------Processing messages: <cimpl.Message object at 0x745f32946c40>------------","logger":"unusual_prefix_05f7c68866a4b9981d661b83f7c582db0b838856_wiki_monitoring"}
{"timestamp":"2025-06-24T11:50:43.181944","level":"info","event":"-----------edit: {'title': 'Q92673746', 'user': 'Kbseah', 'is_bot': False, 'server_name': 'www.wikidata.org', 'timestamp': 1750758642}-------------","logger":"unusual_prefix_05f7c68866a4b9981d661b83f7c582db0b838856_wiki_monitoring"}
{"timestamp":"2025-06-24T11:50:43.184132","level":"info","event":"----------------Processing messages: <cimpl.Message object at 0x745f32946440>------------","logger":"unusual_prefix_05f7c68866a4b9981d661b83f7c582db0b838856_wiki_monitoring"}
{"timestamp":"2025-06-24T11:50:43.184229","level":"info","event":"-----------edit: {'title': 'Q231196', 'user': 'Florentyna', 'is_bot': False, 'server_name': 'www.wikidata.org', 'timestamp': 1750758641}-------------","logger":"unusual_prefix_05f7c68866a4b9981d661b83f7c582db0b838856_wiki_monitoring"}
{"timestamp":"2025-06-24T11:50:43.186317","level":"info","event":"----------------Processing messages: <cimpl.Message object at 0x745f32945dc0>------------","logger":"unusual_prefix_05f7c68866a4b9981d661b83f7c582db0b838856_wiki_monitoring"}
{"timestamp":"2025-06-24T11:50:43.186424","level":"info","event":"-----------edit: {'title': 'Нападение на николаевскую станицу', 'user': 'Sunnimuslimwarrior', 'is_bot': False, 'server_name': 'ru.wikipedia.org', 'timestamp': 1750758641}-------------","logger":"unusual_prefix_05f7c68866a4b9981d661b83f7c582db0b838856_wiki_monitoring"}
{"timestamp":"2025-06-24T11:50:43.188376","level":"info","event":"----------------Processing messages: <cimpl.Message object at 0x745f32945cc0>------------","logger":"unusual_prefix_05f7c68866a4b9981d661b83f7c582db0b838856_wiki_monitoring"}
{"timestamp":"2025-06-24T11:50:43.188465","level":"info","event":"-----------edit: {'title': 'File:20251710230 GOES19-ABI-FD-GEOCOLOR-21696x21696 64.jpg', 'user': 'PantheraLeo1359531', 'is_bot': False, 'server_name': 'commons.wikimedia.org', 'timestamp': 1750758641}-------------","logger":"unusual_prefix_05f7c68866a4b9981d661b83f7c582db0b838856_wiki_monitoring"}
{"timestamp":"2025-06-24T11:50:43.190502","level":"info","event":"----------------Processing messages: <cimpl.Message object at 0x745f32945a40>------------","logger":"unusual_prefix_05f7c68866a4b9981d661b83f7c582db0b838856_wiki_monitoring"}
{"timestamp":"2025-06-24T11:50:43.190595","level":"info","event":"-----------edit: {'title': 'Roddie Haley', 'user': 'Frank63', 'is_bot': False, 'server_name': 'en.wikipedia.org', 'timestamp': 1750758641}-------------","logger":"unusual_prefix_05f7c68866a4b9981d661b83f7c582db0b838856_wiki_monitoring"}
{"timestamp":"2025-06-24T11:50:43.192957","level":"info","event":"----------------Processing messages: <cimpl.Message object at 0x745f32944a40>------------","logger":"unusual_prefix_05f7c68866a4b9981d661b83f7c582db0b838856_wiki_monitoring"}
{"timestamp":"2025-06-24T11:50:43.193065","level":"info","event":"-----------edit: {'title': 'Q135040018', 'user': 'Immanuelle', 'is_bot': False, 'server_name': 'www.wikidata.org', 'timestamp': 1750758642}-------------","logger":"unusual_prefix_05f7c68866a4b9981d661b83f7c582db0b838856_wiki_monitoring"}
{"timestamp":"2025-06-24T11:50:43.195127","level":"info","event":"----------------Processing messages: <cimpl.Message object at 0x745f32947240>------------","logger":"unusual_prefix_05f7c68866a4b9981d661b83f7c582db0b838856_wiki_monitoring"}
{"timestamp":"2025-06-24T11:50:43.195224","level":"info","event":"-----------edit: {'title': 'Q135051512', 'user': 'BitBerry2000', 'is_bot': False, 'server_name': 'www.wikidata.org', 'timestamp': 1750758641}-------------","logger":"unusual_prefix_05f7c68866a4b9981d661b83f7c582db0b838856_wiki_monitoring"}
{"timestamp":"2025-06-24T11:50:43.197356","level":"info","event":"----------------Processing messages: <cimpl.Message object at 0x745f32945540>------------","logger":"unusual_prefix_05f7c68866a4b9981d661b83f7c582db0b838856_wiki_monitoring"}
{"timestamp":"2025-06-24T11:50:43.197446","level":"info","event":"-----------edit: {'title': 'Q110488633', 'user': 'Kbseah', 'is_bot': False, 'server_name': 'www.wikidata.org', 'timestamp': 1750758642}-------------","logger":"unusual_prefix_05f7c68866a4b9981d661b83f7c582db0b838856_wiki_monitoring"}
{"timestamp":"2025-06-24T11:50:43.199448","level":"info","event":"----------------Processing messages: <cimpl.Message object at 0x745f32945ac0>------------","logger":"unusual_prefix_05f7c68866a4b9981d661b83f7c582db0b838856_wiki_monitoring"}
{"timestamp":"2025-06-24T11:50:43.199543","level":"info","event":"-----------edit: {'title': 'Category:PD US NOAA', 'user': 'PantheraLeo1359531', 'is_bot': False, 'server_name': 'commons.wikimedia.org', 'timestamp': 1750758641}-------------","logger":"unusual_prefix_05f7c68866a4b9981d661b83f7c582db0b838856_wiki_monitoring"}
{"timestamp":"2025-06-24T11:50:43.202582","level":"info","event":"----------------Processing messages: <cimpl.Message object at 0x745f32945240>------------","logger":"unusual_prefix_05f7c68866a4b9981d661b83f7c582db0b838856_wiki_monitoring"}
{"timestamp":"2025-06-24T11:50:43.202689","level":"info","event":"-----------edit: {'title': 'File:Marter Maintal 0183.jpg', 'user': 'MB-one', 'is_bot': False, 'server_name': 'commons.wikimedia.org', 'timestamp': 1750758641}-------------","logger":"unusual_prefix_05f7c68866a4b9981d661b83f7c582db0b838856_wiki_monitoring"}
{"timestamp":"2025-06-24T11:50:43.204843","level":"info","event":"----------------Processing messages: <cimpl.Message object at 0x745f329472c0>------------","logger":"unusual_prefix_05f7c68866a4b9981d661b83f7c582db0b838856_wiki_monitoring"}
{"timestamp":"2025-06-24T11:50:43.204944","level":"info","event":"-----------edit: {'title': 'دل دیا درد لیا', 'user': 'ZumrahBot', 'is_bot': True, 'server_name': 'ur.wikipedia.org', 'timestamp': 1750758640}-------------","logger":"unusual_prefix_05f7c68866a4b9981d661b83f7c582db0b838856_wiki_monitoring"}
{"timestamp":"2025-06-24T11:50:43.206962","level":"info","event":"----------------Processing messages: <cimpl.Message object at 0x745f32945a40>------------","logger":"unusual_prefix_05f7c68866a4b9981d661b83f7c582db0b838856_wiki_monitoring"}
{"timestamp":"2025-06-24T11:50:43.207064","level":"info","event":"-----------edit: {'title': 'mamsell', 'user': 'WingerBot', 'is_bot': True, 'server_name': 'en.wiktionary.org', 'timestamp': 1750758641}-------------","logger":"unusual_prefix_05f7c68866a4b9981d661b83f7c582db0b838856_wiki_monitoring"}
{"timestamp":"2025-06-24T11:50:43.209116","level":"info","event":"----------------Processing messages: <cimpl.Message object at 0x745f32945cc0>------------","logger":"unusual_prefix_05f7c68866a4b9981d661b83f7c582db0b838856_wiki_monitoring"}
{"timestamp":"2025-06-24T11:50:43.209199","level":"info","event":"-----------edit: {'title': 'Category:PD-USGov missing SDC copyright status', 'user': 'PantheraLeo1359531', 'is_bot': False, 'server_name': 'commons.wikimedia.org', 'timestamp': 1750758641}-------------","logger":"unusual_prefix_05f7c68866a4b9981d661b83f7c582db0b838856_wiki_monitoring"}
{"timestamp":"2025-06-24T11:50:43.211033","level":"info","event":"----------------Processing messages: <cimpl.Message object at 0x745f32945dc0>------------","logger":"unusual_prefix_05f7c68866a4b9981d661b83f7c582db0b838856_wiki_monitoring"}
{"timestamp":"2025-06-24T11:50:43.211118","level":"info","event":"-----------edit: {'title': 'Q65622007', 'user': 'Florentyna', 'is_bot': False, 'server_name': 'www.wikidata.org', 'timestamp': 1750758643}-------------","logger":"unusual_prefix_05f7c68866a4b9981d661b83f7c582db0b838856_wiki_monitoring"}
{"timestamp":"2025-06-24T11:50:43.213014","level":"info","event":"----------------Processing messages: <cimpl.Message object at 0x745f32946440>------------","logger":"unusual_prefix_05f7c68866a4b9981d661b83f7c582db0b838856_wiki_monitoring"}
{"timestamp":"2025-06-24T11:50:43.213103","level":"info","event":"-----------edit: {'title': 'Category:GOES-19 ABI FD imagery of Hurricane Erick (2025) (GeoColor)', 'user': 'PantheraLeo1359531', 'is_bot': False, 'server_name': 'commons.wikimedia.org', 'timestamp': 1750758641}-------------","logger":"unusual_prefix_05f7c68866a4b9981d661b83f7c582db0b838856_wiki_monitoring"}
{"timestamp":"2025-06-24T11:50:43.215183","level":"info","event":"----------------Processing messages: <cimpl.Message object at 0x745f32946c40>------------","logger":"unusual_prefix_05f7c68866a4b9981d661b83f7c582db0b838856_wiki_monitoring"}
{"timestamp":"2025-06-24T11:50:43.215331","level":"info","event":"-----------edit: {'title': 'Category:Images from NOAA uploaded by PantheraLeo1359531', 'user': 'PantheraLeo1359531', 'is_bot': False, 'server_name': 'commons.wikimedia.org', 'timestamp': 1750758641}-------------","logger":"unusual_prefix_05f7c68866a4b9981d661b83f7c582db0b838856_wiki_monitoring"}
{"timestamp":"2025-06-24T11:50:43.217636","level":"info","event":"----------------Processing messages: <cimpl.Message object at 0x745f329463c0>------------","logger":"unusual_prefix_05f7c68866a4b9981d661b83f7c582db0b838856_wiki_monitoring"}
{"timestamp":"2025-06-24T11:50:43.217735","level":"info","event":"-----------edit: {'title': 'Category:Files uploaded by PantheraLeo1359531', 'user': 'PantheraLeo1359531', 'is_bot': False, 'server_name': 'commons.wikimedia.org', 'timestamp': 1750758641}-------------","logger":"unusual_prefix_05f7c68866a4b9981d661b83f7c582db0b838856_wiki_monitoring"}
{"timestamp":"2025-06-24T11:50:43.219893","level":"info","event":"----------------Processing messages: <cimpl.Message object at 0x745f329466c0>------------","logger":"unusual_prefix_05f7c68866a4b9981d661b83f7c582db0b838856_wiki_monitoring"}
{"timestamp":"2025-06-24T11:50:43.219984","level":"info","event":"-----------edit: {'title': 'File:Drapeau fr département Alpes-de-Haute-Provence.svg', 'user': 'Kontributor 2K', 'is_bot': False, 'server_name': 'commons.wikimedia.org', 'timestamp': 1750758641}-------------","logger":"unusual_prefix_05f7c68866a4b9981d661b83f7c582db0b838856_wiki_monitoring"}
{"timestamp":"2025-06-24T11:50:43.221912","level":"info","event":"----------------Processing messages: <cimpl.Message object at 0x745f32946940>------------","logger":"unusual_prefix_05f7c68866a4b9981d661b83f7c582db0b838856_wiki_monitoring"}
{"timestamp":"2025-06-24T11:50:43.222003","level":"info","event":"-----------edit: {'title': 'Category:Quality images of Bavaria', 'user': 'MB-one', 'is_bot': False, 'server_name': 'commons.wikimedia.org', 'timestamp': 1750758640}-------------","logger":"unusual_prefix_05f7c68866a4b9981d661b83f7c582db0b838856_wiki_monitoring"}
{"timestamp":"2025-06-24T11:50:43.224003","level":"info","event":"----------------Processing messages: <cimpl.Message object at 0x745f329459c0>------------","logger":"unusual_prefix_05f7c68866a4b9981d661b83f7c582db0b838856_wiki_monitoring"}
{"timestamp":"2025-06-24T11:50:43.224098","level":"info","event":"-----------edit: {'title': 'Q65116886', 'user': 'Florentyna', 'is_bot': False, 'server_name': 'www.wikidata.org', 'timestamp': 1750758642}-------------","logger":"unusual_prefix_05f7c68866a4b9981d661b83f7c582db0b838856_wiki_monitoring"}
{"timestamp":"2025-06-24T11:50:43.226194","level":"info","event":"----------------Processing messages: <cimpl.Message object at 0x745f32946ec0>------------","logger":"unusual_prefix_05f7c68866a4b9981d661b83f7c582db0b838856_wiki_monitoring"}
{"timestamp":"2025-06-24T11:50:43.226290","level":"info","event":"-----------edit: {'title': 'Q65622007', 'user': 'Florentyna', 'is_bot': False, 'server_name': 'www.wikidata.org', 'timestamp': 1750758642}-------------","logger":"unusual_prefix_05f7c68866a4b9981d661b83f7c582db0b838856_wiki_monitoring"}
{"timestamp":"2025-06-24T11:50:43.228548","level":"info","event":"----------------Processing messages: <cimpl.Message object at 0x745f329458c0>------------","logger":"unusual_prefix_05f7c68866a4b9981d661b83f7c582db0b838856_wiki_monitoring"}
{"timestamp":"2025-06-24T11:50:43.228655","level":"info","event":"-----------edit: {'title': 'Mathc initiation/a81', 'user': 'Xhungab', 'is_bot': False, 'server_name': 'fr.wikibooks.org', 'timestamp': 1750758642}-------------","logger":"unusual_prefix_05f7c68866a4b9981d661b83f7c582db0b838856_wiki_monitoring"}
{"timestamp":"2025-06-24T11:50:43.230937","level":"info","event":"----------------Processing messages: <cimpl.Message object at 0x745f32946dc0>------------","logger":"unusual_prefix_05f7c68866a4b9981d661b83f7c582db0b838856_wiki_monitoring"}
{"timestamp":"2025-06-24T11:50:43.231037","level":"info","event":"-----------edit: {'title': 'Wikidata:Database reports/Constraint violations/P6005', 'user': 'KrBot2', 'is_bot': True, 'server_name': 'www.wikidata.org', 'timestamp': 1750758634}-------------","logger":"unusual_prefix_05f7c68866a4b9981d661b83f7c582db0b838856_wiki_monitoring"}
{"timestamp":"2025-06-24T11:50:43.233068","level":"info","event":"----------------Processing messages: <cimpl.Message object at 0x745f32946040>------------","logger":"unusual_prefix_05f7c68866a4b9981d661b83f7c582db0b838856_wiki_monitoring"}
{"timestamp":"2025-06-24T11:50:43.233157","level":"info","event":"-----------edit: {'title': 'Q110488601', 'user': 'Kbseah', 'is_bot': False, 'server_name': 'www.wikidata.org', 'timestamp': 1750758642}-------------","logger":"unusual_prefix_05f7c68866a4b9981d661b83f7c582db0b838856_wiki_monitoring"}
{"timestamp":"2025-06-24T11:50:43.235083","level":"info","event":"----------------Processing messages: <cimpl.Message object at 0x745f329463c0>------------","logger":"unusual_prefix_05f7c68866a4b9981d661b83f7c582db0b838856_wiki_monitoring"}
{"timestamp":"2025-06-24T11:50:43.235174","level":"info","event":"-----------edit: {'title': 'Q92674662', 'user': 'Kbseah', 'is_bot': False, 'server_name': 'www.wikidata.org', 'timestamp': 1750758642}-------------","logger":"unusual_prefix_05f7c68866a4b9981d661b83f7c582db0b838856_wiki_monitoring"}
{"timestamp":"2025-06-24T11:50:43.237377","level":"info","event":"----------------Processing messages: <cimpl.Message object at 0x745f32945ec0>------------","logger":"unusual_prefix_05f7c68866a4b9981d661b83f7c582db0b838856_wiki_monitoring"}
{"timestamp":"2025-06-24T11:50:43.237479","level":"info","event":"-----------edit: {'title': 'Q125266547', 'user': 'Arch2all', 'is_bot': False, 'server_name': 'www.wikidata.org', 'timestamp': 1750758643}-------------","logger":"unusual_prefix_05f7c68866a4b9981d661b83f7c582db0b838856_wiki_monitoring"}
{"timestamp":"2025-06-24T11:50:43.239658","level":"info","event":"----------------Processing messages: <cimpl.Message object at 0x745f32946c40>------------","logger":"unusual_prefix_05f7c68866a4b9981d661b83f7c582db0b838856_wiki_monitoring"}
{"timestamp":"2025-06-24T11:50:43.239755","level":"info","event":"-----------edit: {'title': 'Участник:193.233.229.148', 'user': 'QBA-bot', 'is_bot': True, 'server_name': 'ru.wikiquote.org', 'timestamp': 1750758643}-------------","logger":"unusual_prefix_05f7c68866a4b9981d661b83f7c582db0b838856_wiki_monitoring"}
{"timestamp":"2025-06-24T11:50:43.241735","level":"info","event":"----------------Processing messages: <cimpl.Message object at 0x745f32946640>------------","logger":"unusual_prefix_05f7c68866a4b9981d661b83f7c582db0b838856_wiki_monitoring"}
{"timestamp":"2025-06-24T11:50:43.241825","level":"info","event":"-----------edit: {'title': \"File:Opening Bangor's £148,000 swimming pool, that is not being used by schools (1515722).jpg\", 'user': 'SchlurcherBot', 'is_bot': True, 'server_name': 'commons.wikimedia.org', 'timestamp': 1750758642}-------------","logger":"unusual_prefix_05f7c68866a4b9981d661b83f7c582db0b838856_wiki_monitoring"}
{"timestamp":"2025-06-24T11:50:43.243842","level":"info","event":"----------------Processing messages: <cimpl.Message object at 0x745f32945dc0>------------","logger":"unusual_prefix_05f7c68866a4b9981d661b83f7c582db0b838856_wiki_monitoring"}
{"timestamp":"2025-06-24T11:50:43.243934","level":"info","event":"-----------edit: {'title': 'Q134616488', 'user': 'Florentyna', 'is_bot': False, 'server_name': 'www.wikidata.org', 'timestamp': 1750758643}-------------","logger":"unusual_prefix_05f7c68866a4b9981d661b83f7c582db0b838856_wiki_monitoring"}
{"timestamp":"2025-06-24T11:50:43.245969","level":"info","event":"----------------Processing messages: <cimpl.Message object at 0x745f32945cc0>------------","logger":"unusual_prefix_05f7c68866a4b9981d661b83f7c582db0b838856_wiki_monitoring"}
{"timestamp":"2025-06-24T11:50:43.246094","level":"info","event":"-----------edit: {'title': 'Discussion:Daniel Owassa', 'user': 'Madaraizen20', 'is_bot': False, 'server_name': 'fr.wikipedia.org', 'timestamp': 1750758642}-------------","logger":"unusual_prefix_05f7c68866a4b9981d661b83f7c582db0b838856_wiki_monitoring"}
{"timestamp":"2025-06-24T11:50:43.248558","level":"info","event":"----------------Processing messages: <cimpl.Message object at 0x745f32945a40>------------","logger":"unusual_prefix_05f7c68866a4b9981d661b83f7c582db0b838856_wiki_monitoring"}
{"timestamp":"2025-06-24T11:50:43.248674","level":"info","event":"-----------edit: {'title': 'File:NDL1266756 最新法律 - 笑ひながら研究出来る part4.pdf', 'user': 'MidleadingBot', 'is_bot': True, 'server_name': 'commons.wikimedia.org', 'timestamp': 1750758642}-------------","logger":"unusual_prefix_05f7c68866a4b9981d661b83f7c582db0b838856_wiki_monitoring"}
{"timestamp":"2025-06-24T11:50:43.250942","level":"info","event":"----------------Processing messages: <cimpl.Message object at 0x745f329472c0>------------","logger":"unusual_prefix_05f7c68866a4b9981d661b83f7c582db0b838856_wiki_monitoring"}
{"timestamp":"2025-06-24T11:50:43.251036","level":"info","event":"-----------edit: {'title': 'Q125266547', 'user': 'Arch2all', 'is_bot': False, 'server_name': 'www.wikidata.org', 'timestamp': 1750758643}-------------","logger":"unusual_prefix_05f7c68866a4b9981d661b83f7c582db0b838856_wiki_monitoring"}
{"timestamp":"2025-06-24T11:50:43.253182","level":"info","event":"----------------Processing messages: <cimpl.Message object at 0x745f32945240>------------","logger":"unusual_prefix_05f7c68866a4b9981d661b83f7c582db0b838856_wiki_monitoring"}
{"timestamp":"2025-06-24T11:50:43.253277","level":"info","event":"-----------edit: {'title': 'Earl of Errol', 'user': '2001:863:203:1416:C99F:F789:9D3D:5E88', 'is_bot': False, 'server_name': 'en.wikipedia.org', 'timestamp': 1750758642}-------------","logger":"unusual_prefix_05f7c68866a4b9981d661b83f7c582db0b838856_wiki_monitoring"}
{"timestamp":"2025-06-24T11:50:43.255488","level":"info","event":"----------------Processing messages: <cimpl.Message object at 0x745f32945ac0>------------","logger":"unusual_prefix_05f7c68866a4b9981d661b83f7c582db0b838856_wiki_monitoring"}
{"timestamp":"2025-06-24T11:50:43.255585","level":"info","event":"-----------edit: {'title': 'Q134616488', 'user': 'Florentyna', 'is_bot': False, 'server_name': 'www.wikidata.org', 'timestamp': 1750758643}-------------","logger":"unusual_prefix_05f7c68866a4b9981d661b83f7c582db0b838856_wiki_monitoring"}
{"timestamp":"2025-06-24T11:50:43.257768","level":"info","event":"----------------Processing messages: <cimpl.Message object at 0x745f32946cc0>------------","logger":"unusual_prefix_05f7c68866a4b9981d661b83f7c582db0b838856_wiki_monitoring"}
{"timestamp":"2025-06-24T11:50:43.257871","level":"info","event":"-----------edit: {'title': 'File:Метелик - 20250624 071327.jpg', 'user': 'Микола Василечко', 'is_bot': False, 'server_name': 'commons.wikimedia.org', 'timestamp': 1750758642}-------------","logger":"unusual_prefix_05f7c68866a4b9981d661b83f7c582db0b838856_wiki_monitoring"}
{"timestamp":"2025-06-24T11:50:43.260349","level":"info","event":"----------------Processing messages: <cimpl.Message object at 0x745f329456c0>------------","logger":"unusual_prefix_05f7c68866a4b9981d661b83f7c582db0b838856_wiki_monitoring"}
{"timestamp":"2025-06-24T11:50:43.260459","level":"info","event":"-----------edit: {'title': 'Википедия:Откуда редактируют Русскую Википедию', 'user': 'Mitte27', 'is_bot': False, 'server_name': 'ru.wikipedia.org', 'timestamp': 1750758643}-------------","logger":"unusual_prefix_05f7c68866a4b9981d661b83f7c582db0b838856_wiki_monitoring"}
{"timestamp":"2025-06-24T11:50:43.262537","level":"info","event":"----------------Processing messages: <cimpl.Message object at 0x745f32946f40>------------","logger":"unusual_prefix_05f7c68866a4b9981d661b83f7c582db0b838856_wiki_monitoring"}
{"timestamp":"2025-06-24T11:50:43.262637","level":"info","event":"-----------edit: {'title': 'Q80104080', 'user': 'Florentyna', 'is_bot': False, 'server_name': 'www.wikidata.org', 'timestamp': 1750758643}-------------","logger":"unusual_prefix_05f7c68866a4b9981d661b83f7c582db0b838856_wiki_monitoring"}
{"timestamp":"2025-06-24T11:50:43.264749","level":"info","event":"----------------Processing messages: <cimpl.Message object at 0x745f32945a40>------------","logger":"unusual_prefix_05f7c68866a4b9981d661b83f7c582db0b838856_wiki_monitoring"}
{"timestamp":"2025-06-24T11:50:43.264845","level":"info","event":"-----------edit: {'title': 'Category:香港历史模板', 'user': 'MoAiSang', 'is_bot': False, 'server_name': 'zh.wikipedia.org', 'timestamp': 1750758640}-------------","logger":"unusual_prefix_05f7c68866a4b9981d661b83f7c582db0b838856_wiki_monitoring"}
{"timestamp":"2025-06-24T11:50:43.266939","level":"info","event":"----------------Processing messages: <cimpl.Message object at 0x745f32945cc0>------------","logger":"unusual_prefix_05f7c68866a4b9981d661b83f7c582db0b838856_wiki_monitoring"}
{"timestamp":"2025-06-24T11:50:43.267035","level":"info","event":"-----------edit: {'title': 'sultân', 'user': 'WingerBot', 'is_bot': True, 'server_name': 'en.wiktionary.org', 'timestamp': 1750758642}-------------","logger":"unusual_prefix_05f7c68866a4b9981d661b83f7c582db0b838856_wiki_monitoring"}
{"timestamp":"2025-06-24T11:50:43.269178","level":"info","event":"----------------Processing messages: <cimpl.Message object at 0x745f32945dc0>------------","logger":"unusual_prefix_05f7c68866a4b9981d661b83f7c582db0b838856_wiki_monitoring"}
{"timestamp":"2025-06-24T11:50:43.269267","level":"info","event":"-----------edit: {'title': 'Q135051513', 'user': 'BitBerry2000', 'is_bot': False, 'server_name': 'www.wikidata.org', 'timestamp': 1750758642}-------------","logger":"unusual_prefix_05f7c68866a4b9981d661b83f7c582db0b838856_wiki_monitoring"}
{"timestamp":"2025-06-24T11:50:43.271317","level":"info","event":"----------------Processing messages: <cimpl.Message object at 0x745f32946640>------------","logger":"unusual_prefix_05f7c68866a4b9981d661b83f7c582db0b838856_wiki_monitoring"}
{"timestamp":"2025-06-24T11:50:43.271408","level":"info","event":"-----------edit: {'title': 'Q135050003', 'user': 'Rebexho', 'is_bot': False, 'server_name': 'www.wikidata.org', 'timestamp': 1750758643}-------------","logger":"unusual_prefix_05f7c68866a4b9981d661b83f7c582db0b838856_wiki_monitoring"}
{"timestamp":"2025-06-24T11:50:43.273404","level":"info","event":"----------------Processing messages: <cimpl.Message object at 0x745f32945ec0>------------","logger":"unusual_prefix_05f7c68866a4b9981d661b83f7c582db0b838856_wiki_monitoring"}
{"timestamp":"2025-06-24T11:50:43.273492","level":"info","event":"-----------edit: {'title': 'Q110974404', 'user': 'Kristbaumbot', 'is_bot': True, 'server_name': 'www.wikidata.org', 'timestamp': 1750758643}-------------","logger":"unusual_prefix_05f7c68866a4b9981d661b83f7c582db0b838856_wiki_monitoring"}
{"timestamp":"2025-06-24T11:50:43.275409","level":"info","event":"----------------Processing messages: <cimpl.Message object at 0x745f32946340>------------","logger":"unusual_prefix_05f7c68866a4b9981d661b83f7c582db0b838856_wiki_monitoring"}
{"timestamp":"2025-06-24T11:50:43.275495","level":"info","event":"-----------edit: {'title': 'Q110488612', 'user': 'Kbseah', 'is_bot': False, 'server_name': 'www.wikidata.org', 'timestamp': 1750758643}-------------","logger":"unusual_prefix_05f7c68866a4b9981d661b83f7c582db0b838856_wiki_monitoring"}
{"timestamp":"2025-06-24T11:50:43.277369","level":"info","event":"----------------Processing messages: <cimpl.Message object at 0x745f329463c0>------------","logger":"unusual_prefix_05f7c68866a4b9981d661b83f7c582db0b838856_wiki_monitoring"}
{"timestamp":"2025-06-24T11:50:43.277623","level":"info","event":"-----------edit: {'title': 'Category:Quality images of Bavaria', 'user': 'MB-one', 'is_bot': False, 'server_name': 'commons.wikimedia.org', 'timestamp': 1750758641}-------------","logger":"unusual_prefix_05f7c68866a4b9981d661b83f7c582db0b838856_wiki_monitoring"}
{"timestamp":"2025-06-24T11:50:43.279916","level":"info","event":"----------------Processing messages: <cimpl.Message object at 0x745f32946040>------------","logger":"unusual_prefix_05f7c68866a4b9981d661b83f7c582db0b838856_wiki_monitoring"}
{"timestamp":"2025-06-24T11:50:43.280017","level":"info","event":"-----------edit: {'title': 'Q39202623', 'user': 'Cewbot', 'is_bot': True, 'server_name': 'www.wikidata.org', 'timestamp': 1750758642}-------------","logger":"unusual_prefix_05f7c68866a4b9981d661b83f7c582db0b838856_wiki_monitoring"}
{"timestamp":"2025-06-24T11:50:43.282110","level":"info","event":"----------------Processing messages: <cimpl.Message object at 0x745f32946dc0>------------","logger":"unusual_prefix_05f7c68866a4b9981d661b83f7c582db0b838856_wiki_monitoring"}
{"timestamp":"2025-06-24T11:50:43.282207","level":"info","event":"-----------edit: {'title': 'File:Marter Maintal 0184.jpg', 'user': 'MB-one', 'is_bot': False, 'server_name': 'commons.wikimedia.org', 'timestamp': 1750758642}-------------","logger":"unusual_prefix_05f7c68866a4b9981d661b83f7c582db0b838856_wiki_monitoring"}
{"timestamp":"2025-06-24T11:50:43.284188","level":"info","event":"----------------Processing messages: <cimpl.Message object at 0x745f329458c0>------------","logger":"unusual_prefix_05f7c68866a4b9981d661b83f7c582db0b838856_wiki_monitoring"}
{"timestamp":"2025-06-24T11:50:43.284280","level":"info","event":"-----------edit: {'title': 'Q135050003', 'user': 'Rebexho', 'is_bot': False, 'server_name': 'www.wikidata.org', 'timestamp': 1750758643}-------------","logger":"unusual_prefix_05f7c68866a4b9981d661b83f7c582db0b838856_wiki_monitoring"}
{"timestamp":"2025-06-24T11:50:43.286334","level":"info","event":"----------------Processing messages: <cimpl.Message object at 0x745f32947240>------------","logger":"unusual_prefix_05f7c68866a4b9981d661b83f7c582db0b838856_wiki_monitoring"}
{"timestamp":"2025-06-24T11:50:43.286437","level":"info","event":"-----------edit: {'title': 'Обговорення:Гарбовиці', 'user': 'RarBot', 'is_bot': True, 'server_name': 'uk.wikipedia.org', 'timestamp': 1750758643}-------------","logger":"unusual_prefix_05f7c68866a4b9981d661b83f7c582db0b838856_wiki_monitoring"}
{"timestamp":"2025-06-24T11:50:43.288897","level":"info","event":"----------------Processing messages: <cimpl.Message object at 0x745f32946bc0>------------","logger":"unusual_prefix_05f7c68866a4b9981d661b83f7c582db0b838856_wiki_monitoring"}
{"timestamp":"2025-06-24T11:50:43.289000","level":"info","event":"-----------edit: {'title': 'Q92678076', 'user': 'Kbseah', 'is_bot': False, 'server_name': 'www.wikidata.org', 'timestamp': 1750758643}-------------","logger":"unusual_prefix_05f7c68866a4b9981d661b83f7c582db0b838856_wiki_monitoring"}
{"timestamp":"2025-06-24T11:50:43.291033","level":"info","event":"----------------Processing messages: <cimpl.Message object at 0x745f329473c0>------------","logger":"unusual_prefix_05f7c68866a4b9981d661b83f7c582db0b838856_wiki_monitoring"}
{"timestamp":"2025-06-24T11:50:43.291128","level":"info","event":"-----------edit: {'title': 'Категория:Википедия:Статьи, требующие уточнения источников', 'user': 'Werter1995', 'is_bot': False, 'server_name': 'ru.wikipedia.org', 'timestamp': 1750758639}-------------","logger":"unusual_prefix_05f7c68866a4b9981d661b83f7c582db0b838856_wiki_monitoring"}
{"timestamp":"2025-06-24T11:50:43.293341","level":"info","event":"----------------Processing messages: <cimpl.Message object at 0x745f329463c0>------------","logger":"unusual_prefix_05f7c68866a4b9981d661b83f7c582db0b838856_wiki_monitoring"}
{"timestamp":"2025-06-24T11:50:43.293439","level":"info","event":"-----------edit: {'title': 'File:Memorial Day 2015 (18140067746).jpg', 'user': 'CuratorBot', 'is_bot': True, 'server_name': 'commons.wikimedia.org', 'timestamp': 1750758643}-------------","logger":"unusual_prefix_05f7c68866a4b9981d661b83f7c582db0b838856_wiki_monitoring"}
{"timestamp":"2025-06-24T11:50:43.295488","level":"info","event":"----------------Processing messages: <cimpl.Message object at 0x745f32946340>------------","logger":"unusual_prefix_05f7c68866a4b9981d661b83f7c582db0b838856_wiki_monitoring"}
{"timestamp":"2025-06-24T11:50:43.295579","level":"info","event":"-----------edit: {'title': 'Категория:Википедия:Нет страницы с августа 2023', 'user': 'Werter1995', 'is_bot': False, 'server_name': 'ru.wikipedia.org', 'timestamp': 1750758639}-------------","logger":"unusual_prefix_05f7c68866a4b9981d661b83f7c582db0b838856_wiki_monitoring"}
{"timestamp":"2025-06-24T11:50:43.297687","level":"info","event":"----------------Processing messages: <cimpl.Message object at 0x745f32945ec0>------------","logger":"unusual_prefix_05f7c68866a4b9981d661b83f7c582db0b838856_wiki_monitoring"}
{"timestamp":"2025-06-24T11:50:43.297773","level":"info","event":"-----------edit: {'title': 'User talk:Mizan0072023', 'user': 'Count Count', 'is_bot': False, 'server_name': 'en.wikipedia.org', 'timestamp': 1750758643}-------------","logger":"unusual_prefix_05f7c68866a4b9981d661b83f7c582db0b838856_wiki_monitoring"}
{"timestamp":"2025-06-24T11:50:43.299748","level":"info","event":"----------------Processing messages: <cimpl.Message object at 0x745f32946640>------------","logger":"unusual_prefix_05f7c68866a4b9981d661b83f7c582db0b838856_wiki_monitoring"}
{"timestamp":"2025-06-24T11:50:43.299844","level":"info","event":"-----------edit: {'title': 'Категория:Википедия:Статьи со ссылками на книгу без указания страницы более 14 дней', 'user': 'Werter1995', 'is_bot': False, 'server_name': 'ru.wikipedia.org', 'timestamp': 1750758639}-------------","logger":"unusual_prefix_05f7c68866a4b9981d661b83f7c582db0b838856_wiki_monitoring"}
{"timestamp":"2025-06-24T11:50:43.301940","level":"info","event":"----------------Processing messages: <cimpl.Message object at 0x745f32945dc0>------------","logger":"unusual_prefix_05f7c68866a4b9981d661b83f7c582db0b838856_wiki_monitoring"}
{"timestamp":"2025-06-24T11:50:43.302030","level":"info","event":"-----------edit: {'title': 'Q124526901', 'user': 'Chabe01', 'is_bot': False, 'server_name': 'www.wikidata.org', 'timestamp': 1750758643}-------------","logger":"unusual_prefix_05f7c68866a4b9981d661b83f7c582db0b838856_wiki_monitoring"}
{"timestamp":"2025-06-24T11:50:43.304144","level":"info","event":"----------------Processing messages: <cimpl.Message object at 0x745f32945cc0>------------","logger":"unusual_prefix_05f7c68866a4b9981d661b83f7c582db0b838856_wiki_monitoring"}
{"timestamp":"2025-06-24T11:50:43.304239","level":"info","event":"-----------edit: {'title': 'Q80104082', 'user': 'Florentyna', 'is_bot': False, 'server_name': 'www.wikidata.org', 'timestamp': 1750758643}-------------","logger":"unusual_prefix_05f7c68866a4b9981d661b83f7c582db0b838856_wiki_monitoring"}
{"timestamp":"2025-06-24T11:50:43.306252","level":"info","event":"----------------Processing messages: <cimpl.Message object at 0x745f32945a40>------------","logger":"unusual_prefix_05f7c68866a4b9981d661b83f7c582db0b838856_wiki_monitoring"}
{"timestamp":"2025-06-24T11:50:43.306341","level":"info","event":"-----------edit: {'title': 'Q134616489', 'user': 'Florentyna', 'is_bot': False, 'server_name': 'www.wikidata.org', 'timestamp': 1750758644}-------------","logger":"unusual_prefix_05f7c68866a4b9981d661b83f7c582db0b838856_wiki_monitoring"}
{"timestamp":"2025-06-24T11:50:43.309092","level":"info","event":"----------------Processing messages: <cimpl.Message object at 0x745f32946f40>------------","logger":"unusual_prefix_05f7c68866a4b9981d661b83f7c582db0b838856_wiki_monitoring"}
{"timestamp":"2025-06-24T11:50:43.309199","level":"info","event":"-----------edit: {'title': 'Diego Velázquez de Cuéllar', 'user': 'Onel5969', 'is_bot': False, 'server_name': 'en.wikipedia.org', 'timestamp': 1750758641}-------------","logger":"unusual_prefix_05f7c68866a4b9981d661b83f7c582db0b838856_wiki_monitoring"}
{"timestamp":"2025-06-24T11:50:43.311391","level":"info","event":"----------------Processing messages: <cimpl.Message object at 0x745f329456c0>------------","logger":"unusual_prefix_05f7c68866a4b9981d661b83f7c582db0b838856_wiki_monitoring"}
{"timestamp":"2025-06-24T11:50:43.311482","level":"info","event":"-----------edit: {'title': 'Category:Invalid SVG created with Inkscape:Flags', 'user': 'Kontributor 2K', 'is_bot': False, 'server_name': 'commons.wikimedia.org', 'timestamp': 1750758641}-------------","logger":"unusual_prefix_05f7c68866a4b9981d661b83f7c582db0b838856_wiki_monitoring"}
{"timestamp":"2025-06-24T11:50:43.321496","level":"info","event":"Done. Returned value was: None","logger":"airflow.task.operators.airflow.providers.standard.operators.python.PythonOperator"}
