{"timestamp":"2025-06-22T09:34:11.483971","level":"info","event":"DAG bundles loaded: dags-folder","logger":"airflow.dag_processing.bundles.manager.DagBundlesManager"}
{"timestamp":"2025-06-22T09:34:11.484370","level":"info","event":"Filling up the DagBag from /opt/airflow/dags/wiki_monitoring.py","logger":"airflow.models.dagbag.DagBag"}
{"timestamp":"2025-06-22T09:34:11.594949","level":"info","event":"Topic wiki_edits already exists","logger":"unusual_prefix_05f7c68866a4b9981d661b83f7c582db0b838856_wiki_monitoring"}
{"timestamp":"2025-06-22T09:34:11.595017","level":"info","event":"---------------topic metadata created------------------","logger":"unusual_prefix_05f7c68866a4b9981d661b83f7c582db0b838856_wiki_monitoring"}
{"timestamp":"2025-06-22T09:34:12.595568","level":"info","event":"----------------Processing messages: None------------","logger":"unusual_prefix_05f7c68866a4b9981d661b83f7c582db0b838856_wiki_monitoring"}
{"timestamp":"2025-06-22T09:34:13.595915","level":"info","event":"----------------Processing messages: None------------","logger":"unusual_prefix_05f7c68866a4b9981d661b83f7c582db0b838856_wiki_monitoring"}
{"timestamp":"2025-06-22T09:34:14.596200","level":"info","event":"----------------Processing messages: None------------","logger":"unusual_prefix_05f7c68866a4b9981d661b83f7c582db0b838856_wiki_monitoring"}
{"timestamp":"2025-06-22T09:34:15.596450","level":"info","event":"----------------Processing messages: None------------","logger":"unusual_prefix_05f7c68866a4b9981d661b83f7c582db0b838856_wiki_monitoring"}
{"timestamp":"2025-06-22T09:34:16.596692","level":"info","event":"----------------Processing messages: None------------","logger":"unusual_prefix_05f7c68866a4b9981d661b83f7c582db0b838856_wiki_monitoring"}
{"timestamp":"2025-06-22T09:34:17.596941","level":"info","event":"----------------Processing messages: None------------","logger":"unusual_prefix_05f7c68866a4b9981d661b83f7c582db0b838856_wiki_monitoring"}
{"timestamp":"2025-06-22T09:34:18.597196","level":"info","event":"----------------Processing messages: None------------","logger":"unusual_prefix_05f7c68866a4b9981d661b83f7c582db0b838856_wiki_monitoring"}
{"timestamp":"2025-06-22T09:34:19.597427","level":"info","event":"----------------Processing messages: None------------","logger":"unusual_prefix_05f7c68866a4b9981d661b83f7c582db0b838856_wiki_monitoring"}
{"timestamp":"2025-06-22T09:34:20.597668","level":"info","event":"----------------Processing messages: None------------","logger":"unusual_prefix_05f7c68866a4b9981d661b83f7c582db0b838856_wiki_monitoring"}
{"timestamp":"2025-06-22T09:34:21.597912","level":"info","event":"----------------Processing messages: None------------","logger":"unusual_prefix_05f7c68866a4b9981d661b83f7c582db0b838856_wiki_monitoring"}
{"timestamp":"2025-06-22T09:34:22.598173","level":"info","event":"----------------Processing messages: None------------","logger":"unusual_prefix_05f7c68866a4b9981d661b83f7c582db0b838856_wiki_monitoring"}
{"timestamp":"2025-06-22T09:34:23.598424","level":"info","event":"----------------Processing messages: None------------","logger":"unusual_prefix_05f7c68866a4b9981d661b83f7c582db0b838856_wiki_monitoring"}
{"timestamp":"2025-06-22T09:34:24.598680","level":"info","event":"----------------Processing messages: None------------","logger":"unusual_prefix_05f7c68866a4b9981d661b83f7c582db0b838856_wiki_monitoring"}
{"timestamp":"2025-06-22T09:34:25.598915","level":"info","event":"----------------Processing messages: None------------","logger":"unusual_prefix_05f7c68866a4b9981d661b83f7c582db0b838856_wiki_monitoring"}
{"timestamp":"2025-06-22T09:34:26.599154","level":"info","event":"----------------Processing messages: None------------","logger":"unusual_prefix_05f7c68866a4b9981d661b83f7c582db0b838856_wiki_monitoring"}
{"timestamp":"2025-06-22T09:34:27.599397","level":"info","event":"----------------Processing messages: None------------","logger":"unusual_prefix_05f7c68866a4b9981d661b83f7c582db0b838856_wiki_monitoring"}
{"timestamp":"2025-06-22T09:34:28.599628","level":"info","event":"----------------Processing messages: None------------","logger":"unusual_prefix_05f7c68866a4b9981d661b83f7c582db0b838856_wiki_monitoring"}
{"timestamp":"2025-06-22T09:34:29.599866","level":"info","event":"----------------Processing messages: None------------","logger":"unusual_prefix_05f7c68866a4b9981d661b83f7c582db0b838856_wiki_monitoring"}
{"timestamp":"2025-06-22T09:34:30.600350","level":"info","event":"----------------Processing messages: None------------","logger":"unusual_prefix_05f7c68866a4b9981d661b83f7c582db0b838856_wiki_monitoring"}
{"timestamp":"2025-06-22T09:34:31.600922","level":"info","event":"----------------Processing messages: None------------","logger":"unusual_prefix_05f7c68866a4b9981d661b83f7c582db0b838856_wiki_monitoring"}
{"timestamp":"2025-06-22T09:34:32.601265","level":"info","event":"----------------Processing messages: None------------","logger":"unusual_prefix_05f7c68866a4b9981d661b83f7c582db0b838856_wiki_monitoring"}
{"timestamp":"2025-06-22T09:34:33.601606","level":"info","event":"----------------Processing messages: None------------","logger":"unusual_prefix_05f7c68866a4b9981d661b83f7c582db0b838856_wiki_monitoring"}
{"timestamp":"2025-06-22T09:34:34.601907","level":"info","event":"----------------Processing messages: None------------","logger":"unusual_prefix_05f7c68866a4b9981d661b83f7c582db0b838856_wiki_monitoring"}
{"timestamp":"2025-06-22T09:34:35.602323","level":"info","event":"----------------Processing messages: None------------","logger":"unusual_prefix_05f7c68866a4b9981d661b83f7c582db0b838856_wiki_monitoring"}
{"timestamp":"2025-06-22T09:34:36.602844","level":"info","event":"----------------Processing messages: None------------","logger":"unusual_prefix_05f7c68866a4b9981d661b83f7c582db0b838856_wiki_monitoring"}
{"timestamp":"2025-06-22T09:34:37.603268","level":"info","event":"----------------Processing messages: None------------","logger":"unusual_prefix_05f7c68866a4b9981d661b83f7c582db0b838856_wiki_monitoring"}
{"timestamp":"2025-06-22T09:34:38.603563","level":"info","event":"----------------Processing messages: None------------","logger":"unusual_prefix_05f7c68866a4b9981d661b83f7c582db0b838856_wiki_monitoring"}
{"timestamp":"2025-06-22T09:34:39.604075","level":"info","event":"----------------Processing messages: None------------","logger":"unusual_prefix_05f7c68866a4b9981d661b83f7c582db0b838856_wiki_monitoring"}
{"timestamp":"2025-06-22T09:34:40.604561","level":"info","event":"----------------Processing messages: None------------","logger":"unusual_prefix_05f7c68866a4b9981d661b83f7c582db0b838856_wiki_monitoring"}
{"timestamp":"2025-06-22T09:34:41.604849","level":"info","event":"----------------Processing messages: None------------","logger":"unusual_prefix_05f7c68866a4b9981d661b83f7c582db0b838856_wiki_monitoring"}
{"timestamp":"2025-06-22T09:34:42.605142","level":"info","event":"----------------Processing messages: None------------","logger":"unusual_prefix_05f7c68866a4b9981d661b83f7c582db0b838856_wiki_monitoring"}
{"timestamp":"2025-06-22T09:34:43.605801","level":"info","event":"----------------Processing messages: None------------","logger":"unusual_prefix_05f7c68866a4b9981d661b83f7c582db0b838856_wiki_monitoring"}
{"timestamp":"2025-06-22T09:34:44.606348","level":"info","event":"----------------Processing messages: None------------","logger":"unusual_prefix_05f7c68866a4b9981d661b83f7c582db0b838856_wiki_monitoring"}
{"timestamp":"2025-06-22T09:34:45.606629","level":"info","event":"----------------Processing messages: None------------","logger":"unusual_prefix_05f7c68866a4b9981d661b83f7c582db0b838856_wiki_monitoring"}
{"timestamp":"2025-06-22T09:34:46.606912","level":"info","event":"----------------Processing messages: None------------","logger":"unusual_prefix_05f7c68866a4b9981d661b83f7c582db0b838856_wiki_monitoring"}
{"timestamp":"2025-06-22T09:34:47.607439","level":"info","event":"----------------Processing messages: None------------","logger":"unusual_prefix_05f7c68866a4b9981d661b83f7c582db0b838856_wiki_monitoring"}
{"timestamp":"2025-06-22T09:34:48.607984","level":"info","event":"----------------Processing messages: None------------","logger":"unusual_prefix_05f7c68866a4b9981d661b83f7c582db0b838856_wiki_monitoring"}
{"timestamp":"2025-06-22T09:34:49.608314","level":"info","event":"----------------Processing messages: None------------","logger":"unusual_prefix_05f7c68866a4b9981d661b83f7c582db0b838856_wiki_monitoring"}
{"timestamp":"2025-06-22T09:34:50.608605","level":"info","event":"----------------Processing messages: None------------","logger":"unusual_prefix_05f7c68866a4b9981d661b83f7c582db0b838856_wiki_monitoring"}
{"timestamp":"2025-06-22T09:34:51.609130","level":"info","event":"----------------Processing messages: None------------","logger":"unusual_prefix_05f7c68866a4b9981d661b83f7c582db0b838856_wiki_monitoring"}
{"timestamp":"2025-06-22T09:34:52.609800","level":"info","event":"----------------Processing messages: None------------","logger":"unusual_prefix_05f7c68866a4b9981d661b83f7c582db0b838856_wiki_monitoring"}
{"timestamp":"2025-06-22T09:34:53.610625","level":"info","event":"----------------Processing messages: None------------","logger":"unusual_prefix_05f7c68866a4b9981d661b83f7c582db0b838856_wiki_monitoring"}
{"timestamp":"2025-06-22T09:34:54.611189","level":"info","event":"----------------Processing messages: None------------","logger":"unusual_prefix_05f7c68866a4b9981d661b83f7c582db0b838856_wiki_monitoring"}
{"timestamp":"2025-06-22T09:34:55.611473","level":"info","event":"----------------Processing messages: None------------","logger":"unusual_prefix_05f7c68866a4b9981d661b83f7c582db0b838856_wiki_monitoring"}
{"timestamp":"2025-06-22T09:34:56.611997","level":"info","event":"----------------Processing messages: None------------","logger":"unusual_prefix_05f7c68866a4b9981d661b83f7c582db0b838856_wiki_monitoring"}
{"timestamp":"2025-06-22T09:34:57.612811","level":"info","event":"----------------Processing messages: None------------","logger":"unusual_prefix_05f7c68866a4b9981d661b83f7c582db0b838856_wiki_monitoring"}
{"timestamp":"2025-06-22T09:34:58.613263","level":"info","event":"----------------Processing messages: None------------","logger":"unusual_prefix_05f7c68866a4b9981d661b83f7c582db0b838856_wiki_monitoring"}
{"timestamp":"2025-06-22T09:34:59.613566","level":"info","event":"----------------Processing messages: None------------","logger":"unusual_prefix_05f7c68866a4b9981d661b83f7c582db0b838856_wiki_monitoring"}
{"timestamp":"2025-06-22T09:35:00.613937","level":"info","event":"----------------Processing messages: None------------","logger":"unusual_prefix_05f7c68866a4b9981d661b83f7c582db0b838856_wiki_monitoring"}
{"timestamp":"2025-06-22T09:35:01.614382","level":"info","event":"----------------Processing messages: None------------","logger":"unusual_prefix_05f7c68866a4b9981d661b83f7c582db0b838856_wiki_monitoring"}
{"timestamp":"2025-06-22T09:35:02.614820","level":"info","event":"----------------Processing messages: None------------","logger":"unusual_prefix_05f7c68866a4b9981d661b83f7c582db0b838856_wiki_monitoring"}
{"timestamp":"2025-06-22T09:35:03.615231","level":"info","event":"----------------Processing messages: None------------","logger":"unusual_prefix_05f7c68866a4b9981d661b83f7c582db0b838856_wiki_monitoring"}
{"timestamp":"2025-06-22T09:35:04.615694","level":"info","event":"----------------Processing messages: None------------","logger":"unusual_prefix_05f7c68866a4b9981d661b83f7c582db0b838856_wiki_monitoring"}
{"timestamp":"2025-06-22T09:35:05.616204","level":"info","event":"----------------Processing messages: None------------","logger":"unusual_prefix_05f7c68866a4b9981d661b83f7c582db0b838856_wiki_monitoring"}
{"timestamp":"2025-06-22T09:35:06.616714","level":"info","event":"----------------Processing messages: None------------","logger":"unusual_prefix_05f7c68866a4b9981d661b83f7c582db0b838856_wiki_monitoring"}
{"timestamp":"2025-06-22T09:35:07.617043","level":"info","event":"----------------Processing messages: None------------","logger":"unusual_prefix_05f7c68866a4b9981d661b83f7c582db0b838856_wiki_monitoring"}
{"timestamp":"2025-06-22T09:35:08.617415","level":"info","event":"----------------Processing messages: None------------","logger":"unusual_prefix_05f7c68866a4b9981d661b83f7c582db0b838856_wiki_monitoring"}
{"timestamp":"2025-06-22T09:35:09.617795","level":"info","event":"----------------Processing messages: None------------","logger":"unusual_prefix_05f7c68866a4b9981d661b83f7c582db0b838856_wiki_monitoring"}
{"timestamp":"2025-06-22T09:35:10.618057","level":"info","event":"----------------Processing messages: None------------","logger":"unusual_prefix_05f7c68866a4b9981d661b83f7c582db0b838856_wiki_monitoring"}
{"timestamp":"2025-06-22T09:35:11.618313","level":"info","event":"----------------Processing messages: None------------","logger":"unusual_prefix_05f7c68866a4b9981d661b83f7c582db0b838856_wiki_monitoring"}
{"timestamp":"2025-06-22T09:35:12.618988","level":"info","event":"----------------Processing messages: None------------","logger":"unusual_prefix_05f7c68866a4b9981d661b83f7c582db0b838856_wiki_monitoring"}
{"timestamp":"2025-06-22T09:35:13.619474","level":"info","event":"----------------Processing messages: None------------","logger":"unusual_prefix_05f7c68866a4b9981d661b83f7c582db0b838856_wiki_monitoring"}
{"timestamp":"2025-06-22T09:35:14.619872","level":"info","event":"----------------Processing messages: None------------","logger":"unusual_prefix_05f7c68866a4b9981d661b83f7c582db0b838856_wiki_monitoring"}
{"timestamp":"2025-06-22T09:35:15.620375","level":"info","event":"----------------Processing messages: None------------","logger":"unusual_prefix_05f7c68866a4b9981d661b83f7c582db0b838856_wiki_monitoring"}
{"timestamp":"2025-06-22T09:35:16.620746","level":"info","event":"----------------Processing messages: None------------","logger":"unusual_prefix_05f7c68866a4b9981d661b83f7c582db0b838856_wiki_monitoring"}
{"timestamp":"2025-06-22T09:35:17.621203","level":"info","event":"----------------Processing messages: None------------","logger":"unusual_prefix_05f7c68866a4b9981d661b83f7c582db0b838856_wiki_monitoring"}
{"timestamp":"2025-06-22T09:35:18.621604","level":"info","event":"----------------Processing messages: None------------","logger":"unusual_prefix_05f7c68866a4b9981d661b83f7c582db0b838856_wiki_monitoring"}
{"timestamp":"2025-06-22T09:35:19.622475","level":"info","event":"----------------Processing messages: None------------","logger":"unusual_prefix_05f7c68866a4b9981d661b83f7c582db0b838856_wiki_monitoring"}
{"timestamp":"2025-06-22T09:35:20.623450","level":"info","event":"----------------Processing messages: None------------","logger":"unusual_prefix_05f7c68866a4b9981d661b83f7c582db0b838856_wiki_monitoring"}
{"timestamp":"2025-06-22T09:35:21.624158","level":"info","event":"----------------Processing messages: None------------","logger":"unusual_prefix_05f7c68866a4b9981d661b83f7c582db0b838856_wiki_monitoring"}
{"timestamp":"2025-06-22T09:35:22.624889","level":"info","event":"----------------Processing messages: None------------","logger":"unusual_prefix_05f7c68866a4b9981d661b83f7c582db0b838856_wiki_monitoring"}
{"timestamp":"2025-06-22T09:35:23.625361","level":"info","event":"----------------Processing messages: None------------","logger":"unusual_prefix_05f7c68866a4b9981d661b83f7c582db0b838856_wiki_monitoring"}
{"timestamp":"2025-06-22T09:35:24.625798","level":"info","event":"----------------Processing messages: None------------","logger":"unusual_prefix_05f7c68866a4b9981d661b83f7c582db0b838856_wiki_monitoring"}
{"timestamp":"2025-06-22T09:35:25.626273","level":"info","event":"----------------Processing messages: None------------","logger":"unusual_prefix_05f7c68866a4b9981d661b83f7c582db0b838856_wiki_monitoring"}
{"timestamp":"2025-06-22T09:35:26.626639","level":"info","event":"----------------Processing messages: None------------","logger":"unusual_prefix_05f7c68866a4b9981d661b83f7c582db0b838856_wiki_monitoring"}
{"timestamp":"2025-06-22T09:35:27.627164","level":"info","event":"----------------Processing messages: None------------","logger":"unusual_prefix_05f7c68866a4b9981d661b83f7c582db0b838856_wiki_monitoring"}
{"timestamp":"2025-06-22T09:35:28.627739","level":"info","event":"----------------Processing messages: None------------","logger":"unusual_prefix_05f7c68866a4b9981d661b83f7c582db0b838856_wiki_monitoring"}
{"timestamp":"2025-06-22T09:35:29.628446","level":"info","event":"----------------Processing messages: None------------","logger":"unusual_prefix_05f7c68866a4b9981d661b83f7c582db0b838856_wiki_monitoring"}
{"timestamp":"2025-06-22T09:35:30.629016","level":"info","event":"----------------Processing messages: None------------","logger":"unusual_prefix_05f7c68866a4b9981d661b83f7c582db0b838856_wiki_monitoring"}
{"timestamp":"2025-06-22T09:35:31.629394","level":"info","event":"----------------Processing messages: None------------","logger":"unusual_prefix_05f7c68866a4b9981d661b83f7c582db0b838856_wiki_monitoring"}
{"timestamp":"2025-06-22T09:35:32.629651","level":"info","event":"----------------Processing messages: None------------","logger":"unusual_prefix_05f7c68866a4b9981d661b83f7c582db0b838856_wiki_monitoring"}
{"timestamp":"2025-06-22T09:35:33.629941","level":"info","event":"----------------Processing messages: None------------","logger":"unusual_prefix_05f7c68866a4b9981d661b83f7c582db0b838856_wiki_monitoring"}
{"timestamp":"2025-06-22T09:35:34.630336","level":"info","event":"----------------Processing messages: None------------","logger":"unusual_prefix_05f7c68866a4b9981d661b83f7c582db0b838856_wiki_monitoring"}
{"timestamp":"2025-06-22T09:35:35.630727","level":"info","event":"----------------Processing messages: None------------","logger":"unusual_prefix_05f7c68866a4b9981d661b83f7c582db0b838856_wiki_monitoring"}
{"timestamp":"2025-06-22T09:35:36.631181","level":"info","event":"----------------Processing messages: None------------","logger":"unusual_prefix_05f7c68866a4b9981d661b83f7c582db0b838856_wiki_monitoring"}
{"timestamp":"2025-06-22T09:35:37.631696","level":"info","event":"----------------Processing messages: None------------","logger":"unusual_prefix_05f7c68866a4b9981d661b83f7c582db0b838856_wiki_monitoring"}
{"timestamp":"2025-06-22T09:35:38.632080","level":"info","event":"----------------Processing messages: None------------","logger":"unusual_prefix_05f7c68866a4b9981d661b83f7c582db0b838856_wiki_monitoring"}
{"timestamp":"2025-06-22T09:35:39.632545","level":"info","event":"----------------Processing messages: None------------","logger":"unusual_prefix_05f7c68866a4b9981d661b83f7c582db0b838856_wiki_monitoring"}
{"timestamp":"2025-06-22T09:35:40.632810","level":"info","event":"----------------Processing messages: None------------","logger":"unusual_prefix_05f7c68866a4b9981d661b83f7c582db0b838856_wiki_monitoring"}
{"timestamp":"2025-06-22T09:35:41.633353","level":"info","event":"----------------Processing messages: None------------","logger":"unusual_prefix_05f7c68866a4b9981d661b83f7c582db0b838856_wiki_monitoring"}
{"timestamp":"2025-06-22T09:35:42.633953","level":"info","event":"----------------Processing messages: None------------","logger":"unusual_prefix_05f7c68866a4b9981d661b83f7c582db0b838856_wiki_monitoring"}
{"timestamp":"2025-06-22T09:35:43.634551","level":"info","event":"----------------Processing messages: None------------","logger":"unusual_prefix_05f7c68866a4b9981d661b83f7c582db0b838856_wiki_monitoring"}
{"timestamp":"2025-06-22T09:35:44.635116","level":"info","event":"----------------Processing messages: None------------","logger":"unusual_prefix_05f7c68866a4b9981d661b83f7c582db0b838856_wiki_monitoring"}
{"timestamp":"2025-06-22T09:35:45.635469","level":"info","event":"----------------Processing messages: None------------","logger":"unusual_prefix_05f7c68866a4b9981d661b83f7c582db0b838856_wiki_monitoring"}
{"timestamp":"2025-06-22T09:35:46.635904","level":"info","event":"----------------Processing messages: None------------","logger":"unusual_prefix_05f7c68866a4b9981d661b83f7c582db0b838856_wiki_monitoring"}
{"timestamp":"2025-06-22T09:35:47.636407","level":"info","event":"----------------Processing messages: None------------","logger":"unusual_prefix_05f7c68866a4b9981d661b83f7c582db0b838856_wiki_monitoring"}
{"timestamp":"2025-06-22T09:35:48.636811","level":"info","event":"----------------Processing messages: None------------","logger":"unusual_prefix_05f7c68866a4b9981d661b83f7c582db0b838856_wiki_monitoring"}
{"timestamp":"2025-06-22T09:35:49.637073","level":"info","event":"----------------Processing messages: None------------","logger":"unusual_prefix_05f7c68866a4b9981d661b83f7c582db0b838856_wiki_monitoring"}
{"timestamp":"2025-06-22T09:35:50.637452","level":"info","event":"----------------Processing messages: None------------","logger":"unusual_prefix_05f7c68866a4b9981d661b83f7c582db0b838856_wiki_monitoring"}
{"timestamp":"2025-06-22T09:35:51.637875","level":"info","event":"----------------Processing messages: None------------","logger":"unusual_prefix_05f7c68866a4b9981d661b83f7c582db0b838856_wiki_monitoring"}
{"timestamp":"2025-06-22T09:35:52.638252","level":"info","event":"----------------Processing messages: None------------","logger":"unusual_prefix_05f7c68866a4b9981d661b83f7c582db0b838856_wiki_monitoring"}
{"timestamp":"2025-06-22T09:35:53.638598","level":"info","event":"----------------Processing messages: None------------","logger":"unusual_prefix_05f7c68866a4b9981d661b83f7c582db0b838856_wiki_monitoring"}
{"timestamp":"2025-06-22T09:35:54.639043","level":"info","event":"----------------Processing messages: None------------","logger":"unusual_prefix_05f7c68866a4b9981d661b83f7c582db0b838856_wiki_monitoring"}
{"timestamp":"2025-06-22T09:35:55.639701","level":"info","event":"----------------Processing messages: None------------","logger":"unusual_prefix_05f7c68866a4b9981d661b83f7c582db0b838856_wiki_monitoring"}
{"timestamp":"2025-06-22T09:35:56.640185","level":"info","event":"----------------Processing messages: None------------","logger":"unusual_prefix_05f7c68866a4b9981d661b83f7c582db0b838856_wiki_monitoring"}
{"timestamp":"2025-06-22T09:35:57.640477","level":"info","event":"----------------Processing messages: None------------","logger":"unusual_prefix_05f7c68866a4b9981d661b83f7c582db0b838856_wiki_monitoring"}
{"timestamp":"2025-06-22T09:35:58.640759","level":"info","event":"----------------Processing messages: None------------","logger":"unusual_prefix_05f7c68866a4b9981d661b83f7c582db0b838856_wiki_monitoring"}
{"timestamp":"2025-06-22T09:35:59.641156","level":"info","event":"----------------Processing messages: None------------","logger":"unusual_prefix_05f7c68866a4b9981d661b83f7c582db0b838856_wiki_monitoring"}
{"timestamp":"2025-06-22T09:36:00.641649","level":"info","event":"----------------Processing messages: None------------","logger":"unusual_prefix_05f7c68866a4b9981d661b83f7c582db0b838856_wiki_monitoring"}
{"timestamp":"2025-06-22T09:36:01.642066","level":"info","event":"----------------Processing messages: None------------","logger":"unusual_prefix_05f7c68866a4b9981d661b83f7c582db0b838856_wiki_monitoring"}
{"timestamp":"2025-06-22T09:36:02.642430","level":"info","event":"----------------Processing messages: None------------","logger":"unusual_prefix_05f7c68866a4b9981d661b83f7c582db0b838856_wiki_monitoring"}
{"timestamp":"2025-06-22T09:36:03.642735","level":"info","event":"----------------Processing messages: None------------","logger":"unusual_prefix_05f7c68866a4b9981d661b83f7c582db0b838856_wiki_monitoring"}
{"timestamp":"2025-06-22T09:36:04.643000","level":"info","event":"----------------Processing messages: None------------","logger":"unusual_prefix_05f7c68866a4b9981d661b83f7c582db0b838856_wiki_monitoring"}
{"timestamp":"2025-06-22T09:36:05.643293","level":"info","event":"----------------Processing messages: None------------","logger":"unusual_prefix_05f7c68866a4b9981d661b83f7c582db0b838856_wiki_monitoring"}
{"timestamp":"2025-06-22T09:36:06.643670","level":"info","event":"----------------Processing messages: None------------","logger":"unusual_prefix_05f7c68866a4b9981d661b83f7c582db0b838856_wiki_monitoring"}
{"timestamp":"2025-06-22T09:36:07.643937","level":"info","event":"----------------Processing messages: None------------","logger":"unusual_prefix_05f7c68866a4b9981d661b83f7c582db0b838856_wiki_monitoring"}
{"timestamp":"2025-06-22T09:36:08.644218","level":"info","event":"----------------Processing messages: None------------","logger":"unusual_prefix_05f7c68866a4b9981d661b83f7c582db0b838856_wiki_monitoring"}
{"timestamp":"2025-06-22T09:36:09.644502","level":"info","event":"----------------Processing messages: None------------","logger":"unusual_prefix_05f7c68866a4b9981d661b83f7c582db0b838856_wiki_monitoring"}
{"timestamp":"2025-06-22T09:36:10.644842","level":"info","event":"----------------Processing messages: None------------","logger":"unusual_prefix_05f7c68866a4b9981d661b83f7c582db0b838856_wiki_monitoring"}
{"timestamp":"2025-06-22T09:36:11.645130","level":"info","event":"----------------Processing messages: None------------","logger":"unusual_prefix_05f7c68866a4b9981d661b83f7c582db0b838856_wiki_monitoring"}
{"timestamp":"2025-06-22T09:36:12.645456","level":"info","event":"----------------Processing messages: None------------","logger":"unusual_prefix_05f7c68866a4b9981d661b83f7c582db0b838856_wiki_monitoring"}
{"timestamp":"2025-06-22T09:36:13.645723","level":"info","event":"----------------Processing messages: None------------","logger":"unusual_prefix_05f7c68866a4b9981d661b83f7c582db0b838856_wiki_monitoring"}
{"timestamp":"2025-06-22T09:36:14.645982","level":"info","event":"----------------Processing messages: None------------","logger":"unusual_prefix_05f7c68866a4b9981d661b83f7c582db0b838856_wiki_monitoring"}
{"timestamp":"2025-06-22T09:36:15.646247","level":"info","event":"----------------Processing messages: None------------","logger":"unusual_prefix_05f7c68866a4b9981d661b83f7c582db0b838856_wiki_monitoring"}
{"timestamp":"2025-06-22T09:36:16.646521","level":"info","event":"----------------Processing messages: None------------","logger":"unusual_prefix_05f7c68866a4b9981d661b83f7c582db0b838856_wiki_monitoring"}
{"timestamp":"2025-06-22T09:36:17.646819","level":"info","event":"----------------Processing messages: None------------","logger":"unusual_prefix_05f7c68866a4b9981d661b83f7c582db0b838856_wiki_monitoring"}
{"timestamp":"2025-06-22T09:36:18.647181","level":"info","event":"----------------Processing messages: None------------","logger":"unusual_prefix_05f7c68866a4b9981d661b83f7c582db0b838856_wiki_monitoring"}
{"timestamp":"2025-06-22T09:36:19.647499","level":"info","event":"----------------Processing messages: None------------","logger":"unusual_prefix_05f7c68866a4b9981d661b83f7c582db0b838856_wiki_monitoring"}
{"timestamp":"2025-06-22T09:36:20.647849","level":"info","event":"----------------Processing messages: None------------","logger":"unusual_prefix_05f7c68866a4b9981d661b83f7c582db0b838856_wiki_monitoring"}
{"timestamp":"2025-06-22T09:36:21.648162","level":"info","event":"----------------Processing messages: None------------","logger":"unusual_prefix_05f7c68866a4b9981d661b83f7c582db0b838856_wiki_monitoring"}
{"timestamp":"2025-06-22T09:36:22.648492","level":"info","event":"----------------Processing messages: None------------","logger":"unusual_prefix_05f7c68866a4b9981d661b83f7c582db0b838856_wiki_monitoring"}
{"timestamp":"2025-06-22T09:36:23.649023","level":"info","event":"----------------Processing messages: None------------","logger":"unusual_prefix_05f7c68866a4b9981d661b83f7c582db0b838856_wiki_monitoring"}
{"timestamp":"2025-06-22T09:36:24.649415","level":"info","event":"----------------Processing messages: None------------","logger":"unusual_prefix_05f7c68866a4b9981d661b83f7c582db0b838856_wiki_monitoring"}
{"timestamp":"2025-06-22T09:36:25.649671","level":"info","event":"----------------Processing messages: None------------","logger":"unusual_prefix_05f7c68866a4b9981d661b83f7c582db0b838856_wiki_monitoring"}
{"timestamp":"2025-06-22T09:36:26.649980","level":"info","event":"----------------Processing messages: None------------","logger":"unusual_prefix_05f7c68866a4b9981d661b83f7c582db0b838856_wiki_monitoring"}
{"timestamp":"2025-06-22T09:36:27.650319","level":"info","event":"----------------Processing messages: None------------","logger":"unusual_prefix_05f7c68866a4b9981d661b83f7c582db0b838856_wiki_monitoring"}
{"timestamp":"2025-06-22T09:36:28.650664","level":"info","event":"----------------Processing messages: None------------","logger":"unusual_prefix_05f7c68866a4b9981d661b83f7c582db0b838856_wiki_monitoring"}
{"timestamp":"2025-06-22T09:36:29.650959","level":"info","event":"----------------Processing messages: None------------","logger":"unusual_prefix_05f7c68866a4b9981d661b83f7c582db0b838856_wiki_monitoring"}
{"timestamp":"2025-06-22T09:36:30.651315","level":"info","event":"----------------Processing messages: None------------","logger":"unusual_prefix_05f7c68866a4b9981d661b83f7c582db0b838856_wiki_monitoring"}
{"timestamp":"2025-06-22T09:36:31.651669","level":"info","event":"----------------Processing messages: None------------","logger":"unusual_prefix_05f7c68866a4b9981d661b83f7c582db0b838856_wiki_monitoring"}
{"timestamp":"2025-06-22T09:36:32.652034","level":"info","event":"----------------Processing messages: None------------","logger":"unusual_prefix_05f7c68866a4b9981d661b83f7c582db0b838856_wiki_monitoring"}
{"timestamp":"2025-06-22T09:36:33.652305","level":"info","event":"----------------Processing messages: None------------","logger":"unusual_prefix_05f7c68866a4b9981d661b83f7c582db0b838856_wiki_monitoring"}
{"timestamp":"2025-06-22T09:36:34.652640","level":"info","event":"----------------Processing messages: None------------","logger":"unusual_prefix_05f7c68866a4b9981d661b83f7c582db0b838856_wiki_monitoring"}
{"timestamp":"2025-06-22T09:36:35.653003","level":"info","event":"----------------Processing messages: None------------","logger":"unusual_prefix_05f7c68866a4b9981d661b83f7c582db0b838856_wiki_monitoring"}
{"timestamp":"2025-06-22T09:36:36.653351","level":"info","event":"----------------Processing messages: None------------","logger":"unusual_prefix_05f7c68866a4b9981d661b83f7c582db0b838856_wiki_monitoring"}
{"timestamp":"2025-06-22T09:36:37.653700","level":"info","event":"----------------Processing messages: None------------","logger":"unusual_prefix_05f7c68866a4b9981d661b83f7c582db0b838856_wiki_monitoring"}
{"timestamp":"2025-06-22T09:36:38.654097","level":"info","event":"----------------Processing messages: None------------","logger":"unusual_prefix_05f7c68866a4b9981d661b83f7c582db0b838856_wiki_monitoring"}
{"timestamp":"2025-06-22T09:36:39.654468","level":"info","event":"----------------Processing messages: None------------","logger":"unusual_prefix_05f7c68866a4b9981d661b83f7c582db0b838856_wiki_monitoring"}
{"timestamp":"2025-06-22T09:36:40.654760","level":"info","event":"----------------Processing messages: None------------","logger":"unusual_prefix_05f7c68866a4b9981d661b83f7c582db0b838856_wiki_monitoring"}
{"timestamp":"2025-06-22T09:36:41.655009","level":"info","event":"----------------Processing messages: None------------","logger":"unusual_prefix_05f7c68866a4b9981d661b83f7c582db0b838856_wiki_monitoring"}
{"timestamp":"2025-06-22T09:36:42.655318","level":"info","event":"----------------Processing messages: None------------","logger":"unusual_prefix_05f7c68866a4b9981d661b83f7c582db0b838856_wiki_monitoring"}
{"timestamp":"2025-06-22T09:36:43.655720","level":"info","event":"----------------Processing messages: None------------","logger":"unusual_prefix_05f7c68866a4b9981d661b83f7c582db0b838856_wiki_monitoring"}
{"timestamp":"2025-06-22T09:36:44.656192","level":"info","event":"----------------Processing messages: None------------","logger":"unusual_prefix_05f7c68866a4b9981d661b83f7c582db0b838856_wiki_monitoring"}
{"timestamp":"2025-06-22T09:36:45.656707","level":"info","event":"----------------Processing messages: None------------","logger":"unusual_prefix_05f7c68866a4b9981d661b83f7c582db0b838856_wiki_monitoring"}
{"timestamp":"2025-06-22T09:36:46.657045","level":"info","event":"----------------Processing messages: None------------","logger":"unusual_prefix_05f7c68866a4b9981d661b83f7c582db0b838856_wiki_monitoring"}
{"timestamp":"2025-06-22T09:36:47.657412","level":"info","event":"----------------Processing messages: None------------","logger":"unusual_prefix_05f7c68866a4b9981d661b83f7c582db0b838856_wiki_monitoring"}
{"timestamp":"2025-06-22T09:36:48.657732","level":"info","event":"----------------Processing messages: None------------","logger":"unusual_prefix_05f7c68866a4b9981d661b83f7c582db0b838856_wiki_monitoring"}
{"timestamp":"2025-06-22T09:36:49.658121","level":"info","event":"----------------Processing messages: None------------","logger":"unusual_prefix_05f7c68866a4b9981d661b83f7c582db0b838856_wiki_monitoring"}
{"timestamp":"2025-06-22T09:36:50.658517","level":"info","event":"----------------Processing messages: None------------","logger":"unusual_prefix_05f7c68866a4b9981d661b83f7c582db0b838856_wiki_monitoring"}
{"timestamp":"2025-06-22T09:36:51.658840","level":"info","event":"----------------Processing messages: None------------","logger":"unusual_prefix_05f7c68866a4b9981d661b83f7c582db0b838856_wiki_monitoring"}
{"timestamp":"2025-06-22T09:36:52.659118","level":"info","event":"----------------Processing messages: None------------","logger":"unusual_prefix_05f7c68866a4b9981d661b83f7c582db0b838856_wiki_monitoring"}
{"timestamp":"2025-06-22T09:36:53.659496","level":"info","event":"----------------Processing messages: None------------","logger":"unusual_prefix_05f7c68866a4b9981d661b83f7c582db0b838856_wiki_monitoring"}
{"timestamp":"2025-06-22T09:36:54.659973","level":"info","event":"----------------Processing messages: None------------","logger":"unusual_prefix_05f7c68866a4b9981d661b83f7c582db0b838856_wiki_monitoring"}
{"timestamp":"2025-06-22T09:36:55.660392","level":"info","event":"----------------Processing messages: None------------","logger":"unusual_prefix_05f7c68866a4b9981d661b83f7c582db0b838856_wiki_monitoring"}
{"timestamp":"2025-06-22T09:36:56.660812","level":"info","event":"----------------Processing messages: None------------","logger":"unusual_prefix_05f7c68866a4b9981d661b83f7c582db0b838856_wiki_monitoring"}
{"timestamp":"2025-06-22T09:36:57.661144","level":"info","event":"----------------Processing messages: None------------","logger":"unusual_prefix_05f7c68866a4b9981d661b83f7c582db0b838856_wiki_monitoring"}
{"timestamp":"2025-06-22T09:36:58.661569","level":"info","event":"----------------Processing messages: None------------","logger":"unusual_prefix_05f7c68866a4b9981d661b83f7c582db0b838856_wiki_monitoring"}
{"timestamp":"2025-06-22T09:36:59.662011","level":"info","event":"----------------Processing messages: None------------","logger":"unusual_prefix_05f7c68866a4b9981d661b83f7c582db0b838856_wiki_monitoring"}
{"timestamp":"2025-06-22T09:37:00.662342","level":"info","event":"----------------Processing messages: None------------","logger":"unusual_prefix_05f7c68866a4b9981d661b83f7c582db0b838856_wiki_monitoring"}
{"timestamp":"2025-06-22T09:37:01.662624","level":"info","event":"----------------Processing messages: None------------","logger":"unusual_prefix_05f7c68866a4b9981d661b83f7c582db0b838856_wiki_monitoring"}
{"timestamp":"2025-06-22T09:37:02.662906","level":"info","event":"----------------Processing messages: None------------","logger":"unusual_prefix_05f7c68866a4b9981d661b83f7c582db0b838856_wiki_monitoring"}
{"timestamp":"2025-06-22T09:37:03.663298","level":"info","event":"----------------Processing messages: None------------","logger":"unusual_prefix_05f7c68866a4b9981d661b83f7c582db0b838856_wiki_monitoring"}
{"timestamp":"2025-06-22T09:37:04.663795","level":"info","event":"----------------Processing messages: None------------","logger":"unusual_prefix_05f7c68866a4b9981d661b83f7c582db0b838856_wiki_monitoring"}
{"timestamp":"2025-06-22T09:37:05.664564","level":"info","event":"----------------Processing messages: None------------","logger":"unusual_prefix_05f7c68866a4b9981d661b83f7c582db0b838856_wiki_monitoring"}
{"timestamp":"2025-06-22T09:37:06.665096","level":"info","event":"----------------Processing messages: None------------","logger":"unusual_prefix_05f7c68866a4b9981d661b83f7c582db0b838856_wiki_monitoring"}
{"timestamp":"2025-06-22T09:37:07.665402","level":"info","event":"----------------Processing messages: None------------","logger":"unusual_prefix_05f7c68866a4b9981d661b83f7c582db0b838856_wiki_monitoring"}
{"timestamp":"2025-06-22T09:37:08.665678","level":"info","event":"----------------Processing messages: None------------","logger":"unusual_prefix_05f7c68866a4b9981d661b83f7c582db0b838856_wiki_monitoring"}
{"timestamp":"2025-06-22T09:37:09.665934","level":"info","event":"----------------Processing messages: None------------","logger":"unusual_prefix_05f7c68866a4b9981d661b83f7c582db0b838856_wiki_monitoring"}
{"timestamp":"2025-06-22T09:37:10.666286","level":"info","event":"----------------Processing messages: None------------","logger":"unusual_prefix_05f7c68866a4b9981d661b83f7c582db0b838856_wiki_monitoring"}
{"timestamp":"2025-06-22T09:37:11.666863","level":"info","event":"----------------Processing messages: None------------","logger":"unusual_prefix_05f7c68866a4b9981d661b83f7c582db0b838856_wiki_monitoring"}
{"timestamp":"2025-06-22T09:37:12.667707","level":"info","event":"----------------Processing messages: None------------","logger":"unusual_prefix_05f7c68866a4b9981d661b83f7c582db0b838856_wiki_monitoring"}
{"timestamp":"2025-06-22T09:37:13.668424","level":"info","event":"----------------Processing messages: None------------","logger":"unusual_prefix_05f7c68866a4b9981d661b83f7c582db0b838856_wiki_monitoring"}
{"timestamp":"2025-06-22T09:37:14.668920","level":"info","event":"----------------Processing messages: None------------","logger":"unusual_prefix_05f7c68866a4b9981d661b83f7c582db0b838856_wiki_monitoring"}
{"timestamp":"2025-06-22T09:37:15.669360","level":"info","event":"----------------Processing messages: None------------","logger":"unusual_prefix_05f7c68866a4b9981d661b83f7c582db0b838856_wiki_monitoring"}
{"timestamp":"2025-06-22T09:37:16.669629","level":"info","event":"----------------Processing messages: None------------","logger":"unusual_prefix_05f7c68866a4b9981d661b83f7c582db0b838856_wiki_monitoring"}
{"timestamp":"2025-06-22T09:37:17.670032","level":"info","event":"----------------Processing messages: None------------","logger":"unusual_prefix_05f7c68866a4b9981d661b83f7c582db0b838856_wiki_monitoring"}
{"timestamp":"2025-06-22T09:37:18.670974","level":"info","event":"----------------Processing messages: None------------","logger":"unusual_prefix_05f7c68866a4b9981d661b83f7c582db0b838856_wiki_monitoring"}
{"timestamp":"2025-06-22T09:37:19.671818","level":"info","event":"----------------Processing messages: None------------","logger":"unusual_prefix_05f7c68866a4b9981d661b83f7c582db0b838856_wiki_monitoring"}
{"timestamp":"2025-06-22T09:37:20.672562","level":"info","event":"----------------Processing messages: None------------","logger":"unusual_prefix_05f7c68866a4b9981d661b83f7c582db0b838856_wiki_monitoring"}
{"timestamp":"2025-06-22T09:37:21.673131","level":"info","event":"----------------Processing messages: None------------","logger":"unusual_prefix_05f7c68866a4b9981d661b83f7c582db0b838856_wiki_monitoring"}
{"timestamp":"2025-06-22T09:37:22.673411","level":"info","event":"----------------Processing messages: None------------","logger":"unusual_prefix_05f7c68866a4b9981d661b83f7c582db0b838856_wiki_monitoring"}
{"timestamp":"2025-06-22T09:37:23.673849","level":"info","event":"----------------Processing messages: None------------","logger":"unusual_prefix_05f7c68866a4b9981d661b83f7c582db0b838856_wiki_monitoring"}
{"timestamp":"2025-06-22T09:37:24.674590","level":"info","event":"----------------Processing messages: None------------","logger":"unusual_prefix_05f7c68866a4b9981d661b83f7c582db0b838856_wiki_monitoring"}
{"timestamp":"2025-06-22T09:37:25.675223","level":"info","event":"----------------Processing messages: None------------","logger":"unusual_prefix_05f7c68866a4b9981d661b83f7c582db0b838856_wiki_monitoring"}
{"timestamp":"2025-06-22T09:37:26.676019","level":"info","event":"----------------Processing messages: None------------","logger":"unusual_prefix_05f7c68866a4b9981d661b83f7c582db0b838856_wiki_monitoring"}
{"timestamp":"2025-06-22T09:37:27.676759","level":"info","event":"----------------Processing messages: None------------","logger":"unusual_prefix_05f7c68866a4b9981d661b83f7c582db0b838856_wiki_monitoring"}
{"timestamp":"2025-06-22T09:37:28.677289","level":"info","event":"----------------Processing messages: None------------","logger":"unusual_prefix_05f7c68866a4b9981d661b83f7c582db0b838856_wiki_monitoring"}
{"timestamp":"2025-06-22T09:37:29.677854","level":"info","event":"----------------Processing messages: None------------","logger":"unusual_prefix_05f7c68866a4b9981d661b83f7c582db0b838856_wiki_monitoring"}
{"timestamp":"2025-06-22T09:37:30.678253","level":"info","event":"----------------Processing messages: None------------","logger":"unusual_prefix_05f7c68866a4b9981d661b83f7c582db0b838856_wiki_monitoring"}
{"timestamp":"2025-06-22T09:37:31.678650","level":"info","event":"----------------Processing messages: None------------","logger":"unusual_prefix_05f7c68866a4b9981d661b83f7c582db0b838856_wiki_monitoring"}
{"timestamp":"2025-06-22T09:37:32.678997","level":"info","event":"----------------Processing messages: None------------","logger":"unusual_prefix_05f7c68866a4b9981d661b83f7c582db0b838856_wiki_monitoring"}
{"timestamp":"2025-06-22T09:37:33.679389","level":"info","event":"----------------Processing messages: None------------","logger":"unusual_prefix_05f7c68866a4b9981d661b83f7c582db0b838856_wiki_monitoring"}
{"timestamp":"2025-06-22T09:37:34.679921","level":"info","event":"----------------Processing messages: None------------","logger":"unusual_prefix_05f7c68866a4b9981d661b83f7c582db0b838856_wiki_monitoring"}
{"timestamp":"2025-06-22T09:37:35.680201","level":"info","event":"----------------Processing messages: None------------","logger":"unusual_prefix_05f7c68866a4b9981d661b83f7c582db0b838856_wiki_monitoring"}
{"timestamp":"2025-06-22T09:37:36.680574","level":"info","event":"----------------Processing messages: None------------","logger":"unusual_prefix_05f7c68866a4b9981d661b83f7c582db0b838856_wiki_monitoring"}
{"timestamp":"2025-06-22T09:37:37.680903","level":"info","event":"----------------Processing messages: None------------","logger":"unusual_prefix_05f7c68866a4b9981d661b83f7c582db0b838856_wiki_monitoring"}
{"timestamp":"2025-06-22T09:37:38.681660","level":"info","event":"----------------Processing messages: None------------","logger":"unusual_prefix_05f7c68866a4b9981d661b83f7c582db0b838856_wiki_monitoring"}
{"timestamp":"2025-06-22T09:37:39.682237","level":"info","event":"----------------Processing messages: None------------","logger":"unusual_prefix_05f7c68866a4b9981d661b83f7c582db0b838856_wiki_monitoring"}
{"timestamp":"2025-06-22T09:37:40.682452","level":"info","event":"----------------Processing messages: None------------","logger":"unusual_prefix_05f7c68866a4b9981d661b83f7c582db0b838856_wiki_monitoring"}
{"timestamp":"2025-06-22T09:37:41.682727","level":"info","event":"----------------Processing messages: None------------","logger":"unusual_prefix_05f7c68866a4b9981d661b83f7c582db0b838856_wiki_monitoring"}
{"timestamp":"2025-06-22T09:37:42.683013","level":"info","event":"----------------Processing messages: None------------","logger":"unusual_prefix_05f7c68866a4b9981d661b83f7c582db0b838856_wiki_monitoring"}
{"timestamp":"2025-06-22T09:37:43.683411","level":"info","event":"----------------Processing messages: None------------","logger":"unusual_prefix_05f7c68866a4b9981d661b83f7c582db0b838856_wiki_monitoring"}
{"timestamp":"2025-06-22T09:37:44.683895","level":"info","event":"----------------Processing messages: None------------","logger":"unusual_prefix_05f7c68866a4b9981d661b83f7c582db0b838856_wiki_monitoring"}
{"timestamp":"2025-06-22T09:37:45.684349","level":"info","event":"----------------Processing messages: None------------","logger":"unusual_prefix_05f7c68866a4b9981d661b83f7c582db0b838856_wiki_monitoring"}
{"timestamp":"2025-06-22T09:37:46.685142","level":"info","event":"----------------Processing messages: None------------","logger":"unusual_prefix_05f7c68866a4b9981d661b83f7c582db0b838856_wiki_monitoring"}
{"timestamp":"2025-06-22T09:37:47.686047","level":"info","event":"----------------Processing messages: None------------","logger":"unusual_prefix_05f7c68866a4b9981d661b83f7c582db0b838856_wiki_monitoring"}
{"timestamp":"2025-06-22T09:37:48.686496","level":"info","event":"----------------Processing messages: None------------","logger":"unusual_prefix_05f7c68866a4b9981d661b83f7c582db0b838856_wiki_monitoring"}
{"timestamp":"2025-06-22T09:37:49.687044","level":"info","event":"----------------Processing messages: None------------","logger":"unusual_prefix_05f7c68866a4b9981d661b83f7c582db0b838856_wiki_monitoring"}
{"timestamp":"2025-06-22T09:37:50.687456","level":"info","event":"----------------Processing messages: None------------","logger":"unusual_prefix_05f7c68866a4b9981d661b83f7c582db0b838856_wiki_monitoring"}
{"timestamp":"2025-06-22T09:37:51.687729","level":"info","event":"----------------Processing messages: None------------","logger":"unusual_prefix_05f7c68866a4b9981d661b83f7c582db0b838856_wiki_monitoring"}
{"timestamp":"2025-06-22T09:37:52.688016","level":"info","event":"----------------Processing messages: None------------","logger":"unusual_prefix_05f7c68866a4b9981d661b83f7c582db0b838856_wiki_monitoring"}
{"timestamp":"2025-06-22T09:37:53.688488","level":"info","event":"----------------Processing messages: None------------","logger":"unusual_prefix_05f7c68866a4b9981d661b83f7c582db0b838856_wiki_monitoring"}
{"timestamp":"2025-06-22T09:37:54.688830","level":"info","event":"----------------Processing messages: None------------","logger":"unusual_prefix_05f7c68866a4b9981d661b83f7c582db0b838856_wiki_monitoring"}
{"timestamp":"2025-06-22T09:37:55.689225","level":"info","event":"----------------Processing messages: None------------","logger":"unusual_prefix_05f7c68866a4b9981d661b83f7c582db0b838856_wiki_monitoring"}
{"timestamp":"2025-06-22T09:37:56.689630","level":"info","event":"----------------Processing messages: None------------","logger":"unusual_prefix_05f7c68866a4b9981d661b83f7c582db0b838856_wiki_monitoring"}
{"timestamp":"2025-06-22T09:37:57.689921","level":"info","event":"----------------Processing messages: None------------","logger":"unusual_prefix_05f7c68866a4b9981d661b83f7c582db0b838856_wiki_monitoring"}
{"timestamp":"2025-06-22T09:37:58.690195","level":"info","event":"----------------Processing messages: None------------","logger":"unusual_prefix_05f7c68866a4b9981d661b83f7c582db0b838856_wiki_monitoring"}
{"timestamp":"2025-06-22T09:37:59.690699","level":"info","event":"----------------Processing messages: None------------","logger":"unusual_prefix_05f7c68866a4b9981d661b83f7c582db0b838856_wiki_monitoring"}
{"timestamp":"2025-06-22T09:38:00.691100","level":"info","event":"----------------Processing messages: None------------","logger":"unusual_prefix_05f7c68866a4b9981d661b83f7c582db0b838856_wiki_monitoring"}
{"timestamp":"2025-06-22T09:38:01.691616","level":"info","event":"----------------Processing messages: None------------","logger":"unusual_prefix_05f7c68866a4b9981d661b83f7c582db0b838856_wiki_monitoring"}
{"timestamp":"2025-06-22T09:38:02.692127","level":"info","event":"----------------Processing messages: None------------","logger":"unusual_prefix_05f7c68866a4b9981d661b83f7c582db0b838856_wiki_monitoring"}
{"timestamp":"2025-06-22T09:38:03.692430","level":"info","event":"----------------Processing messages: None------------","logger":"unusual_prefix_05f7c68866a4b9981d661b83f7c582db0b838856_wiki_monitoring"}
{"timestamp":"2025-06-22T09:38:04.692691","level":"info","event":"----------------Processing messages: None------------","logger":"unusual_prefix_05f7c68866a4b9981d661b83f7c582db0b838856_wiki_monitoring"}
{"timestamp":"2025-06-22T09:38:05.693216","level":"info","event":"----------------Processing messages: None------------","logger":"unusual_prefix_05f7c68866a4b9981d661b83f7c582db0b838856_wiki_monitoring"}
{"timestamp":"2025-06-22T09:38:06.693636","level":"info","event":"----------------Processing messages: None------------","logger":"unusual_prefix_05f7c68866a4b9981d661b83f7c582db0b838856_wiki_monitoring"}
{"timestamp":"2025-06-22T09:38:07.693995","level":"info","event":"----------------Processing messages: None------------","logger":"unusual_prefix_05f7c68866a4b9981d661b83f7c582db0b838856_wiki_monitoring"}
{"timestamp":"2025-06-22T09:38:08.694284","level":"info","event":"----------------Processing messages: None------------","logger":"unusual_prefix_05f7c68866a4b9981d661b83f7c582db0b838856_wiki_monitoring"}
{"timestamp":"2025-06-22T09:38:09.694555","level":"info","event":"----------------Processing messages: None------------","logger":"unusual_prefix_05f7c68866a4b9981d661b83f7c582db0b838856_wiki_monitoring"}
{"timestamp":"2025-06-22T09:38:10.694805","level":"info","event":"----------------Processing messages: None------------","logger":"unusual_prefix_05f7c68866a4b9981d661b83f7c582db0b838856_wiki_monitoring"}
{"timestamp":"2025-06-22T09:38:11.695210","level":"info","event":"----------------Processing messages: None------------","logger":"unusual_prefix_05f7c68866a4b9981d661b83f7c582db0b838856_wiki_monitoring"}
{"timestamp":"2025-06-22T09:38:12.695674","level":"info","event":"----------------Processing messages: None------------","logger":"unusual_prefix_05f7c68866a4b9981d661b83f7c582db0b838856_wiki_monitoring"}
{"timestamp":"2025-06-22T09:38:13.696012","level":"info","event":"----------------Processing messages: None------------","logger":"unusual_prefix_05f7c68866a4b9981d661b83f7c582db0b838856_wiki_monitoring"}
{"timestamp":"2025-06-22T09:38:14.696347","level":"info","event":"----------------Processing messages: None------------","logger":"unusual_prefix_05f7c68866a4b9981d661b83f7c582db0b838856_wiki_monitoring"}
{"timestamp":"2025-06-22T09:38:15.696585","level":"info","event":"----------------Processing messages: None------------","logger":"unusual_prefix_05f7c68866a4b9981d661b83f7c582db0b838856_wiki_monitoring"}
{"timestamp":"2025-06-22T09:38:16.696835","level":"info","event":"----------------Processing messages: None------------","logger":"unusual_prefix_05f7c68866a4b9981d661b83f7c582db0b838856_wiki_monitoring"}
{"timestamp":"2025-06-22T09:38:17.697108","level":"info","event":"----------------Processing messages: None------------","logger":"unusual_prefix_05f7c68866a4b9981d661b83f7c582db0b838856_wiki_monitoring"}
{"timestamp":"2025-06-22T09:38:18.697361","level":"info","event":"----------------Processing messages: None------------","logger":"unusual_prefix_05f7c68866a4b9981d661b83f7c582db0b838856_wiki_monitoring"}
{"timestamp":"2025-06-22T09:38:19.697609","level":"info","event":"----------------Processing messages: None------------","logger":"unusual_prefix_05f7c68866a4b9981d661b83f7c582db0b838856_wiki_monitoring"}
{"timestamp":"2025-06-22T09:38:20.697851","level":"info","event":"----------------Processing messages: None------------","logger":"unusual_prefix_05f7c68866a4b9981d661b83f7c582db0b838856_wiki_monitoring"}
{"timestamp":"2025-06-22T09:38:21.069288Z","level":"error","event":"%6|1750585101.068|FAIL|rdkafka#consumer-2| [thrd:GroupCoordinator]: GroupCoordinator: kafka:9092: Disconnected (after 249483ms in state UP)","chan":"stderr","logger":"task"}
{"timestamp":"2025-06-22T09:38:21.070117Z","level":"error","event":"%3|1750585101.070|FAIL|rdkafka#consumer-2| [thrd:kafka:9092/bootstrap]: kafka:9092/1: Connect to ipv4#172.19.0.7:9092 failed: Connection refused (after 1ms in state CONNECT)","chan":"stderr","logger":"task"}
{"timestamp":"2025-06-22T09:38:21.071265Z","level":"error","event":"%3|1750585101.070|FAIL|rdkafka#consumer-2| [thrd:GroupCoordinator]: GroupCoordinator: kafka:9092: Connect to ipv4#172.19.0.7:9092 failed: Connection refused (after 1ms in state CONNECT)","chan":"stderr","logger":"task"}
{"timestamp":"2025-06-22T09:38:21.180554Z","level":"error","event":"%3|1750585101.180|FAIL|rdkafka#consumer-2| [thrd:kafka:9092/bootstrap]: kafka:9092/1: Connect to ipv4#172.19.0.7:9092 failed: Connection refused (after 0ms in state CONNECT, 1 identical error(s) suppressed)","chan":"stderr","logger":"task"}
{"timestamp":"2025-06-22T09:38:21.254377Z","level":"error","event":"%3|1750585101.254|FAIL|rdkafka#consumer-2| [thrd:GroupCoordinator]: GroupCoordinator: kafka:9092: Connect to ipv4#172.19.0.7:9092 failed: Connection refused (after 0ms in state CONNECT, 1 identical error(s) suppressed)","chan":"stderr","logger":"task"}
{"timestamp":"2025-06-22T09:38:21.623425Z","level":"error","event":"%3|1750585101.623|FAIL|rdkafka#producer-1| [thrd:kafka:9092/bootstrap]: kafka:9092/1: Connect to ipv4#172.19.0.7:9092 failed: Connection refused (after 35ms in state CONNECT)","chan":"stderr","logger":"task"}
{"timestamp":"2025-06-22T09:38:21.698152","level":"info","event":"----------------Processing messages: None------------","logger":"unusual_prefix_05f7c68866a4b9981d661b83f7c582db0b838856_wiki_monitoring"}
{"timestamp":"2025-06-22T09:38:22.698451","level":"info","event":"----------------Processing messages: None------------","logger":"unusual_prefix_05f7c68866a4b9981d661b83f7c582db0b838856_wiki_monitoring"}
{"timestamp":"2025-06-22T09:38:23.698720","level":"info","event":"----------------Processing messages: None------------","logger":"unusual_prefix_05f7c68866a4b9981d661b83f7c582db0b838856_wiki_monitoring"}
{"timestamp":"2025-06-22T09:38:24.698996","level":"info","event":"----------------Processing messages: None------------","logger":"unusual_prefix_05f7c68866a4b9981d661b83f7c582db0b838856_wiki_monitoring"}
{"timestamp":"2025-06-22T09:38:25.699241","level":"info","event":"----------------Processing messages: None------------","logger":"unusual_prefix_05f7c68866a4b9981d661b83f7c582db0b838856_wiki_monitoring"}
{"timestamp":"2025-06-22T09:38:26.699506","level":"info","event":"----------------Processing messages: None------------","logger":"unusual_prefix_05f7c68866a4b9981d661b83f7c582db0b838856_wiki_monitoring"}
{"timestamp":"2025-06-22T09:38:27.699768","level":"info","event":"----------------Processing messages: None------------","logger":"unusual_prefix_05f7c68866a4b9981d661b83f7c582db0b838856_wiki_monitoring"}
{"timestamp":"2025-06-22T09:38:28.551087Z","level":"error","event":"%3|1750585108.550|FAIL|rdkafka#consumer-2| [thrd:GroupCoordinator]: GroupCoordinator: kafka:9092: Failed to resolve 'kafka:9092': Name or service not known (after 3992ms in state CONNECT)","chan":"stderr","logger":"task"}
{"timestamp":"2025-06-22T09:38:28.700023","level":"info","event":"----------------Processing messages: None------------","logger":"unusual_prefix_05f7c68866a4b9981d661b83f7c582db0b838856_wiki_monitoring"}
{"timestamp":"2025-06-22T09:38:29.700273","level":"info","event":"----------------Processing messages: None------------","logger":"unusual_prefix_05f7c68866a4b9981d661b83f7c582db0b838856_wiki_monitoring"}
{"timestamp":"2025-06-22T09:38:30.700524","level":"info","event":"----------------Processing messages: None------------","logger":"unusual_prefix_05f7c68866a4b9981d661b83f7c582db0b838856_wiki_monitoring"}
