{"timestamp":"2025-06-26T09:51:46.808208","level":"info","event":"DAG bundles loaded: dags-folder","logger":"airflow.dag_processing.bundles.manager.DagBundlesManager"}
{"timestamp":"2025-06-26T09:51:46.808664","level":"info","event":"Filling up the DagBag from /opt/airflow/dags/wiki_monitoring.py","logger":"airflow.models.dagbag.DagBag"}
{"timestamp":"2025-06-26T09:51:46.950249","level":"info","event":"Topic wiki_edits already exists","logger":"unusual_prefix_05f7c68866a4b9981d661b83f7c582db0b838856_wiki_monitoring"}
{"timestamp":"2025-06-26T09:51:46.950367","level":"info","event":"---------------topic metadata created------------------","logger":"unusual_prefix_05f7c68866a4b9981d661b83f7c582db0b838856_wiki_monitoring"}
{"timestamp":"2025-06-26T09:51:50.127222","level":"info","event":"----------------Processing messages: <cimpl.Message object at 0x7fa5708c20c0>------------","logger":"unusual_prefix_05f7c68866a4b9981d661b83f7c582db0b838856_wiki_monitoring"}
{"timestamp":"2025-06-26T09:51:50.127452","level":"info","event":"-----------edit: {'title': 'Qualifikation zum ICC Men’s T20 World Cup 2026', 'user': 'Becksperson', 'is_bot': False, 'server_name': 'de.wikipedia.org', 'timestamp': 1750771595}-------------","logger":"unusual_prefix_05f7c68866a4b9981d661b83f7c582db0b838856_wiki_monitoring"}
{"timestamp":"2025-06-26T09:51:50.160066","level":"info","event":"----------------Processing messages: <cimpl.Message object at 0x7fa5708c2c40>------------","logger":"unusual_prefix_05f7c68866a4b9981d661b83f7c582db0b838856_wiki_monitoring"}
{"timestamp":"2025-06-26T09:51:50.160613","level":"info","event":"-----------edit: {'title': 'Template:CHIf2', 'user': '影佑樹', 'is_bot': False, 'server_name': 'ja.wikipedia.org', 'timestamp': 1750771598}-------------","logger":"unusual_prefix_05f7c68866a4b9981d661b83f7c582db0b838856_wiki_monitoring"}
{"timestamp":"2025-06-26T09:51:50.178206","level":"info","event":"----------------Processing messages: <cimpl.Message object at 0x7fa5708c3140>------------","logger":"unusual_prefix_05f7c68866a4b9981d661b83f7c582db0b838856_wiki_monitoring"}
{"timestamp":"2025-06-26T09:51:50.178833","level":"info","event":"-----------edit: {'title': 'Didemnidae', 'user': 'OAbot', 'is_bot': True, 'server_name': 'en.wikipedia.org', 'timestamp': 1750771595}-------------","logger":"unusual_prefix_05f7c68866a4b9981d661b83f7c582db0b838856_wiki_monitoring"}
{"timestamp":"2025-06-26T09:51:50.185735","level":"info","event":"----------------Processing messages: <cimpl.Message object at 0x7fa5708c34c0>------------","logger":"unusual_prefix_05f7c68866a4b9981d661b83f7c582db0b838856_wiki_monitoring"}
{"timestamp":"2025-06-26T09:51:50.185950","level":"info","event":"-----------edit: {'title': 'File:Luis Otero, 1925.png', 'user': 'BotMultichillT', 'is_bot': True, 'server_name': 'commons.wikimedia.org', 'timestamp': 1750771599}-------------","logger":"unusual_prefix_05f7c68866a4b9981d661b83f7c582db0b838856_wiki_monitoring"}
{"timestamp":"2025-06-26T09:51:50.194432","level":"info","event":"----------------Processing messages: <cimpl.Message object at 0x7fa5708c3640>------------","logger":"unusual_prefix_05f7c68866a4b9981d661b83f7c582db0b838856_wiki_monitoring"}
{"timestamp":"2025-06-26T09:51:50.194653","level":"info","event":"-----------edit: {'title': 'File:Thirparappu waterfalls in Thamilnadu (76942).jpg', 'user': 'SchlurcherBot', 'is_bot': True, 'server_name': 'commons.wikimedia.org', 'timestamp': 1750771599}-------------","logger":"unusual_prefix_05f7c68866a4b9981d661b83f7c582db0b838856_wiki_monitoring"}
{"timestamp":"2025-06-26T09:51:50.205876","level":"info","event":"----------------Processing messages: <cimpl.Message object at 0x7fa5708c3840>------------","logger":"unusual_prefix_05f7c68866a4b9981d661b83f7c582db0b838856_wiki_monitoring"}
{"timestamp":"2025-06-26T09:51:50.206137","level":"info","event":"-----------edit: {'title': 'Q414748', 'user': 'Logjohn', 'is_bot': False, 'server_name': 'www.wikidata.org', 'timestamp': 1750771599}-------------","logger":"unusual_prefix_05f7c68866a4b9981d661b83f7c582db0b838856_wiki_monitoring"}
{"timestamp":"2025-06-26T09:51:50.213656","level":"info","event":"----------------Processing messages: <cimpl.Message object at 0x7fa5708c3640>------------","logger":"unusual_prefix_05f7c68866a4b9981d661b83f7c582db0b838856_wiki_monitoring"}
{"timestamp":"2025-06-26T09:51:50.213809","level":"info","event":"-----------edit: {'title': '10月23日', 'user': 'Aronlee90', 'is_bot': False, 'server_name': 'zh.wikipedia.org', 'timestamp': 1750771598}-------------","logger":"unusual_prefix_05f7c68866a4b9981d661b83f7c582db0b838856_wiki_monitoring"}
{"timestamp":"2025-06-26T09:51:50.220929","level":"info","event":"----------------Processing messages: <cimpl.Message object at 0x7fa5708c3940>------------","logger":"unusual_prefix_05f7c68866a4b9981d661b83f7c582db0b838856_wiki_monitoring"}
{"timestamp":"2025-06-26T09:51:50.221120","level":"info","event":"-----------edit: {'title': 'Category:チリのスポーツ関連のテンプレート', 'user': '影佑樹', 'is_bot': False, 'server_name': 'ja.wikipedia.org', 'timestamp': 1750771598}-------------","logger":"unusual_prefix_05f7c68866a4b9981d661b83f7c582db0b838856_wiki_monitoring"}
{"timestamp":"2025-06-26T09:51:50.226197","level":"info","event":"----------------Processing messages: <cimpl.Message object at 0x7fa5708c3b40>------------","logger":"unusual_prefix_05f7c68866a4b9981d661b83f7c582db0b838856_wiki_monitoring"}
{"timestamp":"2025-06-26T09:51:50.226377","level":"info","event":"-----------edit: {'title': 'Ρεθυμνιακός Α.Ο.', 'user': 'Eranistis1908', 'is_bot': False, 'server_name': 'el.wikipedia.org', 'timestamp': 1750771599}-------------","logger":"unusual_prefix_05f7c68866a4b9981d661b83f7c582db0b838856_wiki_monitoring"}
{"timestamp":"2025-06-26T09:51:50.230111","level":"info","event":"----------------Processing messages: <cimpl.Message object at 0x7fa5708c3340>------------","logger":"unusual_prefix_05f7c68866a4b9981d661b83f7c582db0b838856_wiki_monitoring"}
{"timestamp":"2025-06-26T09:51:50.230268","level":"info","event":"-----------edit: {'title': 'Участник:Leokand', 'user': 'Drakosh', 'is_bot': False, 'server_name': 'ru.wikipedia.org', 'timestamp': 1750771598}-------------","logger":"unusual_prefix_05f7c68866a4b9981d661b83f7c582db0b838856_wiki_monitoring"}
{"timestamp":"2025-06-26T09:51:50.233258","level":"info","event":"----------------Processing messages: <cimpl.Message object at 0x7fa5708c2b40>------------","logger":"unusual_prefix_05f7c68866a4b9981d661b83f7c582db0b838856_wiki_monitoring"}
{"timestamp":"2025-06-26T09:51:50.233406","level":"info","event":"-----------edit: {'title': 'List of black Academy Award winners and nominees', 'user': 'Ebernardez', 'is_bot': False, 'server_name': 'en.wikipedia.org', 'timestamp': 1750771596}-------------","logger":"unusual_prefix_05f7c68866a4b9981d661b83f7c582db0b838856_wiki_monitoring"}
{"timestamp":"2025-06-26T09:51:50.237338","level":"info","event":"----------------Processing messages: <cimpl.Message object at 0x7fa5708c2fc0>------------","logger":"unusual_prefix_05f7c68866a4b9981d661b83f7c582db0b838856_wiki_monitoring"}
{"timestamp":"2025-06-26T09:51:50.237536","level":"info","event":"-----------edit: {'title': 'File:ÖBB Mureck Schreiner (66) (45044408735).jpg', 'user': 'Emijrpbot', 'is_bot': True, 'server_name': 'commons.wikimedia.org', 'timestamp': 1750771599}-------------","logger":"unusual_prefix_05f7c68866a4b9981d661b83f7c582db0b838856_wiki_monitoring"}
{"timestamp":"2025-06-26T09:51:50.240717","level":"info","event":"----------------Processing messages: <cimpl.Message object at 0x7fa5708c2ac0>------------","logger":"unusual_prefix_05f7c68866a4b9981d661b83f7c582db0b838856_wiki_monitoring"}
{"timestamp":"2025-06-26T09:51:50.240862","level":"info","event":"-----------edit: {'title': 'File:La Clef des chansonniers ou Recueil des Vaudevilles depuis cent ans et plus, notez et recueillis pour la première fois par J. B. Christophe Ballard... Tome I - bpt6k3261425 (222 of 324).jpg', 'user': 'Gzen92Bot', 'is_bot': True, 'server_name': 'commons.wikimedia.org', 'timestamp': 1750771598}-------------","logger":"unusual_prefix_05f7c68866a4b9981d661b83f7c582db0b838856_wiki_monitoring"}
{"timestamp":"2025-06-26T09:51:50.244818","level":"info","event":"----------------Processing messages: <cimpl.Message object at 0x7fa5708c3c40>------------","logger":"unusual_prefix_05f7c68866a4b9981d661b83f7c582db0b838856_wiki_monitoring"}
{"timestamp":"2025-06-26T09:51:50.244960","level":"info","event":"-----------edit: {'title': 'Q414748', 'user': 'Logjohn', 'is_bot': False, 'server_name': 'www.wikidata.org', 'timestamp': 1750771599}-------------","logger":"unusual_prefix_05f7c68866a4b9981d661b83f7c582db0b838856_wiki_monitoring"}
{"timestamp":"2025-06-26T09:51:50.248663","level":"info","event":"----------------Processing messages: <cimpl.Message object at 0x7fa5708c3f40>------------","logger":"unusual_prefix_05f7c68866a4b9981d661b83f7c582db0b838856_wiki_monitoring"}
{"timestamp":"2025-06-26T09:51:50.248827","level":"info","event":"-----------edit: {'title': 'File:Lille mon morts face.jpg', 'user': 'Totorvdr59', 'is_bot': False, 'server_name': 'commons.wikimedia.org', 'timestamp': 1750771598}-------------","logger":"unusual_prefix_05f7c68866a4b9981d661b83f7c582db0b838856_wiki_monitoring"}
{"timestamp":"2025-06-26T09:51:50.252561","level":"info","event":"----------------Processing messages: <cimpl.Message object at 0x7fa5709001c0>------------","logger":"unusual_prefix_05f7c68866a4b9981d661b83f7c582db0b838856_wiki_monitoring"}
{"timestamp":"2025-06-26T09:51:50.252721","level":"info","event":"-----------edit: {'title': 'Аспромонте (национальный парк)', 'user': 'KristinaKovalenko', 'is_bot': False, 'server_name': 'ru.wikipedia.org', 'timestamp': 1750771597}-------------","logger":"unusual_prefix_05f7c68866a4b9981d661b83f7c582db0b838856_wiki_monitoring"}
{"timestamp":"2025-06-26T09:51:50.256837","level":"info","event":"----------------Processing messages: <cimpl.Message object at 0x7fa570900640>------------","logger":"unusual_prefix_05f7c68866a4b9981d661b83f7c582db0b838856_wiki_monitoring"}
{"timestamp":"2025-06-26T09:51:50.256981","level":"info","event":"-----------edit: {'title': 'Jeisyville, Illinois', 'user': 'ListeriaBot', 'is_bot': True, 'server_name': 'cy.wikipedia.org', 'timestamp': 1750771598}-------------","logger":"unusual_prefix_05f7c68866a4b9981d661b83f7c582db0b838856_wiki_monitoring"}
{"timestamp":"2025-06-26T09:51:50.261271","level":"info","event":"----------------Processing messages: <cimpl.Message object at 0x7fa570900840>------------","logger":"unusual_prefix_05f7c68866a4b9981d661b83f7c582db0b838856_wiki_monitoring"}
{"timestamp":"2025-06-26T09:51:50.261554","level":"info","event":"-----------edit: {'title': 'Category:Noindexed pages', 'user': 'Proscribe', 'is_bot': False, 'server_name': 'en.wikipedia.org', 'timestamp': 1750771595}-------------","logger":"unusual_prefix_05f7c68866a4b9981d661b83f7c582db0b838856_wiki_monitoring"}
{"timestamp":"2025-06-26T09:51:50.265975","level":"info","event":"----------------Processing messages: <cimpl.Message object at 0x7fa570900640>------------","logger":"unusual_prefix_05f7c68866a4b9981d661b83f7c582db0b838856_wiki_monitoring"}
{"timestamp":"2025-06-26T09:51:50.266191","level":"info","event":"-----------edit: {'title': 'Category:Biography articles of living people', 'user': 'Proscribe', 'is_bot': False, 'server_name': 'en.wikipedia.org', 'timestamp': 1750771595}-------------","logger":"unusual_prefix_05f7c68866a4b9981d661b83f7c582db0b838856_wiki_monitoring"}
{"timestamp":"2025-06-26T09:51:50.270094","level":"info","event":"----------------Processing messages: <cimpl.Message object at 0x7fa570900ac0>------------","logger":"unusual_prefix_05f7c68866a4b9981d661b83f7c582db0b838856_wiki_monitoring"}
{"timestamp":"2025-06-26T09:51:50.270259","level":"info","event":"-----------edit: {'title': 'Henri de Lacaze-Duthiers', 'user': 'Jameslwoodward', 'is_bot': False, 'server_name': 'commons.wikimedia.org', 'timestamp': 1750771600}-------------","logger":"unusual_prefix_05f7c68866a4b9981d661b83f7c582db0b838856_wiki_monitoring"}
{"timestamp":"2025-06-26T09:51:50.275207","level":"info","event":"----------------Processing messages: <cimpl.Message object at 0x7fa5708c2ac0>------------","logger":"unusual_prefix_05f7c68866a4b9981d661b83f7c582db0b838856_wiki_monitoring"}
{"timestamp":"2025-06-26T09:51:50.275361","level":"info","event":"-----------edit: {'title': 'Category:Start-Class biography articles', 'user': 'Proscribe', 'is_bot': False, 'server_name': 'en.wikipedia.org', 'timestamp': 1750771595}-------------","logger":"unusual_prefix_05f7c68866a4b9981d661b83f7c582db0b838856_wiki_monitoring"}
{"timestamp":"2025-06-26T09:51:50.279058","level":"info","event":"----------------Processing messages: <cimpl.Message object at 0x7fa5708c2ec0>------------","logger":"unusual_prefix_05f7c68866a4b9981d661b83f7c582db0b838856_wiki_monitoring"}
{"timestamp":"2025-06-26T09:51:50.279239","level":"info","event":"-----------edit: {'title': 'Q414748', 'user': 'Logjohn', 'is_bot': False, 'server_name': 'www.wikidata.org', 'timestamp': 1750771600}-------------","logger":"unusual_prefix_05f7c68866a4b9981d661b83f7c582db0b838856_wiki_monitoring"}
{"timestamp":"2025-06-26T09:51:50.284055","level":"info","event":"----------------Processing messages: <cimpl.Message object at 0x7fa5708c3340>------------","logger":"unusual_prefix_05f7c68866a4b9981d661b83f7c582db0b838856_wiki_monitoring"}
{"timestamp":"2025-06-26T09:51:50.284299","level":"info","event":"-----------edit: {'title': 'Catégorie:Portail:Années 2010/Articles liés', 'user': 'SenseiAC', 'is_bot': False, 'server_name': 'fr.wikipedia.org', 'timestamp': 1750771596}-------------","logger":"unusual_prefix_05f7c68866a4b9981d661b83f7c582db0b838856_wiki_monitoring"}
{"timestamp":"2025-06-26T09:51:50.287248","level":"info","event":"----------------Processing messages: <cimpl.Message object at 0x7fa5708c3b40>------------","logger":"unusual_prefix_05f7c68866a4b9981d661b83f7c582db0b838856_wiki_monitoring"}
{"timestamp":"2025-06-26T09:51:50.287387","level":"info","event":"-----------edit: {'title': 'Io (moon)', 'user': '103.100.235.143', 'is_bot': False, 'server_name': 'en.wikipedia.org', 'timestamp': 1750771594}-------------","logger":"unusual_prefix_05f7c68866a4b9981d661b83f7c582db0b838856_wiki_monitoring"}
{"timestamp":"2025-06-26T09:51:50.290471","level":"info","event":"----------------Processing messages: <cimpl.Message object at 0x7fa5708c3940>------------","logger":"unusual_prefix_05f7c68866a4b9981d661b83f7c582db0b838856_wiki_monitoring"}
{"timestamp":"2025-06-26T09:51:50.290606","level":"info","event":"-----------edit: {'title': 'Category:Start-Class biography (actors and filmmakers) articles', 'user': 'Proscribe', 'is_bot': False, 'server_name': 'en.wikipedia.org', 'timestamp': 1750771595}-------------","logger":"unusual_prefix_05f7c68866a4b9981d661b83f7c582db0b838856_wiki_monitoring"}
{"timestamp":"2025-06-26T09:51:50.293692","level":"info","event":"----------------Processing messages: <cimpl.Message object at 0x7fa5708c3640>------------","logger":"unusual_prefix_05f7c68866a4b9981d661b83f7c582db0b838856_wiki_monitoring"}
{"timestamp":"2025-06-26T09:51:50.293847","level":"info","event":"-----------edit: {'title': 'Q125522602', 'user': 'Reblip', 'is_bot': False, 'server_name': 'www.wikidata.org', 'timestamp': 1750771600}-------------","logger":"unusual_prefix_05f7c68866a4b9981d661b83f7c582db0b838856_wiki_monitoring"}
{"timestamp":"2025-06-26T09:51:50.297390","level":"info","event":"----------------Processing messages: <cimpl.Message object at 0x7fa5708c27c0>------------","logger":"unusual_prefix_05f7c68866a4b9981d661b83f7c582db0b838856_wiki_monitoring"}
{"timestamp":"2025-06-26T09:51:50.297516","level":"info","event":"-----------edit: {'title': 'Category:Unknown-importance biography (actors and filmmakers) articles', 'user': 'Proscribe', 'is_bot': False, 'server_name': 'en.wikipedia.org', 'timestamp': 1750771595}-------------","logger":"unusual_prefix_05f7c68866a4b9981d661b83f7c582db0b838856_wiki_monitoring"}
{"timestamp":"2025-06-26T09:51:50.300766","level":"info","event":"----------------Processing messages: <cimpl.Message object at 0x7fa5708c2840>------------","logger":"unusual_prefix_05f7c68866a4b9981d661b83f7c582db0b838856_wiki_monitoring"}
{"timestamp":"2025-06-26T09:51:50.300904","level":"info","event":"-----------edit: {'title': 'Catégorie:Portail:XXIe siècle/Articles liés', 'user': 'SenseiAC', 'is_bot': False, 'server_name': 'fr.wikipedia.org', 'timestamp': 1750771596}-------------","logger":"unusual_prefix_05f7c68866a4b9981d661b83f7c582db0b838856_wiki_monitoring"}
{"timestamp":"2025-06-26T09:51:50.304280","level":"info","event":"----------------Processing messages: <cimpl.Message object at 0x7fa5708c3d40>------------","logger":"unusual_prefix_05f7c68866a4b9981d661b83f7c582db0b838856_wiki_monitoring"}
{"timestamp":"2025-06-26T09:51:50.304417","level":"info","event":"-----------edit: {'title': \"File:Lucifer's Loch - geograph.org.uk - 7825193.jpg\", 'user': 'GeographBot', 'is_bot': True, 'server_name': 'commons.wikimedia.org', 'timestamp': 1750771600}-------------","logger":"unusual_prefix_05f7c68866a4b9981d661b83f7c582db0b838856_wiki_monitoring"}
{"timestamp":"2025-06-26T09:51:50.309557","level":"info","event":"----------------Processing messages: <cimpl.Message object at 0x7fa5708c34c0>------------","logger":"unusual_prefix_05f7c68866a4b9981d661b83f7c582db0b838856_wiki_monitoring"}
{"timestamp":"2025-06-26T09:51:50.309707","level":"info","event":"-----------edit: {'title': 'Category:Actors and filmmakers work group articles', 'user': 'Proscribe', 'is_bot': False, 'server_name': 'en.wikipedia.org', 'timestamp': 1750771595}-------------","logger":"unusual_prefix_05f7c68866a4b9981d661b83f7c582db0b838856_wiki_monitoring"}
{"timestamp":"2025-06-26T09:51:50.314275","level":"info","event":"----------------Processing messages: <cimpl.Message object at 0x7fa5709009c0>------------","logger":"unusual_prefix_05f7c68866a4b9981d661b83f7c582db0b838856_wiki_monitoring"}
{"timestamp":"2025-06-26T09:51:50.314415","level":"info","event":"-----------edit: {'title': 'Catégorie:Portail:Cinquième République/Articles liés', 'user': 'SenseiAC', 'is_bot': False, 'server_name': 'fr.wikipedia.org', 'timestamp': 1750771596}-------------","logger":"unusual_prefix_05f7c68866a4b9981d661b83f7c582db0b838856_wiki_monitoring"}
{"timestamp":"2025-06-26T09:51:50.318007","level":"info","event":"----------------Processing messages: <cimpl.Message object at 0x7fa570900740>------------","logger":"unusual_prefix_05f7c68866a4b9981d661b83f7c582db0b838856_wiki_monitoring"}
{"timestamp":"2025-06-26T09:51:50.318207","level":"info","event":"-----------edit: {'title': 'Catégorie:Portail:Libéralisme/Articles liés', 'user': 'SenseiAC', 'is_bot': False, 'server_name': 'fr.wikipedia.org', 'timestamp': 1750771596}-------------","logger":"unusual_prefix_05f7c68866a4b9981d661b83f7c582db0b838856_wiki_monitoring"}
{"timestamp":"2025-06-26T09:51:50.322185","level":"info","event":"----------------Processing messages: <cimpl.Message object at 0x7fa5709003c0>------------","logger":"unusual_prefix_05f7c68866a4b9981d661b83f7c582db0b838856_wiki_monitoring"}
{"timestamp":"2025-06-26T09:51:50.322423","level":"info","event":"-----------edit: {'title': 'Category:Paintings of women', 'user': 'Doomhope', 'is_bot': False, 'server_name': 'en.wikipedia.org', 'timestamp': 1750771598}-------------","logger":"unusual_prefix_05f7c68866a4b9981d661b83f7c582db0b838856_wiki_monitoring"}
{"timestamp":"2025-06-26T09:51:50.326254","level":"info","event":"----------------Processing messages: <cimpl.Message object at 0x7fa5708c27c0>------------","logger":"unusual_prefix_05f7c68866a4b9981d661b83f7c582db0b838856_wiki_monitoring"}
{"timestamp":"2025-06-26T09:51:50.326385","level":"info","event":"-----------edit: {'title': 'Category:Wikipedia requested photographs of actors and filmmakers', 'user': 'Proscribe', 'is_bot': False, 'server_name': 'en.wikipedia.org', 'timestamp': 1750771595}-------------","logger":"unusual_prefix_05f7c68866a4b9981d661b83f7c582db0b838856_wiki_monitoring"}
{"timestamp":"2025-06-26T09:51:50.329898","level":"info","event":"----------------Processing messages: <cimpl.Message object at 0x7fa5708c3140>------------","logger":"unusual_prefix_05f7c68866a4b9981d661b83f7c582db0b838856_wiki_monitoring"}
{"timestamp":"2025-06-26T09:51:50.330042","level":"info","event":"-----------edit: {'title': 'Morning Midas', 'user': 'Roupheinos', 'is_bot': False, 'server_name': 'de.wikipedia.org', 'timestamp': 1750771599}-------------","logger":"unusual_prefix_05f7c68866a4b9981d661b83f7c582db0b838856_wiki_monitoring"}
{"timestamp":"2025-06-26T09:51:50.333163","level":"info","event":"----------------Processing messages: <cimpl.Message object at 0x7fa5708c3cc0>------------","logger":"unusual_prefix_05f7c68866a4b9981d661b83f7c582db0b838856_wiki_monitoring"}
{"timestamp":"2025-06-26T09:51:50.333295","level":"info","event":"-----------edit: {'title': 'Category:Wikipedia requested photographs of people', 'user': 'Proscribe', 'is_bot': False, 'server_name': 'en.wikipedia.org', 'timestamp': 1750771595}-------------","logger":"unusual_prefix_05f7c68866a4b9981d661b83f7c582db0b838856_wiki_monitoring"}
{"timestamp":"2025-06-26T09:51:50.336636","level":"info","event":"----------------Processing messages: <cimpl.Message object at 0x7fa5708c3a40>------------","logger":"unusual_prefix_05f7c68866a4b9981d661b83f7c582db0b838856_wiki_monitoring"}
{"timestamp":"2025-06-26T09:51:50.336770","level":"info","event":"-----------edit: {'title': 'Category:WikiProject Biography articles', 'user': 'Proscribe', 'is_bot': False, 'server_name': 'en.wikipedia.org', 'timestamp': 1750771595}-------------","logger":"unusual_prefix_05f7c68866a4b9981d661b83f7c582db0b838856_wiki_monitoring"}
{"timestamp":"2025-06-26T09:51:50.339979","level":"info","event":"----------------Processing messages: <cimpl.Message object at 0x7fa5708c32c0>------------","logger":"unusual_prefix_05f7c68866a4b9981d661b83f7c582db0b838856_wiki_monitoring"}
{"timestamp":"2025-06-26T09:51:50.340120","level":"info","event":"-----------edit: {'title': 'Category:Start-Class African diaspora articles', 'user': 'Proscribe', 'is_bot': False, 'server_name': 'en.wikipedia.org', 'timestamp': 1750771595}-------------","logger":"unusual_prefix_05f7c68866a4b9981d661b83f7c582db0b838856_wiki_monitoring"}
{"timestamp":"2025-06-26T09:51:50.343133","level":"info","event":"----------------Processing messages: <cimpl.Message object at 0x7fa5708c1f40>------------","logger":"unusual_prefix_05f7c68866a4b9981d661b83f7c582db0b838856_wiki_monitoring"}
{"timestamp":"2025-06-26T09:51:50.343273","level":"info","event":"-----------edit: {'title': 'File:Luis Pérez Pombo, 1925.png', 'user': 'BotMultichillT', 'is_bot': True, 'server_name': 'commons.wikimedia.org', 'timestamp': 1750771600}-------------","logger":"unusual_prefix_05f7c68866a4b9981d661b83f7c582db0b838856_wiki_monitoring"}
{"timestamp":"2025-06-26T09:51:50.346534","level":"info","event":"----------------Processing messages: <cimpl.Message object at 0x7fa5708c2dc0>------------","logger":"unusual_prefix_05f7c68866a4b9981d661b83f7c582db0b838856_wiki_monitoring"}
{"timestamp":"2025-06-26T09:51:50.346665","level":"info","event":"-----------edit: {'title': 'Category:Low-importance African diaspora articles', 'user': 'Proscribe', 'is_bot': False, 'server_name': 'en.wikipedia.org', 'timestamp': 1750771595}-------------","logger":"unusual_prefix_05f7c68866a4b9981d661b83f7c582db0b838856_wiki_monitoring"}
{"timestamp":"2025-06-26T09:51:50.349926","level":"info","event":"----------------Processing messages: <cimpl.Message object at 0x7fa5708c2b40>------------","logger":"unusual_prefix_05f7c68866a4b9981d661b83f7c582db0b838856_wiki_monitoring"}
{"timestamp":"2025-06-26T09:51:50.350063","level":"info","event":"-----------edit: {'title': 'Benutzer:Kawona67/Artikelentwurf Jonathan Vervenne', 'user': 'Nordprinz', 'is_bot': False, 'server_name': 'de.wikipedia.org', 'timestamp': 1750771599}-------------","logger":"unusual_prefix_05f7c68866a4b9981d661b83f7c582db0b838856_wiki_monitoring"}
{"timestamp":"2025-06-26T09:51:50.354836","level":"info","event":"----------------Processing messages: <cimpl.Message object at 0x7fa5708c3f40>------------","logger":"unusual_prefix_05f7c68866a4b9981d661b83f7c582db0b838856_wiki_monitoring"}
{"timestamp":"2025-06-26T09:51:50.355049","level":"info","event":"-----------edit: {'title': 'Category:WikiProject African diaspora articles', 'user': 'Proscribe', 'is_bot': False, 'server_name': 'en.wikipedia.org', 'timestamp': 1750771595}-------------","logger":"unusual_prefix_05f7c68866a4b9981d661b83f7c582db0b838856_wiki_monitoring"}
{"timestamp":"2025-06-26T09:51:50.358209","level":"info","event":"----------------Processing messages: <cimpl.Message object at 0x7fa5708c24c0>------------","logger":"unusual_prefix_05f7c68866a4b9981d661b83f7c582db0b838856_wiki_monitoring"}
{"timestamp":"2025-06-26T09:51:50.358336","level":"info","event":"-----------edit: {'title': 'Category:Files from Gallica', 'user': 'Gzen92Bot', 'is_bot': True, 'server_name': 'commons.wikimedia.org', 'timestamp': 1750771598}-------------","logger":"unusual_prefix_05f7c68866a4b9981d661b83f7c582db0b838856_wiki_monitoring"}
{"timestamp":"2025-06-26T09:51:50.361652","level":"info","event":"----------------Processing messages: <cimpl.Message object at 0x7fa5709002c0>------------","logger":"unusual_prefix_05f7c68866a4b9981d661b83f7c582db0b838856_wiki_monitoring"}
{"timestamp":"2025-06-26T09:51:50.361807","level":"info","event":"-----------edit: {'title': 'Category:Start-Class WikiProject Women articles', 'user': 'Proscribe', 'is_bot': False, 'server_name': 'en.wikipedia.org', 'timestamp': 1750771595}-------------","logger":"unusual_prefix_05f7c68866a4b9981d661b83f7c582db0b838856_wiki_monitoring"}
{"timestamp":"2025-06-26T09:51:50.365477","level":"info","event":"----------------Processing messages: <cimpl.Message object at 0x7fa5709006c0>------------","logger":"unusual_prefix_05f7c68866a4b9981d661b83f7c582db0b838856_wiki_monitoring"}
{"timestamp":"2025-06-26T09:51:50.365610","level":"info","event":"-----------edit: {'title': 'Category:All WikiProject Women-related pages', 'user': 'Proscribe', 'is_bot': False, 'server_name': 'en.wikipedia.org', 'timestamp': 1750771595}-------------","logger":"unusual_prefix_05f7c68866a4b9981d661b83f7c582db0b838856_wiki_monitoring"}
{"timestamp":"2025-06-26T09:51:50.368954","level":"info","event":"----------------Processing messages: <cimpl.Message object at 0x7fa570900bc0>------------","logger":"unusual_prefix_05f7c68866a4b9981d661b83f7c582db0b838856_wiki_monitoring"}
{"timestamp":"2025-06-26T09:51:50.369100","level":"info","event":"-----------edit: {'title': 'Category:WikiProject Women articles', 'user': 'Proscribe', 'is_bot': False, 'server_name': 'en.wikipedia.org', 'timestamp': 1750771595}-------------","logger":"unusual_prefix_05f7c68866a4b9981d661b83f7c582db0b838856_wiki_monitoring"}
{"timestamp":"2025-06-26T09:51:50.372890","level":"info","event":"----------------Processing messages: <cimpl.Message object at 0x7fa5708c24c0>------------","logger":"unusual_prefix_05f7c68866a4b9981d661b83f7c582db0b838856_wiki_monitoring"}
{"timestamp":"2025-06-26T09:51:50.373027","level":"info","event":"-----------edit: {'title': 'Category:Artworks without Wikidata item', 'user': 'Gzen92Bot', 'is_bot': True, 'server_name': 'commons.wikimedia.org', 'timestamp': 1750771598}-------------","logger":"unusual_prefix_05f7c68866a4b9981d661b83f7c582db0b838856_wiki_monitoring"}
{"timestamp":"2025-06-26T09:51:50.375840","level":"info","event":"----------------Processing messages: <cimpl.Message object at 0x7fa5708c3e40>------------","logger":"unusual_prefix_05f7c68866a4b9981d661b83f7c582db0b838856_wiki_monitoring"}
{"timestamp":"2025-06-26T09:51:50.376003","level":"info","event":"-----------edit: {'title': 'Lūi-pia̍t:Webarchive pang-bô͘ wayback liân-kiat', 'user': 'InternetArchiveBot', 'is_bot': True, 'server_name': 'zh-min-nan.wikipedia.org', 'timestamp': 1750771594}-------------","logger":"unusual_prefix_05f7c68866a4b9981d661b83f7c582db0b838856_wiki_monitoring"}
{"timestamp":"2025-06-26T09:51:50.379105","level":"info","event":"----------------Processing messages: <cimpl.Message object at 0x7fa5708c2fc0>------------","logger":"unusual_prefix_05f7c68866a4b9981d661b83f7c582db0b838856_wiki_monitoring"}
{"timestamp":"2025-06-26T09:51:50.379255","level":"info","event":"-----------edit: {'title': 'Category:PD France', 'user': 'Gzen92Bot', 'is_bot': True, 'server_name': 'commons.wikimedia.org', 'timestamp': 1750771598}-------------","logger":"unusual_prefix_05f7c68866a4b9981d661b83f7c582db0b838856_wiki_monitoring"}
{"timestamp":"2025-06-26T09:51:50.382694","level":"info","event":"----------------Processing messages: <cimpl.Message object at 0x7fa5708c2bc0>------------","logger":"unusual_prefix_05f7c68866a4b9981d661b83f7c582db0b838856_wiki_monitoring"}
{"timestamp":"2025-06-26T09:51:50.382818","level":"info","event":"-----------edit: {'title': 'Lūi-pia̍t:Internet Archive pang-bô͘', 'user': 'InternetArchiveBot', 'is_bot': True, 'server_name': 'zh-min-nan.wikipedia.org', 'timestamp': 1750771594}-------------","logger":"unusual_prefix_05f7c68866a4b9981d661b83f7c582db0b838856_wiki_monitoring"}
{"timestamp":"2025-06-26T09:51:50.387030","level":"info","event":"----------------Processing messages: <cimpl.Message object at 0x7fa5708c2c40>------------","logger":"unusual_prefix_05f7c68866a4b9981d661b83f7c582db0b838856_wiki_monitoring"}
{"timestamp":"2025-06-26T09:51:50.387212","level":"info","event":"-----------edit: {'title': 'Category:PD-old missing SDC copyright status', 'user': 'Gzen92Bot', 'is_bot': True, 'server_name': 'commons.wikimedia.org', 'timestamp': 1750771598}-------------","logger":"unusual_prefix_05f7c68866a4b9981d661b83f7c582db0b838856_wiki_monitoring"}
{"timestamp":"2025-06-26T09:51:50.392899","level":"info","event":"----------------Processing messages: <cimpl.Message object at 0x7fa5708c31c0>------------","logger":"unusual_prefix_05f7c68866a4b9981d661b83f7c582db0b838856_wiki_monitoring"}
{"timestamp":"2025-06-26T09:51:50.393170","level":"info","event":"-----------edit: {'title': 'Q414748', 'user': 'Logjohn', 'is_bot': False, 'server_name': 'www.wikidata.org', 'timestamp': 1750771600}-------------","logger":"unusual_prefix_05f7c68866a4b9981d661b83f7c582db0b838856_wiki_monitoring"}
{"timestamp":"2025-06-26T09:51:50.397287","level":"info","event":"----------------Processing messages: <cimpl.Message object at 0x7fa5708c33c0>------------","logger":"unusual_prefix_05f7c68866a4b9981d661b83f7c582db0b838856_wiki_monitoring"}
{"timestamp":"2025-06-26T09:51:50.397506","level":"info","event":"-----------edit: {'title': 'Category:WikiProject Women in Red articles not associated with a meetup', 'user': 'Proscribe', 'is_bot': False, 'server_name': 'en.wikipedia.org', 'timestamp': 1750771595}-------------","logger":"unusual_prefix_05f7c68866a4b9981d661b83f7c582db0b838856_wiki_monitoring"}
{"timestamp":"2025-06-26T09:51:50.403619","level":"info","event":"----------------Processing messages: <cimpl.Message object at 0x7fa5708c3040>------------","logger":"unusual_prefix_05f7c68866a4b9981d661b83f7c582db0b838856_wiki_monitoring"}
{"timestamp":"2025-06-26T09:51:50.403871","level":"info","event":"-----------edit: {'title': 'Category:CC-PD-Mark', 'user': 'Gzen92Bot', 'is_bot': True, 'server_name': 'commons.wikimedia.org', 'timestamp': 1750771598}-------------","logger":"unusual_prefix_05f7c68866a4b9981d661b83f7c582db0b838856_wiki_monitoring"}
{"timestamp":"2025-06-26T09:51:50.408292","level":"info","event":"----------------Processing messages: <cimpl.Message object at 0x7fa5708c3240>------------","logger":"unusual_prefix_05f7c68866a4b9981d661b83f7c582db0b838856_wiki_monitoring"}
{"timestamp":"2025-06-26T09:51:50.408455","level":"info","event":"-----------edit: {'title': 'Category:All WikiProject Women in Red pages', 'user': 'Proscribe', 'is_bot': False, 'server_name': 'en.wikipedia.org', 'timestamp': 1750771595}-------------","logger":"unusual_prefix_05f7c68866a4b9981d661b83f7c582db0b838856_wiki_monitoring"}
{"timestamp":"2025-06-26T09:51:50.412978","level":"info","event":"----------------Processing messages: <cimpl.Message object at 0x7fa5708c36c0>------------","logger":"unusual_prefix_05f7c68866a4b9981d661b83f7c582db0b838856_wiki_monitoring"}
{"timestamp":"2025-06-26T09:51:50.413288","level":"info","event":"-----------edit: {'title': 'Category:Edgar Boutry', 'user': 'Totorvdr59', 'is_bot': False, 'server_name': 'commons.wikimedia.org', 'timestamp': 1750771598}-------------","logger":"unusual_prefix_05f7c68866a4b9981d661b83f7c582db0b838856_wiki_monitoring"}
{"timestamp":"2025-06-26T09:51:50.417681","level":"info","event":"----------------Processing messages: <cimpl.Message object at 0x7fa570900bc0>------------","logger":"unusual_prefix_05f7c68866a4b9981d661b83f7c582db0b838856_wiki_monitoring"}
{"timestamp":"2025-06-26T09:51:50.417917","level":"info","event":"-----------edit: {'title': 'Category:PD-old-100-expired', 'user': 'Gzen92Bot', 'is_bot': True, 'server_name': 'commons.wikimedia.org', 'timestamp': 1750771598}-------------","logger":"unusual_prefix_05f7c68866a4b9981d661b83f7c582db0b838856_wiki_monitoring"}
{"timestamp":"2025-06-26T09:51:50.422167","level":"info","event":"----------------Processing messages: <cimpl.Message object at 0x7fa570900840>------------","logger":"unusual_prefix_05f7c68866a4b9981d661b83f7c582db0b838856_wiki_monitoring"}
{"timestamp":"2025-06-26T09:51:50.422303","level":"info","event":"-----------edit: {'title': 'Category:PD US expired', 'user': 'Gzen92Bot', 'is_bot': True, 'server_name': 'commons.wikimedia.org', 'timestamp': 1750771598}-------------","logger":"unusual_prefix_05f7c68866a4b9981d661b83f7c582db0b838856_wiki_monitoring"}
{"timestamp":"2025-06-26T09:51:50.426436","level":"info","event":"----------------Processing messages: <cimpl.Message object at 0x7fa570900740>------------","logger":"unusual_prefix_05f7c68866a4b9981d661b83f7c582db0b838856_wiki_monitoring"}
{"timestamp":"2025-06-26T09:51:50.426592","level":"info","event":"-----------edit: {'title': \"2025 IHF Men's U21 Handball World Championship\", 'user': 'Kante4', 'is_bot': False, 'server_name': 'en.wikipedia.org', 'timestamp': 1750771595}-------------","logger":"unusual_prefix_05f7c68866a4b9981d661b83f7c582db0b838856_wiki_monitoring"}
{"timestamp":"2025-06-26T09:51:50.431414","level":"info","event":"----------------Processing messages: <cimpl.Message object at 0x7fa5708c37c0>------------","logger":"unusual_prefix_05f7c68866a4b9981d661b83f7c582db0b838856_wiki_monitoring"}
{"timestamp":"2025-06-26T09:51:50.431587","level":"info","event":"-----------edit: {'title': 'Wikipedia:Bot requests/topic list', 'user': 'Cewbot', 'is_bot': True, 'server_name': 'en.wikipedia.org', 'timestamp': 1750771600}-------------","logger":"unusual_prefix_05f7c68866a4b9981d661b83f7c582db0b838856_wiki_monitoring"}
{"timestamp":"2025-06-26T09:51:50.435404","level":"info","event":"----------------Processing messages: <cimpl.Message object at 0x7fa5708c38c0>------------","logger":"unusual_prefix_05f7c68866a4b9981d661b83f7c582db0b838856_wiki_monitoring"}
{"timestamp":"2025-06-26T09:51:50.435556","level":"info","event":"-----------edit: {'title': 'Category:PD-US missing SDC copyright status', 'user': 'Gzen92Bot', 'is_bot': True, 'server_name': 'commons.wikimedia.org', 'timestamp': 1750771598}-------------","logger":"unusual_prefix_05f7c68866a4b9981d661b83f7c582db0b838856_wiki_monitoring"}
{"timestamp":"2025-06-26T09:51:50.439546","level":"info","event":"----------------Processing messages: <cimpl.Message object at 0x7fa5708c3640>------------","logger":"unusual_prefix_05f7c68866a4b9981d661b83f7c582db0b838856_wiki_monitoring"}
{"timestamp":"2025-06-26T09:51:50.439697","level":"info","event":"-----------edit: {'title': 'Category:Sheet music from Gallica (Bibliothèque nationale de France) uploaded by Gzen92Bot', 'user': 'Gzen92Bot', 'is_bot': True, 'server_name': 'commons.wikimedia.org', 'timestamp': 1750771598}-------------","logger":"unusual_prefix_05f7c68866a4b9981d661b83f7c582db0b838856_wiki_monitoring"}
{"timestamp":"2025-06-26T09:51:50.443578","level":"info","event":"----------------Processing messages: <cimpl.Message object at 0x7fa5708c27c0>------------","logger":"unusual_prefix_05f7c68866a4b9981d661b83f7c582db0b838856_wiki_monitoring"}
{"timestamp":"2025-06-26T09:51:50.443716","level":"info","event":"-----------edit: {'title': 'Category:La Clef des chansonniers ou Recueil des Vaudevilles depuis cent ans et plus, notez et recueillis pour la première fois par J. B. Christophe Ballard... Tome I - bpt6k3261425', 'user': 'Gzen92Bot', 'is_bot': True, 'server_name': 'commons.wikimedia.org', 'timestamp': 1750771598}-------------","logger":"unusual_prefix_05f7c68866a4b9981d661b83f7c582db0b838856_wiki_monitoring"}
{"timestamp":"2025-06-26T09:51:50.448070","level":"info","event":"----------------Processing messages: <cimpl.Message object at 0x7fa5708c3140>------------","logger":"unusual_prefix_05f7c68866a4b9981d661b83f7c582db0b838856_wiki_monitoring"}
{"timestamp":"2025-06-26T09:51:50.448326","level":"info","event":"-----------edit: {'title': 'Category:Reflistで3列を指定しているページ', 'user': 'Mister0124', 'is_bot': False, 'server_name': 'ja.wikipedia.org', 'timestamp': 1750771596}-------------","logger":"unusual_prefix_05f7c68866a4b9981d661b83f7c582db0b838856_wiki_monitoring"}
{"timestamp":"2025-06-26T09:51:50.452267","level":"info","event":"----------------Processing messages: <cimpl.Message object at 0x7fa5708c3e40>------------","logger":"unusual_prefix_05f7c68866a4b9981d661b83f7c582db0b838856_wiki_monitoring"}
{"timestamp":"2025-06-26T09:51:50.452428","level":"info","event":"-----------edit: {'title': 'Central Brahui Range', 'user': 'Sir Calculus', 'is_bot': False, 'server_name': 'en.wikipedia.org', 'timestamp': 1750771599}-------------","logger":"unusual_prefix_05f7c68866a4b9981d661b83f7c582db0b838856_wiki_monitoring"}
{"timestamp":"2025-06-26T09:51:50.456780","level":"info","event":"----------------Processing messages: <cimpl.Message object at 0x7fa5708c3a40>------------","logger":"unusual_prefix_05f7c68866a4b9981d661b83f7c582db0b838856_wiki_monitoring"}
{"timestamp":"2025-06-26T09:51:50.457037","level":"info","event":"-----------edit: {'title': 'ইগনাসিও মিরামোন', 'user': 'Waraka Saki', 'is_bot': False, 'server_name': 'bn.wikipedia.org', 'timestamp': 1750771599}-------------","logger":"unusual_prefix_05f7c68866a4b9981d661b83f7c582db0b838856_wiki_monitoring"}
{"timestamp":"2025-06-26T09:51:50.461104","level":"info","event":"----------------Processing messages: <cimpl.Message object at 0x7fa5708c32c0>------------","logger":"unusual_prefix_05f7c68866a4b9981d661b83f7c582db0b838856_wiki_monitoring"}
{"timestamp":"2025-06-26T09:51:50.461257","level":"info","event":"-----------edit: {'title': 'Utilisateur:37.61.113.216', 'user': 'Ariel Provost', 'is_bot': False, 'server_name': 'fr.wikipedia.org', 'timestamp': 1750771601}-------------","logger":"unusual_prefix_05f7c68866a4b9981d661b83f7c582db0b838856_wiki_monitoring"}
{"timestamp":"2025-06-26T09:51:50.466073","level":"info","event":"----------------Processing messages: <cimpl.Message object at 0x7fa5708c1f40>------------","logger":"unusual_prefix_05f7c68866a4b9981d661b83f7c582db0b838856_wiki_monitoring"}
{"timestamp":"2025-06-26T09:51:50.466360","level":"info","event":"-----------edit: {'title': 'Q123407349', 'user': 'Florentyna', 'is_bot': False, 'server_name': 'www.wikidata.org', 'timestamp': 1750771601}-------------","logger":"unusual_prefix_05f7c68866a4b9981d661b83f7c582db0b838856_wiki_monitoring"}
{"timestamp":"2025-06-26T09:51:50.470944","level":"info","event":"----------------Processing messages: <cimpl.Message object at 0x7fa5708c39c0>------------","logger":"unusual_prefix_05f7c68866a4b9981d661b83f7c582db0b838856_wiki_monitoring"}
{"timestamp":"2025-06-26T09:51:50.471159","level":"info","event":"-----------edit: {'title': 'Q5146094', 'user': '83.61.242.133', 'is_bot': False, 'server_name': 'www.wikidata.org', 'timestamp': 1750771601}-------------","logger":"unusual_prefix_05f7c68866a4b9981d661b83f7c582db0b838856_wiki_monitoring"}
{"timestamp":"2025-06-26T09:51:50.475513","level":"info","event":"----------------Processing messages: <cimpl.Message object at 0x7fa570900bc0>------------","logger":"unusual_prefix_05f7c68866a4b9981d661b83f7c582db0b838856_wiki_monitoring"}
{"timestamp":"2025-06-26T09:51:50.475709","level":"info","event":"-----------edit: {'title': 'Q414748', 'user': 'Logjohn', 'is_bot': False, 'server_name': 'www.wikidata.org', 'timestamp': 1750771601}-------------","logger":"unusual_prefix_05f7c68866a4b9981d661b83f7c582db0b838856_wiki_monitoring"}
{"timestamp":"2025-06-26T09:51:50.480034","level":"info","event":"----------------Processing messages: <cimpl.Message object at 0x7fa5709000c0>------------","logger":"unusual_prefix_05f7c68866a4b9981d661b83f7c582db0b838856_wiki_monitoring"}
{"timestamp":"2025-06-26T09:51:50.480296","level":"info","event":"-----------edit: {'title': 'Sensor', 'user': '2A02:8109:9CA2:A700:399C:E593:42F8:C165', 'is_bot': False, 'server_name': 'en.wikipedia.org', 'timestamp': 1750771599}-------------","logger":"unusual_prefix_05f7c68866a4b9981d661b83f7c582db0b838856_wiki_monitoring"}
{"timestamp":"2025-06-26T09:51:50.484698","level":"info","event":"----------------Processing messages: <cimpl.Message object at 0x7fa570900ac0>------------","logger":"unusual_prefix_05f7c68866a4b9981d661b83f7c582db0b838856_wiki_monitoring"}
{"timestamp":"2025-06-26T09:51:50.484894","level":"info","event":"-----------edit: {'title': 'User talk:2001:4DD1:6BF2:0:A4CD:2A11:903C:A79D', 'user': '185.113.97.247', 'is_bot': False, 'server_name': 'en.wikipedia.org', 'timestamp': 1750771601}-------------","logger":"unusual_prefix_05f7c68866a4b9981d661b83f7c582db0b838856_wiki_monitoring"}
{"timestamp":"2025-06-26T09:51:50.488868","level":"info","event":"----------------Processing messages: <cimpl.Message object at 0x7fa5708c32c0>------------","logger":"unusual_prefix_05f7c68866a4b9981d661b83f7c582db0b838856_wiki_monitoring"}
{"timestamp":"2025-06-26T09:51:50.489030","level":"info","event":"-----------edit: {'title': 'Q2415950', 'user': 'Kbseah', 'is_bot': False, 'server_name': 'www.wikidata.org', 'timestamp': 1750771601}-------------","logger":"unusual_prefix_05f7c68866a4b9981d661b83f7c582db0b838856_wiki_monitoring"}
{"timestamp":"2025-06-26T09:51:50.492656","level":"info","event":"----------------Processing messages: <cimpl.Message object at 0x7fa5708c2b40>------------","logger":"unusual_prefix_05f7c68866a4b9981d661b83f7c582db0b838856_wiki_monitoring"}
{"timestamp":"2025-06-26T09:51:50.492903","level":"info","event":"-----------edit: {'title': 'تصنيف:صفحات تستخدم امتداد JsonConfig', 'user': 'MenoBot', 'is_bot': True, 'server_name': 'ar.wikipedia.org', 'timestamp': 1750771591}-------------","logger":"unusual_prefix_05f7c68866a4b9981d661b83f7c582db0b838856_wiki_monitoring"}
{"timestamp":"2025-06-26T09:51:50.496890","level":"info","event":"----------------Processing messages: <cimpl.Message object at 0x7fa5708c2ac0>------------","logger":"unusual_prefix_05f7c68866a4b9981d661b83f7c582db0b838856_wiki_monitoring"}
{"timestamp":"2025-06-26T09:51:50.497034","level":"info","event":"-----------edit: {'title': 'User talk:2001:4DD1:6BF2:0:A4CD:2A11:903C:A79D', 'user': '185.113.97.247', 'is_bot': False, 'server_name': 'en.wikipedia.org', 'timestamp': 1750771601}-------------","logger":"unusual_prefix_05f7c68866a4b9981d661b83f7c582db0b838856_wiki_monitoring"}
{"timestamp":"2025-06-26T09:51:50.500662","level":"info","event":"----------------Processing messages: <cimpl.Message object at 0x7fa5708c3840>------------","logger":"unusual_prefix_05f7c68866a4b9981d661b83f7c582db0b838856_wiki_monitoring"}
{"timestamp":"2025-06-26T09:51:50.500871","level":"info","event":"-----------edit: {'title': 'Q4924529', 'user': 'Kbseah', 'is_bot': False, 'server_name': 'www.wikidata.org', 'timestamp': 1750771601}-------------","logger":"unusual_prefix_05f7c68866a4b9981d661b83f7c582db0b838856_wiki_monitoring"}
{"timestamp":"2025-06-26T09:51:50.505049","level":"info","event":"----------------Processing messages: <cimpl.Message object at 0x7fa5708c3340>------------","logger":"unusual_prefix_05f7c68866a4b9981d661b83f7c582db0b838856_wiki_monitoring"}
{"timestamp":"2025-06-26T09:51:50.505288","level":"info","event":"-----------edit: {'title': 'Q135064465', 'user': 'MmaBaggio', 'is_bot': False, 'server_name': 'www.wikidata.org', 'timestamp': 1750771601}-------------","logger":"unusual_prefix_05f7c68866a4b9981d661b83f7c582db0b838856_wiki_monitoring"}
{"timestamp":"2025-06-26T09:51:50.509961","level":"info","event":"----------------Processing messages: <cimpl.Message object at 0x7fa5708c3b40>------------","logger":"unusual_prefix_05f7c68866a4b9981d661b83f7c582db0b838856_wiki_monitoring"}
{"timestamp":"2025-06-26T09:51:50.510164","level":"info","event":"-----------edit: {'title': 'File:Illusion, poème en 9 chants de Jean Lahor - bpt6k885554q (19 of 60).jpg', 'user': 'Gzen92Bot', 'is_bot': True, 'server_name': 'commons.wikimedia.org', 'timestamp': 1750771599}-------------","logger":"unusual_prefix_05f7c68866a4b9981d661b83f7c582db0b838856_wiki_monitoring"}
{"timestamp":"2025-06-26T09:51:50.514713","level":"info","event":"----------------Processing messages: <cimpl.Message object at 0x7fa5708c3940>------------","logger":"unusual_prefix_05f7c68866a4b9981d661b83f7c582db0b838856_wiki_monitoring"}
{"timestamp":"2025-06-26T09:51:50.514889","level":"info","event":"-----------edit: {'title': 'אליעד שרגא', 'user': 'יודוקוליס', 'is_bot': False, 'server_name': 'he.wikipedia.org', 'timestamp': 1750771601}-------------","logger":"unusual_prefix_05f7c68866a4b9981d661b83f7c582db0b838856_wiki_monitoring"}
{"timestamp":"2025-06-26T09:51:50.519710","level":"info","event":"----------------Processing messages: <cimpl.Message object at 0x7fa5708c31c0>------------","logger":"unusual_prefix_05f7c68866a4b9981d661b83f7c582db0b838856_wiki_monitoring"}
{"timestamp":"2025-06-26T09:51:50.519944","level":"info","event":"-----------edit: {'title': 'Q414748', 'user': 'Logjohn', 'is_bot': False, 'server_name': 'www.wikidata.org', 'timestamp': 1750771601}-------------","logger":"unusual_prefix_05f7c68866a4b9981d661b83f7c582db0b838856_wiki_monitoring"}
{"timestamp":"2025-06-26T09:51:50.524911","level":"info","event":"----------------Processing messages: <cimpl.Message object at 0x7fa5708c3540>------------","logger":"unusual_prefix_05f7c68866a4b9981d661b83f7c582db0b838856_wiki_monitoring"}
{"timestamp":"2025-06-26T09:51:50.525117","level":"info","event":"-----------edit: {'title': 'Johannes Paulus II', 'user': 'Katlinke', 'is_bot': False, 'server_name': 'sv.wikipedia.org', 'timestamp': 1750771598}-------------","logger":"unusual_prefix_05f7c68866a4b9981d661b83f7c582db0b838856_wiki_monitoring"}
{"timestamp":"2025-06-26T09:51:50.530028","level":"info","event":"----------------Processing messages: <cimpl.Message object at 0x7fa5708c3240>------------","logger":"unusual_prefix_05f7c68866a4b9981d661b83f7c582db0b838856_wiki_monitoring"}
{"timestamp":"2025-06-26T09:51:50.530260","level":"info","event":"-----------edit: {'title': 'جنگ\\u200cهای یهود و روم', 'user': 'MohsenAkbarnejad', 'is_bot': False, 'server_name': 'fa.wikipedia.org', 'timestamp': 1750771598}-------------","logger":"unusual_prefix_05f7c68866a4b9981d661b83f7c582db0b838856_wiki_monitoring"}
{"timestamp":"2025-06-26T09:51:50.536343","level":"info","event":"----------------Processing messages: <cimpl.Message object at 0x7fa570900ac0>------------","logger":"unusual_prefix_05f7c68866a4b9981d661b83f7c582db0b838856_wiki_monitoring"}
{"timestamp":"2025-06-26T09:51:50.536576","level":"info","event":"-----------edit: {'title': 'Q868595', 'user': 'Florentyna', 'is_bot': False, 'server_name': 'www.wikidata.org', 'timestamp': 1750771601}-------------","logger":"unusual_prefix_05f7c68866a4b9981d661b83f7c582db0b838856_wiki_monitoring"}
{"timestamp":"2025-06-26T09:51:50.542799","level":"info","event":"----------------Processing messages: <cimpl.Message object at 0x7fa5709000c0>------------","logger":"unusual_prefix_05f7c68866a4b9981d661b83f7c582db0b838856_wiki_monitoring"}
{"timestamp":"2025-06-26T09:51:50.543033","level":"info","event":"-----------edit: {'title': 'Property:P642', 'user': 'Desoda', 'is_bot': False, 'server_name': 'www.wikidata.org', 'timestamp': 1750771601}-------------","logger":"unusual_prefix_05f7c68866a4b9981d661b83f7c582db0b838856_wiki_monitoring"}
{"timestamp":"2025-06-26T09:51:50.549427","level":"info","event":"----------------Processing messages: <cimpl.Message object at 0x7fa5709004c0>------------","logger":"unusual_prefix_05f7c68866a4b9981d661b83f7c582db0b838856_wiki_monitoring"}
{"timestamp":"2025-06-26T09:51:50.549670","level":"info","event":"-----------edit: {'title': 'Q414748', 'user': 'Logjohn', 'is_bot': False, 'server_name': 'www.wikidata.org', 'timestamp': 1750771602}-------------","logger":"unusual_prefix_05f7c68866a4b9981d661b83f7c582db0b838856_wiki_monitoring"}
{"timestamp":"2025-06-26T09:51:50.555575","level":"info","event":"----------------Processing messages: <cimpl.Message object at 0x7fa5708c3ac0>------------","logger":"unusual_prefix_05f7c68866a4b9981d661b83f7c582db0b838856_wiki_monitoring"}
{"timestamp":"2025-06-26T09:51:50.555806","level":"info","event":"-----------edit: {'title': 'Q135064522', 'user': 'Чаховіч Уладзіслаў', 'is_bot': False, 'server_name': 'www.wikidata.org', 'timestamp': 1750771601}-------------","logger":"unusual_prefix_05f7c68866a4b9981d661b83f7c582db0b838856_wiki_monitoring"}
{"timestamp":"2025-06-26T09:51:50.560634","level":"info","event":"----------------Processing messages: <cimpl.Message object at 0x7fa5708c34c0>------------","logger":"unusual_prefix_05f7c68866a4b9981d661b83f7c582db0b838856_wiki_monitoring"}
{"timestamp":"2025-06-26T09:51:50.560874","level":"info","event":"-----------edit: {'title': 'Категория:ПРО:ГЕО:Последняя правка: в текущем месяце', 'user': 'KristinaKovalenko', 'is_bot': False, 'server_name': 'ru.wikipedia.org', 'timestamp': 1750771597}-------------","logger":"unusual_prefix_05f7c68866a4b9981d661b83f7c582db0b838856_wiki_monitoring"}
{"timestamp":"2025-06-26T09:51:50.565100","level":"info","event":"----------------Processing messages: <cimpl.Message object at 0x7fa5708c37c0>------------","logger":"unusual_prefix_05f7c68866a4b9981d661b83f7c582db0b838856_wiki_monitoring"}
{"timestamp":"2025-06-26T09:51:50.565241","level":"info","event":"-----------edit: {'title': 'Q5146094', 'user': '83.61.242.133', 'is_bot': False, 'server_name': 'www.wikidata.org', 'timestamp': 1750771602}-------------","logger":"unusual_prefix_05f7c68866a4b9981d661b83f7c582db0b838856_wiki_monitoring"}
{"timestamp":"2025-06-26T09:51:50.569608","level":"info","event":"----------------Processing messages: <cimpl.Message object at 0x7fa5708c38c0>------------","logger":"unusual_prefix_05f7c68866a4b9981d661b83f7c582db0b838856_wiki_monitoring"}
{"timestamp":"2025-06-26T09:51:50.569842","level":"info","event":"-----------edit: {'title': 'Категория:ПРО:ГЕО:Последняя правка: в текущем году', 'user': 'KristinaKovalenko', 'is_bot': False, 'server_name': 'ru.wikipedia.org', 'timestamp': 1750771597}-------------","logger":"unusual_prefix_05f7c68866a4b9981d661b83f7c582db0b838856_wiki_monitoring"}
{"timestamp":"2025-06-26T09:51:50.574415","level":"info","event":"----------------Processing messages: <cimpl.Message object at 0x7fa5708c3640>------------","logger":"unusual_prefix_05f7c68866a4b9981d661b83f7c582db0b838856_wiki_monitoring"}
{"timestamp":"2025-06-26T09:51:50.574557","level":"info","event":"-----------edit: {'title': 'File:Childs-Irving Hydroelectric Facilities power lines.jpg', 'user': '87.128.77.121', 'is_bot': False, 'server_name': 'commons.wikimedia.org', 'timestamp': 1750771601}-------------","logger":"unusual_prefix_05f7c68866a4b9981d661b83f7c582db0b838856_wiki_monitoring"}
{"timestamp":"2025-06-26T09:51:50.578303","level":"info","event":"----------------Processing messages: <cimpl.Message object at 0x7fa5708c1fc0>------------","logger":"unusual_prefix_05f7c68866a4b9981d661b83f7c582db0b838856_wiki_monitoring"}
{"timestamp":"2025-06-26T09:51:50.578462","level":"info","event":"-----------edit: {'title': 'Q5146094', 'user': '83.61.242.133', 'is_bot': False, 'server_name': 'www.wikidata.org', 'timestamp': 1750771602}-------------","logger":"unusual_prefix_05f7c68866a4b9981d661b83f7c582db0b838856_wiki_monitoring"}
{"timestamp":"2025-06-26T09:51:50.582323","level":"info","event":"----------------Processing messages: <cimpl.Message object at 0x7fa5708c27c0>------------","logger":"unusual_prefix_05f7c68866a4b9981d661b83f7c582db0b838856_wiki_monitoring"}
{"timestamp":"2025-06-26T09:51:50.582522","level":"info","event":"-----------edit: {'title': 'Michael Collins (Politiker, 1940)', 'user': 'Invisigoth67', 'is_bot': False, 'server_name': 'de.wikipedia.org', 'timestamp': 1750771601}-------------","logger":"unusual_prefix_05f7c68866a4b9981d661b83f7c582db0b838856_wiki_monitoring"}
{"timestamp":"2025-06-26T09:51:50.587267","level":"info","event":"----------------Processing messages: <cimpl.Message object at 0x7fa5708c3bc0>------------","logger":"unusual_prefix_05f7c68866a4b9981d661b83f7c582db0b838856_wiki_monitoring"}
{"timestamp":"2025-06-26T09:51:50.587537","level":"info","event":"-----------edit: {'title': 'Category:Stadtprozelten', 'user': 'Triplec85', 'is_bot': False, 'server_name': 'commons.wikimedia.org', 'timestamp': 1750771601}-------------","logger":"unusual_prefix_05f7c68866a4b9981d661b83f7c582db0b838856_wiki_monitoring"}
{"timestamp":"2025-06-26T09:51:50.592309","level":"info","event":"----------------Processing messages: <cimpl.Message object at 0x7fa5708c1f40>------------","logger":"unusual_prefix_05f7c68866a4b9981d661b83f7c582db0b838856_wiki_monitoring"}
{"timestamp":"2025-06-26T09:51:50.592467","level":"info","event":"-----------edit: {'title': 'Q414748', 'user': 'Logjohn', 'is_bot': False, 'server_name': 'www.wikidata.org', 'timestamp': 1750771602}-------------","logger":"unusual_prefix_05f7c68866a4b9981d661b83f7c582db0b838856_wiki_monitoring"}
{"timestamp":"2025-06-26T09:51:50.596715","level":"info","event":"----------------Processing messages: <cimpl.Message object at 0x7fa570900ac0>------------","logger":"unusual_prefix_05f7c68866a4b9981d661b83f7c582db0b838856_wiki_monitoring"}
{"timestamp":"2025-06-26T09:51:50.596898","level":"info","event":"-----------edit: {'title': 'Category:Files from Gallica', 'user': 'Gzen92Bot', 'is_bot': True, 'server_name': 'commons.wikimedia.org', 'timestamp': 1750771600}-------------","logger":"unusual_prefix_05f7c68866a4b9981d661b83f7c582db0b838856_wiki_monitoring"}
{"timestamp":"2025-06-26T09:51:50.600941","level":"info","event":"----------------Processing messages: <cimpl.Message object at 0x7fa570900840>------------","logger":"unusual_prefix_05f7c68866a4b9981d661b83f7c582db0b838856_wiki_monitoring"}
{"timestamp":"2025-06-26T09:51:50.601134","level":"info","event":"-----------edit: {'title': 'File:OJ L 68 of 2018 - EN English.pdf', 'user': 'EUResourcesBot', 'is_bot': True, 'server_name': 'commons.wikimedia.org', 'timestamp': 1750771601}-------------","logger":"unusual_prefix_05f7c68866a4b9981d661b83f7c582db0b838856_wiki_monitoring"}
{"timestamp":"2025-06-26T09:51:50.604876","level":"info","event":"----------------Processing messages: <cimpl.Message object at 0x7fa5709002c0>------------","logger":"unusual_prefix_05f7c68866a4b9981d661b83f7c582db0b838856_wiki_monitoring"}
{"timestamp":"2025-06-26T09:51:50.605014","level":"info","event":"-----------edit: {'title': 'Category:Artworks without Wikidata item', 'user': 'Gzen92Bot', 'is_bot': True, 'server_name': 'commons.wikimedia.org', 'timestamp': 1750771600}-------------","logger":"unusual_prefix_05f7c68866a4b9981d661b83f7c582db0b838856_wiki_monitoring"}
{"timestamp":"2025-06-26T09:51:50.608702","level":"info","event":"----------------Processing messages: <cimpl.Message object at 0x7fa5709008c0>------------","logger":"unusual_prefix_05f7c68866a4b9981d661b83f7c582db0b838856_wiki_monitoring"}
{"timestamp":"2025-06-26T09:51:50.608857","level":"info","event":"-----------edit: {'title': 'Talk:Nazareth', 'user': 'Charliehdb', 'is_bot': False, 'server_name': 'en.wikipedia.org', 'timestamp': 1750771603}-------------","logger":"unusual_prefix_05f7c68866a4b9981d661b83f7c582db0b838856_wiki_monitoring"}
{"timestamp":"2025-06-26T09:51:50.613406","level":"info","event":"----------------Processing messages: <cimpl.Message object at 0x7fa5708c3e40>------------","logger":"unusual_prefix_05f7c68866a4b9981d661b83f7c582db0b838856_wiki_monitoring"}
{"timestamp":"2025-06-26T09:51:50.613637","level":"info","event":"-----------edit: {'title': 'Category:PD France', 'user': 'Gzen92Bot', 'is_bot': True, 'server_name': 'commons.wikimedia.org', 'timestamp': 1750771600}-------------","logger":"unusual_prefix_05f7c68866a4b9981d661b83f7c582db0b838856_wiki_monitoring"}
{"timestamp":"2025-06-26T09:51:50.618597","level":"info","event":"----------------Processing messages: <cimpl.Message object at 0x7fa5708c3ec0>------------","logger":"unusual_prefix_05f7c68866a4b9981d661b83f7c582db0b838856_wiki_monitoring"}
{"timestamp":"2025-06-26T09:51:50.618833","level":"info","event":"-----------edit: {'title': 'إنجوي فينيكس', 'user': 'MenoBot', 'is_bot': True, 'server_name': 'ar.wikipedia.org', 'timestamp': 1750771600}-------------","logger":"unusual_prefix_05f7c68866a4b9981d661b83f7c582db0b838856_wiki_monitoring"}
{"timestamp":"2025-06-26T09:51:50.628257","level":"info","event":"Done. Returned value was: None","logger":"airflow.task.operators.airflow.providers.standard.operators.python.PythonOperator"}
