{"timestamp":"2025-06-24T07:49:54.734781","level":"info","event":"DAG bundles loaded: dags-folder","logger":"airflow.dag_processing.bundles.manager.DagBundlesManager"}
{"timestamp":"2025-06-24T07:49:54.735209","level":"info","event":"Filling up the DagBag from /opt/airflow/dags/wiki_monitoring.py","logger":"airflow.models.dagbag.DagBag"}
{"timestamp":"2025-06-24T07:49:54.876491","level":"info","event":"Topic wiki_edits already exists","logger":"unusual_prefix_05f7c68866a4b9981d661b83f7c582db0b838856_wiki_monitoring"}
{"timestamp":"2025-06-24T07:49:54.876572","level":"info","event":"---------------topic metadata created------------------","logger":"unusual_prefix_05f7c68866a4b9981d661b83f7c582db0b838856_wiki_monitoring"}
{"timestamp":"2025-06-24T07:49:58.035605","level":"info","event":"----------------Processing messages: <cimpl.Message object at 0x78e1ecd3ae40>------------","logger":"unusual_prefix_05f7c68866a4b9981d661b83f7c582db0b838856_wiki_monitoring"}
{"timestamp":"2025-06-24T07:49:58.035804","level":"info","event":"-----------edit: {'title': 'Category:Dutch pronunciation', 'user': 'Marcel coenders', 'is_bot': False, 'server_name': 'commons.wikimedia.org', 'timestamp': 1750749200}-------------","logger":"unusual_prefix_05f7c68866a4b9981d661b83f7c582db0b838856_wiki_monitoring"}
{"timestamp":"2025-06-24T07:49:58.042113","level":"info","event":"----------------Processing messages: <cimpl.Message object at 0x78e1ecd3b9c0>------------","logger":"unusual_prefix_05f7c68866a4b9981d661b83f7c582db0b838856_wiki_monitoring"}
{"timestamp":"2025-06-24T07:49:58.042264","level":"info","event":"-----------edit: {'title': 'Category:Male Dutch pronunciation', 'user': 'Marcel coenders', 'is_bot': False, 'server_name': 'commons.wikimedia.org', 'timestamp': 1750749200}-------------","logger":"unusual_prefix_05f7c68866a4b9981d661b83f7c582db0b838856_wiki_monitoring"}
{"timestamp":"2025-06-24T07:49:58.045737","level":"info","event":"----------------Processing messages: <cimpl.Message object at 0x78e1ecd3bcc0>------------","logger":"unusual_prefix_05f7c68866a4b9981d661b83f7c582db0b838856_wiki_monitoring"}
{"timestamp":"2025-06-24T07:49:58.045876","level":"info","event":"-----------edit: {'title': 'digitiser', 'user': 'Octahedron80', 'is_bot': False, 'server_name': 'th.wiktionary.org', 'timestamp': 1750749200}-------------","logger":"unusual_prefix_05f7c68866a4b9981d661b83f7c582db0b838856_wiki_monitoring"}
{"timestamp":"2025-06-24T07:49:58.049301","level":"info","event":"----------------Processing messages: <cimpl.Message object at 0x78e1ecd3bec0>------------","logger":"unusual_prefix_05f7c68866a4b9981d661b83f7c582db0b838856_wiki_monitoring"}
{"timestamp":"2025-06-24T07:49:58.049431","level":"info","event":"-----------edit: {'title': 'Википедия:К удалению/15 мая 2025', 'user': 'Arami Mira', 'is_bot': False, 'server_name': 'ru.wikipedia.org', 'timestamp': 1750749198}-------------","logger":"unusual_prefix_05f7c68866a4b9981d661b83f7c582db0b838856_wiki_monitoring"}
{"timestamp":"2025-06-24T07:49:58.052260","level":"info","event":"----------------Processing messages: <cimpl.Message object at 0x78e1ecd7c240>------------","logger":"unusual_prefix_05f7c68866a4b9981d661b83f7c582db0b838856_wiki_monitoring"}
{"timestamp":"2025-06-24T07:49:58.052390","level":"info","event":"-----------edit: {'title': 'File:Lanciano, cappella dei Raccomandati - Affreschi 13.jpg', 'user': 'Alicia Fagerving (WMSE)', 'is_bot': False, 'server_name': 'commons.wikimedia.org', 'timestamp': 1750749200}-------------","logger":"unusual_prefix_05f7c68866a4b9981d661b83f7c582db0b838856_wiki_monitoring"}
{"timestamp":"2025-06-24T07:49:58.056346","level":"info","event":"----------------Processing messages: <cimpl.Message object at 0x78e1ecd7c440>------------","logger":"unusual_prefix_05f7c68866a4b9981d661b83f7c582db0b838856_wiki_monitoring"}
{"timestamp":"2025-06-24T07:49:58.056479","level":"info","event":"-----------edit: {'title': 'Q54146028', 'user': 'EditorFX', 'is_bot': False, 'server_name': 'www.wikidata.org', 'timestamp': 1750749201}-------------","logger":"unusual_prefix_05f7c68866a4b9981d661b83f7c582db0b838856_wiki_monitoring"}
{"timestamp":"2025-06-24T07:49:58.059970","level":"info","event":"----------------Processing messages: <cimpl.Message object at 0x78e1ecd3bcc0>------------","logger":"unusual_prefix_05f7c68866a4b9981d661b83f7c582db0b838856_wiki_monitoring"}
{"timestamp":"2025-06-24T07:49:58.060107","level":"info","event":"-----------edit: {'title': 'Migros (company)', 'user': 'Onomatopoeia1', 'is_bot': False, 'server_name': 'en.wikipedia.org', 'timestamp': 1750749200}-------------","logger":"unusual_prefix_05f7c68866a4b9981d661b83f7c582db0b838856_wiki_monitoring"}
{"timestamp":"2025-06-24T07:49:58.063000","level":"info","event":"----------------Processing messages: <cimpl.Message object at 0x78e1ecd3bc40>------------","logger":"unusual_prefix_05f7c68866a4b9981d661b83f7c582db0b838856_wiki_monitoring"}
{"timestamp":"2025-06-24T07:49:58.063122","level":"info","event":"-----------edit: {'title': 'Q54146028', 'user': 'EditorFX', 'is_bot': False, 'server_name': 'www.wikidata.org', 'timestamp': 1750749201}-------------","logger":"unusual_prefix_05f7c68866a4b9981d661b83f7c582db0b838856_wiki_monitoring"}
{"timestamp":"2025-06-24T07:49:58.066189","level":"info","event":"----------------Processing messages: <cimpl.Message object at 0x78e1ecd3b6c0>------------","logger":"unusual_prefix_05f7c68866a4b9981d661b83f7c582db0b838856_wiki_monitoring"}
{"timestamp":"2025-06-24T07:49:58.066312","level":"info","event":"-----------edit: {'title': 'Seattle City Council', 'user': 'Bpuddin', 'is_bot': False, 'server_name': 'en.wikipedia.org', 'timestamp': 1750749199}-------------","logger":"unusual_prefix_05f7c68866a4b9981d661b83f7c582db0b838856_wiki_monitoring"}
{"timestamp":"2025-06-24T07:49:58.068871","level":"info","event":"----------------Processing messages: <cimpl.Message object at 0x78e1ecd7c240>------------","logger":"unusual_prefix_05f7c68866a4b9981d661b83f7c582db0b838856_wiki_monitoring"}
{"timestamp":"2025-06-24T07:49:58.068985","level":"info","event":"-----------edit: {'title': 'File:Duluth flag near Portland Square Park 3.jpg', 'user': 'SchlurcherBot', 'is_bot': True, 'server_name': 'commons.wikimedia.org', 'timestamp': 1750749201}-------------","logger":"unusual_prefix_05f7c68866a4b9981d661b83f7c582db0b838856_wiki_monitoring"}
{"timestamp":"2025-06-24T07:49:58.071420","level":"info","event":"----------------Processing messages: <cimpl.Message object at 0x78e1ecd7c2c0>------------","logger":"unusual_prefix_05f7c68866a4b9981d661b83f7c582db0b838856_wiki_monitoring"}
{"timestamp":"2025-06-24T07:49:58.071547","level":"info","event":"-----------edit: {'title': 'Jrue Holiday', 'user': 'Jeantapir', 'is_bot': False, 'server_name': 'fr.wikipedia.org', 'timestamp': 1750749199}-------------","logger":"unusual_prefix_05f7c68866a4b9981d661b83f7c582db0b838856_wiki_monitoring"}
{"timestamp":"2025-06-24T07:49:58.074550","level":"info","event":"----------------Processing messages: <cimpl.Message object at 0x78e1ecd7c6c0>------------","logger":"unusual_prefix_05f7c68866a4b9981d661b83f7c582db0b838856_wiki_monitoring"}
{"timestamp":"2025-06-24T07:49:58.074679","level":"info","event":"-----------edit: {'title': 'Elisabeth von Dänemark, Norwegen und Schweden', 'user': 'Max-78', 'is_bot': False, 'server_name': 'de.wikipedia.org', 'timestamp': 1750749201}-------------","logger":"unusual_prefix_05f7c68866a4b9981d661b83f7c582db0b838856_wiki_monitoring"}
{"timestamp":"2025-06-24T07:49:58.077521","level":"info","event":"----------------Processing messages: <cimpl.Message object at 0x78e1ecd7c9c0>------------","logger":"unusual_prefix_05f7c68866a4b9981d661b83f7c582db0b838856_wiki_monitoring"}
{"timestamp":"2025-06-24T07:49:58.077649","level":"info","event":"-----------edit: {'title': 'Page:སྙན་བརྒྱུད་ཁྲིད་ཆེན་བཅུ་གསུམ་གྱི་སྐོར། པོད་དགུ་བ།.pdf/493', 'user': 'Ganga4364', 'is_bot': False, 'server_name': 'wikisource.org', 'timestamp': 1750749201}-------------","logger":"unusual_prefix_05f7c68866a4b9981d661b83f7c582db0b838856_wiki_monitoring"}
{"timestamp":"2025-06-24T07:49:58.080618","level":"info","event":"----------------Processing messages: <cimpl.Message object at 0x78e1ecd7cb40>------------","logger":"unusual_prefix_05f7c68866a4b9981d661b83f7c582db0b838856_wiki_monitoring"}
{"timestamp":"2025-06-24T07:49:58.080738","level":"info","event":"-----------edit: {'title': 'File:Photographs taken with a new Nikon F2 camera in Bangor (1516402).jpg', 'user': 'SchlurcherBot', 'is_bot': True, 'server_name': 'commons.wikimedia.org', 'timestamp': 1750749200}-------------","logger":"unusual_prefix_05f7c68866a4b9981d661b83f7c582db0b838856_wiki_monitoring"}
{"timestamp":"2025-06-24T07:49:58.083895","level":"info","event":"----------------Processing messages: <cimpl.Message object at 0x78e1ecd7cdc0>------------","logger":"unusual_prefix_05f7c68866a4b9981d661b83f7c582db0b838856_wiki_monitoring"}
{"timestamp":"2025-06-24T07:49:58.084024","level":"info","event":"-----------edit: {'title': 'Q21244841', 'user': 'Kbseah', 'is_bot': False, 'server_name': 'www.wikidata.org', 'timestamp': 1750749201}-------------","logger":"unusual_prefix_05f7c68866a4b9981d661b83f7c582db0b838856_wiki_monitoring"}
{"timestamp":"2025-06-24T07:49:58.087006","level":"info","event":"----------------Processing messages: <cimpl.Message object at 0x78e1ecd7cf40>------------","logger":"unusual_prefix_05f7c68866a4b9981d661b83f7c582db0b838856_wiki_monitoring"}
{"timestamp":"2025-06-24T07:49:58.087124","level":"info","event":"-----------edit: {'title': 'Nam Dương', 'user': 'Lou.v1012', 'is_bot': False, 'server_name': 'vi.wikipedia.org', 'timestamp': 1750749202}-------------","logger":"unusual_prefix_05f7c68866a4b9981d661b83f7c582db0b838856_wiki_monitoring"}
{"timestamp":"2025-06-24T07:49:58.090068","level":"info","event":"----------------Processing messages: <cimpl.Message object at 0x78e1ecd7d340>------------","logger":"unusual_prefix_05f7c68866a4b9981d661b83f7c582db0b838856_wiki_monitoring"}
{"timestamp":"2025-06-24T07:49:58.090205","level":"info","event":"-----------edit: {'title': 'File:FêteMusiqueGenève2025-074.jpg', 'user': 'MHM55', 'is_bot': False, 'server_name': 'commons.wikimedia.org', 'timestamp': 1750749201}-------------","logger":"unusual_prefix_05f7c68866a4b9981d661b83f7c582db0b838856_wiki_monitoring"}
{"timestamp":"2025-06-24T07:49:58.093537","level":"info","event":"----------------Processing messages: <cimpl.Message object at 0x78e1ecd7d5c0>------------","logger":"unusual_prefix_05f7c68866a4b9981d661b83f7c582db0b838856_wiki_monitoring"}
{"timestamp":"2025-06-24T07:49:58.093686","level":"info","event":"-----------edit: {'title': 'Q65554605', 'user': 'Florentyna', 'is_bot': False, 'server_name': 'www.wikidata.org', 'timestamp': 1750749202}-------------","logger":"unusual_prefix_05f7c68866a4b9981d661b83f7c582db0b838856_wiki_monitoring"}
{"timestamp":"2025-06-24T07:49:58.096825","level":"info","event":"----------------Processing messages: <cimpl.Message object at 0x78e1ecd7d340>------------","logger":"unusual_prefix_05f7c68866a4b9981d661b83f7c582db0b838856_wiki_monitoring"}
{"timestamp":"2025-06-24T07:49:58.096949","level":"info","event":"-----------edit: {'title': 'Nam Dương', 'user': 'Lou.v1012', 'is_bot': False, 'server_name': 'vi.wikipedia.org', 'timestamp': 1750749200}-------------","logger":"unusual_prefix_05f7c68866a4b9981d661b83f7c582db0b838856_wiki_monitoring"}
{"timestamp":"2025-06-24T07:49:58.099925","level":"info","event":"----------------Processing messages: <cimpl.Message object at 0x78e1ecd3bac0>------------","logger":"unusual_prefix_05f7c68866a4b9981d661b83f7c582db0b838856_wiki_monitoring"}
{"timestamp":"2025-06-24T07:49:58.100046","level":"info","event":"-----------edit: {'title': 'Patriots.eu', 'user': 'Julius Schwarz', 'is_bot': False, 'server_name': 'en.wikipedia.org', 'timestamp': 1750749196}-------------","logger":"unusual_prefix_05f7c68866a4b9981d661b83f7c582db0b838856_wiki_monitoring"}
{"timestamp":"2025-06-24T07:49:58.102944","level":"info","event":"----------------Processing messages: <cimpl.Message object at 0x78e1ecd3b840>------------","logger":"unusual_prefix_05f7c68866a4b9981d661b83f7c582db0b838856_wiki_monitoring"}
{"timestamp":"2025-06-24T07:49:58.103068","level":"info","event":"-----------edit: {'title': 'File:OJ C 42 of 2018 - BG Bulgarian.pdf', 'user': 'EUResourcesBot', 'is_bot': True, 'server_name': 'commons.wikimedia.org', 'timestamp': 1750749200}-------------","logger":"unusual_prefix_05f7c68866a4b9981d661b83f7c582db0b838856_wiki_monitoring"}
{"timestamp":"2025-06-24T07:49:58.106259","level":"info","event":"----------------Processing messages: <cimpl.Message object at 0x78e1ecd3bb40>------------","logger":"unusual_prefix_05f7c68866a4b9981d661b83f7c582db0b838856_wiki_monitoring"}
{"timestamp":"2025-06-24T07:49:58.106387","level":"info","event":"-----------edit: {'title': 'หมวดหมู่:ศัพท์ภาษาอังกฤษที่เติมปัจจัย -er (agent noun)', 'user': 'Octahedron80', 'is_bot': False, 'server_name': 'th.wiktionary.org', 'timestamp': 1750749200}-------------","logger":"unusual_prefix_05f7c68866a4b9981d661b83f7c582db0b838856_wiki_monitoring"}
{"timestamp":"2025-06-24T07:49:58.108907","level":"info","event":"----------------Processing messages: <cimpl.Message object at 0x78e1ecd3bec0>------------","logger":"unusual_prefix_05f7c68866a4b9981d661b83f7c582db0b838856_wiki_monitoring"}
{"timestamp":"2025-06-24T07:49:58.109025","level":"info","event":"-----------edit: {'title': 'หมวดหมู่:คำหลักภาษาอังกฤษ', 'user': 'Octahedron80', 'is_bot': False, 'server_name': 'th.wiktionary.org', 'timestamp': 1750749200}-------------","logger":"unusual_prefix_05f7c68866a4b9981d661b83f7c582db0b838856_wiki_monitoring"}
{"timestamp":"2025-06-24T07:49:58.111797","level":"info","event":"----------------Processing messages: <cimpl.Message object at 0x78e1ecd7c4c0>------------","logger":"unusual_prefix_05f7c68866a4b9981d661b83f7c582db0b838856_wiki_monitoring"}
{"timestamp":"2025-06-24T07:49:58.111917","level":"info","event":"-----------edit: {'title': 'Category:Files from Gallica', 'user': 'Gzen92Bot', 'is_bot': True, 'server_name': 'commons.wikimedia.org', 'timestamp': 1750749199}-------------","logger":"unusual_prefix_05f7c68866a4b9981d661b83f7c582db0b838856_wiki_monitoring"}
{"timestamp":"2025-06-24T07:49:58.114298","level":"info","event":"----------------Processing messages: <cimpl.Message object at 0x78e1ecd7d740>------------","logger":"unusual_prefix_05f7c68866a4b9981d661b83f7c582db0b838856_wiki_monitoring"}
{"timestamp":"2025-06-24T07:49:58.114410","level":"info","event":"-----------edit: {'title': 'icecap', 'user': 'WingerBot', 'is_bot': True, 'server_name': 'en.wiktionary.org', 'timestamp': 1750749201}-------------","logger":"unusual_prefix_05f7c68866a4b9981d661b83f7c582db0b838856_wiki_monitoring"}
{"timestamp":"2025-06-24T07:49:58.117389","level":"info","event":"----------------Processing messages: <cimpl.Message object at 0x78e1ecd7d6c0>------------","logger":"unusual_prefix_05f7c68866a4b9981d661b83f7c582db0b838856_wiki_monitoring"}
{"timestamp":"2025-06-24T07:49:58.117516","level":"info","event":"-----------edit: {'title': 'Category:Artworks without Wikidata item', 'user': 'Gzen92Bot', 'is_bot': True, 'server_name': 'commons.wikimedia.org', 'timestamp': 1750749199}-------------","logger":"unusual_prefix_05f7c68866a4b9981d661b83f7c582db0b838856_wiki_monitoring"}
{"timestamp":"2025-06-24T07:49:58.120569","level":"info","event":"----------------Processing messages: <cimpl.Message object at 0x78e1ecd7d040>------------","logger":"unusual_prefix_05f7c68866a4b9981d661b83f7c582db0b838856_wiki_monitoring"}
{"timestamp":"2025-06-24T07:49:58.120692","level":"info","event":"-----------edit: {'title': 'Canyelles', 'user': 'InternetArchiveBot', 'is_bot': True, 'server_name': 'gl.wikipedia.org', 'timestamp': 1750749199}-------------","logger":"unusual_prefix_05f7c68866a4b9981d661b83f7c582db0b838856_wiki_monitoring"}
{"timestamp":"2025-06-24T07:49:58.123728","level":"info","event":"----------------Processing messages: <cimpl.Message object at 0x78e1ecd7cec0>------------","logger":"unusual_prefix_05f7c68866a4b9981d661b83f7c582db0b838856_wiki_monitoring"}
{"timestamp":"2025-06-24T07:49:58.123852","level":"info","event":"-----------edit: {'title': 'หมวดหมู่:คำนามภาษาอังกฤษ', 'user': 'Octahedron80', 'is_bot': False, 'server_name': 'th.wiktionary.org', 'timestamp': 1750749200}-------------","logger":"unusual_prefix_05f7c68866a4b9981d661b83f7c582db0b838856_wiki_monitoring"}
{"timestamp":"2025-06-24T07:49:58.126884","level":"info","event":"----------------Processing messages: <cimpl.Message object at 0x78e1ecd7cc40>------------","logger":"unusual_prefix_05f7c68866a4b9981d661b83f7c582db0b838856_wiki_monitoring"}
{"timestamp":"2025-06-24T07:49:58.127004","level":"info","event":"-----------edit: {'title': 'Category:PD France', 'user': 'Gzen92Bot', 'is_bot': True, 'server_name': 'commons.wikimedia.org', 'timestamp': 1750749199}-------------","logger":"unusual_prefix_05f7c68866a4b9981d661b83f7c582db0b838856_wiki_monitoring"}
{"timestamp":"2025-06-24T07:49:58.129970","level":"info","event":"----------------Processing messages: <cimpl.Message object at 0x78e1ecd7c2c0>------------","logger":"unusual_prefix_05f7c68866a4b9981d661b83f7c582db0b838856_wiki_monitoring"}
{"timestamp":"2025-06-24T07:49:58.130098","level":"info","event":"-----------edit: {'title': 'Q65927497', 'user': 'Florentyna', 'is_bot': False, 'server_name': 'www.wikidata.org', 'timestamp': 1750749202}-------------","logger":"unusual_prefix_05f7c68866a4b9981d661b83f7c582db0b838856_wiki_monitoring"}
{"timestamp":"2025-06-24T07:49:58.132926","level":"info","event":"----------------Processing messages: <cimpl.Message object at 0x78e1ecd7c8c0>------------","logger":"unusual_prefix_05f7c68866a4b9981d661b83f7c582db0b838856_wiki_monitoring"}
{"timestamp":"2025-06-24T07:49:58.133046","level":"info","event":"-----------edit: {'title': 'Category:PD-old missing SDC copyright status', 'user': 'Gzen92Bot', 'is_bot': True, 'server_name': 'commons.wikimedia.org', 'timestamp': 1750749199}-------------","logger":"unusual_prefix_05f7c68866a4b9981d661b83f7c582db0b838856_wiki_monitoring"}
{"timestamp":"2025-06-24T07:49:58.135853","level":"info","event":"----------------Processing messages: <cimpl.Message object at 0x78e1ecd7c240>------------","logger":"unusual_prefix_05f7c68866a4b9981d661b83f7c582db0b838856_wiki_monitoring"}
{"timestamp":"2025-06-24T07:49:58.135980","level":"info","event":"-----------edit: {'title': 'หมวดหมู่:คำนามนับได้ภาษาอังกฤษ', 'user': 'Octahedron80', 'is_bot': False, 'server_name': 'th.wiktionary.org', 'timestamp': 1750749200}-------------","logger":"unusual_prefix_05f7c68866a4b9981d661b83f7c582db0b838856_wiki_monitoring"}
{"timestamp":"2025-06-24T07:49:58.138893","level":"info","event":"----------------Processing messages: <cimpl.Message object at 0x78e1ecd3b840>------------","logger":"unusual_prefix_05f7c68866a4b9981d661b83f7c582db0b838856_wiki_monitoring"}
{"timestamp":"2025-06-24T07:49:58.139008","level":"info","event":"-----------edit: {'title': 'Category:CC-PD-Mark', 'user': 'Gzen92Bot', 'is_bot': True, 'server_name': 'commons.wikimedia.org', 'timestamp': 1750749199}-------------","logger":"unusual_prefix_05f7c68866a4b9981d661b83f7c582db0b838856_wiki_monitoring"}
{"timestamp":"2025-06-24T07:49:58.142277","level":"info","event":"----------------Processing messages: <cimpl.Message object at 0x78e1ecd3acc0>------------","logger":"unusual_prefix_05f7c68866a4b9981d661b83f7c582db0b838856_wiki_monitoring"}
{"timestamp":"2025-06-24T07:49:58.142416","level":"info","event":"-----------edit: {'title': 'หมวดหมู่:หน้าที่มีรายการ', 'user': 'Octahedron80', 'is_bot': False, 'server_name': 'th.wiktionary.org', 'timestamp': 1750749200}-------------","logger":"unusual_prefix_05f7c68866a4b9981d661b83f7c582db0b838856_wiki_monitoring"}
{"timestamp":"2025-06-24T07:49:58.145197","level":"info","event":"----------------Processing messages: <cimpl.Message object at 0x78e1ecd3b540>------------","logger":"unusual_prefix_05f7c68866a4b9981d661b83f7c582db0b838856_wiki_monitoring"}
{"timestamp":"2025-06-24T07:49:58.145321","level":"info","event":"-----------edit: {'title': 'Category:PD-old-100-expired', 'user': 'Gzen92Bot', 'is_bot': True, 'server_name': 'commons.wikimedia.org', 'timestamp': 1750749199}-------------","logger":"unusual_prefix_05f7c68866a4b9981d661b83f7c582db0b838856_wiki_monitoring"}
{"timestamp":"2025-06-24T07:49:58.148484","level":"info","event":"----------------Processing messages: <cimpl.Message object at 0x78e1ecd3be40>------------","logger":"unusual_prefix_05f7c68866a4b9981d661b83f7c582db0b838856_wiki_monitoring"}
{"timestamp":"2025-06-24T07:49:58.148605","level":"info","event":"-----------edit: {'title': 'Projet:Jeu vidéo/Fichiers récents', 'user': 'OrlodrimBot', 'is_bot': True, 'server_name': 'fr.wikipedia.org', 'timestamp': 1750749201}-------------","logger":"unusual_prefix_05f7c68866a4b9981d661b83f7c582db0b838856_wiki_monitoring"}
{"timestamp":"2025-06-24T07:49:58.151769","level":"info","event":"----------------Processing messages: <cimpl.Message object at 0x78e1ecd7c2c0>------------","logger":"unusual_prefix_05f7c68866a4b9981d661b83f7c582db0b838856_wiki_monitoring"}
{"timestamp":"2025-06-24T07:49:58.151913","level":"info","event":"-----------edit: {'title': 'גלי בהרב-מיארה', 'user': 'Gabi S.', 'is_bot': False, 'server_name': 'he.wikipedia.org', 'timestamp': 1750749199}-------------","logger":"unusual_prefix_05f7c68866a4b9981d661b83f7c582db0b838856_wiki_monitoring"}
{"timestamp":"2025-06-24T07:49:58.155006","level":"info","event":"----------------Processing messages: <cimpl.Message object at 0x78e1ecd7c840>------------","logger":"unusual_prefix_05f7c68866a4b9981d661b83f7c582db0b838856_wiki_monitoring"}
{"timestamp":"2025-06-24T07:49:58.155098","level":"info","event":"-----------edit: {'title': 'User:Dr. Firoz Mahmood Iqbal/sandbox', 'user': 'Dr. Firoz Mahmood Iqbal', 'is_bot': False, 'server_name': 'en.wikipedia.org', 'timestamp': 1750749201}-------------","logger":"unusual_prefix_05f7c68866a4b9981d661b83f7c582db0b838856_wiki_monitoring"}
{"timestamp":"2025-06-24T07:49:58.158727","level":"info","event":"----------------Processing messages: <cimpl.Message object at 0x78e1ecd7cbc0>------------","logger":"unusual_prefix_05f7c68866a4b9981d661b83f7c582db0b838856_wiki_monitoring"}
{"timestamp":"2025-06-24T07:49:58.158826","level":"info","event":"-----------edit: {'title': 'หมวดหมู่:หน้าที่มี 1 รายการ', 'user': 'Octahedron80', 'is_bot': False, 'server_name': 'th.wiktionary.org', 'timestamp': 1750749200}-------------","logger":"unusual_prefix_05f7c68866a4b9981d661b83f7c582db0b838856_wiki_monitoring"}
{"timestamp":"2025-06-24T07:49:58.163477","level":"info","event":"----------------Processing messages: <cimpl.Message object at 0x78e1ecd7cfc0>------------","logger":"unusual_prefix_05f7c68866a4b9981d661b83f7c582db0b838856_wiki_monitoring"}
{"timestamp":"2025-06-24T07:49:58.163624","level":"info","event":"-----------edit: {'title': 'Q132087086', 'user': 'Ehrlich91', 'is_bot': False, 'server_name': 'www.wikidata.org', 'timestamp': 1750749202}-------------","logger":"unusual_prefix_05f7c68866a4b9981d661b83f7c582db0b838856_wiki_monitoring"}
{"timestamp":"2025-06-24T07:49:58.167423","level":"info","event":"----------------Processing messages: <cimpl.Message object at 0x78e1ecd7cb40>------------","logger":"unusual_prefix_05f7c68866a4b9981d661b83f7c582db0b838856_wiki_monitoring"}
{"timestamp":"2025-06-24T07:49:58.167559","level":"info","event":"-----------edit: {'title': 'Category:PD US expired', 'user': 'Gzen92Bot', 'is_bot': True, 'server_name': 'commons.wikimedia.org', 'timestamp': 1750749199}-------------","logger":"unusual_prefix_05f7c68866a4b9981d661b83f7c582db0b838856_wiki_monitoring"}
{"timestamp":"2025-06-24T07:49:58.171747","level":"info","event":"----------------Processing messages: <cimpl.Message object at 0x78e1ecd7d2c0>------------","logger":"unusual_prefix_05f7c68866a4b9981d661b83f7c582db0b838856_wiki_monitoring"}
{"timestamp":"2025-06-24T07:49:58.171881","level":"info","event":"-----------edit: {'title': 'Category:PD-US missing SDC copyright status', 'user': 'Gzen92Bot', 'is_bot': True, 'server_name': 'commons.wikimedia.org', 'timestamp': 1750749199}-------------","logger":"unusual_prefix_05f7c68866a4b9981d661b83f7c582db0b838856_wiki_monitoring"}
{"timestamp":"2025-06-24T07:49:58.175202","level":"info","event":"----------------Processing messages: <cimpl.Message object at 0x78e1ecd7d540>------------","logger":"unusual_prefix_05f7c68866a4b9981d661b83f7c582db0b838856_wiki_monitoring"}
{"timestamp":"2025-06-24T07:49:58.175431","level":"info","event":"-----------edit: {'title': 'Category:Sheet music from Gallica (Bibliothèque nationale de France) uploaded by Gzen92Bot', 'user': 'Gzen92Bot', 'is_bot': True, 'server_name': 'commons.wikimedia.org', 'timestamp': 1750749199}-------------","logger":"unusual_prefix_05f7c68866a4b9981d661b83f7c582db0b838856_wiki_monitoring"}
{"timestamp":"2025-06-24T07:49:58.178989","level":"info","event":"----------------Processing messages: <cimpl.Message object at 0x78e1ecd7d5c0>------------","logger":"unusual_prefix_05f7c68866a4b9981d661b83f7c582db0b838856_wiki_monitoring"}
{"timestamp":"2025-06-24T07:49:58.179121","level":"info","event":"-----------edit: {'title': 'Category:Ballo Faust par Mr Pierot - sic ! - Violon répétiteur - btv1b10876497g', 'user': 'Gzen92Bot', 'is_bot': True, 'server_name': 'commons.wikimedia.org', 'timestamp': 1750749199}-------------","logger":"unusual_prefix_05f7c68866a4b9981d661b83f7c582db0b838856_wiki_monitoring"}
{"timestamp":"2025-06-24T07:49:58.181993","level":"info","event":"----------------Processing messages: <cimpl.Message object at 0x78e1ecd7d340>------------","logger":"unusual_prefix_05f7c68866a4b9981d661b83f7c582db0b838856_wiki_monitoring"}
{"timestamp":"2025-06-24T07:49:58.182116","level":"info","event":"-----------edit: {'title': 'File:FêteMusiqueGenève2025-074.jpg', 'user': 'MHM55', 'is_bot': False, 'server_name': 'commons.wikimedia.org', 'timestamp': 1750749202}-------------","logger":"unusual_prefix_05f7c68866a4b9981d661b83f7c582db0b838856_wiki_monitoring"}
{"timestamp":"2025-06-24T07:49:58.185116","level":"info","event":"----------------Processing messages: <cimpl.Message object at 0x78e1ecd3be40>------------","logger":"unusual_prefix_05f7c68866a4b9981d661b83f7c582db0b838856_wiki_monitoring"}
{"timestamp":"2025-06-24T07:49:58.185236","level":"info","event":"-----------edit: {'title': 'נמל התעופה טוראיף', 'user': 'Omri.kotok', 'is_bot': False, 'server_name': 'he.wikipedia.org', 'timestamp': 1750749201}-------------","logger":"unusual_prefix_05f7c68866a4b9981d661b83f7c582db0b838856_wiki_monitoring"}
{"timestamp":"2025-06-24T07:49:58.187933","level":"info","event":"----------------Processing messages: <cimpl.Message object at 0x78e1ecd3b5c0>------------","logger":"unusual_prefix_05f7c68866a4b9981d661b83f7c582db0b838856_wiki_monitoring"}
{"timestamp":"2025-06-24T07:49:58.188085","level":"info","event":"-----------edit: {'title': 'Q54146028', 'user': 'EditorFX', 'is_bot': False, 'server_name': 'www.wikidata.org', 'timestamp': 1750749203}-------------","logger":"unusual_prefix_05f7c68866a4b9981d661b83f7c582db0b838856_wiki_monitoring"}
{"timestamp":"2025-06-24T07:49:58.191236","level":"info","event":"----------------Processing messages: <cimpl.Message object at 0x78e1ecd3bac0>------------","logger":"unusual_prefix_05f7c68866a4b9981d661b83f7c582db0b838856_wiki_monitoring"}
{"timestamp":"2025-06-24T07:49:58.191397","level":"info","event":"-----------edit: {'title': 'Catégorie:Unité militaire française des guerres de la Révolution française', 'user': 'Jihaim', 'is_bot': False, 'server_name': 'fr.wikipedia.org', 'timestamp': 1750749194}-------------","logger":"unusual_prefix_05f7c68866a4b9981d661b83f7c582db0b838856_wiki_monitoring"}
{"timestamp":"2025-06-24T07:49:58.194404","level":"info","event":"----------------Processing messages: <cimpl.Message object at 0x78e1ecd3b1c0>------------","logger":"unusual_prefix_05f7c68866a4b9981d661b83f7c582db0b838856_wiki_monitoring"}
{"timestamp":"2025-06-24T07:49:58.194532","level":"info","event":"-----------edit: {'title': 'Catégorie:Unité militaire française de la Seconde Guerre mondiale', 'user': 'Jihaim', 'is_bot': False, 'server_name': 'fr.wikipedia.org', 'timestamp': 1750749194}-------------","logger":"unusual_prefix_05f7c68866a4b9981d661b83f7c582db0b838856_wiki_monitoring"}
{"timestamp":"2025-06-24T07:49:58.197724","level":"info","event":"----------------Processing messages: <cimpl.Message object at 0x78e1ecd7d540>------------","logger":"unusual_prefix_05f7c68866a4b9981d661b83f7c582db0b838856_wiki_monitoring"}
{"timestamp":"2025-06-24T07:49:58.197854","level":"info","event":"-----------edit: {'title': 'تصنيف:أماكن كانت مأهولة في السعودية', 'user': 'Mr.Ibrahembot', 'is_bot': True, 'server_name': 'ar.wikipedia.org', 'timestamp': 1750749197}-------------","logger":"unusual_prefix_05f7c68866a4b9981d661b83f7c582db0b838856_wiki_monitoring"}
{"timestamp":"2025-06-24T07:49:58.200589","level":"info","event":"----------------Processing messages: <cimpl.Message object at 0x78e1ecd7c3c0>------------","logger":"unusual_prefix_05f7c68866a4b9981d661b83f7c582db0b838856_wiki_monitoring"}
{"timestamp":"2025-06-24T07:49:58.200710","level":"info","event":"-----------edit: {'title': 'Category:Creative Commons Attribution-Share Alike missing SDC copyright status', 'user': 'MHM55', 'is_bot': False, 'server_name': 'commons.wikimedia.org', 'timestamp': 1750749201}-------------","logger":"unusual_prefix_05f7c68866a4b9981d661b83f7c582db0b838856_wiki_monitoring"}
{"timestamp":"2025-06-24T07:49:58.203287","level":"info","event":"----------------Processing messages: <cimpl.Message object at 0x78e1ecd7cb40>------------","logger":"unusual_prefix_05f7c68866a4b9981d661b83f7c582db0b838856_wiki_monitoring"}
{"timestamp":"2025-06-24T07:49:58.203463","level":"info","event":"-----------edit: {'title': 'Annika Åhnberg', 'user': 'Kitayama', 'is_bot': False, 'server_name': 'sv.wikipedia.org', 'timestamp': 1750749202}-------------","logger":"unusual_prefix_05f7c68866a4b9981d661b83f7c582db0b838856_wiki_monitoring"}
{"timestamp":"2025-06-24T07:49:58.206211","level":"info","event":"----------------Processing messages: <cimpl.Message object at 0x78e1ecd7d440>------------","logger":"unusual_prefix_05f7c68866a4b9981d661b83f7c582db0b838856_wiki_monitoring"}
{"timestamp":"2025-06-24T07:49:58.206332","level":"info","event":"-----------edit: {'title': 'Category:CC-BY-SA-4.0', 'user': 'MHM55', 'is_bot': False, 'server_name': 'commons.wikimedia.org', 'timestamp': 1750749201}-------------","logger":"unusual_prefix_05f7c68866a4b9981d661b83f7c582db0b838856_wiki_monitoring"}
{"timestamp":"2025-06-24T07:49:58.209182","level":"info","event":"----------------Processing messages: <cimpl.Message object at 0x78e1ecd7d0c0>------------","logger":"unusual_prefix_05f7c68866a4b9981d661b83f7c582db0b838856_wiki_monitoring"}
{"timestamp":"2025-06-24T07:49:58.209296","level":"info","event":"-----------edit: {'title': 'تصنيف:صفحات تستخدم امتداد JsonConfig', 'user': 'Mr.Ibrahembot', 'is_bot': True, 'server_name': 'ar.wikipedia.org', 'timestamp': 1750749197}-------------","logger":"unusual_prefix_05f7c68866a4b9981d661b83f7c582db0b838856_wiki_monitoring"}
{"timestamp":"2025-06-24T07:49:58.211651","level":"info","event":"----------------Processing messages: <cimpl.Message object at 0x78e1ecd7c9c0>------------","logger":"unusual_prefix_05f7c68866a4b9981d661b83f7c582db0b838856_wiki_monitoring"}
{"timestamp":"2025-06-24T07:49:58.211749","level":"info","event":"-----------edit: {'title': 'Category:Creative Commons Attribution-Share Alike 4.0 missing SDC copyright license', 'user': 'MHM55', 'is_bot': False, 'server_name': 'commons.wikimedia.org', 'timestamp': 1750749201}-------------","logger":"unusual_prefix_05f7c68866a4b9981d661b83f7c582db0b838856_wiki_monitoring"}
{"timestamp":"2025-06-24T07:49:58.214105","level":"info","event":"----------------Processing messages: <cimpl.Message object at 0x78e1ecd7c2c0>------------","logger":"unusual_prefix_05f7c68866a4b9981d661b83f7c582db0b838856_wiki_monitoring"}
{"timestamp":"2025-06-24T07:49:58.214219","level":"info","event":"-----------edit: {'title': 'William Penny Brookes', 'user': 'Cloptonson', 'is_bot': False, 'server_name': 'en.wikipedia.org', 'timestamp': 1750749201}-------------","logger":"unusual_prefix_05f7c68866a4b9981d661b83f7c582db0b838856_wiki_monitoring"}
{"timestamp":"2025-06-24T07:49:58.216725","level":"info","event":"----------------Processing messages: <cimpl.Message object at 0x78e1ecd7ce40>------------","logger":"unusual_prefix_05f7c68866a4b9981d661b83f7c582db0b838856_wiki_monitoring"}
{"timestamp":"2025-06-24T07:49:58.216835","level":"info","event":"-----------edit: {'title': 'Category:Self-published work', 'user': 'MHM55', 'is_bot': False, 'server_name': 'commons.wikimedia.org', 'timestamp': 1750749201}-------------","logger":"unusual_prefix_05f7c68866a4b9981d661b83f7c582db0b838856_wiki_monitoring"}
{"timestamp":"2025-06-24T07:49:58.219676","level":"info","event":"----------------Processing messages: <cimpl.Message object at 0x78e1ecd7c8c0>------------","logger":"unusual_prefix_05f7c68866a4b9981d661b83f7c582db0b838856_wiki_monitoring"}
{"timestamp":"2025-06-24T07:49:58.219808","level":"info","event":"-----------edit: {'title': 'File:OJ C 42 of 2018 - BG Bulgarian.pdf', 'user': 'EUResourcesBot', 'is_bot': True, 'server_name': 'commons.wikimedia.org', 'timestamp': 1750749202}-------------","logger":"unusual_prefix_05f7c68866a4b9981d661b83f7c582db0b838856_wiki_monitoring"}
{"timestamp":"2025-06-24T07:49:58.223223","level":"info","event":"----------------Processing messages: <cimpl.Message object at 0x78e1ecd3bac0>------------","logger":"unusual_prefix_05f7c68866a4b9981d661b83f7c582db0b838856_wiki_monitoring"}
{"timestamp":"2025-06-24T07:49:58.223351","level":"info","event":"-----------edit: {'title': 'File:Amanita pantherina collection 2.jpg', 'user': 'TyranCometh', 'is_bot': False, 'server_name': 'commons.wikimedia.org', 'timestamp': 1750749202}-------------","logger":"unusual_prefix_05f7c68866a4b9981d661b83f7c582db0b838856_wiki_monitoring"}
{"timestamp":"2025-06-24T07:49:58.226259","level":"info","event":"----------------Processing messages: <cimpl.Message object at 0x78e1ecd3be40>------------","logger":"unusual_prefix_05f7c68866a4b9981d661b83f7c582db0b838856_wiki_monitoring"}
{"timestamp":"2025-06-24T07:49:58.226349","level":"info","event":"-----------edit: {'title': 'Category:Self-published work missing SDC copyright license', 'user': 'MHM55', 'is_bot': False, 'server_name': 'commons.wikimedia.org', 'timestamp': 1750749201}-------------","logger":"unusual_prefix_05f7c68866a4b9981d661b83f7c582db0b838856_wiki_monitoring"}
{"timestamp":"2025-06-24T07:49:58.229117","level":"info","event":"----------------Processing messages: <cimpl.Message object at 0x78e1ecd3bc40>------------","logger":"unusual_prefix_05f7c68866a4b9981d661b83f7c582db0b838856_wiki_monitoring"}
{"timestamp":"2025-06-24T07:49:58.229235","level":"info","event":"-----------edit: {'title': 'Q54146028', 'user': 'EditorFX', 'is_bot': False, 'server_name': 'www.wikidata.org', 'timestamp': 1750749202}-------------","logger":"unusual_prefix_05f7c68866a4b9981d661b83f7c582db0b838856_wiki_monitoring"}
{"timestamp":"2025-06-24T07:49:58.231915","level":"info","event":"----------------Processing messages: <cimpl.Message object at 0x78e1ecd3acc0>------------","logger":"unusual_prefix_05f7c68866a4b9981d661b83f7c582db0b838856_wiki_monitoring"}
{"timestamp":"2025-06-24T07:49:58.232042","level":"info","event":"-----------edit: {'title': 'Category:Fête de la musique 2025 à Genève', 'user': 'MHM55', 'is_bot': False, 'server_name': 'commons.wikimedia.org', 'timestamp': 1750749201}-------------","logger":"unusual_prefix_05f7c68866a4b9981d661b83f7c582db0b838856_wiki_monitoring"}
{"timestamp":"2025-06-24T07:49:58.235056","level":"info","event":"----------------Processing messages: <cimpl.Message object at 0x78e1ecd3b540>------------","logger":"unusual_prefix_05f7c68866a4b9981d661b83f7c582db0b838856_wiki_monitoring"}
{"timestamp":"2025-06-24T07:49:58.235182","level":"info","event":"-----------edit: {'title': 'Category:Promenade du Pin (Geneva)', 'user': 'MHM55', 'is_bot': False, 'server_name': 'commons.wikimedia.org', 'timestamp': 1750749201}-------------","logger":"unusual_prefix_05f7c68866a4b9981d661b83f7c582db0b838856_wiki_monitoring"}
{"timestamp":"2025-06-24T07:49:58.238703","level":"info","event":"----------------Processing messages: <cimpl.Message object at 0x78e1ecd7c040>------------","logger":"unusual_prefix_05f7c68866a4b9981d661b83f7c582db0b838856_wiki_monitoring"}
{"timestamp":"2025-06-24T07:49:58.238846","level":"info","event":"-----------edit: {'title': 'Q3726007', 'user': 'Danielyepezgarces', 'is_bot': False, 'server_name': 'www.wikidata.org', 'timestamp': 1750749202}-------------","logger":"unusual_prefix_05f7c68866a4b9981d661b83f7c582db0b838856_wiki_monitoring"}
{"timestamp":"2025-06-24T07:49:58.241999","level":"info","event":"----------------Processing messages: <cimpl.Message object at 0x78e1ecd7c6c0>------------","logger":"unusual_prefix_05f7c68866a4b9981d661b83f7c582db0b838856_wiki_monitoring"}
{"timestamp":"2025-06-24T07:49:58.242115","level":"info","event":"-----------edit: {'title': 'Category:Files with broken file links', 'user': 'EUResourcesBot', 'is_bot': True, 'server_name': 'commons.wikimedia.org', 'timestamp': 1750749200}-------------","logger":"unusual_prefix_05f7c68866a4b9981d661b83f7c582db0b838856_wiki_monitoring"}
{"timestamp":"2025-06-24T07:49:58.245596","level":"info","event":"----------------Processing messages: <cimpl.Message object at 0x78e1ecd7cbc0>------------","logger":"unusual_prefix_05f7c68866a4b9981d661b83f7c582db0b838856_wiki_monitoring"}
{"timestamp":"2025-06-24T07:49:58.245826","level":"info","event":"-----------edit: {'title': 'Category:2018 texts', 'user': 'EUResourcesBot', 'is_bot': True, 'server_name': 'commons.wikimedia.org', 'timestamp': 1750749200}-------------","logger":"unusual_prefix_05f7c68866a4b9981d661b83f7c582db0b838856_wiki_monitoring"}
{"timestamp":"2025-06-24T07:49:58.248837","level":"info","event":"----------------Processing messages: <cimpl.Message object at 0x78e1ecd7d740>------------","logger":"unusual_prefix_05f7c68866a4b9981d661b83f7c582db0b838856_wiki_monitoring"}
{"timestamp":"2025-06-24T07:49:58.248984","level":"info","event":"-----------edit: {'title': 'Category:2018-02-05', 'user': 'EUResourcesBot', 'is_bot': True, 'server_name': 'commons.wikimedia.org', 'timestamp': 1750749200}-------------","logger":"unusual_prefix_05f7c68866a4b9981d661b83f7c582db0b838856_wiki_monitoring"}
{"timestamp":"2025-06-24T07:49:58.252597","level":"info","event":"----------------Processing messages: <cimpl.Message object at 0x78e1ecd7c4c0>------------","logger":"unusual_prefix_05f7c68866a4b9981d661b83f7c582db0b838856_wiki_monitoring"}
{"timestamp":"2025-06-24T07:49:58.252804","level":"info","event":"-----------edit: {'title': 'Category:Attribution only license', 'user': 'EUResourcesBot', 'is_bot': True, 'server_name': 'commons.wikimedia.org', 'timestamp': 1750749200}-------------","logger":"unusual_prefix_05f7c68866a4b9981d661b83f7c582db0b838856_wiki_monitoring"}
{"timestamp":"2025-06-24T07:49:58.256332","level":"info","event":"----------------Processing messages: <cimpl.Message object at 0x78e1ecd7d1c0>------------","logger":"unusual_prefix_05f7c68866a4b9981d661b83f7c582db0b838856_wiki_monitoring"}
{"timestamp":"2025-06-24T07:49:58.256453","level":"info","event":"-----------edit: {'title': 'Category:European Union license', 'user': 'EUResourcesBot', 'is_bot': True, 'server_name': 'commons.wikimedia.org', 'timestamp': 1750749200}-------------","logger":"unusual_prefix_05f7c68866a4b9981d661b83f7c582db0b838856_wiki_monitoring"}
{"timestamp":"2025-06-24T07:49:58.259561","level":"info","event":"----------------Processing messages: <cimpl.Message object at 0x78e1ecd7d4c0>------------","logger":"unusual_prefix_05f7c68866a4b9981d661b83f7c582db0b838856_wiki_monitoring"}
{"timestamp":"2025-06-24T07:49:58.259686","level":"info","event":"-----------edit: {'title': 'Category:All articles with dead external links', 'user': 'GreenC bot', 'is_bot': True, 'server_name': 'en.wikipedia.org', 'timestamp': 1750749197}-------------","logger":"unusual_prefix_05f7c68866a4b9981d661b83f7c582db0b838856_wiki_monitoring"}
{"timestamp":"2025-06-24T07:49:58.263052","level":"info","event":"----------------Processing messages: <cimpl.Message object at 0x78e1ecd7c740>------------","logger":"unusual_prefix_05f7c68866a4b9981d661b83f7c582db0b838856_wiki_monitoring"}
{"timestamp":"2025-06-24T07:49:58.263257","level":"info","event":"-----------edit: {'title': 'Category:PD-EUGov', 'user': 'EUResourcesBot', 'is_bot': True, 'server_name': 'commons.wikimedia.org', 'timestamp': 1750749200}-------------","logger":"unusual_prefix_05f7c68866a4b9981d661b83f7c582db0b838856_wiki_monitoring"}
{"timestamp":"2025-06-24T07:49:58.266254","level":"info","event":"----------------Processing messages: <cimpl.Message object at 0x78e1ecd3bc40>------------","logger":"unusual_prefix_05f7c68866a4b9981d661b83f7c582db0b838856_wiki_monitoring"}
{"timestamp":"2025-06-24T07:49:58.266382","level":"info","event":"-----------edit: {'title': 'Q4582999', 'user': 'World Cup', 'is_bot': False, 'server_name': 'www.wikidata.org', 'timestamp': 1750749203}-------------","logger":"unusual_prefix_05f7c68866a4b9981d661b83f7c582db0b838856_wiki_monitoring"}
{"timestamp":"2025-06-24T07:49:58.269356","level":"info","event":"----------------Processing messages: <cimpl.Message object at 0x78e1ecd3b6c0>------------","logger":"unusual_prefix_05f7c68866a4b9981d661b83f7c582db0b838856_wiki_monitoring"}
{"timestamp":"2025-06-24T07:49:58.269483","level":"info","event":"-----------edit: {'title': 'Category:PD-EdictGov', 'user': 'EUResourcesBot', 'is_bot': True, 'server_name': 'commons.wikimedia.org', 'timestamp': 1750749200}-------------","logger":"unusual_prefix_05f7c68866a4b9981d661b83f7c582db0b838856_wiki_monitoring"}
{"timestamp":"2025-06-24T07:49:58.272101","level":"info","event":"----------------Processing messages: <cimpl.Message object at 0x78e1ecd3bd40>------------","logger":"unusual_prefix_05f7c68866a4b9981d661b83f7c582db0b838856_wiki_monitoring"}
{"timestamp":"2025-06-24T07:49:58.272243","level":"info","event":"-----------edit: {'title': 'Category:Articles with dead external links from June 2025', 'user': 'GreenC bot', 'is_bot': True, 'server_name': 'en.wikipedia.org', 'timestamp': 1750749197}-------------","logger":"unusual_prefix_05f7c68866a4b9981d661b83f7c582db0b838856_wiki_monitoring"}
{"timestamp":"2025-06-24T07:49:58.274925","level":"info","event":"----------------Processing messages: <cimpl.Message object at 0x78e1ecd3b8c0>------------","logger":"unusual_prefix_05f7c68866a4b9981d661b83f7c582db0b838856_wiki_monitoring"}
{"timestamp":"2025-06-24T07:49:58.275051","level":"info","event":"-----------edit: {'title': 'Gebruiker:Betwetter', 'user': 'Yannick1', 'is_bot': False, 'server_name': 'nl.wikipedia.org', 'timestamp': 1750749202}-------------","logger":"unusual_prefix_05f7c68866a4b9981d661b83f7c582db0b838856_wiki_monitoring"}
{"timestamp":"2025-06-24T07:49:58.278191","level":"info","event":"----------------Processing messages: <cimpl.Message object at 0x78e1ecd3ad40>------------","logger":"unusual_prefix_05f7c68866a4b9981d661b83f7c582db0b838856_wiki_monitoring"}
{"timestamp":"2025-06-24T07:49:58.278322","level":"info","event":"-----------edit: {'title': 'Category:Official Journal of the European Union 2018, C Series', 'user': 'EUResourcesBot', 'is_bot': True, 'server_name': 'commons.wikimedia.org', 'timestamp': 1750749200}-------------","logger":"unusual_prefix_05f7c68866a4b9981d661b83f7c582db0b838856_wiki_monitoring"}
{"timestamp":"2025-06-24T07:49:58.282137","level":"info","event":"----------------Processing messages: <cimpl.Message object at 0x78e1ecd7d3c0>------------","logger":"unusual_prefix_05f7c68866a4b9981d661b83f7c582db0b838856_wiki_monitoring"}
{"timestamp":"2025-06-24T07:49:58.282316","level":"info","event":"-----------edit: {'title': 'File:Lanciano, cappella dei Raccomandati - Affreschi 14.jpg', 'user': 'Alicia Fagerving (WMSE)', 'is_bot': False, 'server_name': 'commons.wikimedia.org', 'timestamp': 1750749202}-------------","logger":"unusual_prefix_05f7c68866a4b9981d661b83f7c582db0b838856_wiki_monitoring"}
{"timestamp":"2025-06-24T07:49:58.285366","level":"info","event":"----------------Processing messages: <cimpl.Message object at 0x78e1ecd7cf40>------------","logger":"unusual_prefix_05f7c68866a4b9981d661b83f7c582db0b838856_wiki_monitoring"}
{"timestamp":"2025-06-24T07:49:58.285482","level":"info","event":"-----------edit: {'title': 'Category:Bulgarian-language PDF files', 'user': 'EUResourcesBot', 'is_bot': True, 'server_name': 'commons.wikimedia.org', 'timestamp': 1750749200}-------------","logger":"unusual_prefix_05f7c68866a4b9981d661b83f7c582db0b838856_wiki_monitoring"}
{"timestamp":"2025-06-24T07:49:58.288577","level":"info","event":"----------------Processing messages: <cimpl.Message object at 0x78e1ecd7d740>------------","logger":"unusual_prefix_05f7c68866a4b9981d661b83f7c582db0b838856_wiki_monitoring"}
{"timestamp":"2025-06-24T07:49:58.288844","level":"info","event":"-----------edit: {'title': 'Q3726076', 'user': 'Danielyepezgarces', 'is_bot': False, 'server_name': 'www.wikidata.org', 'timestamp': 1750749203}-------------","logger":"unusual_prefix_05f7c68866a4b9981d661b83f7c582db0b838856_wiki_monitoring"}
{"timestamp":"2025-06-24T07:49:58.291910","level":"info","event":"----------------Processing messages: <cimpl.Message object at 0x78e1ecd7cbc0>------------","logger":"unusual_prefix_05f7c68866a4b9981d661b83f7c582db0b838856_wiki_monitoring"}
{"timestamp":"2025-06-24T07:49:58.292036","level":"info","event":"-----------edit: {'title': 'Category:Official Journal of the European Union files uploaded by EUResourcesBot', 'user': 'EUResourcesBot', 'is_bot': True, 'server_name': 'commons.wikimedia.org', 'timestamp': 1750749200}-------------","logger":"unusual_prefix_05f7c68866a4b9981d661b83f7c582db0b838856_wiki_monitoring"}
{"timestamp":"2025-06-24T07:49:58.295174","level":"info","event":"----------------Processing messages: <cimpl.Message object at 0x78e1ecd7d6c0>------------","logger":"unusual_prefix_05f7c68866a4b9981d661b83f7c582db0b838856_wiki_monitoring"}
{"timestamp":"2025-06-24T07:49:58.295303","level":"info","event":"-----------edit: {'title': 'Categoria:Controvérsias sobre a Igreja Universal do Reino de Deus', 'user': 'LIrala', 'is_bot': False, 'server_name': 'pt.wikipedia.org', 'timestamp': 1750749203}-------------","logger":"unusual_prefix_05f7c68866a4b9981d661b83f7c582db0b838856_wiki_monitoring"}
{"timestamp":"2025-06-24T07:49:58.298483","level":"info","event":"----------------Processing messages: <cimpl.Message object at 0x78e1ecd7c040>------------","logger":"unusual_prefix_05f7c68866a4b9981d661b83f7c582db0b838856_wiki_monitoring"}
{"timestamp":"2025-06-24T07:49:58.298600","level":"info","event":"-----------edit: {'title': 'Category:Uploaded with OpenRefine', 'user': 'EUResourcesBot', 'is_bot': True, 'server_name': 'commons.wikimedia.org', 'timestamp': 1750749200}-------------","logger":"unusual_prefix_05f7c68866a4b9981d661b83f7c582db0b838856_wiki_monitoring"}
{"timestamp":"2025-06-24T07:49:58.301640","level":"info","event":"----------------Processing messages: <cimpl.Message object at 0x78e1ecd7c9c0>------------","logger":"unusual_prefix_05f7c68866a4b9981d661b83f7c582db0b838856_wiki_monitoring"}
{"timestamp":"2025-06-24T07:49:58.301771","level":"info","event":"-----------edit: {'title': 'Category:Creative Commons Attribution-Share Alike missing SDC copyright status', 'user': 'TyranCometh', 'is_bot': False, 'server_name': 'commons.wikimedia.org', 'timestamp': 1750749202}-------------","logger":"unusual_prefix_05f7c68866a4b9981d661b83f7c582db0b838856_wiki_monitoring"}
{"timestamp":"2025-06-24T07:49:58.305850","level":"info","event":"----------------Processing messages: <cimpl.Message object at 0x78e1ecd7d5c0>------------","logger":"unusual_prefix_05f7c68866a4b9981d661b83f7c582db0b838856_wiki_monitoring"}
{"timestamp":"2025-06-24T07:49:58.306126","level":"info","event":"-----------edit: {'title': 'Q110952294', 'user': 'Kristbaumbot', 'is_bot': True, 'server_name': 'www.wikidata.org', 'timestamp': 1750749203}-------------","logger":"unusual_prefix_05f7c68866a4b9981d661b83f7c582db0b838856_wiki_monitoring"}
{"timestamp":"2025-06-24T07:49:58.310188","level":"info","event":"----------------Processing messages: <cimpl.Message object at 0x78e1ecd3bd40>------------","logger":"unusual_prefix_05f7c68866a4b9981d661b83f7c582db0b838856_wiki_monitoring"}
{"timestamp":"2025-06-24T07:49:58.310324","level":"info","event":"-----------edit: {'title': 'File:Tumuli northwest of Stonehenge - geograph.org.uk - 7823440.jpg', 'user': 'GeographBot', 'is_bot': True, 'server_name': 'commons.wikimedia.org', 'timestamp': 1750749202}-------------","logger":"unusual_prefix_05f7c68866a4b9981d661b83f7c582db0b838856_wiki_monitoring"}
{"timestamp":"2025-06-24T07:49:58.314441","level":"info","event":"----------------Processing messages: <cimpl.Message object at 0x78e1ecd3b9c0>------------","logger":"unusual_prefix_05f7c68866a4b9981d661b83f7c582db0b838856_wiki_monitoring"}
{"timestamp":"2025-06-24T07:49:58.314568","level":"info","event":"-----------edit: {'title': 'Category:CC-BY-SA-4.0', 'user': 'TyranCometh', 'is_bot': False, 'server_name': 'commons.wikimedia.org', 'timestamp': 1750749202}-------------","logger":"unusual_prefix_05f7c68866a4b9981d661b83f7c582db0b838856_wiki_monitoring"}
{"timestamp":"2025-06-24T07:49:58.319745","level":"info","event":"----------------Processing messages: <cimpl.Message object at 0x78e1ecd3bac0>------------","logger":"unusual_prefix_05f7c68866a4b9981d661b83f7c582db0b838856_wiki_monitoring"}
{"timestamp":"2025-06-24T07:49:58.319874","level":"info","event":"-----------edit: {'title': 'File:Antton Valverde - Donostia Saria - 20250621 203256.jpg', 'user': 'Ksarasola', 'is_bot': False, 'server_name': 'commons.wikimedia.org', 'timestamp': 1750749202}-------------","logger":"unusual_prefix_05f7c68866a4b9981d661b83f7c582db0b838856_wiki_monitoring"}
{"timestamp":"2025-06-24T07:49:58.323454","level":"info","event":"----------------Processing messages: <cimpl.Message object at 0x78e1ecd3b540>------------","logger":"unusual_prefix_05f7c68866a4b9981d661b83f7c582db0b838856_wiki_monitoring"}
{"timestamp":"2025-06-24T07:49:58.323577","level":"info","event":"-----------edit: {'title': 'forboding', 'user': 'WingerBot', 'is_bot': True, 'server_name': 'en.wiktionary.org', 'timestamp': 1750749202}-------------","logger":"unusual_prefix_05f7c68866a4b9981d661b83f7c582db0b838856_wiki_monitoring"}
{"timestamp":"2025-06-24T07:49:58.327046","level":"info","event":"----------------Processing messages: <cimpl.Message object at 0x78e1ecd7c7c0>------------","logger":"unusual_prefix_05f7c68866a4b9981d661b83f7c582db0b838856_wiki_monitoring"}
{"timestamp":"2025-06-24T07:49:58.327195","level":"info","event":"-----------edit: {'title': 'Page:Poems Louisa Blake.djvu/38', 'user': 'Alien333', 'is_bot': False, 'server_name': 'en.wikisource.org', 'timestamp': 1750749203}-------------","logger":"unusual_prefix_05f7c68866a4b9981d661b83f7c582db0b838856_wiki_monitoring"}
{"timestamp":"2025-06-24T07:49:58.330469","level":"info","event":"----------------Processing messages: <cimpl.Message object at 0x78e1ecd7c9c0>------------","logger":"unusual_prefix_05f7c68866a4b9981d661b83f7c582db0b838856_wiki_monitoring"}
{"timestamp":"2025-06-24T07:49:58.330598","level":"info","event":"-----------edit: {'title': 'Category:Creative Commons Attribution-Share Alike 4.0 missing SDC copyright license', 'user': 'TyranCometh', 'is_bot': False, 'server_name': 'commons.wikimedia.org', 'timestamp': 1750749202}-------------","logger":"unusual_prefix_05f7c68866a4b9981d661b83f7c582db0b838856_wiki_monitoring"}
{"timestamp":"2025-06-24T07:49:58.334030","level":"info","event":"----------------Processing messages: <cimpl.Message object at 0x78e1ecd7c340>------------","logger":"unusual_prefix_05f7c68866a4b9981d661b83f7c582db0b838856_wiki_monitoring"}
{"timestamp":"2025-06-24T07:49:58.334179","level":"info","event":"-----------edit: {'title': 'Thể loại:Trang có lỗi chú thích', 'user': 'Lou.v1012', 'is_bot': False, 'server_name': 'vi.wikipedia.org', 'timestamp': 1750749200}-------------","logger":"unusual_prefix_05f7c68866a4b9981d661b83f7c582db0b838856_wiki_monitoring"}
{"timestamp":"2025-06-24T07:49:58.338183","level":"info","event":"----------------Processing messages: <cimpl.Message object at 0x78e1ecd7ccc0>------------","logger":"unusual_prefix_05f7c68866a4b9981d661b83f7c582db0b838856_wiki_monitoring"}
{"timestamp":"2025-06-24T07:49:58.338317","level":"info","event":"-----------edit: {'title': 'Category:Mycology', 'user': 'TyranCometh', 'is_bot': False, 'server_name': 'commons.wikimedia.org', 'timestamp': 1750749202}-------------","logger":"unusual_prefix_05f7c68866a4b9981d661b83f7c582db0b838856_wiki_monitoring"}
{"timestamp":"2025-06-24T07:49:58.342257","level":"info","event":"----------------Processing messages: <cimpl.Message object at 0x78e1ecd7cb40>------------","logger":"unusual_prefix_05f7c68866a4b9981d661b83f7c582db0b838856_wiki_monitoring"}
{"timestamp":"2025-06-24T07:49:58.342383","level":"info","event":"-----------edit: {'title': 'Thể loại:Tọa độ không có sẵn trên Wikidata', 'user': 'Lou.v1012', 'is_bot': False, 'server_name': 'vi.wikipedia.org', 'timestamp': 1750749200}-------------","logger":"unusual_prefix_05f7c68866a4b9981d661b83f7c582db0b838856_wiki_monitoring"}
{"timestamp":"2025-06-24T07:49:58.345802","level":"info","event":"----------------Processing messages: <cimpl.Message object at 0x78e1ecd7d540>------------","logger":"unusual_prefix_05f7c68866a4b9981d661b83f7c582db0b838856_wiki_monitoring"}
{"timestamp":"2025-06-24T07:49:58.345988","level":"info","event":"-----------edit: {'title': 'Thể loại:Danh sách xã Việt Nam', 'user': 'Lou.v1012', 'is_bot': False, 'server_name': 'vi.wikipedia.org', 'timestamp': 1750749200}-------------","logger":"unusual_prefix_05f7c68866a4b9981d661b83f7c582db0b838856_wiki_monitoring"}
{"timestamp":"2025-06-24T07:49:58.349174","level":"info","event":"----------------Processing messages: <cimpl.Message object at 0x78e1ecd7d2c0>------------","logger":"unusual_prefix_05f7c68866a4b9981d661b83f7c582db0b838856_wiki_monitoring"}
{"timestamp":"2025-06-24T07:49:58.349307","level":"info","event":"-----------edit: {'title': 'Q3726043', 'user': 'Danielyepezgarces', 'is_bot': False, 'server_name': 'www.wikidata.org', 'timestamp': 1750749203}-------------","logger":"unusual_prefix_05f7c68866a4b9981d661b83f7c582db0b838856_wiki_monitoring"}
{"timestamp":"2025-06-24T07:49:58.352834","level":"info","event":"----------------Processing messages: <cimpl.Message object at 0x78e1ecd7cc40>------------","logger":"unusual_prefix_05f7c68866a4b9981d661b83f7c582db0b838856_wiki_monitoring"}
{"timestamp":"2025-06-24T07:49:58.352970","level":"info","event":"-----------edit: {'title': 'La promesa (serie de televisión española)', 'user': 'AdriánDíaz91', 'is_bot': False, 'server_name': 'es.wikipedia.org', 'timestamp': 1750749201}-------------","logger":"unusual_prefix_05f7c68866a4b9981d661b83f7c582db0b838856_wiki_monitoring"}
{"timestamp":"2025-06-24T07:49:58.356696","level":"info","event":"----------------Processing messages: <cimpl.Message object at 0x78e1ecd7c740>------------","logger":"unusual_prefix_05f7c68866a4b9981d661b83f7c582db0b838856_wiki_monitoring"}
{"timestamp":"2025-06-24T07:49:58.356836","level":"info","event":"-----------edit: {'title': 'Thể loại:Tất cả bài viết sơ khai', 'user': 'Lou.v1012', 'is_bot': False, 'server_name': 'vi.wikipedia.org', 'timestamp': 1750749200}-------------","logger":"unusual_prefix_05f7c68866a4b9981d661b83f7c582db0b838856_wiki_monitoring"}
{"timestamp":"2025-06-24T07:49:58.360988","level":"info","event":"----------------Processing messages: <cimpl.Message object at 0x78e1ecd3bcc0>------------","logger":"unusual_prefix_05f7c68866a4b9981d661b83f7c582db0b838856_wiki_monitoring"}
{"timestamp":"2025-06-24T07:49:58.361164","level":"info","event":"-----------edit: {'title': 'Thể loại:Sơ khai Bắc Ninh', 'user': 'Lou.v1012', 'is_bot': False, 'server_name': 'vi.wikipedia.org', 'timestamp': 1750749200}-------------","logger":"unusual_prefix_05f7c68866a4b9981d661b83f7c582db0b838856_wiki_monitoring"}
{"timestamp":"2025-06-24T07:49:58.364701","level":"info","event":"----------------Processing messages: <cimpl.Message object at 0x78e1ecd3bd40>------------","logger":"unusual_prefix_05f7c68866a4b9981d661b83f7c582db0b838856_wiki_monitoring"}
{"timestamp":"2025-06-24T07:49:58.364839","level":"info","event":"-----------edit: {'title': 'Thể loại:Xã, phường, thị trấn Bắc Ninh', 'user': 'Lou.v1012', 'is_bot': False, 'server_name': 'vi.wikipedia.org', 'timestamp': 1750749200}-------------","logger":"unusual_prefix_05f7c68866a4b9981d661b83f7c582db0b838856_wiki_monitoring"}
{"timestamp":"2025-06-24T07:49:58.368038","level":"info","event":"----------------Processing messages: <cimpl.Message object at 0x78e1ecd3bf40>------------","logger":"unusual_prefix_05f7c68866a4b9981d661b83f7c582db0b838856_wiki_monitoring"}
{"timestamp":"2025-06-24T07:49:58.368196","level":"info","event":"-----------edit: {'title': 'Thể loại:Phường, xã, đặc khu Bắc Ninh', 'user': 'Lou.v1012', 'is_bot': False, 'server_name': 'vi.wikipedia.org', 'timestamp': 1750749200}-------------","logger":"unusual_prefix_05f7c68866a4b9981d661b83f7c582db0b838856_wiki_monitoring"}
{"timestamp":"2025-06-24T07:49:58.375266","level":"info","event":"Done. Returned value was: None","logger":"airflow.task.operators.airflow.providers.standard.operators.python.PythonOperator"}
