{"timestamp":"2025-06-24T10:16:10.275954","level":"info","event":"DAG bundles loaded: dags-folder","logger":"airflow.dag_processing.bundles.manager.DagBundlesManager"}
{"timestamp":"2025-06-24T10:16:10.276342","level":"info","event":"Filling up the DagBag from /opt/airflow/dags/wiki_monitoring.py","logger":"airflow.models.dagbag.DagBag"}
{"timestamp":"2025-06-24T10:16:10.391774","level":"info","event":"Topic wiki_edits already exists","logger":"unusual_prefix_05f7c68866a4b9981d661b83f7c582db0b838856_wiki_monitoring"}
{"timestamp":"2025-06-24T10:16:10.391846","level":"info","event":"---------------topic metadata created------------------","logger":"unusual_prefix_05f7c68866a4b9981d661b83f7c582db0b838856_wiki_monitoring"}
{"timestamp":"2025-06-24T10:16:13.554887","level":"info","event":"----------------Processing messages: <cimpl.Message object at 0x78b175e536c0>------------","logger":"unusual_prefix_05f7c68866a4b9981d661b83f7c582db0b838856_wiki_monitoring"}
{"timestamp":"2025-06-24T10:16:13.555018","level":"info","event":"-----------edit: {'title': 'Category:Quality images of Bavaria', 'user': 'MB-one', 'is_bot': False, 'server_name': 'commons.wikimedia.org', 'timestamp': 1750758638}-------------","logger":"unusual_prefix_05f7c68866a4b9981d661b83f7c582db0b838856_wiki_monitoring"}
{"timestamp":"2025-06-24T10:16:13.561287","level":"info","event":"----------------Processing messages: <cimpl.Message object at 0x78b175e902c0>------------","logger":"unusual_prefix_05f7c68866a4b9981d661b83f7c582db0b838856_wiki_monitoring"}
{"timestamp":"2025-06-24T10:16:13.561394","level":"info","event":"-----------edit: {'title': 'Q135051510', 'user': 'BitBerry2000', 'is_bot': False, 'server_name': 'www.wikidata.org', 'timestamp': 1750758640}-------------","logger":"unusual_prefix_05f7c68866a4b9981d661b83f7c582db0b838856_wiki_monitoring"}
{"timestamp":"2025-06-24T10:16:13.563455","level":"info","event":"----------------Processing messages: <cimpl.Message object at 0x78b175e90640>------------","logger":"unusual_prefix_05f7c68866a4b9981d661b83f7c582db0b838856_wiki_monitoring"}
{"timestamp":"2025-06-24T10:16:13.563550","level":"info","event":"-----------edit: {'title': 'File:Marktplatz 21 in Lauf an der Pegnitz (1).jpg', 'user': 'MB-one', 'is_bot': False, 'server_name': 'commons.wikimedia.org', 'timestamp': 1750758639}-------------","logger":"unusual_prefix_05f7c68866a4b9981d661b83f7c582db0b838856_wiki_monitoring"}
{"timestamp":"2025-06-24T10:16:13.565485","level":"info","event":"----------------Processing messages: <cimpl.Message object at 0x78b175e90bc0>------------","logger":"unusual_prefix_05f7c68866a4b9981d661b83f7c582db0b838856_wiki_monitoring"}
{"timestamp":"2025-06-24T10:16:13.565577","level":"info","event":"-----------edit: {'title': 'Q33997942', 'user': 'Cewbot', 'is_bot': True, 'server_name': 'www.wikidata.org', 'timestamp': 1750758640}-------------","logger":"unusual_prefix_05f7c68866a4b9981d661b83f7c582db0b838856_wiki_monitoring"}
{"timestamp":"2025-06-24T10:16:13.567750","level":"info","event":"----------------Processing messages: <cimpl.Message object at 0x78b175e90d40>------------","logger":"unusual_prefix_05f7c68866a4b9981d661b83f7c582db0b838856_wiki_monitoring"}
{"timestamp":"2025-06-24T10:16:13.568102","level":"info","event":"-----------edit: {'title': 'History of the United States', 'user': 'Onel5969', 'is_bot': False, 'server_name': 'en.wikipedia.org', 'timestamp': 1750758625}-------------","logger":"unusual_prefix_05f7c68866a4b9981d661b83f7c582db0b838856_wiki_monitoring"}
{"timestamp":"2025-06-24T10:16:13.571043","level":"info","event":"----------------Processing messages: <cimpl.Message object at 0x78b175e90f40>------------","logger":"unusual_prefix_05f7c68866a4b9981d661b83f7c582db0b838856_wiki_monitoring"}
{"timestamp":"2025-06-24T10:16:13.571711","level":"info","event":"-----------edit: {'title': '六四事件中的香港', 'user': 'MoAiSang', 'is_bot': False, 'server_name': 'zh.wikipedia.org', 'timestamp': 1750758640}-------------","logger":"unusual_prefix_05f7c68866a4b9981d661b83f7c582db0b838856_wiki_monitoring"}
{"timestamp":"2025-06-24T10:16:13.574534","level":"info","event":"----------------Processing messages: <cimpl.Message object at 0x78b175e90d40>------------","logger":"unusual_prefix_05f7c68866a4b9981d661b83f7c582db0b838856_wiki_monitoring"}
{"timestamp":"2025-06-24T10:16:13.574634","level":"info","event":"-----------edit: {'title': 'Обговорення:Ганусек', 'user': 'RarBot', 'is_bot': True, 'server_name': 'uk.wikipedia.org', 'timestamp': 1750758641}-------------","logger":"unusual_prefix_05f7c68866a4b9981d661b83f7c582db0b838856_wiki_monitoring"}
{"timestamp":"2025-06-24T10:16:13.576661","level":"info","event":"----------------Processing messages: <cimpl.Message object at 0x78b175e53a40>------------","logger":"unusual_prefix_05f7c68866a4b9981d661b83f7c582db0b838856_wiki_monitoring"}
{"timestamp":"2025-06-24T10:16:13.576753","level":"info","event":"-----------edit: {'title': 'Categoria:Guanyadors del premi Oscar al millor guió adaptat', 'user': 'PereBot', 'is_bot': True, 'server_name': 'ca.wikipedia.org', 'timestamp': 1750758631}-------------","logger":"unusual_prefix_05f7c68866a4b9981d661b83f7c582db0b838856_wiki_monitoring"}
{"timestamp":"2025-06-24T10:16:13.578896","level":"info","event":"----------------Processing messages: <cimpl.Message object at 0x78b175e90fc0>------------","logger":"unusual_prefix_05f7c68866a4b9981d661b83f7c582db0b838856_wiki_monitoring"}
{"timestamp":"2025-06-24T10:16:13.578985","level":"info","event":"-----------edit: {'title': 'Q92662983', 'user': 'Kbseah', 'is_bot': False, 'server_name': 'www.wikidata.org', 'timestamp': 1750758640}-------------","logger":"unusual_prefix_05f7c68866a4b9981d661b83f7c582db0b838856_wiki_monitoring"}
{"timestamp":"2025-06-24T10:16:13.580857","level":"info","event":"----------------Processing messages: <cimpl.Message object at 0x78b175e90640>------------","logger":"unusual_prefix_05f7c68866a4b9981d661b83f7c582db0b838856_wiki_monitoring"}
{"timestamp":"2025-06-24T10:16:13.580949","level":"info","event":"-----------edit: {'title': 'Q110488644', 'user': 'Kbseah', 'is_bot': False, 'server_name': 'www.wikidata.org', 'timestamp': 1750758640}-------------","logger":"unusual_prefix_05f7c68866a4b9981d661b83f7c582db0b838856_wiki_monitoring"}
{"timestamp":"2025-06-24T10:16:13.583402","level":"info","event":"----------------Processing messages: <cimpl.Message object at 0x78b175e908c0>------------","logger":"unusual_prefix_05f7c68866a4b9981d661b83f7c582db0b838856_wiki_monitoring"}
{"timestamp":"2025-06-24T10:16:13.583492","level":"info","event":"-----------edit: {'title': 'Kategorie:Pages using the JsonConfig extension', 'user': '103.158.210.21', 'is_bot': False, 'server_name': 'af.wikipedia.org', 'timestamp': 1750758639}-------------","logger":"unusual_prefix_05f7c68866a4b9981d661b83f7c582db0b838856_wiki_monitoring"}
{"timestamp":"2025-06-24T10:16:13.586258","level":"info","event":"----------------Processing messages: <cimpl.Message object at 0x78b175e902c0>------------","logger":"unusual_prefix_05f7c68866a4b9981d661b83f7c582db0b838856_wiki_monitoring"}
{"timestamp":"2025-06-24T10:16:13.586411","level":"info","event":"-----------edit: {'title': 'Участник:193.233.228.206', 'user': 'QBA-bot', 'is_bot': True, 'server_name': 'ru.wikiquote.org', 'timestamp': 1750758641}-------------","logger":"unusual_prefix_05f7c68866a4b9981d661b83f7c582db0b838856_wiki_monitoring"}
{"timestamp":"2025-06-24T10:16:13.588349","level":"info","event":"----------------Processing messages: <cimpl.Message object at 0x78b175e905c0>------------","logger":"unusual_prefix_05f7c68866a4b9981d661b83f7c582db0b838856_wiki_monitoring"}
{"timestamp":"2025-06-24T10:16:13.588433","level":"info","event":"-----------edit: {'title': 'Q56464622', 'user': 'Adam78', 'is_bot': False, 'server_name': 'www.wikidata.org', 'timestamp': 1750758641}-------------","logger":"unusual_prefix_05f7c68866a4b9981d661b83f7c582db0b838856_wiki_monitoring"}
{"timestamp":"2025-06-24T10:16:13.590271","level":"info","event":"----------------Processing messages: <cimpl.Message object at 0x78b175e91340>------------","logger":"unusual_prefix_05f7c68866a4b9981d661b83f7c582db0b838856_wiki_monitoring"}
{"timestamp":"2025-06-24T10:16:13.590428","level":"info","event":"-----------edit: {'title': 'Category:Wikipedia non-free files with redirect backlink', 'user': 'Nardog', 'is_bot': False, 'server_name': 'en.wikipedia.org', 'timestamp': 1750758638}-------------","logger":"unusual_prefix_05f7c68866a4b9981d661b83f7c582db0b838856_wiki_monitoring"}
{"timestamp":"2025-06-24T10:16:13.592318","level":"info","event":"----------------Processing messages: <cimpl.Message object at 0x78b175e91640>------------","logger":"unusual_prefix_05f7c68866a4b9981d661b83f7c582db0b838856_wiki_monitoring"}
{"timestamp":"2025-06-24T10:16:13.592404","level":"info","event":"-----------edit: {'title': 'Category:Files from Gallica', 'user': 'Gzen92Bot', 'is_bot': True, 'server_name': 'commons.wikimedia.org', 'timestamp': 1750758639}-------------","logger":"unusual_prefix_05f7c68866a4b9981d661b83f7c582db0b838856_wiki_monitoring"}
{"timestamp":"2025-06-24T10:16:13.594504","level":"info","event":"----------------Processing messages: <cimpl.Message object at 0x78b175e91840>------------","logger":"unusual_prefix_05f7c68866a4b9981d661b83f7c582db0b838856_wiki_monitoring"}
{"timestamp":"2025-06-24T10:16:13.594592","level":"info","event":"-----------edit: {'title': 'Category:Artworks without Wikidata item', 'user': 'Gzen92Bot', 'is_bot': True, 'server_name': 'commons.wikimedia.org', 'timestamp': 1750758639}-------------","logger":"unusual_prefix_05f7c68866a4b9981d661b83f7c582db0b838856_wiki_monitoring"}
{"timestamp":"2025-06-24T10:16:13.596714","level":"info","event":"----------------Processing messages: <cimpl.Message object at 0x78b175e91c40>------------","logger":"unusual_prefix_05f7c68866a4b9981d661b83f7c582db0b838856_wiki_monitoring"}
{"timestamp":"2025-06-24T10:16:13.596803","level":"info","event":"-----------edit: {'title': 'зехьэлӏэн', 'user': 'Rhdkabardian', 'is_bot': False, 'server_name': 'kbd.wiktionary.org', 'timestamp': 1750758641}-------------","logger":"unusual_prefix_05f7c68866a4b9981d661b83f7c582db0b838856_wiki_monitoring"}
{"timestamp":"2025-06-24T10:16:13.598850","level":"info","event":"----------------Processing messages: <cimpl.Message object at 0x78b175e91ec0>------------","logger":"unusual_prefix_05f7c68866a4b9981d661b83f7c582db0b838856_wiki_monitoring"}
{"timestamp":"2025-06-24T10:16:13.598959","level":"info","event":"-----------edit: {'title': 'File:Marter Maintal 0182.jpg', 'user': 'MB-one', 'is_bot': False, 'server_name': 'commons.wikimedia.org', 'timestamp': 1750758640}-------------","logger":"unusual_prefix_05f7c68866a4b9981d661b83f7c582db0b838856_wiki_monitoring"}
{"timestamp":"2025-06-24T10:16:13.600829","level":"info","event":"----------------Processing messages: <cimpl.Message object at 0x78b175e91c40>------------","logger":"unusual_prefix_05f7c68866a4b9981d661b83f7c582db0b838856_wiki_monitoring"}
{"timestamp":"2025-06-24T10:16:13.600914","level":"info","event":"-----------edit: {'title': 'Category:PD France', 'user': 'Gzen92Bot', 'is_bot': True, 'server_name': 'commons.wikimedia.org', 'timestamp': 1750758639}-------------","logger":"unusual_prefix_05f7c68866a4b9981d661b83f7c582db0b838856_wiki_monitoring"}
{"timestamp":"2025-06-24T10:16:13.602969","level":"info","event":"----------------Processing messages: <cimpl.Message object at 0x78b175e92140>------------","logger":"unusual_prefix_05f7c68866a4b9981d661b83f7c582db0b838856_wiki_monitoring"}
{"timestamp":"2025-06-24T10:16:13.603058","level":"info","event":"-----------edit: {'title': 'Q92672096', 'user': 'Kbseah', 'is_bot': False, 'server_name': 'www.wikidata.org', 'timestamp': 1750758641}-------------","logger":"unusual_prefix_05f7c68866a4b9981d661b83f7c582db0b838856_wiki_monitoring"}
{"timestamp":"2025-06-24T10:16:13.605069","level":"info","event":"----------------Processing messages: <cimpl.Message object at 0x78b175e92240>------------","logger":"unusual_prefix_05f7c68866a4b9981d661b83f7c582db0b838856_wiki_monitoring"}
{"timestamp":"2025-06-24T10:16:13.605159","level":"info","event":"-----------edit: {'title': 'Category:PD-old missing SDC copyright status', 'user': 'Gzen92Bot', 'is_bot': True, 'server_name': 'commons.wikimedia.org', 'timestamp': 1750758639}-------------","logger":"unusual_prefix_05f7c68866a4b9981d661b83f7c582db0b838856_wiki_monitoring"}
{"timestamp":"2025-06-24T10:16:13.607196","level":"info","event":"----------------Processing messages: <cimpl.Message object at 0x78b175e91fc0>------------","logger":"unusual_prefix_05f7c68866a4b9981d661b83f7c582db0b838856_wiki_monitoring"}
{"timestamp":"2025-06-24T10:16:13.607287","level":"info","event":"-----------edit: {'title': 'Category:CC-PD-Mark', 'user': 'Gzen92Bot', 'is_bot': True, 'server_name': 'commons.wikimedia.org', 'timestamp': 1750758639}-------------","logger":"unusual_prefix_05f7c68866a4b9981d661b83f7c582db0b838856_wiki_monitoring"}
{"timestamp":"2025-06-24T10:16:13.609264","level":"info","event":"----------------Processing messages: <cimpl.Message object at 0x78b175e91640>------------","logger":"unusual_prefix_05f7c68866a4b9981d661b83f7c582db0b838856_wiki_monitoring"}
{"timestamp":"2025-06-24T10:16:13.609352","level":"info","event":"-----------edit: {'title': 'File:View over Whitesands Bay-Porth Mawr - geograph.org.uk - 7824198.jpg', 'user': 'GeographBot', 'is_bot': True, 'server_name': 'commons.wikimedia.org', 'timestamp': 1750758641}-------------","logger":"unusual_prefix_05f7c68866a4b9981d661b83f7c582db0b838856_wiki_monitoring"}
{"timestamp":"2025-06-24T10:16:13.611324","level":"info","event":"----------------Processing messages: <cimpl.Message object at 0x78b175e91340>------------","logger":"unusual_prefix_05f7c68866a4b9981d661b83f7c582db0b838856_wiki_monitoring"}
{"timestamp":"2025-06-24T10:16:13.611417","level":"info","event":"-----------edit: {'title': 'Q110488640', 'user': 'Kbseah', 'is_bot': False, 'server_name': 'www.wikidata.org', 'timestamp': 1750758641}-------------","logger":"unusual_prefix_05f7c68866a4b9981d661b83f7c582db0b838856_wiki_monitoring"}
{"timestamp":"2025-06-24T10:16:13.613576","level":"info","event":"----------------Processing messages: <cimpl.Message object at 0x78b175e91a40>------------","logger":"unusual_prefix_05f7c68866a4b9981d661b83f7c582db0b838856_wiki_monitoring"}
{"timestamp":"2025-06-24T10:16:13.613675","level":"info","event":"-----------edit: {'title': 'Category:PD-old-100-expired', 'user': 'Gzen92Bot', 'is_bot': True, 'server_name': 'commons.wikimedia.org', 'timestamp': 1750758639}-------------","logger":"unusual_prefix_05f7c68866a4b9981d661b83f7c582db0b838856_wiki_monitoring"}
{"timestamp":"2025-06-24T10:16:13.616009","level":"info","event":"----------------Processing messages: <cimpl.Message object at 0x78b175e91540>------------","logger":"unusual_prefix_05f7c68866a4b9981d661b83f7c582db0b838856_wiki_monitoring"}
{"timestamp":"2025-06-24T10:16:13.616111","level":"info","event":"-----------edit: {'title': 'Category:PD US expired', 'user': 'Gzen92Bot', 'is_bot': True, 'server_name': 'commons.wikimedia.org', 'timestamp': 1750758639}-------------","logger":"unusual_prefix_05f7c68866a4b9981d661b83f7c582db0b838856_wiki_monitoring"}
{"timestamp":"2025-06-24T10:16:13.618236","level":"info","event":"----------------Processing messages: <cimpl.Message object at 0x78b175e915c0>------------","logger":"unusual_prefix_05f7c68866a4b9981d661b83f7c582db0b838856_wiki_monitoring"}
{"timestamp":"2025-06-24T10:16:13.618323","level":"info","event":"-----------edit: {'title': 'Q124526901', 'user': 'Chabe01', 'is_bot': False, 'server_name': 'www.wikidata.org', 'timestamp': 1750758641}-------------","logger":"unusual_prefix_05f7c68866a4b9981d661b83f7c582db0b838856_wiki_monitoring"}
{"timestamp":"2025-06-24T10:16:13.620341","level":"info","event":"----------------Processing messages: <cimpl.Message object at 0x78b175e902c0>------------","logger":"unusual_prefix_05f7c68866a4b9981d661b83f7c582db0b838856_wiki_monitoring"}
{"timestamp":"2025-06-24T10:16:13.620426","level":"info","event":"-----------edit: {'title': 'Libido', 'user': 'AnomieBOT', 'is_bot': True, 'server_name': 'en.wikipedia.org', 'timestamp': 1750758638}-------------","logger":"unusual_prefix_05f7c68866a4b9981d661b83f7c582db0b838856_wiki_monitoring"}
{"timestamp":"2025-06-24T10:16:13.622340","level":"info","event":"----------------Processing messages: <cimpl.Message object at 0x78b175e90540>------------","logger":"unusual_prefix_05f7c68866a4b9981d661b83f7c582db0b838856_wiki_monitoring"}
{"timestamp":"2025-06-24T10:16:13.622475","level":"info","event":"-----------edit: {'title': 'Q132307595', 'user': 'Henri Aja', 'is_bot': False, 'server_name': 'www.wikidata.org', 'timestamp': 1750758642}-------------","logger":"unusual_prefix_05f7c68866a4b9981d661b83f7c582db0b838856_wiki_monitoring"}
{"timestamp":"2025-06-24T10:16:13.624422","level":"info","event":"----------------Processing messages: <cimpl.Message object at 0x78b175e90840>------------","logger":"unusual_prefix_05f7c68866a4b9981d661b83f7c582db0b838856_wiki_monitoring"}
{"timestamp":"2025-06-24T10:16:13.624507","level":"info","event":"-----------edit: {'title': 'Category:PD-US missing SDC copyright status', 'user': 'Gzen92Bot', 'is_bot': True, 'server_name': 'commons.wikimedia.org', 'timestamp': 1750758639}-------------","logger":"unusual_prefix_05f7c68866a4b9981d661b83f7c582db0b838856_wiki_monitoring"}
{"timestamp":"2025-06-24T10:16:13.626307","level":"info","event":"----------------Processing messages: <cimpl.Message object at 0x78b175e90cc0>------------","logger":"unusual_prefix_05f7c68866a4b9981d661b83f7c582db0b838856_wiki_monitoring"}
{"timestamp":"2025-06-24T10:16:13.626428","level":"info","event":"-----------edit: {'title': 'Category:Sheet music from Gallica (Bibliothèque nationale de France) uploaded by Gzen92Bot', 'user': 'Gzen92Bot', 'is_bot': True, 'server_name': 'commons.wikimedia.org', 'timestamp': 1750758639}-------------","logger":"unusual_prefix_05f7c68866a4b9981d661b83f7c582db0b838856_wiki_monitoring"}
{"timestamp":"2025-06-24T10:16:13.628563","level":"info","event":"----------------Processing messages: <cimpl.Message object at 0x78b175e90f40>------------","logger":"unusual_prefix_05f7c68866a4b9981d661b83f7c582db0b838856_wiki_monitoring"}
{"timestamp":"2025-06-24T10:16:13.628651","level":"info","event":"-----------edit: {'title': 'Category:Quality images of Bavaria', 'user': 'MB-one', 'is_bot': False, 'server_name': 'commons.wikimedia.org', 'timestamp': 1750758639}-------------","logger":"unusual_prefix_05f7c68866a4b9981d661b83f7c582db0b838856_wiki_monitoring"}
{"timestamp":"2025-06-24T10:16:13.630582","level":"info","event":"----------------Processing messages: <cimpl.Message object at 0x78b175e910c0>------------","logger":"unusual_prefix_05f7c68866a4b9981d661b83f7c582db0b838856_wiki_monitoring"}
{"timestamp":"2025-06-24T10:16:13.630664","level":"info","event":"-----------edit: {'title': 'Q135051511', 'user': 'BitBerry2000', 'is_bot': False, 'server_name': 'www.wikidata.org', 'timestamp': 1750758640}-------------","logger":"unusual_prefix_05f7c68866a4b9981d661b83f7c582db0b838856_wiki_monitoring"}
{"timestamp":"2025-06-24T10:16:13.632634","level":"info","event":"----------------Processing messages: <cimpl.Message object at 0x78b175e53ac0>------------","logger":"unusual_prefix_05f7c68866a4b9981d661b83f7c582db0b838856_wiki_monitoring"}
{"timestamp":"2025-06-24T10:16:13.632726","level":"info","event":"-----------edit: {'title': 'File:NDL1271265 株式裏書譲渡の解説.pdf', 'user': 'MidleadingBot', 'is_bot': True, 'server_name': 'commons.wikimedia.org', 'timestamp': 1750758640}-------------","logger":"unusual_prefix_05f7c68866a4b9981d661b83f7c582db0b838856_wiki_monitoring"}
{"timestamp":"2025-06-24T10:16:13.634777","level":"info","event":"----------------Processing messages: <cimpl.Message object at 0x78b175e91140>------------","logger":"unusual_prefix_05f7c68866a4b9981d661b83f7c582db0b838856_wiki_monitoring"}
{"timestamp":"2025-06-24T10:16:13.634868","level":"info","event":"-----------edit: {'title': 'Category:Oeuvre XII. Camille ou le souterrain, comédie en trois actes en prose par M. Marsollier. Représentée par les comédiens italiens le samedy 19 mars 1791.... Gravé par Huguet - btv1b100724342', 'user': 'Gzen92Bot', 'is_bot': True, 'server_name': 'commons.wikimedia.org', 'timestamp': 1750758639}-------------","logger":"unusual_prefix_05f7c68866a4b9981d661b83f7c582db0b838856_wiki_monitoring"}
{"timestamp":"2025-06-24T10:16:13.636811","level":"info","event":"----------------Processing messages: <cimpl.Message object at 0x78b175e90540>------------","logger":"unusual_prefix_05f7c68866a4b9981d661b83f7c582db0b838856_wiki_monitoring"}
{"timestamp":"2025-06-24T10:16:13.636902","level":"info","event":"-----------edit: {'title': 'Категорія:Статті проєкту Польща низької важливості', 'user': 'RarBot', 'is_bot': True, 'server_name': 'uk.wikipedia.org', 'timestamp': 1750758641}-------------","logger":"unusual_prefix_05f7c68866a4b9981d661b83f7c582db0b838856_wiki_monitoring"}
{"timestamp":"2025-06-24T10:16:13.639082","level":"info","event":"----------------Processing messages: <cimpl.Message object at 0x78b175e902c0>------------","logger":"unusual_prefix_05f7c68866a4b9981d661b83f7c582db0b838856_wiki_monitoring"}
{"timestamp":"2025-06-24T10:16:13.639178","level":"info","event":"-----------edit: {'title': 'Категорія:Статті проєкту Польща невідомого рівня низької важливості', 'user': 'RarBot', 'is_bot': True, 'server_name': 'uk.wikipedia.org', 'timestamp': 1750758641}-------------","logger":"unusual_prefix_05f7c68866a4b9981d661b83f7c582db0b838856_wiki_monitoring"}
{"timestamp":"2025-06-24T10:16:13.641142","level":"info","event":"----------------Processing messages: <cimpl.Message object at 0x78b175e915c0>------------","logger":"unusual_prefix_05f7c68866a4b9981d661b83f7c582db0b838856_wiki_monitoring"}
{"timestamp":"2025-06-24T10:16:13.641226","level":"info","event":"-----------edit: {'title': 'Категорія:Статті проєкту Польща невідомої важливості', 'user': 'RarBot', 'is_bot': True, 'server_name': 'uk.wikipedia.org', 'timestamp': 1750758641}-------------","logger":"unusual_prefix_05f7c68866a4b9981d661b83f7c582db0b838856_wiki_monitoring"}
{"timestamp":"2025-06-24T10:16:13.643234","level":"info","event":"----------------Processing messages: <cimpl.Message object at 0x78b175e91540>------------","logger":"unusual_prefix_05f7c68866a4b9981d661b83f7c582db0b838856_wiki_monitoring"}
{"timestamp":"2025-06-24T10:16:13.643326","level":"info","event":"-----------edit: {'title': 'Категорія:Статті проєкту Польща невідомого рівня невідомої важливості', 'user': 'RarBot', 'is_bot': True, 'server_name': 'uk.wikipedia.org', 'timestamp': 1750758641}-------------","logger":"unusual_prefix_05f7c68866a4b9981d661b83f7c582db0b838856_wiki_monitoring"}
{"timestamp":"2025-06-24T10:16:13.645548","level":"info","event":"----------------Processing messages: <cimpl.Message object at 0x78b175e91a40>------------","logger":"unusual_prefix_05f7c68866a4b9981d661b83f7c582db0b838856_wiki_monitoring"}
{"timestamp":"2025-06-24T10:16:13.645641","level":"info","event":"-----------edit: {'title': 'Q231196', 'user': 'Florentyna', 'is_bot': False, 'server_name': 'www.wikidata.org', 'timestamp': 1750758642}-------------","logger":"unusual_prefix_05f7c68866a4b9981d661b83f7c582db0b838856_wiki_monitoring"}
{"timestamp":"2025-06-24T10:16:13.647640","level":"info","event":"----------------Processing messages: <cimpl.Message object at 0x78b175e91340>------------","logger":"unusual_prefix_05f7c68866a4b9981d661b83f7c582db0b838856_wiki_monitoring"}
{"timestamp":"2025-06-24T10:16:13.647731","level":"info","event":"-----------edit: {'title': 'Участник:193.233.229.144', 'user': 'QBA-bot', 'is_bot': True, 'server_name': 'ru.wikiquote.org', 'timestamp': 1750758642}-------------","logger":"unusual_prefix_05f7c68866a4b9981d661b83f7c582db0b838856_wiki_monitoring"}
{"timestamp":"2025-06-24T10:16:13.649880","level":"info","event":"----------------Processing messages: <cimpl.Message object at 0x78b175e917c0>------------","logger":"unusual_prefix_05f7c68866a4b9981d661b83f7c582db0b838856_wiki_monitoring"}
{"timestamp":"2025-06-24T10:16:13.649975","level":"info","event":"-----------edit: {'title': 'Q92673746', 'user': 'Kbseah', 'is_bot': False, 'server_name': 'www.wikidata.org', 'timestamp': 1750758642}-------------","logger":"unusual_prefix_05f7c68866a4b9981d661b83f7c582db0b838856_wiki_monitoring"}
{"timestamp":"2025-06-24T10:16:13.652061","level":"info","event":"----------------Processing messages: <cimpl.Message object at 0x78b175e91940>------------","logger":"unusual_prefix_05f7c68866a4b9981d661b83f7c582db0b838856_wiki_monitoring"}
{"timestamp":"2025-06-24T10:16:13.652151","level":"info","event":"-----------edit: {'title': 'Q231196', 'user': 'Florentyna', 'is_bot': False, 'server_name': 'www.wikidata.org', 'timestamp': 1750758641}-------------","logger":"unusual_prefix_05f7c68866a4b9981d661b83f7c582db0b838856_wiki_monitoring"}
{"timestamp":"2025-06-24T10:16:13.654011","level":"info","event":"----------------Processing messages: <cimpl.Message object at 0x78b175e92240>------------","logger":"unusual_prefix_05f7c68866a4b9981d661b83f7c582db0b838856_wiki_monitoring"}
{"timestamp":"2025-06-24T10:16:13.654096","level":"info","event":"-----------edit: {'title': 'Нападение на николаевскую станицу', 'user': 'Sunnimuslimwarrior', 'is_bot': False, 'server_name': 'ru.wikipedia.org', 'timestamp': 1750758641}-------------","logger":"unusual_prefix_05f7c68866a4b9981d661b83f7c582db0b838856_wiki_monitoring"}
{"timestamp":"2025-06-24T10:16:13.656104","level":"info","event":"----------------Processing messages: <cimpl.Message object at 0x78b175e92140>------------","logger":"unusual_prefix_05f7c68866a4b9981d661b83f7c582db0b838856_wiki_monitoring"}
{"timestamp":"2025-06-24T10:16:13.656189","level":"info","event":"-----------edit: {'title': 'File:20251710230 GOES19-ABI-FD-GEOCOLOR-21696x21696 64.jpg', 'user': 'PantheraLeo1359531', 'is_bot': False, 'server_name': 'commons.wikimedia.org', 'timestamp': 1750758641}-------------","logger":"unusual_prefix_05f7c68866a4b9981d661b83f7c582db0b838856_wiki_monitoring"}
{"timestamp":"2025-06-24T10:16:13.658203","level":"info","event":"----------------Processing messages: <cimpl.Message object at 0x78b175e90e40>------------","logger":"unusual_prefix_05f7c68866a4b9981d661b83f7c582db0b838856_wiki_monitoring"}
{"timestamp":"2025-06-24T10:16:13.658288","level":"info","event":"-----------edit: {'title': 'Roddie Haley', 'user': 'Frank63', 'is_bot': False, 'server_name': 'en.wikipedia.org', 'timestamp': 1750758641}-------------","logger":"unusual_prefix_05f7c68866a4b9981d661b83f7c582db0b838856_wiki_monitoring"}
{"timestamp":"2025-06-24T10:16:13.660430","level":"info","event":"----------------Processing messages: <cimpl.Message object at 0x78b175e53ac0>------------","logger":"unusual_prefix_05f7c68866a4b9981d661b83f7c582db0b838856_wiki_monitoring"}
{"timestamp":"2025-06-24T10:16:13.660521","level":"info","event":"-----------edit: {'title': 'Q135040018', 'user': 'Immanuelle', 'is_bot': False, 'server_name': 'www.wikidata.org', 'timestamp': 1750758642}-------------","logger":"unusual_prefix_05f7c68866a4b9981d661b83f7c582db0b838856_wiki_monitoring"}
{"timestamp":"2025-06-24T10:16:13.662399","level":"info","event":"----------------Processing messages: <cimpl.Message object at 0x78b175e92040>------------","logger":"unusual_prefix_05f7c68866a4b9981d661b83f7c582db0b838856_wiki_monitoring"}
{"timestamp":"2025-06-24T10:16:13.662482","level":"info","event":"-----------edit: {'title': 'Q135051512', 'user': 'BitBerry2000', 'is_bot': False, 'server_name': 'www.wikidata.org', 'timestamp': 1750758641}-------------","logger":"unusual_prefix_05f7c68866a4b9981d661b83f7c582db0b838856_wiki_monitoring"}
{"timestamp":"2025-06-24T10:16:13.664353","level":"info","event":"----------------Processing messages: <cimpl.Message object at 0x78b175e917c0>------------","logger":"unusual_prefix_05f7c68866a4b9981d661b83f7c582db0b838856_wiki_monitoring"}
{"timestamp":"2025-06-24T10:16:13.664436","level":"info","event":"-----------edit: {'title': 'Q110488633', 'user': 'Kbseah', 'is_bot': False, 'server_name': 'www.wikidata.org', 'timestamp': 1750758642}-------------","logger":"unusual_prefix_05f7c68866a4b9981d661b83f7c582db0b838856_wiki_monitoring"}
{"timestamp":"2025-06-24T10:16:13.666540","level":"info","event":"----------------Processing messages: <cimpl.Message object at 0x78b175e91a40>------------","logger":"unusual_prefix_05f7c68866a4b9981d661b83f7c582db0b838856_wiki_monitoring"}
{"timestamp":"2025-06-24T10:16:13.666624","level":"info","event":"-----------edit: {'title': 'Category:PD US NOAA', 'user': 'PantheraLeo1359531', 'is_bot': False, 'server_name': 'commons.wikimedia.org', 'timestamp': 1750758641}-------------","logger":"unusual_prefix_05f7c68866a4b9981d661b83f7c582db0b838856_wiki_monitoring"}
{"timestamp":"2025-06-24T10:16:13.668692","level":"info","event":"----------------Processing messages: <cimpl.Message object at 0x78b175e91b40>------------","logger":"unusual_prefix_05f7c68866a4b9981d661b83f7c582db0b838856_wiki_monitoring"}
{"timestamp":"2025-06-24T10:16:13.668804","level":"info","event":"-----------edit: {'title': 'File:Marter Maintal 0183.jpg', 'user': 'MB-one', 'is_bot': False, 'server_name': 'commons.wikimedia.org', 'timestamp': 1750758641}-------------","logger":"unusual_prefix_05f7c68866a4b9981d661b83f7c582db0b838856_wiki_monitoring"}
{"timestamp":"2025-06-24T10:16:13.671079","level":"info","event":"----------------Processing messages: <cimpl.Message object at 0x78b175e91540>------------","logger":"unusual_prefix_05f7c68866a4b9981d661b83f7c582db0b838856_wiki_monitoring"}
{"timestamp":"2025-06-24T10:16:13.671174","level":"info","event":"-----------edit: {'title': 'دل دیا درد لیا', 'user': 'ZumrahBot', 'is_bot': True, 'server_name': 'ur.wikipedia.org', 'timestamp': 1750758640}-------------","logger":"unusual_prefix_05f7c68866a4b9981d661b83f7c582db0b838856_wiki_monitoring"}
{"timestamp":"2025-06-24T10:16:13.673130","level":"info","event":"----------------Processing messages: <cimpl.Message object at 0x78b175e915c0>------------","logger":"unusual_prefix_05f7c68866a4b9981d661b83f7c582db0b838856_wiki_monitoring"}
{"timestamp":"2025-06-24T10:16:13.673217","level":"info","event":"-----------edit: {'title': 'mamsell', 'user': 'WingerBot', 'is_bot': True, 'server_name': 'en.wiktionary.org', 'timestamp': 1750758641}-------------","logger":"unusual_prefix_05f7c68866a4b9981d661b83f7c582db0b838856_wiki_monitoring"}
{"timestamp":"2025-06-24T10:16:13.675164","level":"info","event":"----------------Processing messages: <cimpl.Message object at 0x78b175e902c0>------------","logger":"unusual_prefix_05f7c68866a4b9981d661b83f7c582db0b838856_wiki_monitoring"}
{"timestamp":"2025-06-24T10:16:13.675243","level":"info","event":"-----------edit: {'title': 'Category:PD-USGov missing SDC copyright status', 'user': 'PantheraLeo1359531', 'is_bot': False, 'server_name': 'commons.wikimedia.org', 'timestamp': 1750758641}-------------","logger":"unusual_prefix_05f7c68866a4b9981d661b83f7c582db0b838856_wiki_monitoring"}
{"timestamp":"2025-06-24T10:16:13.677098","level":"info","event":"----------------Processing messages: <cimpl.Message object at 0x78b175e90540>------------","logger":"unusual_prefix_05f7c68866a4b9981d661b83f7c582db0b838856_wiki_monitoring"}
{"timestamp":"2025-06-24T10:16:13.677183","level":"info","event":"-----------edit: {'title': 'Q65622007', 'user': 'Florentyna', 'is_bot': False, 'server_name': 'www.wikidata.org', 'timestamp': 1750758643}-------------","logger":"unusual_prefix_05f7c68866a4b9981d661b83f7c582db0b838856_wiki_monitoring"}
{"timestamp":"2025-06-24T10:16:13.679159","level":"info","event":"----------------Processing messages: <cimpl.Message object at 0x78b175e91140>------------","logger":"unusual_prefix_05f7c68866a4b9981d661b83f7c582db0b838856_wiki_monitoring"}
{"timestamp":"2025-06-24T10:16:13.679247","level":"info","event":"-----------edit: {'title': 'Category:GOES-19 ABI FD imagery of Hurricane Erick (2025) (GeoColor)', 'user': 'PantheraLeo1359531', 'is_bot': False, 'server_name': 'commons.wikimedia.org', 'timestamp': 1750758641}-------------","logger":"unusual_prefix_05f7c68866a4b9981d661b83f7c582db0b838856_wiki_monitoring"}
{"timestamp":"2025-06-24T10:16:13.681360","level":"info","event":"----------------Processing messages: <cimpl.Message object at 0x78b175e90a40>------------","logger":"unusual_prefix_05f7c68866a4b9981d661b83f7c582db0b838856_wiki_monitoring"}
{"timestamp":"2025-06-24T10:16:13.681454","level":"info","event":"-----------edit: {'title': 'Category:Images from NOAA uploaded by PantheraLeo1359531', 'user': 'PantheraLeo1359531', 'is_bot': False, 'server_name': 'commons.wikimedia.org', 'timestamp': 1750758641}-------------","logger":"unusual_prefix_05f7c68866a4b9981d661b83f7c582db0b838856_wiki_monitoring"}
{"timestamp":"2025-06-24T10:16:13.683551","level":"info","event":"----------------Processing messages: <cimpl.Message object at 0x78b175e90c40>------------","logger":"unusual_prefix_05f7c68866a4b9981d661b83f7c582db0b838856_wiki_monitoring"}
{"timestamp":"2025-06-24T10:16:13.683640","level":"info","event":"-----------edit: {'title': 'Category:Files uploaded by PantheraLeo1359531', 'user': 'PantheraLeo1359531', 'is_bot': False, 'server_name': 'commons.wikimedia.org', 'timestamp': 1750758641}-------------","logger":"unusual_prefix_05f7c68866a4b9981d661b83f7c582db0b838856_wiki_monitoring"}
{"timestamp":"2025-06-24T10:16:13.685621","level":"info","event":"----------------Processing messages: <cimpl.Message object at 0x78b175e921c0>------------","logger":"unusual_prefix_05f7c68866a4b9981d661b83f7c582db0b838856_wiki_monitoring"}
{"timestamp":"2025-06-24T10:16:13.685706","level":"info","event":"-----------edit: {'title': 'File:Drapeau fr département Alpes-de-Haute-Provence.svg', 'user': 'Kontributor 2K', 'is_bot': False, 'server_name': 'commons.wikimedia.org', 'timestamp': 1750758641}-------------","logger":"unusual_prefix_05f7c68866a4b9981d661b83f7c582db0b838856_wiki_monitoring"}
{"timestamp":"2025-06-24T10:16:13.687799","level":"info","event":"----------------Processing messages: <cimpl.Message object at 0x78b175e53dc0>------------","logger":"unusual_prefix_05f7c68866a4b9981d661b83f7c582db0b838856_wiki_monitoring"}
{"timestamp":"2025-06-24T10:16:13.687884","level":"info","event":"-----------edit: {'title': 'Category:Quality images of Bavaria', 'user': 'MB-one', 'is_bot': False, 'server_name': 'commons.wikimedia.org', 'timestamp': 1750758640}-------------","logger":"unusual_prefix_05f7c68866a4b9981d661b83f7c582db0b838856_wiki_monitoring"}
{"timestamp":"2025-06-24T10:16:13.689864","level":"info","event":"----------------Processing messages: <cimpl.Message object at 0x78b175e911c0>------------","logger":"unusual_prefix_05f7c68866a4b9981d661b83f7c582db0b838856_wiki_monitoring"}
{"timestamp":"2025-06-24T10:16:13.689950","level":"info","event":"-----------edit: {'title': 'Q65116886', 'user': 'Florentyna', 'is_bot': False, 'server_name': 'www.wikidata.org', 'timestamp': 1750758642}-------------","logger":"unusual_prefix_05f7c68866a4b9981d661b83f7c582db0b838856_wiki_monitoring"}
{"timestamp":"2025-06-24T10:16:13.692049","level":"info","event":"----------------Processing messages: <cimpl.Message object at 0x78b175e90940>------------","logger":"unusual_prefix_05f7c68866a4b9981d661b83f7c582db0b838856_wiki_monitoring"}
{"timestamp":"2025-06-24T10:16:13.692139","level":"info","event":"-----------edit: {'title': 'Q65622007', 'user': 'Florentyna', 'is_bot': False, 'server_name': 'www.wikidata.org', 'timestamp': 1750758642}-------------","logger":"unusual_prefix_05f7c68866a4b9981d661b83f7c582db0b838856_wiki_monitoring"}
{"timestamp":"2025-06-24T10:16:13.693994","level":"info","event":"----------------Processing messages: <cimpl.Message object at 0x78b175e901c0>------------","logger":"unusual_prefix_05f7c68866a4b9981d661b83f7c582db0b838856_wiki_monitoring"}
{"timestamp":"2025-06-24T10:16:13.694080","level":"info","event":"-----------edit: {'title': 'Mathc initiation/a81', 'user': 'Xhungab', 'is_bot': False, 'server_name': 'fr.wikibooks.org', 'timestamp': 1750758642}-------------","logger":"unusual_prefix_05f7c68866a4b9981d661b83f7c582db0b838856_wiki_monitoring"}
{"timestamp":"2025-06-24T10:16:13.696273","level":"info","event":"----------------Processing messages: <cimpl.Message object at 0x78b175e906c0>------------","logger":"unusual_prefix_05f7c68866a4b9981d661b83f7c582db0b838856_wiki_monitoring"}
{"timestamp":"2025-06-24T10:16:13.696364","level":"info","event":"-----------edit: {'title': 'Wikidata:Database reports/Constraint violations/P6005', 'user': 'KrBot2', 'is_bot': True, 'server_name': 'www.wikidata.org', 'timestamp': 1750758634}-------------","logger":"unusual_prefix_05f7c68866a4b9981d661b83f7c582db0b838856_wiki_monitoring"}
{"timestamp":"2025-06-24T10:16:13.698425","level":"info","event":"----------------Processing messages: <cimpl.Message object at 0x78b175e90240>------------","logger":"unusual_prefix_05f7c68866a4b9981d661b83f7c582db0b838856_wiki_monitoring"}
{"timestamp":"2025-06-24T10:16:13.698510","level":"info","event":"-----------edit: {'title': 'Q110488601', 'user': 'Kbseah', 'is_bot': False, 'server_name': 'www.wikidata.org', 'timestamp': 1750758642}-------------","logger":"unusual_prefix_05f7c68866a4b9981d661b83f7c582db0b838856_wiki_monitoring"}
{"timestamp":"2025-06-24T10:16:13.700519","level":"info","event":"----------------Processing messages: <cimpl.Message object at 0x78b175e914c0>------------","logger":"unusual_prefix_05f7c68866a4b9981d661b83f7c582db0b838856_wiki_monitoring"}
{"timestamp":"2025-06-24T10:16:13.700609","level":"info","event":"-----------edit: {'title': 'Q92674662', 'user': 'Kbseah', 'is_bot': False, 'server_name': 'www.wikidata.org', 'timestamp': 1750758642}-------------","logger":"unusual_prefix_05f7c68866a4b9981d661b83f7c582db0b838856_wiki_monitoring"}
{"timestamp":"2025-06-24T10:16:13.702572","level":"info","event":"----------------Processing messages: <cimpl.Message object at 0x78b175e916c0>------------","logger":"unusual_prefix_05f7c68866a4b9981d661b83f7c582db0b838856_wiki_monitoring"}
{"timestamp":"2025-06-24T10:16:13.702659","level":"info","event":"-----------edit: {'title': 'Q125266547', 'user': 'Arch2all', 'is_bot': False, 'server_name': 'www.wikidata.org', 'timestamp': 1750758643}-------------","logger":"unusual_prefix_05f7c68866a4b9981d661b83f7c582db0b838856_wiki_monitoring"}
{"timestamp":"2025-06-24T10:16:13.704600","level":"info","event":"----------------Processing messages: <cimpl.Message object at 0x78b175e905c0>------------","logger":"unusual_prefix_05f7c68866a4b9981d661b83f7c582db0b838856_wiki_monitoring"}
{"timestamp":"2025-06-24T10:16:13.704700","level":"info","event":"-----------edit: {'title': 'Участник:193.233.229.148', 'user': 'QBA-bot', 'is_bot': True, 'server_name': 'ru.wikiquote.org', 'timestamp': 1750758643}-------------","logger":"unusual_prefix_05f7c68866a4b9981d661b83f7c582db0b838856_wiki_monitoring"}
{"timestamp":"2025-06-24T10:16:13.706540","level":"info","event":"----------------Processing messages: <cimpl.Message object at 0x78b175e91340>------------","logger":"unusual_prefix_05f7c68866a4b9981d661b83f7c582db0b838856_wiki_monitoring"}
{"timestamp":"2025-06-24T10:16:13.706626","level":"info","event":"-----------edit: {'title': \"File:Opening Bangor's £148,000 swimming pool, that is not being used by schools (1515722).jpg\", 'user': 'SchlurcherBot', 'is_bot': True, 'server_name': 'commons.wikimedia.org', 'timestamp': 1750758642}-------------","logger":"unusual_prefix_05f7c68866a4b9981d661b83f7c582db0b838856_wiki_monitoring"}
{"timestamp":"2025-06-24T10:16:13.708629","level":"info","event":"----------------Processing messages: <cimpl.Message object at 0x78b175e91e40>------------","logger":"unusual_prefix_05f7c68866a4b9981d661b83f7c582db0b838856_wiki_monitoring"}
{"timestamp":"2025-06-24T10:16:13.708713","level":"info","event":"-----------edit: {'title': 'Q134616488', 'user': 'Florentyna', 'is_bot': False, 'server_name': 'www.wikidata.org', 'timestamp': 1750758643}-------------","logger":"unusual_prefix_05f7c68866a4b9981d661b83f7c582db0b838856_wiki_monitoring"}
{"timestamp":"2025-06-24T10:16:13.710717","level":"info","event":"----------------Processing messages: <cimpl.Message object at 0x78b175e919c0>------------","logger":"unusual_prefix_05f7c68866a4b9981d661b83f7c582db0b838856_wiki_monitoring"}
{"timestamp":"2025-06-24T10:16:13.710805","level":"info","event":"-----------edit: {'title': 'Discussion:Daniel Owassa', 'user': 'Madaraizen20', 'is_bot': False, 'server_name': 'fr.wikipedia.org', 'timestamp': 1750758642}-------------","logger":"unusual_prefix_05f7c68866a4b9981d661b83f7c582db0b838856_wiki_monitoring"}
{"timestamp":"2025-06-24T10:16:13.713126","level":"info","event":"----------------Processing messages: <cimpl.Message object at 0x78b175e91ec0>------------","logger":"unusual_prefix_05f7c68866a4b9981d661b83f7c582db0b838856_wiki_monitoring"}
{"timestamp":"2025-06-24T10:16:13.713237","level":"info","event":"-----------edit: {'title': 'File:NDL1266756 最新法律 - 笑ひながら研究出来る part4.pdf', 'user': 'MidleadingBot', 'is_bot': True, 'server_name': 'commons.wikimedia.org', 'timestamp': 1750758642}-------------","logger":"unusual_prefix_05f7c68866a4b9981d661b83f7c582db0b838856_wiki_monitoring"}
{"timestamp":"2025-06-24T10:16:13.715355","level":"info","event":"----------------Processing messages: <cimpl.Message object at 0x78b175e53ac0>------------","logger":"unusual_prefix_05f7c68866a4b9981d661b83f7c582db0b838856_wiki_monitoring"}
{"timestamp":"2025-06-24T10:16:13.715445","level":"info","event":"-----------edit: {'title': 'Q125266547', 'user': 'Arch2all', 'is_bot': False, 'server_name': 'www.wikidata.org', 'timestamp': 1750758643}-------------","logger":"unusual_prefix_05f7c68866a4b9981d661b83f7c582db0b838856_wiki_monitoring"}
{"timestamp":"2025-06-24T10:16:13.717378","level":"info","event":"----------------Processing messages: <cimpl.Message object at 0x78b175e91440>------------","logger":"unusual_prefix_05f7c68866a4b9981d661b83f7c582db0b838856_wiki_monitoring"}
{"timestamp":"2025-06-24T10:16:13.717463","level":"info","event":"-----------edit: {'title': 'Earl of Errol', 'user': '2001:863:203:1416:C99F:F789:9D3D:5E88', 'is_bot': False, 'server_name': 'en.wikipedia.org', 'timestamp': 1750758642}-------------","logger":"unusual_prefix_05f7c68866a4b9981d661b83f7c582db0b838856_wiki_monitoring"}
{"timestamp":"2025-06-24T10:16:13.719411","level":"info","event":"----------------Processing messages: <cimpl.Message object at 0x78b175e91cc0>------------","logger":"unusual_prefix_05f7c68866a4b9981d661b83f7c582db0b838856_wiki_monitoring"}
{"timestamp":"2025-06-24T10:16:13.719500","level":"info","event":"-----------edit: {'title': 'Q134616488', 'user': 'Florentyna', 'is_bot': False, 'server_name': 'www.wikidata.org', 'timestamp': 1750758643}-------------","logger":"unusual_prefix_05f7c68866a4b9981d661b83f7c582db0b838856_wiki_monitoring"}
{"timestamp":"2025-06-24T10:16:13.721346","level":"info","event":"----------------Processing messages: <cimpl.Message object at 0x78b175e916c0>------------","logger":"unusual_prefix_05f7c68866a4b9981d661b83f7c582db0b838856_wiki_monitoring"}
{"timestamp":"2025-06-24T10:16:13.721434","level":"info","event":"-----------edit: {'title': 'File:Метелик - 20250624 071327.jpg', 'user': 'Микола Василечко', 'is_bot': False, 'server_name': 'commons.wikimedia.org', 'timestamp': 1750758642}-------------","logger":"unusual_prefix_05f7c68866a4b9981d661b83f7c582db0b838856_wiki_monitoring"}
{"timestamp":"2025-06-24T10:16:13.723481","level":"info","event":"----------------Processing messages: <cimpl.Message object at 0x78b175e91740>------------","logger":"unusual_prefix_05f7c68866a4b9981d661b83f7c582db0b838856_wiki_monitoring"}
{"timestamp":"2025-06-24T10:16:13.723575","level":"info","event":"-----------edit: {'title': 'Википедия:Откуда редактируют Русскую Википедию', 'user': 'Mitte27', 'is_bot': False, 'server_name': 'ru.wikipedia.org', 'timestamp': 1750758643}-------------","logger":"unusual_prefix_05f7c68866a4b9981d661b83f7c582db0b838856_wiki_monitoring"}
{"timestamp":"2025-06-24T10:16:13.725484","level":"info","event":"----------------Processing messages: <cimpl.Message object at 0x78b175e914c0>------------","logger":"unusual_prefix_05f7c68866a4b9981d661b83f7c582db0b838856_wiki_monitoring"}
{"timestamp":"2025-06-24T10:16:13.725577","level":"info","event":"-----------edit: {'title': 'Q80104080', 'user': 'Florentyna', 'is_bot': False, 'server_name': 'www.wikidata.org', 'timestamp': 1750758643}-------------","logger":"unusual_prefix_05f7c68866a4b9981d661b83f7c582db0b838856_wiki_monitoring"}
{"timestamp":"2025-06-24T10:16:13.727523","level":"info","event":"----------------Processing messages: <cimpl.Message object at 0x78b175e90240>------------","logger":"unusual_prefix_05f7c68866a4b9981d661b83f7c582db0b838856_wiki_monitoring"}
{"timestamp":"2025-06-24T10:16:13.727610","level":"info","event":"-----------edit: {'title': 'Category:香港历史模板', 'user': 'MoAiSang', 'is_bot': False, 'server_name': 'zh.wikipedia.org', 'timestamp': 1750758640}-------------","logger":"unusual_prefix_05f7c68866a4b9981d661b83f7c582db0b838856_wiki_monitoring"}
{"timestamp":"2025-06-24T10:16:13.729606","level":"info","event":"----------------Processing messages: <cimpl.Message object at 0x78b175e906c0>------------","logger":"unusual_prefix_05f7c68866a4b9981d661b83f7c582db0b838856_wiki_monitoring"}
{"timestamp":"2025-06-24T10:16:13.729695","level":"info","event":"-----------edit: {'title': 'sultân', 'user': 'WingerBot', 'is_bot': True, 'server_name': 'en.wiktionary.org', 'timestamp': 1750758642}-------------","logger":"unusual_prefix_05f7c68866a4b9981d661b83f7c582db0b838856_wiki_monitoring"}
{"timestamp":"2025-06-24T10:16:13.731728","level":"info","event":"----------------Processing messages: <cimpl.Message object at 0x78b175e901c0>------------","logger":"unusual_prefix_05f7c68866a4b9981d661b83f7c582db0b838856_wiki_monitoring"}
{"timestamp":"2025-06-24T10:16:13.731814","level":"info","event":"-----------edit: {'title': 'Q135051513', 'user': 'BitBerry2000', 'is_bot': False, 'server_name': 'www.wikidata.org', 'timestamp': 1750758642}-------------","logger":"unusual_prefix_05f7c68866a4b9981d661b83f7c582db0b838856_wiki_monitoring"}
{"timestamp":"2025-06-24T10:16:13.733849","level":"info","event":"----------------Processing messages: <cimpl.Message object at 0x78b175e90940>------------","logger":"unusual_prefix_05f7c68866a4b9981d661b83f7c582db0b838856_wiki_monitoring"}
{"timestamp":"2025-06-24T10:16:13.733940","level":"info","event":"-----------edit: {'title': 'Q135050003', 'user': 'Rebexho', 'is_bot': False, 'server_name': 'www.wikidata.org', 'timestamp': 1750758643}-------------","logger":"unusual_prefix_05f7c68866a4b9981d661b83f7c582db0b838856_wiki_monitoring"}
{"timestamp":"2025-06-24T10:16:13.735896","level":"info","event":"----------------Processing messages: <cimpl.Message object at 0x78b175e911c0>------------","logger":"unusual_prefix_05f7c68866a4b9981d661b83f7c582db0b838856_wiki_monitoring"}
{"timestamp":"2025-06-24T10:16:13.735982","level":"info","event":"-----------edit: {'title': 'Q110974404', 'user': 'Kristbaumbot', 'is_bot': True, 'server_name': 'www.wikidata.org', 'timestamp': 1750758643}-------------","logger":"unusual_prefix_05f7c68866a4b9981d661b83f7c582db0b838856_wiki_monitoring"}
{"timestamp":"2025-06-24T10:16:13.737850","level":"info","event":"----------------Processing messages: <cimpl.Message object at 0x78b175e910c0>------------","logger":"unusual_prefix_05f7c68866a4b9981d661b83f7c582db0b838856_wiki_monitoring"}
{"timestamp":"2025-06-24T10:16:13.737952","level":"info","event":"-----------edit: {'title': 'Q110488612', 'user': 'Kbseah', 'is_bot': False, 'server_name': 'www.wikidata.org', 'timestamp': 1750758643}-------------","logger":"unusual_prefix_05f7c68866a4b9981d661b83f7c582db0b838856_wiki_monitoring"}
{"timestamp":"2025-06-24T10:16:13.740390","level":"info","event":"----------------Processing messages: <cimpl.Message object at 0x78b175e90f40>------------","logger":"unusual_prefix_05f7c68866a4b9981d661b83f7c582db0b838856_wiki_monitoring"}
{"timestamp":"2025-06-24T10:16:13.740568","level":"info","event":"-----------edit: {'title': 'Category:Quality images of Bavaria', 'user': 'MB-one', 'is_bot': False, 'server_name': 'commons.wikimedia.org', 'timestamp': 1750758641}-------------","logger":"unusual_prefix_05f7c68866a4b9981d661b83f7c582db0b838856_wiki_monitoring"}
{"timestamp":"2025-06-24T10:16:13.742738","level":"info","event":"----------------Processing messages: <cimpl.Message object at 0x78b175e53dc0>------------","logger":"unusual_prefix_05f7c68866a4b9981d661b83f7c582db0b838856_wiki_monitoring"}
{"timestamp":"2025-06-24T10:16:13.742825","level":"info","event":"-----------edit: {'title': 'Q39202623', 'user': 'Cewbot', 'is_bot': True, 'server_name': 'www.wikidata.org', 'timestamp': 1750758642}-------------","logger":"unusual_prefix_05f7c68866a4b9981d661b83f7c582db0b838856_wiki_monitoring"}
{"timestamp":"2025-06-24T10:16:13.745048","level":"info","event":"----------------Processing messages: <cimpl.Message object at 0x78b175e90ec0>------------","logger":"unusual_prefix_05f7c68866a4b9981d661b83f7c582db0b838856_wiki_monitoring"}
{"timestamp":"2025-06-24T10:16:13.745142","level":"info","event":"-----------edit: {'title': 'File:Marter Maintal 0184.jpg', 'user': 'MB-one', 'is_bot': False, 'server_name': 'commons.wikimedia.org', 'timestamp': 1750758642}-------------","logger":"unusual_prefix_05f7c68866a4b9981d661b83f7c582db0b838856_wiki_monitoring"}
{"timestamp":"2025-06-24T10:16:13.747313","level":"info","event":"----------------Processing messages: <cimpl.Message object at 0x78b175e90c40>------------","logger":"unusual_prefix_05f7c68866a4b9981d661b83f7c582db0b838856_wiki_monitoring"}
{"timestamp":"2025-06-24T10:16:13.747403","level":"info","event":"-----------edit: {'title': 'Q135050003', 'user': 'Rebexho', 'is_bot': False, 'server_name': 'www.wikidata.org', 'timestamp': 1750758643}-------------","logger":"unusual_prefix_05f7c68866a4b9981d661b83f7c582db0b838856_wiki_monitoring"}
{"timestamp":"2025-06-24T10:16:13.749283","level":"info","event":"----------------Processing messages: <cimpl.Message object at 0x78b175e90d40>------------","logger":"unusual_prefix_05f7c68866a4b9981d661b83f7c582db0b838856_wiki_monitoring"}
{"timestamp":"2025-06-24T10:16:13.749370","level":"info","event":"-----------edit: {'title': 'Обговорення:Гарбовиці', 'user': 'RarBot', 'is_bot': True, 'server_name': 'uk.wikipedia.org', 'timestamp': 1750758643}-------------","logger":"unusual_prefix_05f7c68866a4b9981d661b83f7c582db0b838856_wiki_monitoring"}
{"timestamp":"2025-06-24T10:16:13.751267","level":"info","event":"----------------Processing messages: <cimpl.Message object at 0x78b175e90b40>------------","logger":"unusual_prefix_05f7c68866a4b9981d661b83f7c582db0b838856_wiki_monitoring"}
{"timestamp":"2025-06-24T10:16:13.751360","level":"info","event":"-----------edit: {'title': 'Q92678076', 'user': 'Kbseah', 'is_bot': False, 'server_name': 'www.wikidata.org', 'timestamp': 1750758643}-------------","logger":"unusual_prefix_05f7c68866a4b9981d661b83f7c582db0b838856_wiki_monitoring"}
{"timestamp":"2025-06-24T10:16:13.753237","level":"info","event":"----------------Processing messages: <cimpl.Message object at 0x78b175e907c0>------------","logger":"unusual_prefix_05f7c68866a4b9981d661b83f7c582db0b838856_wiki_monitoring"}
{"timestamp":"2025-06-24T10:16:13.753329","level":"info","event":"-----------edit: {'title': 'Категория:Википедия:Статьи, требующие уточнения источников', 'user': 'Werter1995', 'is_bot': False, 'server_name': 'ru.wikipedia.org', 'timestamp': 1750758639}-------------","logger":"unusual_prefix_05f7c68866a4b9981d661b83f7c582db0b838856_wiki_monitoring"}
{"timestamp":"2025-06-24T10:16:13.755366","level":"info","event":"----------------Processing messages: <cimpl.Message object at 0x78b175e90440>------------","logger":"unusual_prefix_05f7c68866a4b9981d661b83f7c582db0b838856_wiki_monitoring"}
{"timestamp":"2025-06-24T10:16:13.755459","level":"info","event":"-----------edit: {'title': 'File:Memorial Day 2015 (18140067746).jpg', 'user': 'CuratorBot', 'is_bot': True, 'server_name': 'commons.wikimedia.org', 'timestamp': 1750758643}-------------","logger":"unusual_prefix_05f7c68866a4b9981d661b83f7c582db0b838856_wiki_monitoring"}
{"timestamp":"2025-06-24T10:16:13.757443","level":"info","event":"----------------Processing messages: <cimpl.Message object at 0x78b175e90140>------------","logger":"unusual_prefix_05f7c68866a4b9981d661b83f7c582db0b838856_wiki_monitoring"}
{"timestamp":"2025-06-24T10:16:13.757530","level":"info","event":"-----------edit: {'title': 'Категория:Википедия:Нет страницы с августа 2023', 'user': 'Werter1995', 'is_bot': False, 'server_name': 'ru.wikipedia.org', 'timestamp': 1750758639}-------------","logger":"unusual_prefix_05f7c68866a4b9981d661b83f7c582db0b838856_wiki_monitoring"}
{"timestamp":"2025-06-24T10:16:13.759877","level":"info","event":"----------------Processing messages: <cimpl.Message object at 0x78b175e91fc0>------------","logger":"unusual_prefix_05f7c68866a4b9981d661b83f7c582db0b838856_wiki_monitoring"}
{"timestamp":"2025-06-24T10:16:13.759974","level":"info","event":"-----------edit: {'title': 'User talk:Mizan0072023', 'user': 'Count Count', 'is_bot': False, 'server_name': 'en.wikipedia.org', 'timestamp': 1750758643}-------------","logger":"unusual_prefix_05f7c68866a4b9981d661b83f7c582db0b838856_wiki_monitoring"}
{"timestamp":"2025-06-24T10:16:13.763471","level":"info","event":"----------------Processing messages: <cimpl.Message object at 0x78b175e92040>------------","logger":"unusual_prefix_05f7c68866a4b9981d661b83f7c582db0b838856_wiki_monitoring"}
{"timestamp":"2025-06-24T10:16:13.763583","level":"info","event":"-----------edit: {'title': 'Категория:Википедия:Статьи со ссылками на книгу без указания страницы более 14 дней', 'user': 'Werter1995', 'is_bot': False, 'server_name': 'ru.wikipedia.org', 'timestamp': 1750758639}-------------","logger":"unusual_prefix_05f7c68866a4b9981d661b83f7c582db0b838856_wiki_monitoring"}
{"timestamp":"2025-06-24T10:16:13.768182","level":"info","event":"----------------Processing messages: <cimpl.Message object at 0x78b175e91bc0>------------","logger":"unusual_prefix_05f7c68866a4b9981d661b83f7c582db0b838856_wiki_monitoring"}
{"timestamp":"2025-06-24T10:16:13.768288","level":"info","event":"-----------edit: {'title': 'Q124526901', 'user': 'Chabe01', 'is_bot': False, 'server_name': 'www.wikidata.org', 'timestamp': 1750758643}-------------","logger":"unusual_prefix_05f7c68866a4b9981d661b83f7c582db0b838856_wiki_monitoring"}
{"timestamp":"2025-06-24T10:16:13.770770","level":"info","event":"----------------Processing messages: <cimpl.Message object at 0x78b175e92240>------------","logger":"unusual_prefix_05f7c68866a4b9981d661b83f7c582db0b838856_wiki_monitoring"}
{"timestamp":"2025-06-24T10:16:13.770864","level":"info","event":"-----------edit: {'title': 'Q80104082', 'user': 'Florentyna', 'is_bot': False, 'server_name': 'www.wikidata.org', 'timestamp': 1750758643}-------------","logger":"unusual_prefix_05f7c68866a4b9981d661b83f7c582db0b838856_wiki_monitoring"}
{"timestamp":"2025-06-24T10:16:13.773797","level":"info","event":"----------------Processing messages: <cimpl.Message object at 0x78b175e90840>------------","logger":"unusual_prefix_05f7c68866a4b9981d661b83f7c582db0b838856_wiki_monitoring"}
{"timestamp":"2025-06-24T10:16:13.773904","level":"info","event":"-----------edit: {'title': 'Q134616489', 'user': 'Florentyna', 'is_bot': False, 'server_name': 'www.wikidata.org', 'timestamp': 1750758644}-------------","logger":"unusual_prefix_05f7c68866a4b9981d661b83f7c582db0b838856_wiki_monitoring"}
{"timestamp":"2025-06-24T10:16:13.776392","level":"info","event":"----------------Processing messages: <cimpl.Message object at 0x78b175e91840>------------","logger":"unusual_prefix_05f7c68866a4b9981d661b83f7c582db0b838856_wiki_monitoring"}
{"timestamp":"2025-06-24T10:16:13.776495","level":"info","event":"-----------edit: {'title': 'Diego Velázquez de Cuéllar', 'user': 'Onel5969', 'is_bot': False, 'server_name': 'en.wikipedia.org', 'timestamp': 1750758641}-------------","logger":"unusual_prefix_05f7c68866a4b9981d661b83f7c582db0b838856_wiki_monitoring"}
{"timestamp":"2025-06-24T10:16:13.778537","level":"info","event":"----------------Processing messages: <cimpl.Message object at 0x78b175e91d40>------------","logger":"unusual_prefix_05f7c68866a4b9981d661b83f7c582db0b838856_wiki_monitoring"}
{"timestamp":"2025-06-24T10:16:13.778625","level":"info","event":"-----------edit: {'title': 'Category:Invalid SVG created with Inkscape:Flags', 'user': 'Kontributor 2K', 'is_bot': False, 'server_name': 'commons.wikimedia.org', 'timestamp': 1750758641}-------------","logger":"unusual_prefix_05f7c68866a4b9981d661b83f7c582db0b838856_wiki_monitoring"}
{"timestamp":"2025-06-24T10:16:13.785372","level":"info","event":"Done. Returned value was: None","logger":"airflow.task.operators.airflow.providers.standard.operators.python.PythonOperator"}
