{"timestamp":"2025-06-24T13:25:38.246870","level":"info","event":"DAG bundles loaded: dags-folder","logger":"airflow.dag_processing.bundles.manager.DagBundlesManager"}
{"timestamp":"2025-06-24T13:25:38.247397","level":"info","event":"Filling up the DagBag from /opt/airflow/dags/wiki_monitoring.py","logger":"airflow.models.dagbag.DagBag"}
{"timestamp":"2025-06-24T13:25:38.362873","level":"info","event":"Topic wiki_edits already exists","logger":"unusual_prefix_05f7c68866a4b9981d661b83f7c582db0b838856_wiki_monitoring"}
{"timestamp":"2025-06-24T13:25:38.362948","level":"info","event":"---------------topic metadata created------------------","logger":"unusual_prefix_05f7c68866a4b9981d661b83f7c582db0b838856_wiki_monitoring"}
{"timestamp":"2025-06-24T13:25:41.527724","level":"info","event":"----------------Processing messages: <cimpl.Message object at 0x7342d4315cc0>------------","logger":"unusual_prefix_05f7c68866a4b9981d661b83f7c582db0b838856_wiki_monitoring"}
{"timestamp":"2025-06-24T13:25:41.527884","level":"info","event":"-----------edit: {'title': 'Category:Quality images of Bavaria', 'user': 'MB-one', 'is_bot': False, 'server_name': 'commons.wikimedia.org', 'timestamp': 1750758638}-------------","logger":"unusual_prefix_05f7c68866a4b9981d661b83f7c582db0b838856_wiki_monitoring"}
{"timestamp":"2025-06-24T13:25:41.533877","level":"info","event":"----------------Processing messages: <cimpl.Message object at 0x7342d4316840>------------","logger":"unusual_prefix_05f7c68866a4b9981d661b83f7c582db0b838856_wiki_monitoring"}
{"timestamp":"2025-06-24T13:25:41.533996","level":"info","event":"-----------edit: {'title': 'Q135051510', 'user': 'BitBerry2000', 'is_bot': False, 'server_name': 'www.wikidata.org', 'timestamp': 1750758640}-------------","logger":"unusual_prefix_05f7c68866a4b9981d661b83f7c582db0b838856_wiki_monitoring"}
{"timestamp":"2025-06-24T13:25:41.537379","level":"info","event":"----------------Processing messages: <cimpl.Message object at 0x7342d4316cc0>------------","logger":"unusual_prefix_05f7c68866a4b9981d661b83f7c582db0b838856_wiki_monitoring"}
{"timestamp":"2025-06-24T13:25:41.537548","level":"info","event":"-----------edit: {'title': 'File:Marktplatz 21 in Lauf an der Pegnitz (1).jpg', 'user': 'MB-one', 'is_bot': False, 'server_name': 'commons.wikimedia.org', 'timestamp': 1750758639}-------------","logger":"unusual_prefix_05f7c68866a4b9981d661b83f7c582db0b838856_wiki_monitoring"}
{"timestamp":"2025-06-24T13:25:41.541193","level":"info","event":"----------------Processing messages: <cimpl.Message object at 0x7342d4317040>------------","logger":"unusual_prefix_05f7c68866a4b9981d661b83f7c582db0b838856_wiki_monitoring"}
{"timestamp":"2025-06-24T13:25:41.541337","level":"info","event":"-----------edit: {'title': 'Q33997942', 'user': 'Cewbot', 'is_bot': True, 'server_name': 'www.wikidata.org', 'timestamp': 1750758640}-------------","logger":"unusual_prefix_05f7c68866a4b9981d661b83f7c582db0b838856_wiki_monitoring"}
{"timestamp":"2025-06-24T13:25:41.545349","level":"info","event":"----------------Processing messages: <cimpl.Message object at 0x7342d43171c0>------------","logger":"unusual_prefix_05f7c68866a4b9981d661b83f7c582db0b838856_wiki_monitoring"}
{"timestamp":"2025-06-24T13:25:41.545484","level":"info","event":"-----------edit: {'title': 'History of the United States', 'user': 'Onel5969', 'is_bot': False, 'server_name': 'en.wikipedia.org', 'timestamp': 1750758625}-------------","logger":"unusual_prefix_05f7c68866a4b9981d661b83f7c582db0b838856_wiki_monitoring"}
{"timestamp":"2025-06-24T13:25:41.549374","level":"info","event":"----------------Processing messages: <cimpl.Message object at 0x7342d43173c0>------------","logger":"unusual_prefix_05f7c68866a4b9981d661b83f7c582db0b838856_wiki_monitoring"}
{"timestamp":"2025-06-24T13:25:41.549548","level":"info","event":"-----------edit: {'title': '六四事件中的香港', 'user': 'MoAiSang', 'is_bot': False, 'server_name': 'zh.wikipedia.org', 'timestamp': 1750758640}-------------","logger":"unusual_prefix_05f7c68866a4b9981d661b83f7c582db0b838856_wiki_monitoring"}
{"timestamp":"2025-06-24T13:25:41.553051","level":"info","event":"----------------Processing messages: <cimpl.Message object at 0x7342d43171c0>------------","logger":"unusual_prefix_05f7c68866a4b9981d661b83f7c582db0b838856_wiki_monitoring"}
{"timestamp":"2025-06-24T13:25:41.553189","level":"info","event":"-----------edit: {'title': 'Обговорення:Ганусек', 'user': 'RarBot', 'is_bot': True, 'server_name': 'uk.wikipedia.org', 'timestamp': 1750758641}-------------","logger":"unusual_prefix_05f7c68866a4b9981d661b83f7c582db0b838856_wiki_monitoring"}
{"timestamp":"2025-06-24T13:25:41.556789","level":"info","event":"----------------Processing messages: <cimpl.Message object at 0x7342d43177c0>------------","logger":"unusual_prefix_05f7c68866a4b9981d661b83f7c582db0b838856_wiki_monitoring"}
{"timestamp":"2025-06-24T13:25:41.556930","level":"info","event":"-----------edit: {'title': 'Categoria:Guanyadors del premi Oscar al millor guió adaptat', 'user': 'PereBot', 'is_bot': True, 'server_name': 'ca.wikipedia.org', 'timestamp': 1750758631}-------------","logger":"unusual_prefix_05f7c68866a4b9981d661b83f7c582db0b838856_wiki_monitoring"}
{"timestamp":"2025-06-24T13:25:41.561140","level":"info","event":"----------------Processing messages: <cimpl.Message object at 0x7342d4317b40>------------","logger":"unusual_prefix_05f7c68866a4b9981d661b83f7c582db0b838856_wiki_monitoring"}
{"timestamp":"2025-06-24T13:25:41.561273","level":"info","event":"-----------edit: {'title': 'Q92662983', 'user': 'Kbseah', 'is_bot': False, 'server_name': 'www.wikidata.org', 'timestamp': 1750758640}-------------","logger":"unusual_prefix_05f7c68866a4b9981d661b83f7c582db0b838856_wiki_monitoring"}
{"timestamp":"2025-06-24T13:25:41.564680","level":"info","event":"----------------Processing messages: <cimpl.Message object at 0x7342d4317f40>------------","logger":"unusual_prefix_05f7c68866a4b9981d661b83f7c582db0b838856_wiki_monitoring"}
{"timestamp":"2025-06-24T13:25:41.564810","level":"info","event":"-----------edit: {'title': 'Q110488644', 'user': 'Kbseah', 'is_bot': False, 'server_name': 'www.wikidata.org', 'timestamp': 1750758640}-------------","logger":"unusual_prefix_05f7c68866a4b9981d661b83f7c582db0b838856_wiki_monitoring"}
{"timestamp":"2025-06-24T13:25:41.568907","level":"info","event":"----------------Processing messages: <cimpl.Message object at 0x7342d4358240>------------","logger":"unusual_prefix_05f7c68866a4b9981d661b83f7c582db0b838856_wiki_monitoring"}
{"timestamp":"2025-06-24T13:25:41.569095","level":"info","event":"-----------edit: {'title': 'Kategorie:Pages using the JsonConfig extension', 'user': '103.158.210.21', 'is_bot': False, 'server_name': 'af.wikipedia.org', 'timestamp': 1750758639}-------------","logger":"unusual_prefix_05f7c68866a4b9981d661b83f7c582db0b838856_wiki_monitoring"}
{"timestamp":"2025-06-24T13:25:41.572924","level":"info","event":"----------------Processing messages: <cimpl.Message object at 0x7342d4358440>------------","logger":"unusual_prefix_05f7c68866a4b9981d661b83f7c582db0b838856_wiki_monitoring"}
{"timestamp":"2025-06-24T13:25:41.573059","level":"info","event":"-----------edit: {'title': 'Участник:193.233.228.206', 'user': 'QBA-bot', 'is_bot': True, 'server_name': 'ru.wikiquote.org', 'timestamp': 1750758641}-------------","logger":"unusual_prefix_05f7c68866a4b9981d661b83f7c582db0b838856_wiki_monitoring"}
{"timestamp":"2025-06-24T13:25:41.578175","level":"info","event":"----------------Processing messages: <cimpl.Message object at 0x7342d43163c0>------------","logger":"unusual_prefix_05f7c68866a4b9981d661b83f7c582db0b838856_wiki_monitoring"}
{"timestamp":"2025-06-24T13:25:41.578302","level":"info","event":"-----------edit: {'title': 'Q56464622', 'user': 'Adam78', 'is_bot': False, 'server_name': 'www.wikidata.org', 'timestamp': 1750758641}-------------","logger":"unusual_prefix_05f7c68866a4b9981d661b83f7c582db0b838856_wiki_monitoring"}
{"timestamp":"2025-06-24T13:25:41.582591","level":"info","event":"----------------Processing messages: <cimpl.Message object at 0x7342d43179c0>------------","logger":"unusual_prefix_05f7c68866a4b9981d661b83f7c582db0b838856_wiki_monitoring"}
{"timestamp":"2025-06-24T13:25:41.582812","level":"info","event":"-----------edit: {'title': 'Category:Wikipedia non-free files with redirect backlink', 'user': 'Nardog', 'is_bot': False, 'server_name': 'en.wikipedia.org', 'timestamp': 1750758638}-------------","logger":"unusual_prefix_05f7c68866a4b9981d661b83f7c582db0b838856_wiki_monitoring"}
{"timestamp":"2025-06-24T13:25:41.585985","level":"info","event":"----------------Processing messages: <cimpl.Message object at 0x7342d4317ac0>------------","logger":"unusual_prefix_05f7c68866a4b9981d661b83f7c582db0b838856_wiki_monitoring"}
{"timestamp":"2025-06-24T13:25:41.586086","level":"info","event":"-----------edit: {'title': 'Category:Files from Gallica', 'user': 'Gzen92Bot', 'is_bot': True, 'server_name': 'commons.wikimedia.org', 'timestamp': 1750758639}-------------","logger":"unusual_prefix_05f7c68866a4b9981d661b83f7c582db0b838856_wiki_monitoring"}
{"timestamp":"2025-06-24T13:25:41.589558","level":"info","event":"----------------Processing messages: <cimpl.Message object at 0x7342d4317c40>------------","logger":"unusual_prefix_05f7c68866a4b9981d661b83f7c582db0b838856_wiki_monitoring"}
{"timestamp":"2025-06-24T13:25:41.589678","level":"info","event":"-----------edit: {'title': 'Category:Artworks without Wikidata item', 'user': 'Gzen92Bot', 'is_bot': True, 'server_name': 'commons.wikimedia.org', 'timestamp': 1750758639}-------------","logger":"unusual_prefix_05f7c68866a4b9981d661b83f7c582db0b838856_wiki_monitoring"}
{"timestamp":"2025-06-24T13:25:41.594892","level":"info","event":"----------------Processing messages: <cimpl.Message object at 0x7342d4317740>------------","logger":"unusual_prefix_05f7c68866a4b9981d661b83f7c582db0b838856_wiki_monitoring"}
{"timestamp":"2025-06-24T13:25:41.595132","level":"info","event":"-----------edit: {'title': 'зехьэлӏэн', 'user': 'Rhdkabardian', 'is_bot': False, 'server_name': 'kbd.wiktionary.org', 'timestamp': 1750758641}-------------","logger":"unusual_prefix_05f7c68866a4b9981d661b83f7c582db0b838856_wiki_monitoring"}
{"timestamp":"2025-06-24T13:25:41.599818","level":"info","event":"----------------Processing messages: <cimpl.Message object at 0x7342d43170c0>------------","logger":"unusual_prefix_05f7c68866a4b9981d661b83f7c582db0b838856_wiki_monitoring"}
{"timestamp":"2025-06-24T13:25:41.599977","level":"info","event":"-----------edit: {'title': 'File:Marter Maintal 0182.jpg', 'user': 'MB-one', 'is_bot': False, 'server_name': 'commons.wikimedia.org', 'timestamp': 1750758640}-------------","logger":"unusual_prefix_05f7c68866a4b9981d661b83f7c582db0b838856_wiki_monitoring"}
{"timestamp":"2025-06-24T13:25:41.604410","level":"info","event":"----------------Processing messages: <cimpl.Message object at 0x7342d4317740>------------","logger":"unusual_prefix_05f7c68866a4b9981d661b83f7c582db0b838856_wiki_monitoring"}
{"timestamp":"2025-06-24T13:25:41.604588","level":"info","event":"-----------edit: {'title': 'Category:PD France', 'user': 'Gzen92Bot', 'is_bot': True, 'server_name': 'commons.wikimedia.org', 'timestamp': 1750758639}-------------","logger":"unusual_prefix_05f7c68866a4b9981d661b83f7c582db0b838856_wiki_monitoring"}
{"timestamp":"2025-06-24T13:25:41.608671","level":"info","event":"----------------Processing messages: <cimpl.Message object at 0x7342d4316cc0>------------","logger":"unusual_prefix_05f7c68866a4b9981d661b83f7c582db0b838856_wiki_monitoring"}
{"timestamp":"2025-06-24T13:25:41.608838","level":"info","event":"-----------edit: {'title': 'Q92672096', 'user': 'Kbseah', 'is_bot': False, 'server_name': 'www.wikidata.org', 'timestamp': 1750758641}-------------","logger":"unusual_prefix_05f7c68866a4b9981d661b83f7c582db0b838856_wiki_monitoring"}
{"timestamp":"2025-06-24T13:25:41.613047","level":"info","event":"----------------Processing messages: <cimpl.Message object at 0x7342d4316fc0>------------","logger":"unusual_prefix_05f7c68866a4b9981d661b83f7c582db0b838856_wiki_monitoring"}
{"timestamp":"2025-06-24T13:25:41.613191","level":"info","event":"-----------edit: {'title': 'Category:PD-old missing SDC copyright status', 'user': 'Gzen92Bot', 'is_bot': True, 'server_name': 'commons.wikimedia.org', 'timestamp': 1750758639}-------------","logger":"unusual_prefix_05f7c68866a4b9981d661b83f7c582db0b838856_wiki_monitoring"}
{"timestamp":"2025-06-24T13:25:41.617063","level":"info","event":"----------------Processing messages: <cimpl.Message object at 0x7342d4316c40>------------","logger":"unusual_prefix_05f7c68866a4b9981d661b83f7c582db0b838856_wiki_monitoring"}
{"timestamp":"2025-06-24T13:25:41.617231","level":"info","event":"-----------edit: {'title': 'Category:CC-PD-Mark', 'user': 'Gzen92Bot', 'is_bot': True, 'server_name': 'commons.wikimedia.org', 'timestamp': 1750758639}-------------","logger":"unusual_prefix_05f7c68866a4b9981d661b83f7c582db0b838856_wiki_monitoring"}
{"timestamp":"2025-06-24T13:25:41.620890","level":"info","event":"----------------Processing messages: <cimpl.Message object at 0x7342d4316b40>------------","logger":"unusual_prefix_05f7c68866a4b9981d661b83f7c582db0b838856_wiki_monitoring"}
{"timestamp":"2025-06-24T13:25:41.621058","level":"info","event":"-----------edit: {'title': 'File:View over Whitesands Bay-Porth Mawr - geograph.org.uk - 7824198.jpg', 'user': 'GeographBot', 'is_bot': True, 'server_name': 'commons.wikimedia.org', 'timestamp': 1750758641}-------------","logger":"unusual_prefix_05f7c68866a4b9981d661b83f7c582db0b838856_wiki_monitoring"}
{"timestamp":"2025-06-24T13:25:41.626008","level":"info","event":"----------------Processing messages: <cimpl.Message object at 0x7342d4358240>------------","logger":"unusual_prefix_05f7c68866a4b9981d661b83f7c582db0b838856_wiki_monitoring"}
{"timestamp":"2025-06-24T13:25:41.626158","level":"info","event":"-----------edit: {'title': 'Q110488640', 'user': 'Kbseah', 'is_bot': False, 'server_name': 'www.wikidata.org', 'timestamp': 1750758641}-------------","logger":"unusual_prefix_05f7c68866a4b9981d661b83f7c582db0b838856_wiki_monitoring"}
{"timestamp":"2025-06-24T13:25:41.630185","level":"info","event":"----------------Processing messages: <cimpl.Message object at 0x7342d4358640>------------","logger":"unusual_prefix_05f7c68866a4b9981d661b83f7c582db0b838856_wiki_monitoring"}
{"timestamp":"2025-06-24T13:25:41.630315","level":"info","event":"-----------edit: {'title': 'Category:PD-old-100-expired', 'user': 'Gzen92Bot', 'is_bot': True, 'server_name': 'commons.wikimedia.org', 'timestamp': 1750758639}-------------","logger":"unusual_prefix_05f7c68866a4b9981d661b83f7c582db0b838856_wiki_monitoring"}
{"timestamp":"2025-06-24T13:25:41.635242","level":"info","event":"----------------Processing messages: <cimpl.Message object at 0x7342d4316fc0>------------","logger":"unusual_prefix_05f7c68866a4b9981d661b83f7c582db0b838856_wiki_monitoring"}
{"timestamp":"2025-06-24T13:25:41.635428","level":"info","event":"-----------edit: {'title': 'Category:PD US expired', 'user': 'Gzen92Bot', 'is_bot': True, 'server_name': 'commons.wikimedia.org', 'timestamp': 1750758639}-------------","logger":"unusual_prefix_05f7c68866a4b9981d661b83f7c582db0b838856_wiki_monitoring"}
{"timestamp":"2025-06-24T13:25:41.640256","level":"info","event":"----------------Processing messages: <cimpl.Message object at 0x7342d4316cc0>------------","logger":"unusual_prefix_05f7c68866a4b9981d661b83f7c582db0b838856_wiki_monitoring"}
{"timestamp":"2025-06-24T13:25:41.640422","level":"info","event":"-----------edit: {'title': 'Q124526901', 'user': 'Chabe01', 'is_bot': False, 'server_name': 'www.wikidata.org', 'timestamp': 1750758641}-------------","logger":"unusual_prefix_05f7c68866a4b9981d661b83f7c582db0b838856_wiki_monitoring"}
{"timestamp":"2025-06-24T13:25:41.644336","level":"info","event":"----------------Processing messages: <cimpl.Message object at 0x7342d4316740>------------","logger":"unusual_prefix_05f7c68866a4b9981d661b83f7c582db0b838856_wiki_monitoring"}
{"timestamp":"2025-06-24T13:25:41.644464","level":"info","event":"-----------edit: {'title': 'Libido', 'user': 'AnomieBOT', 'is_bot': True, 'server_name': 'en.wikipedia.org', 'timestamp': 1750758638}-------------","logger":"unusual_prefix_05f7c68866a4b9981d661b83f7c582db0b838856_wiki_monitoring"}
{"timestamp":"2025-06-24T13:25:41.648067","level":"info","event":"----------------Processing messages: <cimpl.Message object at 0x7342d4315b40>------------","logger":"unusual_prefix_05f7c68866a4b9981d661b83f7c582db0b838856_wiki_monitoring"}
{"timestamp":"2025-06-24T13:25:41.648190","level":"info","event":"-----------edit: {'title': 'Q132307595', 'user': 'Henri Aja', 'is_bot': False, 'server_name': 'www.wikidata.org', 'timestamp': 1750758642}-------------","logger":"unusual_prefix_05f7c68866a4b9981d661b83f7c582db0b838856_wiki_monitoring"}
{"timestamp":"2025-06-24T13:25:41.651865","level":"info","event":"----------------Processing messages: <cimpl.Message object at 0x7342d4316dc0>------------","logger":"unusual_prefix_05f7c68866a4b9981d661b83f7c582db0b838856_wiki_monitoring"}
{"timestamp":"2025-06-24T13:25:41.652095","level":"info","event":"-----------edit: {'title': 'Category:PD-US missing SDC copyright status', 'user': 'Gzen92Bot', 'is_bot': True, 'server_name': 'commons.wikimedia.org', 'timestamp': 1750758639}-------------","logger":"unusual_prefix_05f7c68866a4b9981d661b83f7c582db0b838856_wiki_monitoring"}
{"timestamp":"2025-06-24T13:25:41.655622","level":"info","event":"----------------Processing messages: <cimpl.Message object at 0x7342d43176c0>------------","logger":"unusual_prefix_05f7c68866a4b9981d661b83f7c582db0b838856_wiki_monitoring"}
{"timestamp":"2025-06-24T13:25:41.655742","level":"info","event":"-----------edit: {'title': 'Category:Sheet music from Gallica (Bibliothèque nationale de France) uploaded by Gzen92Bot', 'user': 'Gzen92Bot', 'is_bot': True, 'server_name': 'commons.wikimedia.org', 'timestamp': 1750758639}-------------","logger":"unusual_prefix_05f7c68866a4b9981d661b83f7c582db0b838856_wiki_monitoring"}
{"timestamp":"2025-06-24T13:25:41.659324","level":"info","event":"----------------Processing messages: <cimpl.Message object at 0x7342d4317340>------------","logger":"unusual_prefix_05f7c68866a4b9981d661b83f7c582db0b838856_wiki_monitoring"}
{"timestamp":"2025-06-24T13:25:41.659456","level":"info","event":"-----------edit: {'title': 'Category:Quality images of Bavaria', 'user': 'MB-one', 'is_bot': False, 'server_name': 'commons.wikimedia.org', 'timestamp': 1750758639}-------------","logger":"unusual_prefix_05f7c68866a4b9981d661b83f7c582db0b838856_wiki_monitoring"}
{"timestamp":"2025-06-24T13:25:41.663435","level":"info","event":"----------------Processing messages: <cimpl.Message object at 0x7342d4317040>------------","logger":"unusual_prefix_05f7c68866a4b9981d661b83f7c582db0b838856_wiki_monitoring"}
{"timestamp":"2025-06-24T13:25:41.663581","level":"info","event":"-----------edit: {'title': 'Q135051511', 'user': 'BitBerry2000', 'is_bot': False, 'server_name': 'www.wikidata.org', 'timestamp': 1750758640}-------------","logger":"unusual_prefix_05f7c68866a4b9981d661b83f7c582db0b838856_wiki_monitoring"}
{"timestamp":"2025-06-24T13:25:41.668215","level":"info","event":"----------------Processing messages: <cimpl.Message object at 0x7342d43163c0>------------","logger":"unusual_prefix_05f7c68866a4b9981d661b83f7c582db0b838856_wiki_monitoring"}
{"timestamp":"2025-06-24T13:25:41.668421","level":"info","event":"-----------edit: {'title': 'File:NDL1271265 株式裏書譲渡の解説.pdf', 'user': 'MidleadingBot', 'is_bot': True, 'server_name': 'commons.wikimedia.org', 'timestamp': 1750758640}-------------","logger":"unusual_prefix_05f7c68866a4b9981d661b83f7c582db0b838856_wiki_monitoring"}
{"timestamp":"2025-06-24T13:25:41.672558","level":"info","event":"----------------Processing messages: <cimpl.Message object at 0x7342d43178c0>------------","logger":"unusual_prefix_05f7c68866a4b9981d661b83f7c582db0b838856_wiki_monitoring"}
{"timestamp":"2025-06-24T13:25:41.672722","level":"info","event":"-----------edit: {'title': 'Category:Oeuvre XII. Camille ou le souterrain, comédie en trois actes en prose par M. Marsollier. Représentée par les comédiens italiens le samedy 19 mars 1791.... Gravé par Huguet - btv1b100724342', 'user': 'Gzen92Bot', 'is_bot': True, 'server_name': 'commons.wikimedia.org', 'timestamp': 1750758639}-------------","logger":"unusual_prefix_05f7c68866a4b9981d661b83f7c582db0b838856_wiki_monitoring"}
{"timestamp":"2025-06-24T13:25:41.676571","level":"info","event":"----------------Processing messages: <cimpl.Message object at 0x7342d4317cc0>------------","logger":"unusual_prefix_05f7c68866a4b9981d661b83f7c582db0b838856_wiki_monitoring"}
{"timestamp":"2025-06-24T13:25:41.676730","level":"info","event":"-----------edit: {'title': 'Категорія:Статті проєкту Польща низької важливості', 'user': 'RarBot', 'is_bot': True, 'server_name': 'uk.wikipedia.org', 'timestamp': 1750758641}-------------","logger":"unusual_prefix_05f7c68866a4b9981d661b83f7c582db0b838856_wiki_monitoring"}
{"timestamp":"2025-06-24T13:25:41.680595","level":"info","event":"----------------Processing messages: <cimpl.Message object at 0x7342d4316040>------------","logger":"unusual_prefix_05f7c68866a4b9981d661b83f7c582db0b838856_wiki_monitoring"}
{"timestamp":"2025-06-24T13:25:41.680775","level":"info","event":"-----------edit: {'title': 'Категорія:Статті проєкту Польща невідомого рівня низької важливості', 'user': 'RarBot', 'is_bot': True, 'server_name': 'uk.wikipedia.org', 'timestamp': 1750758641}-------------","logger":"unusual_prefix_05f7c68866a4b9981d661b83f7c582db0b838856_wiki_monitoring"}
{"timestamp":"2025-06-24T13:25:41.684241","level":"info","event":"----------------Processing messages: <cimpl.Message object at 0x7342d4358240>------------","logger":"unusual_prefix_05f7c68866a4b9981d661b83f7c582db0b838856_wiki_monitoring"}
{"timestamp":"2025-06-24T13:25:41.684448","level":"info","event":"-----------edit: {'title': 'Категорія:Статті проєкту Польща невідомої важливості', 'user': 'RarBot', 'is_bot': True, 'server_name': 'uk.wikipedia.org', 'timestamp': 1750758641}-------------","logger":"unusual_prefix_05f7c68866a4b9981d661b83f7c582db0b838856_wiki_monitoring"}
{"timestamp":"2025-06-24T13:25:41.689038","level":"info","event":"----------------Processing messages: <cimpl.Message object at 0x7342d4317f40>------------","logger":"unusual_prefix_05f7c68866a4b9981d661b83f7c582db0b838856_wiki_monitoring"}
{"timestamp":"2025-06-24T13:25:41.689170","level":"info","event":"-----------edit: {'title': 'Категорія:Статті проєкту Польща невідомого рівня невідомої важливості', 'user': 'RarBot', 'is_bot': True, 'server_name': 'uk.wikipedia.org', 'timestamp': 1750758641}-------------","logger":"unusual_prefix_05f7c68866a4b9981d661b83f7c582db0b838856_wiki_monitoring"}
{"timestamp":"2025-06-24T13:25:41.692065","level":"info","event":"----------------Processing messages: <cimpl.Message object at 0x7342d4317e40>------------","logger":"unusual_prefix_05f7c68866a4b9981d661b83f7c582db0b838856_wiki_monitoring"}
{"timestamp":"2025-06-24T13:25:41.692182","level":"info","event":"-----------edit: {'title': 'Q231196', 'user': 'Florentyna', 'is_bot': False, 'server_name': 'www.wikidata.org', 'timestamp': 1750758642}-------------","logger":"unusual_prefix_05f7c68866a4b9981d661b83f7c582db0b838856_wiki_monitoring"}
{"timestamp":"2025-06-24T13:25:41.701137","level":"info","event":"----------------Processing messages: <cimpl.Message object at 0x7342d43173c0>------------","logger":"unusual_prefix_05f7c68866a4b9981d661b83f7c582db0b838856_wiki_monitoring"}
{"timestamp":"2025-06-24T13:25:41.701376","level":"info","event":"-----------edit: {'title': 'Участник:193.233.229.144', 'user': 'QBA-bot', 'is_bot': True, 'server_name': 'ru.wikiquote.org', 'timestamp': 1750758642}-------------","logger":"unusual_prefix_05f7c68866a4b9981d661b83f7c582db0b838856_wiki_monitoring"}
{"timestamp":"2025-06-24T13:25:41.706271","level":"info","event":"----------------Processing messages: <cimpl.Message object at 0x7342d4317dc0>------------","logger":"unusual_prefix_05f7c68866a4b9981d661b83f7c582db0b838856_wiki_monitoring"}
{"timestamp":"2025-06-24T13:25:41.706444","level":"info","event":"-----------edit: {'title': 'Q92673746', 'user': 'Kbseah', 'is_bot': False, 'server_name': 'www.wikidata.org', 'timestamp': 1750758642}-------------","logger":"unusual_prefix_05f7c68866a4b9981d661b83f7c582db0b838856_wiki_monitoring"}
{"timestamp":"2025-06-24T13:25:41.710161","level":"info","event":"----------------Processing messages: <cimpl.Message object at 0x7342d43174c0>------------","logger":"unusual_prefix_05f7c68866a4b9981d661b83f7c582db0b838856_wiki_monitoring"}
{"timestamp":"2025-06-24T13:25:41.710334","level":"info","event":"-----------edit: {'title': 'Q231196', 'user': 'Florentyna', 'is_bot': False, 'server_name': 'www.wikidata.org', 'timestamp': 1750758641}-------------","logger":"unusual_prefix_05f7c68866a4b9981d661b83f7c582db0b838856_wiki_monitoring"}
{"timestamp":"2025-06-24T13:25:41.713678","level":"info","event":"----------------Processing messages: <cimpl.Message object at 0x7342d4317ac0>------------","logger":"unusual_prefix_05f7c68866a4b9981d661b83f7c582db0b838856_wiki_monitoring"}
{"timestamp":"2025-06-24T13:25:41.713834","level":"info","event":"-----------edit: {'title': 'Нападение на николаевскую станицу', 'user': 'Sunnimuslimwarrior', 'is_bot': False, 'server_name': 'ru.wikipedia.org', 'timestamp': 1750758641}-------------","logger":"unusual_prefix_05f7c68866a4b9981d661b83f7c582db0b838856_wiki_monitoring"}
{"timestamp":"2025-06-24T13:25:41.717483","level":"info","event":"----------------Processing messages: <cimpl.Message object at 0x7342d43175c0>------------","logger":"unusual_prefix_05f7c68866a4b9981d661b83f7c582db0b838856_wiki_monitoring"}
{"timestamp":"2025-06-24T13:25:41.717642","level":"info","event":"-----------edit: {'title': 'File:20251710230 GOES19-ABI-FD-GEOCOLOR-21696x21696 64.jpg', 'user': 'PantheraLeo1359531', 'is_bot': False, 'server_name': 'commons.wikimedia.org', 'timestamp': 1750758641}-------------","logger":"unusual_prefix_05f7c68866a4b9981d661b83f7c582db0b838856_wiki_monitoring"}
{"timestamp":"2025-06-24T13:25:41.721216","level":"info","event":"----------------Processing messages: <cimpl.Message object at 0x7342d4316f40>------------","logger":"unusual_prefix_05f7c68866a4b9981d661b83f7c582db0b838856_wiki_monitoring"}
{"timestamp":"2025-06-24T13:25:41.721381","level":"info","event":"-----------edit: {'title': 'Roddie Haley', 'user': 'Frank63', 'is_bot': False, 'server_name': 'en.wikipedia.org', 'timestamp': 1750758641}-------------","logger":"unusual_prefix_05f7c68866a4b9981d661b83f7c582db0b838856_wiki_monitoring"}
{"timestamp":"2025-06-24T13:25:41.724522","level":"info","event":"----------------Processing messages: <cimpl.Message object at 0x7342d4316e40>------------","logger":"unusual_prefix_05f7c68866a4b9981d661b83f7c582db0b838856_wiki_monitoring"}
{"timestamp":"2025-06-24T13:25:41.724657","level":"info","event":"-----------edit: {'title': 'Q135040018', 'user': 'Immanuelle', 'is_bot': False, 'server_name': 'www.wikidata.org', 'timestamp': 1750758642}-------------","logger":"unusual_prefix_05f7c68866a4b9981d661b83f7c582db0b838856_wiki_monitoring"}
{"timestamp":"2025-06-24T13:25:41.728975","level":"info","event":"----------------Processing messages: <cimpl.Message object at 0x7342d4316d40>------------","logger":"unusual_prefix_05f7c68866a4b9981d661b83f7c582db0b838856_wiki_monitoring"}
{"timestamp":"2025-06-24T13:25:41.729221","level":"info","event":"-----------edit: {'title': 'Q135051512', 'user': 'BitBerry2000', 'is_bot': False, 'server_name': 'www.wikidata.org', 'timestamp': 1750758641}-------------","logger":"unusual_prefix_05f7c68866a4b9981d661b83f7c582db0b838856_wiki_monitoring"}
{"timestamp":"2025-06-24T13:25:41.734465","level":"info","event":"----------------Processing messages: <cimpl.Message object at 0x7342d4316a40>------------","logger":"unusual_prefix_05f7c68866a4b9981d661b83f7c582db0b838856_wiki_monitoring"}
{"timestamp":"2025-06-24T13:25:41.734601","level":"info","event":"-----------edit: {'title': 'Q110488633', 'user': 'Kbseah', 'is_bot': False, 'server_name': 'www.wikidata.org', 'timestamp': 1750758642}-------------","logger":"unusual_prefix_05f7c68866a4b9981d661b83f7c582db0b838856_wiki_monitoring"}
{"timestamp":"2025-06-24T13:25:41.738671","level":"info","event":"----------------Processing messages: <cimpl.Message object at 0x7342d43166c0>------------","logger":"unusual_prefix_05f7c68866a4b9981d661b83f7c582db0b838856_wiki_monitoring"}
{"timestamp":"2025-06-24T13:25:41.738784","level":"info","event":"-----------edit: {'title': 'Category:PD US NOAA', 'user': 'PantheraLeo1359531', 'is_bot': False, 'server_name': 'commons.wikimedia.org', 'timestamp': 1750758641}-------------","logger":"unusual_prefix_05f7c68866a4b9981d661b83f7c582db0b838856_wiki_monitoring"}
{"timestamp":"2025-06-24T13:25:41.742763","level":"info","event":"----------------Processing messages: <cimpl.Message object at 0x7342d4358540>------------","logger":"unusual_prefix_05f7c68866a4b9981d661b83f7c582db0b838856_wiki_monitoring"}
{"timestamp":"2025-06-24T13:25:41.742896","level":"info","event":"-----------edit: {'title': 'File:Marter Maintal 0183.jpg', 'user': 'MB-one', 'is_bot': False, 'server_name': 'commons.wikimedia.org', 'timestamp': 1750758641}-------------","logger":"unusual_prefix_05f7c68866a4b9981d661b83f7c582db0b838856_wiki_monitoring"}
{"timestamp":"2025-06-24T13:25:41.746783","level":"info","event":"----------------Processing messages: <cimpl.Message object at 0x7342d4316c40>------------","logger":"unusual_prefix_05f7c68866a4b9981d661b83f7c582db0b838856_wiki_monitoring"}
{"timestamp":"2025-06-24T13:25:41.746928","level":"info","event":"-----------edit: {'title': 'دل دیا درد لیا', 'user': 'ZumrahBot', 'is_bot': True, 'server_name': 'ur.wikipedia.org', 'timestamp': 1750758640}-------------","logger":"unusual_prefix_05f7c68866a4b9981d661b83f7c582db0b838856_wiki_monitoring"}
{"timestamp":"2025-06-24T13:25:41.750698","level":"info","event":"----------------Processing messages: <cimpl.Message object at 0x7342d4315bc0>------------","logger":"unusual_prefix_05f7c68866a4b9981d661b83f7c582db0b838856_wiki_monitoring"}
{"timestamp":"2025-06-24T13:25:41.750829","level":"info","event":"-----------edit: {'title': 'mamsell', 'user': 'WingerBot', 'is_bot': True, 'server_name': 'en.wiktionary.org', 'timestamp': 1750758641}-------------","logger":"unusual_prefix_05f7c68866a4b9981d661b83f7c582db0b838856_wiki_monitoring"}
{"timestamp":"2025-06-24T13:25:41.754547","level":"info","event":"----------------Processing messages: <cimpl.Message object at 0x7342d4317740>------------","logger":"unusual_prefix_05f7c68866a4b9981d661b83f7c582db0b838856_wiki_monitoring"}
{"timestamp":"2025-06-24T13:25:41.754678","level":"info","event":"-----------edit: {'title': 'Category:PD-USGov missing SDC copyright status', 'user': 'PantheraLeo1359531', 'is_bot': False, 'server_name': 'commons.wikimedia.org', 'timestamp': 1750758641}-------------","logger":"unusual_prefix_05f7c68866a4b9981d661b83f7c582db0b838856_wiki_monitoring"}
{"timestamp":"2025-06-24T13:25:41.757588","level":"info","event":"----------------Processing messages: <cimpl.Message object at 0x7342d43170c0>------------","logger":"unusual_prefix_05f7c68866a4b9981d661b83f7c582db0b838856_wiki_monitoring"}
{"timestamp":"2025-06-24T13:25:41.757795","level":"info","event":"-----------edit: {'title': 'Q65622007', 'user': 'Florentyna', 'is_bot': False, 'server_name': 'www.wikidata.org', 'timestamp': 1750758643}-------------","logger":"unusual_prefix_05f7c68866a4b9981d661b83f7c582db0b838856_wiki_monitoring"}
{"timestamp":"2025-06-24T13:25:41.761052","level":"info","event":"----------------Processing messages: <cimpl.Message object at 0x7342d4317c40>------------","logger":"unusual_prefix_05f7c68866a4b9981d661b83f7c582db0b838856_wiki_monitoring"}
{"timestamp":"2025-06-24T13:25:41.761178","level":"info","event":"-----------edit: {'title': 'Category:GOES-19 ABI FD imagery of Hurricane Erick (2025) (GeoColor)', 'user': 'PantheraLeo1359531', 'is_bot': False, 'server_name': 'commons.wikimedia.org', 'timestamp': 1750758641}-------------","logger":"unusual_prefix_05f7c68866a4b9981d661b83f7c582db0b838856_wiki_monitoring"}
{"timestamp":"2025-06-24T13:25:41.764574","level":"info","event":"----------------Processing messages: <cimpl.Message object at 0x7342d4317440>------------","logger":"unusual_prefix_05f7c68866a4b9981d661b83f7c582db0b838856_wiki_monitoring"}
{"timestamp":"2025-06-24T13:25:41.764697","level":"info","event":"-----------edit: {'title': 'Category:Images from NOAA uploaded by PantheraLeo1359531', 'user': 'PantheraLeo1359531', 'is_bot': False, 'server_name': 'commons.wikimedia.org', 'timestamp': 1750758641}-------------","logger":"unusual_prefix_05f7c68866a4b9981d661b83f7c582db0b838856_wiki_monitoring"}
{"timestamp":"2025-06-24T13:25:41.767190","level":"info","event":"----------------Processing messages: <cimpl.Message object at 0x7342d4317bc0>------------","logger":"unusual_prefix_05f7c68866a4b9981d661b83f7c582db0b838856_wiki_monitoring"}
{"timestamp":"2025-06-24T13:25:41.767299","level":"info","event":"-----------edit: {'title': 'Category:Files uploaded by PantheraLeo1359531', 'user': 'PantheraLeo1359531', 'is_bot': False, 'server_name': 'commons.wikimedia.org', 'timestamp': 1750758641}-------------","logger":"unusual_prefix_05f7c68866a4b9981d661b83f7c582db0b838856_wiki_monitoring"}
{"timestamp":"2025-06-24T13:25:41.769860","level":"info","event":"----------------Processing messages: <cimpl.Message object at 0x7342d43179c0>------------","logger":"unusual_prefix_05f7c68866a4b9981d661b83f7c582db0b838856_wiki_monitoring"}
{"timestamp":"2025-06-24T13:25:41.769971","level":"info","event":"-----------edit: {'title': 'File:Drapeau fr département Alpes-de-Haute-Provence.svg', 'user': 'Kontributor 2K', 'is_bot': False, 'server_name': 'commons.wikimedia.org', 'timestamp': 1750758641}-------------","logger":"unusual_prefix_05f7c68866a4b9981d661b83f7c582db0b838856_wiki_monitoring"}
{"timestamp":"2025-06-24T13:25:41.772494","level":"info","event":"----------------Processing messages: <cimpl.Message object at 0x7342d4317340>------------","logger":"unusual_prefix_05f7c68866a4b9981d661b83f7c582db0b838856_wiki_monitoring"}
{"timestamp":"2025-06-24T13:25:41.772600","level":"info","event":"-----------edit: {'title': 'Category:Quality images of Bavaria', 'user': 'MB-one', 'is_bot': False, 'server_name': 'commons.wikimedia.org', 'timestamp': 1750758640}-------------","logger":"unusual_prefix_05f7c68866a4b9981d661b83f7c582db0b838856_wiki_monitoring"}
{"timestamp":"2025-06-24T13:25:41.774792","level":"info","event":"----------------Processing messages: <cimpl.Message object at 0x7342d4317540>------------","logger":"unusual_prefix_05f7c68866a4b9981d661b83f7c582db0b838856_wiki_monitoring"}
{"timestamp":"2025-06-24T13:25:41.774895","level":"info","event":"-----------edit: {'title': 'Q65116886', 'user': 'Florentyna', 'is_bot': False, 'server_name': 'www.wikidata.org', 'timestamp': 1750758642}-------------","logger":"unusual_prefix_05f7c68866a4b9981d661b83f7c582db0b838856_wiki_monitoring"}
{"timestamp":"2025-06-24T13:25:41.777062","level":"info","event":"----------------Processing messages: <cimpl.Message object at 0x7342d43171c0>------------","logger":"unusual_prefix_05f7c68866a4b9981d661b83f7c582db0b838856_wiki_monitoring"}
{"timestamp":"2025-06-24T13:25:41.777174","level":"info","event":"-----------edit: {'title': 'Q65622007', 'user': 'Florentyna', 'is_bot': False, 'server_name': 'www.wikidata.org', 'timestamp': 1750758642}-------------","logger":"unusual_prefix_05f7c68866a4b9981d661b83f7c582db0b838856_wiki_monitoring"}
{"timestamp":"2025-06-24T13:25:41.779352","level":"info","event":"----------------Processing messages: <cimpl.Message object at 0x7342d4317d40>------------","logger":"unusual_prefix_05f7c68866a4b9981d661b83f7c582db0b838856_wiki_monitoring"}
{"timestamp":"2025-06-24T13:25:41.779449","level":"info","event":"-----------edit: {'title': 'Mathc initiation/a81', 'user': 'Xhungab', 'is_bot': False, 'server_name': 'fr.wikibooks.org', 'timestamp': 1750758642}-------------","logger":"unusual_prefix_05f7c68866a4b9981d661b83f7c582db0b838856_wiki_monitoring"}
{"timestamp":"2025-06-24T13:25:41.781578","level":"info","event":"----------------Processing messages: <cimpl.Message object at 0x7342d43584c0>------------","logger":"unusual_prefix_05f7c68866a4b9981d661b83f7c582db0b838856_wiki_monitoring"}
{"timestamp":"2025-06-24T13:25:41.781675","level":"info","event":"-----------edit: {'title': 'Wikidata:Database reports/Constraint violations/P6005', 'user': 'KrBot2', 'is_bot': True, 'server_name': 'www.wikidata.org', 'timestamp': 1750758634}-------------","logger":"unusual_prefix_05f7c68866a4b9981d661b83f7c582db0b838856_wiki_monitoring"}
{"timestamp":"2025-06-24T13:25:41.783796","level":"info","event":"----------------Processing messages: <cimpl.Message object at 0x7342d4316ac0>------------","logger":"unusual_prefix_05f7c68866a4b9981d661b83f7c582db0b838856_wiki_monitoring"}
{"timestamp":"2025-06-24T13:25:41.783886","level":"info","event":"-----------edit: {'title': 'Q110488601', 'user': 'Kbseah', 'is_bot': False, 'server_name': 'www.wikidata.org', 'timestamp': 1750758642}-------------","logger":"unusual_prefix_05f7c68866a4b9981d661b83f7c582db0b838856_wiki_monitoring"}
{"timestamp":"2025-06-24T13:25:41.785803","level":"info","event":"----------------Processing messages: <cimpl.Message object at 0x7342d4317340>------------","logger":"unusual_prefix_05f7c68866a4b9981d661b83f7c582db0b838856_wiki_monitoring"}
{"timestamp":"2025-06-24T13:25:41.785896","level":"info","event":"-----------edit: {'title': 'Q92674662', 'user': 'Kbseah', 'is_bot': False, 'server_name': 'www.wikidata.org', 'timestamp': 1750758642}-------------","logger":"unusual_prefix_05f7c68866a4b9981d661b83f7c582db0b838856_wiki_monitoring"}
{"timestamp":"2025-06-24T13:25:41.787914","level":"info","event":"----------------Processing messages: <cimpl.Message object at 0x7342d4317bc0>------------","logger":"unusual_prefix_05f7c68866a4b9981d661b83f7c582db0b838856_wiki_monitoring"}
{"timestamp":"2025-06-24T13:25:41.788017","level":"info","event":"-----------edit: {'title': 'Q125266547', 'user': 'Arch2all', 'is_bot': False, 'server_name': 'www.wikidata.org', 'timestamp': 1750758643}-------------","logger":"unusual_prefix_05f7c68866a4b9981d661b83f7c582db0b838856_wiki_monitoring"}
{"timestamp":"2025-06-24T13:25:41.789984","level":"info","event":"----------------Processing messages: <cimpl.Message object at 0x7342d4317840>------------","logger":"unusual_prefix_05f7c68866a4b9981d661b83f7c582db0b838856_wiki_monitoring"}
{"timestamp":"2025-06-24T13:25:41.790081","level":"info","event":"-----------edit: {'title': 'Участник:193.233.229.148', 'user': 'QBA-bot', 'is_bot': True, 'server_name': 'ru.wikiquote.org', 'timestamp': 1750758643}-------------","logger":"unusual_prefix_05f7c68866a4b9981d661b83f7c582db0b838856_wiki_monitoring"}
{"timestamp":"2025-06-24T13:25:41.792131","level":"info","event":"----------------Processing messages: <cimpl.Message object at 0x7342d43173c0>------------","logger":"unusual_prefix_05f7c68866a4b9981d661b83f7c582db0b838856_wiki_monitoring"}
{"timestamp":"2025-06-24T13:25:41.792242","level":"info","event":"-----------edit: {'title': \"File:Opening Bangor's £148,000 swimming pool, that is not being used by schools (1515722).jpg\", 'user': 'SchlurcherBot', 'is_bot': True, 'server_name': 'commons.wikimedia.org', 'timestamp': 1750758642}-------------","logger":"unusual_prefix_05f7c68866a4b9981d661b83f7c582db0b838856_wiki_monitoring"}
{"timestamp":"2025-06-24T13:25:41.794454","level":"info","event":"----------------Processing messages: <cimpl.Message object at 0x7342d4317c40>------------","logger":"unusual_prefix_05f7c68866a4b9981d661b83f7c582db0b838856_wiki_monitoring"}
{"timestamp":"2025-06-24T13:25:41.794554","level":"info","event":"-----------edit: {'title': 'Q134616488', 'user': 'Florentyna', 'is_bot': False, 'server_name': 'www.wikidata.org', 'timestamp': 1750758643}-------------","logger":"unusual_prefix_05f7c68866a4b9981d661b83f7c582db0b838856_wiki_monitoring"}
{"timestamp":"2025-06-24T13:25:41.796935","level":"info","event":"----------------Processing messages: <cimpl.Message object at 0x7342d43170c0>------------","logger":"unusual_prefix_05f7c68866a4b9981d661b83f7c582db0b838856_wiki_monitoring"}
{"timestamp":"2025-06-24T13:25:41.797045","level":"info","event":"-----------edit: {'title': 'Discussion:Daniel Owassa', 'user': 'Madaraizen20', 'is_bot': False, 'server_name': 'fr.wikipedia.org', 'timestamp': 1750758642}-------------","logger":"unusual_prefix_05f7c68866a4b9981d661b83f7c582db0b838856_wiki_monitoring"}
{"timestamp":"2025-06-24T13:25:41.799692","level":"info","event":"----------------Processing messages: <cimpl.Message object at 0x7342d4317740>------------","logger":"unusual_prefix_05f7c68866a4b9981d661b83f7c582db0b838856_wiki_monitoring"}
{"timestamp":"2025-06-24T13:25:41.799798","level":"info","event":"-----------edit: {'title': 'File:NDL1266756 最新法律 - 笑ひながら研究出来る part4.pdf', 'user': 'MidleadingBot', 'is_bot': True, 'server_name': 'commons.wikimedia.org', 'timestamp': 1750758642}-------------","logger":"unusual_prefix_05f7c68866a4b9981d661b83f7c582db0b838856_wiki_monitoring"}
{"timestamp":"2025-06-24T13:25:41.802392","level":"info","event":"----------------Processing messages: <cimpl.Message object at 0x7342d4315bc0>------------","logger":"unusual_prefix_05f7c68866a4b9981d661b83f7c582db0b838856_wiki_monitoring"}
{"timestamp":"2025-06-24T13:25:41.802497","level":"info","event":"-----------edit: {'title': 'Q125266547', 'user': 'Arch2all', 'is_bot': False, 'server_name': 'www.wikidata.org', 'timestamp': 1750758643}-------------","logger":"unusual_prefix_05f7c68866a4b9981d661b83f7c582db0b838856_wiki_monitoring"}
{"timestamp":"2025-06-24T13:25:41.804621","level":"info","event":"----------------Processing messages: <cimpl.Message object at 0x7342d4316c40>------------","logger":"unusual_prefix_05f7c68866a4b9981d661b83f7c582db0b838856_wiki_monitoring"}
{"timestamp":"2025-06-24T13:25:41.804718","level":"info","event":"-----------edit: {'title': 'Earl of Errol', 'user': '2001:863:203:1416:C99F:F789:9D3D:5E88', 'is_bot': False, 'server_name': 'en.wikipedia.org', 'timestamp': 1750758642}-------------","logger":"unusual_prefix_05f7c68866a4b9981d661b83f7c582db0b838856_wiki_monitoring"}
{"timestamp":"2025-06-24T13:25:41.806864","level":"info","event":"----------------Processing messages: <cimpl.Message object at 0x7342d43160c0>------------","logger":"unusual_prefix_05f7c68866a4b9981d661b83f7c582db0b838856_wiki_monitoring"}
{"timestamp":"2025-06-24T13:25:41.806958","level":"info","event":"-----------edit: {'title': 'Q134616488', 'user': 'Florentyna', 'is_bot': False, 'server_name': 'www.wikidata.org', 'timestamp': 1750758643}-------------","logger":"unusual_prefix_05f7c68866a4b9981d661b83f7c582db0b838856_wiki_monitoring"}
{"timestamp":"2025-06-24T13:25:41.809577","level":"info","event":"----------------Processing messages: <cimpl.Message object at 0x7342d43178c0>------------","logger":"unusual_prefix_05f7c68866a4b9981d661b83f7c582db0b838856_wiki_monitoring"}
{"timestamp":"2025-06-24T13:25:41.809692","level":"info","event":"-----------edit: {'title': 'File:Метелик - 20250624 071327.jpg', 'user': 'Микола Василечко', 'is_bot': False, 'server_name': 'commons.wikimedia.org', 'timestamp': 1750758642}-------------","logger":"unusual_prefix_05f7c68866a4b9981d661b83f7c582db0b838856_wiki_monitoring"}
{"timestamp":"2025-06-24T13:25:41.812361","level":"info","event":"----------------Processing messages: <cimpl.Message object at 0x7342d43585c0>------------","logger":"unusual_prefix_05f7c68866a4b9981d661b83f7c582db0b838856_wiki_monitoring"}
{"timestamp":"2025-06-24T13:25:41.812475","level":"info","event":"-----------edit: {'title': 'Википедия:Откуда редактируют Русскую Википедию', 'user': 'Mitte27', 'is_bot': False, 'server_name': 'ru.wikipedia.org', 'timestamp': 1750758643}-------------","logger":"unusual_prefix_05f7c68866a4b9981d661b83f7c582db0b838856_wiki_monitoring"}
{"timestamp":"2025-06-24T13:25:41.814764","level":"info","event":"----------------Processing messages: <cimpl.Message object at 0x7342d4316e40>------------","logger":"unusual_prefix_05f7c68866a4b9981d661b83f7c582db0b838856_wiki_monitoring"}
{"timestamp":"2025-06-24T13:25:41.814863","level":"info","event":"-----------edit: {'title': 'Q80104080', 'user': 'Florentyna', 'is_bot': False, 'server_name': 'www.wikidata.org', 'timestamp': 1750758643}-------------","logger":"unusual_prefix_05f7c68866a4b9981d661b83f7c582db0b838856_wiki_monitoring"}
{"timestamp":"2025-06-24T13:25:41.817039","level":"info","event":"----------------Processing messages: <cimpl.Message object at 0x7342d43169c0>------------","logger":"unusual_prefix_05f7c68866a4b9981d661b83f7c582db0b838856_wiki_monitoring"}
{"timestamp":"2025-06-24T13:25:41.817129","level":"info","event":"-----------edit: {'title': 'Category:香港历史模板', 'user': 'MoAiSang', 'is_bot': False, 'server_name': 'zh.wikipedia.org', 'timestamp': 1750758640}-------------","logger":"unusual_prefix_05f7c68866a4b9981d661b83f7c582db0b838856_wiki_monitoring"}
{"timestamp":"2025-06-24T13:25:41.819168","level":"info","event":"----------------Processing messages: <cimpl.Message object at 0x7342d4316ec0>------------","logger":"unusual_prefix_05f7c68866a4b9981d661b83f7c582db0b838856_wiki_monitoring"}
{"timestamp":"2025-06-24T13:25:41.819293","level":"info","event":"-----------edit: {'title': 'sultân', 'user': 'WingerBot', 'is_bot': True, 'server_name': 'en.wiktionary.org', 'timestamp': 1750758642}-------------","logger":"unusual_prefix_05f7c68866a4b9981d661b83f7c582db0b838856_wiki_monitoring"}
{"timestamp":"2025-06-24T13:25:41.821412","level":"info","event":"----------------Processing messages: <cimpl.Message object at 0x7342d4317240>------------","logger":"unusual_prefix_05f7c68866a4b9981d661b83f7c582db0b838856_wiki_monitoring"}
{"timestamp":"2025-06-24T13:25:41.821501","level":"info","event":"-----------edit: {'title': 'Q135051513', 'user': 'BitBerry2000', 'is_bot': False, 'server_name': 'www.wikidata.org', 'timestamp': 1750758642}-------------","logger":"unusual_prefix_05f7c68866a4b9981d661b83f7c582db0b838856_wiki_monitoring"}
{"timestamp":"2025-06-24T13:25:41.823503","level":"info","event":"----------------Processing messages: <cimpl.Message object at 0x7342d4317140>------------","logger":"unusual_prefix_05f7c68866a4b9981d661b83f7c582db0b838856_wiki_monitoring"}
{"timestamp":"2025-06-24T13:25:41.823614","level":"info","event":"-----------edit: {'title': 'Q135050003', 'user': 'Rebexho', 'is_bot': False, 'server_name': 'www.wikidata.org', 'timestamp': 1750758643}-------------","logger":"unusual_prefix_05f7c68866a4b9981d661b83f7c582db0b838856_wiki_monitoring"}
{"timestamp":"2025-06-24T13:25:41.825940","level":"info","event":"----------------Processing messages: <cimpl.Message object at 0x7342d43172c0>------------","logger":"unusual_prefix_05f7c68866a4b9981d661b83f7c582db0b838856_wiki_monitoring"}
{"timestamp":"2025-06-24T13:25:41.826031","level":"info","event":"-----------edit: {'title': 'Q110974404', 'user': 'Kristbaumbot', 'is_bot': True, 'server_name': 'www.wikidata.org', 'timestamp': 1750758643}-------------","logger":"unusual_prefix_05f7c68866a4b9981d661b83f7c582db0b838856_wiki_monitoring"}
{"timestamp":"2025-06-24T13:25:41.828099","level":"info","event":"----------------Processing messages: <cimpl.Message object at 0x7342d4317940>------------","logger":"unusual_prefix_05f7c68866a4b9981d661b83f7c582db0b838856_wiki_monitoring"}
{"timestamp":"2025-06-24T13:25:41.828191","level":"info","event":"-----------edit: {'title': 'Q110488612', 'user': 'Kbseah', 'is_bot': False, 'server_name': 'www.wikidata.org', 'timestamp': 1750758643}-------------","logger":"unusual_prefix_05f7c68866a4b9981d661b83f7c582db0b838856_wiki_monitoring"}
{"timestamp":"2025-06-24T13:25:41.830068","level":"info","event":"----------------Processing messages: <cimpl.Message object at 0x7342d43177c0>------------","logger":"unusual_prefix_05f7c68866a4b9981d661b83f7c582db0b838856_wiki_monitoring"}
{"timestamp":"2025-06-24T13:25:41.830159","level":"info","event":"-----------edit: {'title': 'Category:Quality images of Bavaria', 'user': 'MB-one', 'is_bot': False, 'server_name': 'commons.wikimedia.org', 'timestamp': 1750758641}-------------","logger":"unusual_prefix_05f7c68866a4b9981d661b83f7c582db0b838856_wiki_monitoring"}
{"timestamp":"2025-06-24T13:25:41.832170","level":"info","event":"----------------Processing messages: <cimpl.Message object at 0x7342d4317f40>------------","logger":"unusual_prefix_05f7c68866a4b9981d661b83f7c582db0b838856_wiki_monitoring"}
{"timestamp":"2025-06-24T13:25:41.832255","level":"info","event":"-----------edit: {'title': 'Q39202623', 'user': 'Cewbot', 'is_bot': True, 'server_name': 'www.wikidata.org', 'timestamp': 1750758642}-------------","logger":"unusual_prefix_05f7c68866a4b9981d661b83f7c582db0b838856_wiki_monitoring"}
{"timestamp":"2025-06-24T13:25:41.834232","level":"info","event":"----------------Processing messages: <cimpl.Message object at 0x7342d4317a40>------------","logger":"unusual_prefix_05f7c68866a4b9981d661b83f7c582db0b838856_wiki_monitoring"}
{"timestamp":"2025-06-24T13:25:41.834327","level":"info","event":"-----------edit: {'title': 'File:Marter Maintal 0184.jpg', 'user': 'MB-one', 'is_bot': False, 'server_name': 'commons.wikimedia.org', 'timestamp': 1750758642}-------------","logger":"unusual_prefix_05f7c68866a4b9981d661b83f7c582db0b838856_wiki_monitoring"}
{"timestamp":"2025-06-24T13:25:41.836555","level":"info","event":"----------------Processing messages: <cimpl.Message object at 0x7342d4317d40>------------","logger":"unusual_prefix_05f7c68866a4b9981d661b83f7c582db0b838856_wiki_monitoring"}
{"timestamp":"2025-06-24T13:25:41.836642","level":"info","event":"-----------edit: {'title': 'Q135050003', 'user': 'Rebexho', 'is_bot': False, 'server_name': 'www.wikidata.org', 'timestamp': 1750758643}-------------","logger":"unusual_prefix_05f7c68866a4b9981d661b83f7c582db0b838856_wiki_monitoring"}
{"timestamp":"2025-06-24T13:25:41.838606","level":"info","event":"----------------Processing messages: <cimpl.Message object at 0x7342d43585c0>------------","logger":"unusual_prefix_05f7c68866a4b9981d661b83f7c582db0b838856_wiki_monitoring"}
{"timestamp":"2025-06-24T13:25:41.838699","level":"info","event":"-----------edit: {'title': 'Обговорення:Гарбовиці', 'user': 'RarBot', 'is_bot': True, 'server_name': 'uk.wikipedia.org', 'timestamp': 1750758643}-------------","logger":"unusual_prefix_05f7c68866a4b9981d661b83f7c582db0b838856_wiki_monitoring"}
{"timestamp":"2025-06-24T13:25:41.840837","level":"info","event":"----------------Processing messages: <cimpl.Message object at 0x7342d43584c0>------------","logger":"unusual_prefix_05f7c68866a4b9981d661b83f7c582db0b838856_wiki_monitoring"}
{"timestamp":"2025-06-24T13:25:41.840926","level":"info","event":"-----------edit: {'title': 'Q92678076', 'user': 'Kbseah', 'is_bot': False, 'server_name': 'www.wikidata.org', 'timestamp': 1750758643}-------------","logger":"unusual_prefix_05f7c68866a4b9981d661b83f7c582db0b838856_wiki_monitoring"}
{"timestamp":"2025-06-24T13:25:41.843095","level":"info","event":"----------------Processing messages: <cimpl.Message object at 0x7342d4317ec0>------------","logger":"unusual_prefix_05f7c68866a4b9981d661b83f7c582db0b838856_wiki_monitoring"}
{"timestamp":"2025-06-24T13:25:41.843198","level":"info","event":"-----------edit: {'title': 'Категория:Википедия:Статьи, требующие уточнения источников', 'user': 'Werter1995', 'is_bot': False, 'server_name': 'ru.wikipedia.org', 'timestamp': 1750758639}-------------","logger":"unusual_prefix_05f7c68866a4b9981d661b83f7c582db0b838856_wiki_monitoring"}
{"timestamp":"2025-06-24T13:25:41.845348","level":"info","event":"----------------Processing messages: <cimpl.Message object at 0x7342d43177c0>------------","logger":"unusual_prefix_05f7c68866a4b9981d661b83f7c582db0b838856_wiki_monitoring"}
{"timestamp":"2025-06-24T13:25:41.845447","level":"info","event":"-----------edit: {'title': 'File:Memorial Day 2015 (18140067746).jpg', 'user': 'CuratorBot', 'is_bot': True, 'server_name': 'commons.wikimedia.org', 'timestamp': 1750758643}-------------","logger":"unusual_prefix_05f7c68866a4b9981d661b83f7c582db0b838856_wiki_monitoring"}
{"timestamp":"2025-06-24T13:25:41.847434","level":"info","event":"----------------Processing messages: <cimpl.Message object at 0x7342d4317940>------------","logger":"unusual_prefix_05f7c68866a4b9981d661b83f7c582db0b838856_wiki_monitoring"}
{"timestamp":"2025-06-24T13:25:41.847525","level":"info","event":"-----------edit: {'title': 'Категория:Википедия:Нет страницы с августа 2023', 'user': 'Werter1995', 'is_bot': False, 'server_name': 'ru.wikipedia.org', 'timestamp': 1750758639}-------------","logger":"unusual_prefix_05f7c68866a4b9981d661b83f7c582db0b838856_wiki_monitoring"}
{"timestamp":"2025-06-24T13:25:41.849483","level":"info","event":"----------------Processing messages: <cimpl.Message object at 0x7342d43172c0>------------","logger":"unusual_prefix_05f7c68866a4b9981d661b83f7c582db0b838856_wiki_monitoring"}
{"timestamp":"2025-06-24T13:25:41.849573","level":"info","event":"-----------edit: {'title': 'User talk:Mizan0072023', 'user': 'Count Count', 'is_bot': False, 'server_name': 'en.wikipedia.org', 'timestamp': 1750758643}-------------","logger":"unusual_prefix_05f7c68866a4b9981d661b83f7c582db0b838856_wiki_monitoring"}
{"timestamp":"2025-06-24T13:25:41.851542","level":"info","event":"----------------Processing messages: <cimpl.Message object at 0x7342d4317140>------------","logger":"unusual_prefix_05f7c68866a4b9981d661b83f7c582db0b838856_wiki_monitoring"}
{"timestamp":"2025-06-24T13:25:41.851663","level":"info","event":"-----------edit: {'title': 'Категория:Википедия:Статьи со ссылками на книгу без указания страницы более 14 дней', 'user': 'Werter1995', 'is_bot': False, 'server_name': 'ru.wikipedia.org', 'timestamp': 1750758639}-------------","logger":"unusual_prefix_05f7c68866a4b9981d661b83f7c582db0b838856_wiki_monitoring"}
{"timestamp":"2025-06-24T13:25:41.853736","level":"info","event":"----------------Processing messages: <cimpl.Message object at 0x7342d4317240>------------","logger":"unusual_prefix_05f7c68866a4b9981d661b83f7c582db0b838856_wiki_monitoring"}
{"timestamp":"2025-06-24T13:25:41.853831","level":"info","event":"-----------edit: {'title': 'Q124526901', 'user': 'Chabe01', 'is_bot': False, 'server_name': 'www.wikidata.org', 'timestamp': 1750758643}-------------","logger":"unusual_prefix_05f7c68866a4b9981d661b83f7c582db0b838856_wiki_monitoring"}
{"timestamp":"2025-06-24T13:25:41.856068","level":"info","event":"----------------Processing messages: <cimpl.Message object at 0x7342d4316ec0>------------","logger":"unusual_prefix_05f7c68866a4b9981d661b83f7c582db0b838856_wiki_monitoring"}
{"timestamp":"2025-06-24T13:25:41.856183","level":"info","event":"-----------edit: {'title': 'Q80104082', 'user': 'Florentyna', 'is_bot': False, 'server_name': 'www.wikidata.org', 'timestamp': 1750758643}-------------","logger":"unusual_prefix_05f7c68866a4b9981d661b83f7c582db0b838856_wiki_monitoring"}
{"timestamp":"2025-06-24T13:25:41.858321","level":"info","event":"----------------Processing messages: <cimpl.Message object at 0x7342d43169c0>------------","logger":"unusual_prefix_05f7c68866a4b9981d661b83f7c582db0b838856_wiki_monitoring"}
{"timestamp":"2025-06-24T13:25:41.858416","level":"info","event":"-----------edit: {'title': 'Q134616489', 'user': 'Florentyna', 'is_bot': False, 'server_name': 'www.wikidata.org', 'timestamp': 1750758644}-------------","logger":"unusual_prefix_05f7c68866a4b9981d661b83f7c582db0b838856_wiki_monitoring"}
{"timestamp":"2025-06-24T13:25:41.860379","level":"info","event":"----------------Processing messages: <cimpl.Message object at 0x7342d4316e40>------------","logger":"unusual_prefix_05f7c68866a4b9981d661b83f7c582db0b838856_wiki_monitoring"}
{"timestamp":"2025-06-24T13:25:41.860467","level":"info","event":"-----------edit: {'title': 'Diego Velázquez de Cuéllar', 'user': 'Onel5969', 'is_bot': False, 'server_name': 'en.wikipedia.org', 'timestamp': 1750758641}-------------","logger":"unusual_prefix_05f7c68866a4b9981d661b83f7c582db0b838856_wiki_monitoring"}
{"timestamp":"2025-06-24T13:25:41.862351","level":"info","event":"----------------Processing messages: <cimpl.Message object at 0x7342d4315bc0>------------","logger":"unusual_prefix_05f7c68866a4b9981d661b83f7c582db0b838856_wiki_monitoring"}
{"timestamp":"2025-06-24T13:25:41.862438","level":"info","event":"-----------edit: {'title': 'Category:Invalid SVG created with Inkscape:Flags', 'user': 'Kontributor 2K', 'is_bot': False, 'server_name': 'commons.wikimedia.org', 'timestamp': 1750758641}-------------","logger":"unusual_prefix_05f7c68866a4b9981d661b83f7c582db0b838856_wiki_monitoring"}
{"timestamp":"2025-06-24T13:25:41.871414","level":"info","event":"Done. Returned value was: None","logger":"airflow.task.operators.airflow.providers.standard.operators.python.PythonOperator"}
