{"timestamp":"2025-06-24T07:58:50.052698","level":"info","event":"DAG bundles loaded: dags-folder","logger":"airflow.dag_processing.bundles.manager.DagBundlesManager"}
{"timestamp":"2025-06-24T07:58:50.053276","level":"info","event":"Filling up the DagBag from /opt/airflow/dags/wiki_monitoring.py","logger":"airflow.models.dagbag.DagBag"}
{"timestamp":"2025-06-24T07:58:50.193603","level":"info","event":"Topic wiki_edits already exists","logger":"unusual_prefix_05f7c68866a4b9981d661b83f7c582db0b838856_wiki_monitoring"}
{"timestamp":"2025-06-24T07:58:50.193680","level":"info","event":"---------------topic metadata created------------------","logger":"unusual_prefix_05f7c68866a4b9981d661b83f7c582db0b838856_wiki_monitoring"}
{"timestamp":"2025-06-24T07:58:53.360135","level":"info","event":"----------------Processing messages: <cimpl.Message object at 0x78e1ecd3ed40>------------","logger":"unusual_prefix_05f7c68866a4b9981d661b83f7c582db0b838856_wiki_monitoring"}
{"timestamp":"2025-06-24T07:58:53.360313","level":"info","event":"-----------edit: {'title': 'Category:Dutch pronunciation', 'user': 'Marcel coenders', 'is_bot': False, 'server_name': 'commons.wikimedia.org', 'timestamp': 1750749200}-------------","logger":"unusual_prefix_05f7c68866a4b9981d661b83f7c582db0b838856_wiki_monitoring"}
{"timestamp":"2025-06-24T07:58:53.367469","level":"info","event":"----------------Processing messages: <cimpl.Message object at 0x78e1ecd3f8c0>------------","logger":"unusual_prefix_05f7c68866a4b9981d661b83f7c582db0b838856_wiki_monitoring"}
{"timestamp":"2025-06-24T07:58:53.367634","level":"info","event":"-----------edit: {'title': 'Category:Male Dutch pronunciation', 'user': 'Marcel coenders', 'is_bot': False, 'server_name': 'commons.wikimedia.org', 'timestamp': 1750749200}-------------","logger":"unusual_prefix_05f7c68866a4b9981d661b83f7c582db0b838856_wiki_monitoring"}
{"timestamp":"2025-06-24T07:58:53.370851","level":"info","event":"----------------Processing messages: <cimpl.Message object at 0x78e1ecd3fc40>------------","logger":"unusual_prefix_05f7c68866a4b9981d661b83f7c582db0b838856_wiki_monitoring"}
{"timestamp":"2025-06-24T07:58:53.370974","level":"info","event":"-----------edit: {'title': 'digitiser', 'user': 'Octahedron80', 'is_bot': False, 'server_name': 'th.wiktionary.org', 'timestamp': 1750749200}-------------","logger":"unusual_prefix_05f7c68866a4b9981d661b83f7c582db0b838856_wiki_monitoring"}
{"timestamp":"2025-06-24T07:58:53.373850","level":"info","event":"----------------Processing messages: <cimpl.Message object at 0x78e1ecd7c240>------------","logger":"unusual_prefix_05f7c68866a4b9981d661b83f7c582db0b838856_wiki_monitoring"}
{"timestamp":"2025-06-24T07:58:53.373943","level":"info","event":"-----------edit: {'title': 'Википедия:К удалению/15 мая 2025', 'user': 'Arami Mira', 'is_bot': False, 'server_name': 'ru.wikipedia.org', 'timestamp': 1750749198}-------------","logger":"unusual_prefix_05f7c68866a4b9981d661b83f7c582db0b838856_wiki_monitoring"}
{"timestamp":"2025-06-24T07:58:53.376506","level":"info","event":"----------------Processing messages: <cimpl.Message object at 0x78e1ecd7c3c0>------------","logger":"unusual_prefix_05f7c68866a4b9981d661b83f7c582db0b838856_wiki_monitoring"}
{"timestamp":"2025-06-24T07:58:53.376628","level":"info","event":"-----------edit: {'title': 'File:Lanciano, cappella dei Raccomandati - Affreschi 13.jpg', 'user': 'Alicia Fagerving (WMSE)', 'is_bot': False, 'server_name': 'commons.wikimedia.org', 'timestamp': 1750749200}-------------","logger":"unusual_prefix_05f7c68866a4b9981d661b83f7c582db0b838856_wiki_monitoring"}
{"timestamp":"2025-06-24T07:58:53.379081","level":"info","event":"----------------Processing messages: <cimpl.Message object at 0x78e1ecd7c5c0>------------","logger":"unusual_prefix_05f7c68866a4b9981d661b83f7c582db0b838856_wiki_monitoring"}
{"timestamp":"2025-06-24T07:58:53.379189","level":"info","event":"-----------edit: {'title': 'Q54146028', 'user': 'EditorFX', 'is_bot': False, 'server_name': 'www.wikidata.org', 'timestamp': 1750749201}-------------","logger":"unusual_prefix_05f7c68866a4b9981d661b83f7c582db0b838856_wiki_monitoring"}
{"timestamp":"2025-06-24T07:58:53.381813","level":"info","event":"----------------Processing messages: <cimpl.Message object at 0x78e1ecd3ff40>------------","logger":"unusual_prefix_05f7c68866a4b9981d661b83f7c582db0b838856_wiki_monitoring"}
{"timestamp":"2025-06-24T07:58:53.381933","level":"info","event":"-----------edit: {'title': 'Migros (company)', 'user': 'Onomatopoeia1', 'is_bot': False, 'server_name': 'en.wikipedia.org', 'timestamp': 1750749200}-------------","logger":"unusual_prefix_05f7c68866a4b9981d661b83f7c582db0b838856_wiki_monitoring"}
{"timestamp":"2025-06-24T07:58:53.384430","level":"info","event":"----------------Processing messages: <cimpl.Message object at 0x78e1ecd3f8c0>------------","logger":"unusual_prefix_05f7c68866a4b9981d661b83f7c582db0b838856_wiki_monitoring"}
{"timestamp":"2025-06-24T07:58:53.384538","level":"info","event":"-----------edit: {'title': 'Q54146028', 'user': 'EditorFX', 'is_bot': False, 'server_name': 'www.wikidata.org', 'timestamp': 1750749201}-------------","logger":"unusual_prefix_05f7c68866a4b9981d661b83f7c582db0b838856_wiki_monitoring"}
{"timestamp":"2025-06-24T07:58:53.387358","level":"info","event":"----------------Processing messages: <cimpl.Message object at 0x78e1ecd3fbc0>------------","logger":"unusual_prefix_05f7c68866a4b9981d661b83f7c582db0b838856_wiki_monitoring"}
{"timestamp":"2025-06-24T07:58:53.387477","level":"info","event":"-----------edit: {'title': 'Seattle City Council', 'user': 'Bpuddin', 'is_bot': False, 'server_name': 'en.wikipedia.org', 'timestamp': 1750749199}-------------","logger":"unusual_prefix_05f7c68866a4b9981d661b83f7c582db0b838856_wiki_monitoring"}
{"timestamp":"2025-06-24T07:58:53.389975","level":"info","event":"----------------Processing messages: <cimpl.Message object at 0x78e1ecd7c5c0>------------","logger":"unusual_prefix_05f7c68866a4b9981d661b83f7c582db0b838856_wiki_monitoring"}
{"timestamp":"2025-06-24T07:58:53.390079","level":"info","event":"-----------edit: {'title': 'File:Duluth flag near Portland Square Park 3.jpg', 'user': 'SchlurcherBot', 'is_bot': True, 'server_name': 'commons.wikimedia.org', 'timestamp': 1750749201}-------------","logger":"unusual_prefix_05f7c68866a4b9981d661b83f7c582db0b838856_wiki_monitoring"}
{"timestamp":"2025-06-24T07:58:53.392440","level":"info","event":"----------------Processing messages: <cimpl.Message object at 0x78e1ecd7ca40>------------","logger":"unusual_prefix_05f7c68866a4b9981d661b83f7c582db0b838856_wiki_monitoring"}
{"timestamp":"2025-06-24T07:58:53.392553","level":"info","event":"-----------edit: {'title': 'Jrue Holiday', 'user': 'Jeantapir', 'is_bot': False, 'server_name': 'fr.wikipedia.org', 'timestamp': 1750749199}-------------","logger":"unusual_prefix_05f7c68866a4b9981d661b83f7c582db0b838856_wiki_monitoring"}
{"timestamp":"2025-06-24T07:58:53.395173","level":"info","event":"----------------Processing messages: <cimpl.Message object at 0x78e1ecd7c440>------------","logger":"unusual_prefix_05f7c68866a4b9981d661b83f7c582db0b838856_wiki_monitoring"}
{"timestamp":"2025-06-24T07:58:53.395299","level":"info","event":"-----------edit: {'title': 'Elisabeth von Dänemark, Norwegen und Schweden', 'user': 'Max-78', 'is_bot': False, 'server_name': 'de.wikipedia.org', 'timestamp': 1750749201}-------------","logger":"unusual_prefix_05f7c68866a4b9981d661b83f7c582db0b838856_wiki_monitoring"}
{"timestamp":"2025-06-24T07:58:53.397732","level":"info","event":"----------------Processing messages: <cimpl.Message object at 0x78e1ecd7c040>------------","logger":"unusual_prefix_05f7c68866a4b9981d661b83f7c582db0b838856_wiki_monitoring"}
{"timestamp":"2025-06-24T07:58:53.397842","level":"info","event":"-----------edit: {'title': 'Page:སྙན་བརྒྱུད་ཁྲིད་ཆེན་བཅུ་གསུམ་གྱི་སྐོར། པོད་དགུ་བ།.pdf/493', 'user': 'Ganga4364', 'is_bot': False, 'server_name': 'wikisource.org', 'timestamp': 1750749201}-------------","logger":"unusual_prefix_05f7c68866a4b9981d661b83f7c582db0b838856_wiki_monitoring"}
{"timestamp":"2025-06-24T07:58:53.400267","level":"info","event":"----------------Processing messages: <cimpl.Message object at 0x78e1ecd7cbc0>------------","logger":"unusual_prefix_05f7c68866a4b9981d661b83f7c582db0b838856_wiki_monitoring"}
{"timestamp":"2025-06-24T07:58:53.400384","level":"info","event":"-----------edit: {'title': 'File:Photographs taken with a new Nikon F2 camera in Bangor (1516402).jpg', 'user': 'SchlurcherBot', 'is_bot': True, 'server_name': 'commons.wikimedia.org', 'timestamp': 1750749200}-------------","logger":"unusual_prefix_05f7c68866a4b9981d661b83f7c582db0b838856_wiki_monitoring"}
{"timestamp":"2025-06-24T07:58:53.402937","level":"info","event":"----------------Processing messages: <cimpl.Message object at 0x78e1ecd7ce40>------------","logger":"unusual_prefix_05f7c68866a4b9981d661b83f7c582db0b838856_wiki_monitoring"}
{"timestamp":"2025-06-24T07:58:53.403050","level":"info","event":"-----------edit: {'title': 'Q21244841', 'user': 'Kbseah', 'is_bot': False, 'server_name': 'www.wikidata.org', 'timestamp': 1750749201}-------------","logger":"unusual_prefix_05f7c68866a4b9981d661b83f7c582db0b838856_wiki_monitoring"}
{"timestamp":"2025-06-24T07:58:53.405565","level":"info","event":"----------------Processing messages: <cimpl.Message object at 0x78e1ecd7cfc0>------------","logger":"unusual_prefix_05f7c68866a4b9981d661b83f7c582db0b838856_wiki_monitoring"}
{"timestamp":"2025-06-24T07:58:53.405691","level":"info","event":"-----------edit: {'title': 'Nam Dương', 'user': 'Lou.v1012', 'is_bot': False, 'server_name': 'vi.wikipedia.org', 'timestamp': 1750749202}-------------","logger":"unusual_prefix_05f7c68866a4b9981d661b83f7c582db0b838856_wiki_monitoring"}
{"timestamp":"2025-06-24T07:58:53.408290","level":"info","event":"----------------Processing messages: <cimpl.Message object at 0x78e1ecd7d3c0>------------","logger":"unusual_prefix_05f7c68866a4b9981d661b83f7c582db0b838856_wiki_monitoring"}
{"timestamp":"2025-06-24T07:58:53.408402","level":"info","event":"-----------edit: {'title': 'File:FêteMusiqueGenève2025-074.jpg', 'user': 'MHM55', 'is_bot': False, 'server_name': 'commons.wikimedia.org', 'timestamp': 1750749201}-------------","logger":"unusual_prefix_05f7c68866a4b9981d661b83f7c582db0b838856_wiki_monitoring"}
{"timestamp":"2025-06-24T07:58:53.410633","level":"info","event":"----------------Processing messages: <cimpl.Message object at 0x78e1ecd7d640>------------","logger":"unusual_prefix_05f7c68866a4b9981d661b83f7c582db0b838856_wiki_monitoring"}
{"timestamp":"2025-06-24T07:58:53.410732","level":"info","event":"-----------edit: {'title': 'Q65554605', 'user': 'Florentyna', 'is_bot': False, 'server_name': 'www.wikidata.org', 'timestamp': 1750749202}-------------","logger":"unusual_prefix_05f7c68866a4b9981d661b83f7c582db0b838856_wiki_monitoring"}
{"timestamp":"2025-06-24T07:58:53.413427","level":"info","event":"----------------Processing messages: <cimpl.Message object at 0x78e1ecd7d3c0>------------","logger":"unusual_prefix_05f7c68866a4b9981d661b83f7c582db0b838856_wiki_monitoring"}
{"timestamp":"2025-06-24T07:58:53.413540","level":"info","event":"-----------edit: {'title': 'Nam Dương', 'user': 'Lou.v1012', 'is_bot': False, 'server_name': 'vi.wikipedia.org', 'timestamp': 1750749200}-------------","logger":"unusual_prefix_05f7c68866a4b9981d661b83f7c582db0b838856_wiki_monitoring"}
{"timestamp":"2025-06-24T07:58:53.416187","level":"info","event":"----------------Processing messages: <cimpl.Message object at 0x78e1ecd3ff40>------------","logger":"unusual_prefix_05f7c68866a4b9981d661b83f7c582db0b838856_wiki_monitoring"}
{"timestamp":"2025-06-24T07:58:53.416304","level":"info","event":"-----------edit: {'title': 'Patriots.eu', 'user': 'Julius Schwarz', 'is_bot': False, 'server_name': 'en.wikipedia.org', 'timestamp': 1750749196}-------------","logger":"unusual_prefix_05f7c68866a4b9981d661b83f7c582db0b838856_wiki_monitoring"}
{"timestamp":"2025-06-24T07:58:53.419175","level":"info","event":"----------------Processing messages: <cimpl.Message object at 0x78e1ecd3f0c0>------------","logger":"unusual_prefix_05f7c68866a4b9981d661b83f7c582db0b838856_wiki_monitoring"}
{"timestamp":"2025-06-24T07:58:53.419317","level":"info","event":"-----------edit: {'title': 'File:OJ C 42 of 2018 - BG Bulgarian.pdf', 'user': 'EUResourcesBot', 'is_bot': True, 'server_name': 'commons.wikimedia.org', 'timestamp': 1750749200}-------------","logger":"unusual_prefix_05f7c68866a4b9981d661b83f7c582db0b838856_wiki_monitoring"}
{"timestamp":"2025-06-24T07:58:53.422100","level":"info","event":"----------------Processing messages: <cimpl.Message object at 0x78e1ecd3f840>------------","logger":"unusual_prefix_05f7c68866a4b9981d661b83f7c582db0b838856_wiki_monitoring"}
{"timestamp":"2025-06-24T07:58:53.422219","level":"info","event":"-----------edit: {'title': 'หมวดหมู่:ศัพท์ภาษาอังกฤษที่เติมปัจจัย -er (agent noun)', 'user': 'Octahedron80', 'is_bot': False, 'server_name': 'th.wiktionary.org', 'timestamp': 1750749200}-------------","logger":"unusual_prefix_05f7c68866a4b9981d661b83f7c582db0b838856_wiki_monitoring"}
{"timestamp":"2025-06-24T07:58:53.424643","level":"info","event":"----------------Processing messages: <cimpl.Message object at 0x78e1ecd3fdc0>------------","logger":"unusual_prefix_05f7c68866a4b9981d661b83f7c582db0b838856_wiki_monitoring"}
{"timestamp":"2025-06-24T07:58:53.424752","level":"info","event":"-----------edit: {'title': 'หมวดหมู่:คำหลักภาษาอังกฤษ', 'user': 'Octahedron80', 'is_bot': False, 'server_name': 'th.wiktionary.org', 'timestamp': 1750749200}-------------","logger":"unusual_prefix_05f7c68866a4b9981d661b83f7c582db0b838856_wiki_monitoring"}
{"timestamp":"2025-06-24T07:58:53.427022","level":"info","event":"----------------Processing messages: <cimpl.Message object at 0x78e1ecd7d6c0>------------","logger":"unusual_prefix_05f7c68866a4b9981d661b83f7c582db0b838856_wiki_monitoring"}
{"timestamp":"2025-06-24T07:58:53.427122","level":"info","event":"-----------edit: {'title': 'Category:Files from Gallica', 'user': 'Gzen92Bot', 'is_bot': True, 'server_name': 'commons.wikimedia.org', 'timestamp': 1750749199}-------------","logger":"unusual_prefix_05f7c68866a4b9981d661b83f7c582db0b838856_wiki_monitoring"}
{"timestamp":"2025-06-24T07:58:53.429290","level":"info","event":"----------------Processing messages: <cimpl.Message object at 0x78e1ecd7d140>------------","logger":"unusual_prefix_05f7c68866a4b9981d661b83f7c582db0b838856_wiki_monitoring"}
{"timestamp":"2025-06-24T07:58:53.429390","level":"info","event":"-----------edit: {'title': 'icecap', 'user': 'WingerBot', 'is_bot': True, 'server_name': 'en.wiktionary.org', 'timestamp': 1750749201}-------------","logger":"unusual_prefix_05f7c68866a4b9981d661b83f7c582db0b838856_wiki_monitoring"}
{"timestamp":"2025-06-24T07:58:53.431557","level":"info","event":"----------------Processing messages: <cimpl.Message object at 0x78e1ecd7c040>------------","logger":"unusual_prefix_05f7c68866a4b9981d661b83f7c582db0b838856_wiki_monitoring"}
{"timestamp":"2025-06-24T07:58:53.431662","level":"info","event":"-----------edit: {'title': 'Category:Artworks without Wikidata item', 'user': 'Gzen92Bot', 'is_bot': True, 'server_name': 'commons.wikimedia.org', 'timestamp': 1750749199}-------------","logger":"unusual_prefix_05f7c68866a4b9981d661b83f7c582db0b838856_wiki_monitoring"}
{"timestamp":"2025-06-24T07:58:53.434164","level":"info","event":"----------------Processing messages: <cimpl.Message object at 0x78e1ecd7d040>------------","logger":"unusual_prefix_05f7c68866a4b9981d661b83f7c582db0b838856_wiki_monitoring"}
{"timestamp":"2025-06-24T07:58:53.434267","level":"info","event":"-----------edit: {'title': 'Canyelles', 'user': 'InternetArchiveBot', 'is_bot': True, 'server_name': 'gl.wikipedia.org', 'timestamp': 1750749199}-------------","logger":"unusual_prefix_05f7c68866a4b9981d661b83f7c582db0b838856_wiki_monitoring"}
{"timestamp":"2025-06-24T07:58:53.436777","level":"info","event":"----------------Processing messages: <cimpl.Message object at 0x78e1ecd7d2c0>------------","logger":"unusual_prefix_05f7c68866a4b9981d661b83f7c582db0b838856_wiki_monitoring"}
{"timestamp":"2025-06-24T07:58:53.436896","level":"info","event":"-----------edit: {'title': 'หมวดหมู่:คำนามภาษาอังกฤษ', 'user': 'Octahedron80', 'is_bot': False, 'server_name': 'th.wiktionary.org', 'timestamp': 1750749200}-------------","logger":"unusual_prefix_05f7c68866a4b9981d661b83f7c582db0b838856_wiki_monitoring"}
{"timestamp":"2025-06-24T07:58:53.439120","level":"info","event":"----------------Processing messages: <cimpl.Message object at 0x78e1ecd7cc40>------------","logger":"unusual_prefix_05f7c68866a4b9981d661b83f7c582db0b838856_wiki_monitoring"}
{"timestamp":"2025-06-24T07:58:53.439219","level":"info","event":"-----------edit: {'title': 'Category:PD France', 'user': 'Gzen92Bot', 'is_bot': True, 'server_name': 'commons.wikimedia.org', 'timestamp': 1750749199}-------------","logger":"unusual_prefix_05f7c68866a4b9981d661b83f7c582db0b838856_wiki_monitoring"}
{"timestamp":"2025-06-24T07:58:53.441196","level":"info","event":"----------------Processing messages: <cimpl.Message object at 0x78e1ecd7c140>------------","logger":"unusual_prefix_05f7c68866a4b9981d661b83f7c582db0b838856_wiki_monitoring"}
{"timestamp":"2025-06-24T07:58:53.441281","level":"info","event":"-----------edit: {'title': 'Q65927497', 'user': 'Florentyna', 'is_bot': False, 'server_name': 'www.wikidata.org', 'timestamp': 1750749202}-------------","logger":"unusual_prefix_05f7c68866a4b9981d661b83f7c582db0b838856_wiki_monitoring"}
{"timestamp":"2025-06-24T07:58:53.443244","level":"info","event":"----------------Processing messages: <cimpl.Message object at 0x78e1ecd7c2c0>------------","logger":"unusual_prefix_05f7c68866a4b9981d661b83f7c582db0b838856_wiki_monitoring"}
{"timestamp":"2025-06-24T07:58:53.443337","level":"info","event":"-----------edit: {'title': 'Category:PD-old missing SDC copyright status', 'user': 'Gzen92Bot', 'is_bot': True, 'server_name': 'commons.wikimedia.org', 'timestamp': 1750749199}-------------","logger":"unusual_prefix_05f7c68866a4b9981d661b83f7c582db0b838856_wiki_monitoring"}
{"timestamp":"2025-06-24T07:58:53.445441","level":"info","event":"----------------Processing messages: <cimpl.Message object at 0x78e1ecd7c540>------------","logger":"unusual_prefix_05f7c68866a4b9981d661b83f7c582db0b838856_wiki_monitoring"}
{"timestamp":"2025-06-24T07:58:53.445545","level":"info","event":"-----------edit: {'title': 'หมวดหมู่:คำนามนับได้ภาษาอังกฤษ', 'user': 'Octahedron80', 'is_bot': False, 'server_name': 'th.wiktionary.org', 'timestamp': 1750749200}-------------","logger":"unusual_prefix_05f7c68866a4b9981d661b83f7c582db0b838856_wiki_monitoring"}
{"timestamp":"2025-06-24T07:58:53.447992","level":"info","event":"----------------Processing messages: <cimpl.Message object at 0x78e1ecd3f840>------------","logger":"unusual_prefix_05f7c68866a4b9981d661b83f7c582db0b838856_wiki_monitoring"}
{"timestamp":"2025-06-24T07:58:53.448095","level":"info","event":"-----------edit: {'title': 'Category:CC-PD-Mark', 'user': 'Gzen92Bot', 'is_bot': True, 'server_name': 'commons.wikimedia.org', 'timestamp': 1750749199}-------------","logger":"unusual_prefix_05f7c68866a4b9981d661b83f7c582db0b838856_wiki_monitoring"}
{"timestamp":"2025-06-24T07:58:53.450161","level":"info","event":"----------------Processing messages: <cimpl.Message object at 0x78e1ecd3fd40>------------","logger":"unusual_prefix_05f7c68866a4b9981d661b83f7c582db0b838856_wiki_monitoring"}
{"timestamp":"2025-06-24T07:58:53.450262","level":"info","event":"-----------edit: {'title': 'หมวดหมู่:หน้าที่มีรายการ', 'user': 'Octahedron80', 'is_bot': False, 'server_name': 'th.wiktionary.org', 'timestamp': 1750749200}-------------","logger":"unusual_prefix_05f7c68866a4b9981d661b83f7c582db0b838856_wiki_monitoring"}
{"timestamp":"2025-06-24T07:58:53.452475","level":"info","event":"----------------Processing messages: <cimpl.Message object at 0x78e1ecd3fa40>------------","logger":"unusual_prefix_05f7c68866a4b9981d661b83f7c582db0b838856_wiki_monitoring"}
{"timestamp":"2025-06-24T07:58:53.452575","level":"info","event":"-----------edit: {'title': 'Category:PD-old-100-expired', 'user': 'Gzen92Bot', 'is_bot': True, 'server_name': 'commons.wikimedia.org', 'timestamp': 1750749199}-------------","logger":"unusual_prefix_05f7c68866a4b9981d661b83f7c582db0b838856_wiki_monitoring"}
{"timestamp":"2025-06-24T07:58:53.454790","level":"info","event":"----------------Processing messages: <cimpl.Message object at 0x78e1ecd3f4c0>------------","logger":"unusual_prefix_05f7c68866a4b9981d661b83f7c582db0b838856_wiki_monitoring"}
{"timestamp":"2025-06-24T07:58:53.454888","level":"info","event":"-----------edit: {'title': 'Projet:Jeu vidéo/Fichiers récents', 'user': 'OrlodrimBot', 'is_bot': True, 'server_name': 'fr.wikipedia.org', 'timestamp': 1750749201}-------------","logger":"unusual_prefix_05f7c68866a4b9981d661b83f7c582db0b838856_wiki_monitoring"}
{"timestamp":"2025-06-24T07:58:53.457187","level":"info","event":"----------------Processing messages: <cimpl.Message object at 0x78e1ecd7d740>------------","logger":"unusual_prefix_05f7c68866a4b9981d661b83f7c582db0b838856_wiki_monitoring"}
{"timestamp":"2025-06-24T07:58:53.457295","level":"info","event":"-----------edit: {'title': 'גלי בהרב-מיארה', 'user': 'Gabi S.', 'is_bot': False, 'server_name': 'he.wikipedia.org', 'timestamp': 1750749199}-------------","logger":"unusual_prefix_05f7c68866a4b9981d661b83f7c582db0b838856_wiki_monitoring"}
{"timestamp":"2025-06-24T07:58:53.459891","level":"info","event":"----------------Processing messages: <cimpl.Message object at 0x78e1ecd7cc40>------------","logger":"unusual_prefix_05f7c68866a4b9981d661b83f7c582db0b838856_wiki_monitoring"}
{"timestamp":"2025-06-24T07:58:53.460011","level":"info","event":"-----------edit: {'title': 'User:Dr. Firoz Mahmood Iqbal/sandbox', 'user': 'Dr. Firoz Mahmood Iqbal', 'is_bot': False, 'server_name': 'en.wikipedia.org', 'timestamp': 1750749201}-------------","logger":"unusual_prefix_05f7c68866a4b9981d661b83f7c582db0b838856_wiki_monitoring"}
{"timestamp":"2025-06-24T07:58:53.463081","level":"info","event":"----------------Processing messages: <cimpl.Message object at 0x78e1ecd7c440>------------","logger":"unusual_prefix_05f7c68866a4b9981d661b83f7c582db0b838856_wiki_monitoring"}
{"timestamp":"2025-06-24T07:58:53.463216","level":"info","event":"-----------edit: {'title': 'หมวดหมู่:หน้าที่มี 1 รายการ', 'user': 'Octahedron80', 'is_bot': False, 'server_name': 'th.wiktionary.org', 'timestamp': 1750749200}-------------","logger":"unusual_prefix_05f7c68866a4b9981d661b83f7c582db0b838856_wiki_monitoring"}
{"timestamp":"2025-06-24T07:58:53.466393","level":"info","event":"----------------Processing messages: <cimpl.Message object at 0x78e1ecd7c0c0>------------","logger":"unusual_prefix_05f7c68866a4b9981d661b83f7c582db0b838856_wiki_monitoring"}
{"timestamp":"2025-06-24T07:58:53.466587","level":"info","event":"-----------edit: {'title': 'Q132087086', 'user': 'Ehrlich91', 'is_bot': False, 'server_name': 'www.wikidata.org', 'timestamp': 1750749202}-------------","logger":"unusual_prefix_05f7c68866a4b9981d661b83f7c582db0b838856_wiki_monitoring"}
{"timestamp":"2025-06-24T07:58:53.468987","level":"info","event":"----------------Processing messages: <cimpl.Message object at 0x78e1ecd7cbc0>------------","logger":"unusual_prefix_05f7c68866a4b9981d661b83f7c582db0b838856_wiki_monitoring"}
{"timestamp":"2025-06-24T07:58:53.469089","level":"info","event":"-----------edit: {'title': 'Category:PD US expired', 'user': 'Gzen92Bot', 'is_bot': True, 'server_name': 'commons.wikimedia.org', 'timestamp': 1750749199}-------------","logger":"unusual_prefix_05f7c68866a4b9981d661b83f7c582db0b838856_wiki_monitoring"}
{"timestamp":"2025-06-24T07:58:53.471678","level":"info","event":"----------------Processing messages: <cimpl.Message object at 0x78e1ecd7cf40>------------","logger":"unusual_prefix_05f7c68866a4b9981d661b83f7c582db0b838856_wiki_monitoring"}
{"timestamp":"2025-06-24T07:58:53.471789","level":"info","event":"-----------edit: {'title': 'Category:PD-US missing SDC copyright status', 'user': 'Gzen92Bot', 'is_bot': True, 'server_name': 'commons.wikimedia.org', 'timestamp': 1750749199}-------------","logger":"unusual_prefix_05f7c68866a4b9981d661b83f7c582db0b838856_wiki_monitoring"}
{"timestamp":"2025-06-24T07:58:53.474605","level":"info","event":"----------------Processing messages: <cimpl.Message object at 0x78e1ecd7d0c0>------------","logger":"unusual_prefix_05f7c68866a4b9981d661b83f7c582db0b838856_wiki_monitoring"}
{"timestamp":"2025-06-24T07:58:53.474725","level":"info","event":"-----------edit: {'title': 'Category:Sheet music from Gallica (Bibliothèque nationale de France) uploaded by Gzen92Bot', 'user': 'Gzen92Bot', 'is_bot': True, 'server_name': 'commons.wikimedia.org', 'timestamp': 1750749199}-------------","logger":"unusual_prefix_05f7c68866a4b9981d661b83f7c582db0b838856_wiki_monitoring"}
{"timestamp":"2025-06-24T07:58:53.477941","level":"info","event":"----------------Processing messages: <cimpl.Message object at 0x78e1ecd7d5c0>------------","logger":"unusual_prefix_05f7c68866a4b9981d661b83f7c582db0b838856_wiki_monitoring"}
{"timestamp":"2025-06-24T07:58:53.478079","level":"info","event":"-----------edit: {'title': 'Category:Ballo Faust par Mr Pierot - sic ! - Violon répétiteur - btv1b10876497g', 'user': 'Gzen92Bot', 'is_bot': True, 'server_name': 'commons.wikimedia.org', 'timestamp': 1750749199}-------------","logger":"unusual_prefix_05f7c68866a4b9981d661b83f7c582db0b838856_wiki_monitoring"}
{"timestamp":"2025-06-24T07:58:53.480523","level":"info","event":"----------------Processing messages: <cimpl.Message object at 0x78e1ecd7d640>------------","logger":"unusual_prefix_05f7c68866a4b9981d661b83f7c582db0b838856_wiki_monitoring"}
{"timestamp":"2025-06-24T07:58:53.480631","level":"info","event":"-----------edit: {'title': 'File:FêteMusiqueGenève2025-074.jpg', 'user': 'MHM55', 'is_bot': False, 'server_name': 'commons.wikimedia.org', 'timestamp': 1750749202}-------------","logger":"unusual_prefix_05f7c68866a4b9981d661b83f7c582db0b838856_wiki_monitoring"}
{"timestamp":"2025-06-24T07:58:53.482917","level":"info","event":"----------------Processing messages: <cimpl.Message object at 0x78e1ecd3fa40>------------","logger":"unusual_prefix_05f7c68866a4b9981d661b83f7c582db0b838856_wiki_monitoring"}
{"timestamp":"2025-06-24T07:58:53.483024","level":"info","event":"-----------edit: {'title': 'נמל התעופה טוראיף', 'user': 'Omri.kotok', 'is_bot': False, 'server_name': 'he.wikipedia.org', 'timestamp': 1750749201}-------------","logger":"unusual_prefix_05f7c68866a4b9981d661b83f7c582db0b838856_wiki_monitoring"}
{"timestamp":"2025-06-24T07:58:53.485301","level":"info","event":"----------------Processing messages: <cimpl.Message object at 0x78e1ecd3f440>------------","logger":"unusual_prefix_05f7c68866a4b9981d661b83f7c582db0b838856_wiki_monitoring"}
{"timestamp":"2025-06-24T07:58:53.485403","level":"info","event":"-----------edit: {'title': 'Q54146028', 'user': 'EditorFX', 'is_bot': False, 'server_name': 'www.wikidata.org', 'timestamp': 1750749203}-------------","logger":"unusual_prefix_05f7c68866a4b9981d661b83f7c582db0b838856_wiki_monitoring"}
{"timestamp":"2025-06-24T07:58:53.487521","level":"info","event":"----------------Processing messages: <cimpl.Message object at 0x78e1ecd3f0c0>------------","logger":"unusual_prefix_05f7c68866a4b9981d661b83f7c582db0b838856_wiki_monitoring"}
{"timestamp":"2025-06-24T07:58:53.487617","level":"info","event":"-----------edit: {'title': 'Catégorie:Unité militaire française des guerres de la Révolution française', 'user': 'Jihaim', 'is_bot': False, 'server_name': 'fr.wikipedia.org', 'timestamp': 1750749194}-------------","logger":"unusual_prefix_05f7c68866a4b9981d661b83f7c582db0b838856_wiki_monitoring"}
{"timestamp":"2025-06-24T07:58:53.489619","level":"info","event":"----------------Processing messages: <cimpl.Message object at 0x78e1ecd3fe40>------------","logger":"unusual_prefix_05f7c68866a4b9981d661b83f7c582db0b838856_wiki_monitoring"}
{"timestamp":"2025-06-24T07:58:53.489711","level":"info","event":"-----------edit: {'title': 'Catégorie:Unité militaire française de la Seconde Guerre mondiale', 'user': 'Jihaim', 'is_bot': False, 'server_name': 'fr.wikipedia.org', 'timestamp': 1750749194}-------------","logger":"unusual_prefix_05f7c68866a4b9981d661b83f7c582db0b838856_wiki_monitoring"}
{"timestamp":"2025-06-24T07:58:53.491703","level":"info","event":"----------------Processing messages: <cimpl.Message object at 0x78e1ecd7d640>------------","logger":"unusual_prefix_05f7c68866a4b9981d661b83f7c582db0b838856_wiki_monitoring"}
{"timestamp":"2025-06-24T07:58:53.491803","level":"info","event":"-----------edit: {'title': 'تصنيف:أماكن كانت مأهولة في السعودية', 'user': 'Mr.Ibrahembot', 'is_bot': True, 'server_name': 'ar.wikipedia.org', 'timestamp': 1750749197}-------------","logger":"unusual_prefix_05f7c68866a4b9981d661b83f7c582db0b838856_wiki_monitoring"}
{"timestamp":"2025-06-24T07:58:53.493939","level":"info","event":"----------------Processing messages: <cimpl.Message object at 0x78e1ecd7d840>------------","logger":"unusual_prefix_05f7c68866a4b9981d661b83f7c582db0b838856_wiki_monitoring"}
{"timestamp":"2025-06-24T07:58:53.494047","level":"info","event":"-----------edit: {'title': 'Category:Creative Commons Attribution-Share Alike missing SDC copyright status', 'user': 'MHM55', 'is_bot': False, 'server_name': 'commons.wikimedia.org', 'timestamp': 1750749201}-------------","logger":"unusual_prefix_05f7c68866a4b9981d661b83f7c582db0b838856_wiki_monitoring"}
{"timestamp":"2025-06-24T07:58:53.496483","level":"info","event":"----------------Processing messages: <cimpl.Message object at 0x78e1ecd7d6c0>------------","logger":"unusual_prefix_05f7c68866a4b9981d661b83f7c582db0b838856_wiki_monitoring"}
{"timestamp":"2025-06-24T07:58:53.496590","level":"info","event":"-----------edit: {'title': 'Annika Åhnberg', 'user': 'Kitayama', 'is_bot': False, 'server_name': 'sv.wikipedia.org', 'timestamp': 1750749202}-------------","logger":"unusual_prefix_05f7c68866a4b9981d661b83f7c582db0b838856_wiki_monitoring"}
{"timestamp":"2025-06-24T07:58:53.498656","level":"info","event":"----------------Processing messages: <cimpl.Message object at 0x78e1ecd7d1c0>------------","logger":"unusual_prefix_05f7c68866a4b9981d661b83f7c582db0b838856_wiki_monitoring"}
{"timestamp":"2025-06-24T07:58:53.498752","level":"info","event":"-----------edit: {'title': 'Category:CC-BY-SA-4.0', 'user': 'MHM55', 'is_bot': False, 'server_name': 'commons.wikimedia.org', 'timestamp': 1750749201}-------------","logger":"unusual_prefix_05f7c68866a4b9981d661b83f7c582db0b838856_wiki_monitoring"}
{"timestamp":"2025-06-24T07:58:53.501558","level":"info","event":"----------------Processing messages: <cimpl.Message object at 0x78e1ecd7ccc0>------------","logger":"unusual_prefix_05f7c68866a4b9981d661b83f7c582db0b838856_wiki_monitoring"}
{"timestamp":"2025-06-24T07:58:53.501690","level":"info","event":"-----------edit: {'title': 'تصنيف:صفحات تستخدم امتداد JsonConfig', 'user': 'Mr.Ibrahembot', 'is_bot': True, 'server_name': 'ar.wikipedia.org', 'timestamp': 1750749197}-------------","logger":"unusual_prefix_05f7c68866a4b9981d661b83f7c582db0b838856_wiki_monitoring"}
{"timestamp":"2025-06-24T07:58:53.504499","level":"info","event":"----------------Processing messages: <cimpl.Message object at 0x78e1ecd7c440>------------","logger":"unusual_prefix_05f7c68866a4b9981d661b83f7c582db0b838856_wiki_monitoring"}
{"timestamp":"2025-06-24T07:58:53.504609","level":"info","event":"-----------edit: {'title': 'Category:Creative Commons Attribution-Share Alike 4.0 missing SDC copyright license', 'user': 'MHM55', 'is_bot': False, 'server_name': 'commons.wikimedia.org', 'timestamp': 1750749201}-------------","logger":"unusual_prefix_05f7c68866a4b9981d661b83f7c582db0b838856_wiki_monitoring"}
{"timestamp":"2025-06-24T07:58:53.506966","level":"info","event":"----------------Processing messages: <cimpl.Message object at 0x78e1ecd7d040>------------","logger":"unusual_prefix_05f7c68866a4b9981d661b83f7c582db0b838856_wiki_monitoring"}
{"timestamp":"2025-06-24T07:58:53.507076","level":"info","event":"-----------edit: {'title': 'William Penny Brookes', 'user': 'Cloptonson', 'is_bot': False, 'server_name': 'en.wikipedia.org', 'timestamp': 1750749201}-------------","logger":"unusual_prefix_05f7c68866a4b9981d661b83f7c582db0b838856_wiki_monitoring"}
{"timestamp":"2025-06-24T07:58:53.509573","level":"info","event":"----------------Processing messages: <cimpl.Message object at 0x78e1ecd7c6c0>------------","logger":"unusual_prefix_05f7c68866a4b9981d661b83f7c582db0b838856_wiki_monitoring"}
{"timestamp":"2025-06-24T07:58:53.509681","level":"info","event":"-----------edit: {'title': 'Category:Self-published work', 'user': 'MHM55', 'is_bot': False, 'server_name': 'commons.wikimedia.org', 'timestamp': 1750749201}-------------","logger":"unusual_prefix_05f7c68866a4b9981d661b83f7c582db0b838856_wiki_monitoring"}
{"timestamp":"2025-06-24T07:58:53.512079","level":"info","event":"----------------Processing messages: <cimpl.Message object at 0x78e1ecd7c7c0>------------","logger":"unusual_prefix_05f7c68866a4b9981d661b83f7c582db0b838856_wiki_monitoring"}
{"timestamp":"2025-06-24T07:58:53.512187","level":"info","event":"-----------edit: {'title': 'File:OJ C 42 of 2018 - BG Bulgarian.pdf', 'user': 'EUResourcesBot', 'is_bot': True, 'server_name': 'commons.wikimedia.org', 'timestamp': 1750749202}-------------","logger":"unusual_prefix_05f7c68866a4b9981d661b83f7c582db0b838856_wiki_monitoring"}
{"timestamp":"2025-06-24T07:58:53.514558","level":"info","event":"----------------Processing messages: <cimpl.Message object at 0x78e1ecd3f440>------------","logger":"unusual_prefix_05f7c68866a4b9981d661b83f7c582db0b838856_wiki_monitoring"}
{"timestamp":"2025-06-24T07:58:53.514659","level":"info","event":"-----------edit: {'title': 'File:Amanita pantherina collection 2.jpg', 'user': 'TyranCometh', 'is_bot': False, 'server_name': 'commons.wikimedia.org', 'timestamp': 1750749202}-------------","logger":"unusual_prefix_05f7c68866a4b9981d661b83f7c582db0b838856_wiki_monitoring"}
{"timestamp":"2025-06-24T07:58:53.516807","level":"info","event":"----------------Processing messages: <cimpl.Message object at 0x78e1ecd3ff40>------------","logger":"unusual_prefix_05f7c68866a4b9981d661b83f7c582db0b838856_wiki_monitoring"}
{"timestamp":"2025-06-24T07:58:53.516903","level":"info","event":"-----------edit: {'title': 'Category:Self-published work missing SDC copyright license', 'user': 'MHM55', 'is_bot': False, 'server_name': 'commons.wikimedia.org', 'timestamp': 1750749201}-------------","logger":"unusual_prefix_05f7c68866a4b9981d661b83f7c582db0b838856_wiki_monitoring"}
{"timestamp":"2025-06-24T07:58:53.519194","level":"info","event":"----------------Processing messages: <cimpl.Message object at 0x78e1ecd3fec0>------------","logger":"unusual_prefix_05f7c68866a4b9981d661b83f7c582db0b838856_wiki_monitoring"}
{"timestamp":"2025-06-24T07:58:53.519295","level":"info","event":"-----------edit: {'title': 'Q54146028', 'user': 'EditorFX', 'is_bot': False, 'server_name': 'www.wikidata.org', 'timestamp': 1750749202}-------------","logger":"unusual_prefix_05f7c68866a4b9981d661b83f7c582db0b838856_wiki_monitoring"}
{"timestamp":"2025-06-24T07:58:53.521637","level":"info","event":"----------------Processing messages: <cimpl.Message object at 0x78e1ecd3f4c0>------------","logger":"unusual_prefix_05f7c68866a4b9981d661b83f7c582db0b838856_wiki_monitoring"}
{"timestamp":"2025-06-24T07:58:53.521748","level":"info","event":"-----------edit: {'title': 'Category:Fête de la musique 2025 à Genève', 'user': 'MHM55', 'is_bot': False, 'server_name': 'commons.wikimedia.org', 'timestamp': 1750749201}-------------","logger":"unusual_prefix_05f7c68866a4b9981d661b83f7c582db0b838856_wiki_monitoring"}
{"timestamp":"2025-06-24T07:58:53.524056","level":"info","event":"----------------Processing messages: <cimpl.Message object at 0x78e1ecd7c7c0>------------","logger":"unusual_prefix_05f7c68866a4b9981d661b83f7c582db0b838856_wiki_monitoring"}
{"timestamp":"2025-06-24T07:58:53.524155","level":"info","event":"-----------edit: {'title': 'Category:Promenade du Pin (Geneva)', 'user': 'MHM55', 'is_bot': False, 'server_name': 'commons.wikimedia.org', 'timestamp': 1750749201}-------------","logger":"unusual_prefix_05f7c68866a4b9981d661b83f7c582db0b838856_wiki_monitoring"}
{"timestamp":"2025-06-24T07:58:53.526642","level":"info","event":"----------------Processing messages: <cimpl.Message object at 0x78e1ecd7c6c0>------------","logger":"unusual_prefix_05f7c68866a4b9981d661b83f7c582db0b838856_wiki_monitoring"}
{"timestamp":"2025-06-24T07:58:53.526746","level":"info","event":"-----------edit: {'title': 'Q3726007', 'user': 'Danielyepezgarces', 'is_bot': False, 'server_name': 'www.wikidata.org', 'timestamp': 1750749202}-------------","logger":"unusual_prefix_05f7c68866a4b9981d661b83f7c582db0b838856_wiki_monitoring"}
{"timestamp":"2025-06-24T07:58:53.528903","level":"info","event":"----------------Processing messages: <cimpl.Message object at 0x78e1ecd7c340>------------","logger":"unusual_prefix_05f7c68866a4b9981d661b83f7c582db0b838856_wiki_monitoring"}
{"timestamp":"2025-06-24T07:58:53.529001","level":"info","event":"-----------edit: {'title': 'Category:Files with broken file links', 'user': 'EUResourcesBot', 'is_bot': True, 'server_name': 'commons.wikimedia.org', 'timestamp': 1750749200}-------------","logger":"unusual_prefix_05f7c68866a4b9981d661b83f7c582db0b838856_wiki_monitoring"}
{"timestamp":"2025-06-24T07:58:53.530974","level":"info","event":"----------------Processing messages: <cimpl.Message object at 0x78e1ecd7cac0>------------","logger":"unusual_prefix_05f7c68866a4b9981d661b83f7c582db0b838856_wiki_monitoring"}
{"timestamp":"2025-06-24T07:58:53.531073","level":"info","event":"-----------edit: {'title': 'Category:2018 texts', 'user': 'EUResourcesBot', 'is_bot': True, 'server_name': 'commons.wikimedia.org', 'timestamp': 1750749200}-------------","logger":"unusual_prefix_05f7c68866a4b9981d661b83f7c582db0b838856_wiki_monitoring"}
{"timestamp":"2025-06-24T07:58:53.533105","level":"info","event":"----------------Processing messages: <cimpl.Message object at 0x78e1ecd7cdc0>------------","logger":"unusual_prefix_05f7c68866a4b9981d661b83f7c582db0b838856_wiki_monitoring"}
{"timestamp":"2025-06-24T07:58:53.533211","level":"info","event":"-----------edit: {'title': 'Category:2018-02-05', 'user': 'EUResourcesBot', 'is_bot': True, 'server_name': 'commons.wikimedia.org', 'timestamp': 1750749200}-------------","logger":"unusual_prefix_05f7c68866a4b9981d661b83f7c582db0b838856_wiki_monitoring"}
{"timestamp":"2025-06-24T07:58:53.535266","level":"info","event":"----------------Processing messages: <cimpl.Message object at 0x78e1ecd7cb40>------------","logger":"unusual_prefix_05f7c68866a4b9981d661b83f7c582db0b838856_wiki_monitoring"}
{"timestamp":"2025-06-24T07:58:53.535361","level":"info","event":"-----------edit: {'title': 'Category:Attribution only license', 'user': 'EUResourcesBot', 'is_bot': True, 'server_name': 'commons.wikimedia.org', 'timestamp': 1750749200}-------------","logger":"unusual_prefix_05f7c68866a4b9981d661b83f7c582db0b838856_wiki_monitoring"}
{"timestamp":"2025-06-24T07:58:53.537335","level":"info","event":"----------------Processing messages: <cimpl.Message object at 0x78e1ecd7d140>------------","logger":"unusual_prefix_05f7c68866a4b9981d661b83f7c582db0b838856_wiki_monitoring"}
{"timestamp":"2025-06-24T07:58:53.537431","level":"info","event":"-----------edit: {'title': 'Category:European Union license', 'user': 'EUResourcesBot', 'is_bot': True, 'server_name': 'commons.wikimedia.org', 'timestamp': 1750749200}-------------","logger":"unusual_prefix_05f7c68866a4b9981d661b83f7c582db0b838856_wiki_monitoring"}
{"timestamp":"2025-06-24T07:58:53.539404","level":"info","event":"----------------Processing messages: <cimpl.Message object at 0x78e1ecd7d340>------------","logger":"unusual_prefix_05f7c68866a4b9981d661b83f7c582db0b838856_wiki_monitoring"}
{"timestamp":"2025-06-24T07:58:53.539497","level":"info","event":"-----------edit: {'title': 'Category:All articles with dead external links', 'user': 'GreenC bot', 'is_bot': True, 'server_name': 'en.wikipedia.org', 'timestamp': 1750749197}-------------","logger":"unusual_prefix_05f7c68866a4b9981d661b83f7c582db0b838856_wiki_monitoring"}
{"timestamp":"2025-06-24T07:58:53.541411","level":"info","event":"----------------Processing messages: <cimpl.Message object at 0x78e1ecd7c840>------------","logger":"unusual_prefix_05f7c68866a4b9981d661b83f7c582db0b838856_wiki_monitoring"}
{"timestamp":"2025-06-24T07:58:53.541505","level":"info","event":"-----------edit: {'title': 'Category:PD-EUGov', 'user': 'EUResourcesBot', 'is_bot': True, 'server_name': 'commons.wikimedia.org', 'timestamp': 1750749200}-------------","logger":"unusual_prefix_05f7c68866a4b9981d661b83f7c582db0b838856_wiki_monitoring"}
{"timestamp":"2025-06-24T07:58:53.543745","level":"info","event":"----------------Processing messages: <cimpl.Message object at 0x78e1ecd3ff40>------------","logger":"unusual_prefix_05f7c68866a4b9981d661b83f7c582db0b838856_wiki_monitoring"}
{"timestamp":"2025-06-24T07:58:53.543852","level":"info","event":"-----------edit: {'title': 'Q4582999', 'user': 'World Cup', 'is_bot': False, 'server_name': 'www.wikidata.org', 'timestamp': 1750749203}-------------","logger":"unusual_prefix_05f7c68866a4b9981d661b83f7c582db0b838856_wiki_monitoring"}
{"timestamp":"2025-06-24T07:58:53.546092","level":"info","event":"----------------Processing messages: <cimpl.Message object at 0x78e1ecd3f740>------------","logger":"unusual_prefix_05f7c68866a4b9981d661b83f7c582db0b838856_wiki_monitoring"}
{"timestamp":"2025-06-24T07:58:53.546188","level":"info","event":"-----------edit: {'title': 'Category:PD-EdictGov', 'user': 'EUResourcesBot', 'is_bot': True, 'server_name': 'commons.wikimedia.org', 'timestamp': 1750749200}-------------","logger":"unusual_prefix_05f7c68866a4b9981d661b83f7c582db0b838856_wiki_monitoring"}
{"timestamp":"2025-06-24T07:58:53.548276","level":"info","event":"----------------Processing messages: <cimpl.Message object at 0x78e1ecd3f7c0>------------","logger":"unusual_prefix_05f7c68866a4b9981d661b83f7c582db0b838856_wiki_monitoring"}
{"timestamp":"2025-06-24T07:58:53.548372","level":"info","event":"-----------edit: {'title': 'Category:Articles with dead external links from June 2025', 'user': 'GreenC bot', 'is_bot': True, 'server_name': 'en.wikipedia.org', 'timestamp': 1750749197}-------------","logger":"unusual_prefix_05f7c68866a4b9981d661b83f7c582db0b838856_wiki_monitoring"}
{"timestamp":"2025-06-24T07:58:53.550328","level":"info","event":"----------------Processing messages: <cimpl.Message object at 0x78e1ecd3fa40>------------","logger":"unusual_prefix_05f7c68866a4b9981d661b83f7c582db0b838856_wiki_monitoring"}
{"timestamp":"2025-06-24T07:58:53.550423","level":"info","event":"-----------edit: {'title': 'Gebruiker:Betwetter', 'user': 'Yannick1', 'is_bot': False, 'server_name': 'nl.wikipedia.org', 'timestamp': 1750749202}-------------","logger":"unusual_prefix_05f7c68866a4b9981d661b83f7c582db0b838856_wiki_monitoring"}
{"timestamp":"2025-06-24T07:58:53.552587","level":"info","event":"----------------Processing messages: <cimpl.Message object at 0x78e1ecd7c3c0>------------","logger":"unusual_prefix_05f7c68866a4b9981d661b83f7c582db0b838856_wiki_monitoring"}
{"timestamp":"2025-06-24T07:58:53.552687","level":"info","event":"-----------edit: {'title': 'Category:Official Journal of the European Union 2018, C Series', 'user': 'EUResourcesBot', 'is_bot': True, 'server_name': 'commons.wikimedia.org', 'timestamp': 1750749200}-------------","logger":"unusual_prefix_05f7c68866a4b9981d661b83f7c582db0b838856_wiki_monitoring"}
{"timestamp":"2025-06-24T07:58:53.554896","level":"info","event":"----------------Processing messages: <cimpl.Message object at 0x78e1ecd7d240>------------","logger":"unusual_prefix_05f7c68866a4b9981d661b83f7c582db0b838856_wiki_monitoring"}
{"timestamp":"2025-06-24T07:58:53.554996","level":"info","event":"-----------edit: {'title': 'File:Lanciano, cappella dei Raccomandati - Affreschi 14.jpg', 'user': 'Alicia Fagerving (WMSE)', 'is_bot': False, 'server_name': 'commons.wikimedia.org', 'timestamp': 1750749202}-------------","logger":"unusual_prefix_05f7c68866a4b9981d661b83f7c582db0b838856_wiki_monitoring"}
{"timestamp":"2025-06-24T07:58:53.557219","level":"info","event":"----------------Processing messages: <cimpl.Message object at 0x78e1ecd7d7c0>------------","logger":"unusual_prefix_05f7c68866a4b9981d661b83f7c582db0b838856_wiki_monitoring"}
{"timestamp":"2025-06-24T07:58:53.557336","level":"info","event":"-----------edit: {'title': 'Category:Bulgarian-language PDF files', 'user': 'EUResourcesBot', 'is_bot': True, 'server_name': 'commons.wikimedia.org', 'timestamp': 1750749200}-------------","logger":"unusual_prefix_05f7c68866a4b9981d661b83f7c582db0b838856_wiki_monitoring"}
{"timestamp":"2025-06-24T07:58:53.559614","level":"info","event":"----------------Processing messages: <cimpl.Message object at 0x78e1ecd7c0c0>------------","logger":"unusual_prefix_05f7c68866a4b9981d661b83f7c582db0b838856_wiki_monitoring"}
{"timestamp":"2025-06-24T07:58:53.559712","level":"info","event":"-----------edit: {'title': 'Q3726076', 'user': 'Danielyepezgarces', 'is_bot': False, 'server_name': 'www.wikidata.org', 'timestamp': 1750749203}-------------","logger":"unusual_prefix_05f7c68866a4b9981d661b83f7c582db0b838856_wiki_monitoring"}
{"timestamp":"2025-06-24T07:58:53.561948","level":"info","event":"----------------Processing messages: <cimpl.Message object at 0x78e1ecd7cd40>------------","logger":"unusual_prefix_05f7c68866a4b9981d661b83f7c582db0b838856_wiki_monitoring"}
{"timestamp":"2025-06-24T07:58:53.562049","level":"info","event":"-----------edit: {'title': 'Category:Official Journal of the European Union files uploaded by EUResourcesBot', 'user': 'EUResourcesBot', 'is_bot': True, 'server_name': 'commons.wikimedia.org', 'timestamp': 1750749200}-------------","logger":"unusual_prefix_05f7c68866a4b9981d661b83f7c582db0b838856_wiki_monitoring"}
{"timestamp":"2025-06-24T07:58:53.564566","level":"info","event":"----------------Processing messages: <cimpl.Message object at 0x78e1ecd7c440>------------","logger":"unusual_prefix_05f7c68866a4b9981d661b83f7c582db0b838856_wiki_monitoring"}
{"timestamp":"2025-06-24T07:58:53.564687","level":"info","event":"-----------edit: {'title': 'Categoria:Controvérsias sobre a Igreja Universal do Reino de Deus', 'user': 'LIrala', 'is_bot': False, 'server_name': 'pt.wikipedia.org', 'timestamp': 1750749203}-------------","logger":"unusual_prefix_05f7c68866a4b9981d661b83f7c582db0b838856_wiki_monitoring"}
{"timestamp":"2025-06-24T07:58:53.567324","level":"info","event":"----------------Processing messages: <cimpl.Message object at 0x78e1ecd7c040>------------","logger":"unusual_prefix_05f7c68866a4b9981d661b83f7c582db0b838856_wiki_monitoring"}
{"timestamp":"2025-06-24T07:58:53.567434","level":"info","event":"-----------edit: {'title': 'Category:Uploaded with OpenRefine', 'user': 'EUResourcesBot', 'is_bot': True, 'server_name': 'commons.wikimedia.org', 'timestamp': 1750749200}-------------","logger":"unusual_prefix_05f7c68866a4b9981d661b83f7c582db0b838856_wiki_monitoring"}
{"timestamp":"2025-06-24T07:58:53.569688","level":"info","event":"----------------Processing messages: <cimpl.Message object at 0x78e1ecd7c140>------------","logger":"unusual_prefix_05f7c68866a4b9981d661b83f7c582db0b838856_wiki_monitoring"}
{"timestamp":"2025-06-24T07:58:53.569787","level":"info","event":"-----------edit: {'title': 'Category:Creative Commons Attribution-Share Alike missing SDC copyright status', 'user': 'TyranCometh', 'is_bot': False, 'server_name': 'commons.wikimedia.org', 'timestamp': 1750749202}-------------","logger":"unusual_prefix_05f7c68866a4b9981d661b83f7c582db0b838856_wiki_monitoring"}
{"timestamp":"2025-06-24T07:58:53.572063","level":"info","event":"----------------Processing messages: <cimpl.Message object at 0x78e1ecd7d040>------------","logger":"unusual_prefix_05f7c68866a4b9981d661b83f7c582db0b838856_wiki_monitoring"}
{"timestamp":"2025-06-24T07:58:53.572163","level":"info","event":"-----------edit: {'title': 'Q110952294', 'user': 'Kristbaumbot', 'is_bot': True, 'server_name': 'www.wikidata.org', 'timestamp': 1750749203}-------------","logger":"unusual_prefix_05f7c68866a4b9981d661b83f7c582db0b838856_wiki_monitoring"}
{"timestamp":"2025-06-24T07:58:53.574603","level":"info","event":"----------------Processing messages: <cimpl.Message object at 0x78e1ecd3f740>------------","logger":"unusual_prefix_05f7c68866a4b9981d661b83f7c582db0b838856_wiki_monitoring"}
{"timestamp":"2025-06-24T07:58:53.574720","level":"info","event":"-----------edit: {'title': 'File:Tumuli northwest of Stonehenge - geograph.org.uk - 7823440.jpg', 'user': 'GeographBot', 'is_bot': True, 'server_name': 'commons.wikimedia.org', 'timestamp': 1750749202}-------------","logger":"unusual_prefix_05f7c68866a4b9981d661b83f7c582db0b838856_wiki_monitoring"}
{"timestamp":"2025-06-24T07:58:53.577115","level":"info","event":"----------------Processing messages: <cimpl.Message object at 0x78e1ecd3fcc0>------------","logger":"unusual_prefix_05f7c68866a4b9981d661b83f7c582db0b838856_wiki_monitoring"}
{"timestamp":"2025-06-24T07:58:53.577218","level":"info","event":"-----------edit: {'title': 'Category:CC-BY-SA-4.0', 'user': 'TyranCometh', 'is_bot': False, 'server_name': 'commons.wikimedia.org', 'timestamp': 1750749202}-------------","logger":"unusual_prefix_05f7c68866a4b9981d661b83f7c582db0b838856_wiki_monitoring"}
{"timestamp":"2025-06-24T07:58:53.579560","level":"info","event":"----------------Processing messages: <cimpl.Message object at 0x78e1ecd3f4c0>------------","logger":"unusual_prefix_05f7c68866a4b9981d661b83f7c582db0b838856_wiki_monitoring"}
{"timestamp":"2025-06-24T07:58:53.579665","level":"info","event":"-----------edit: {'title': 'File:Antton Valverde - Donostia Saria - 20250621 203256.jpg', 'user': 'Ksarasola', 'is_bot': False, 'server_name': 'commons.wikimedia.org', 'timestamp': 1750749202}-------------","logger":"unusual_prefix_05f7c68866a4b9981d661b83f7c582db0b838856_wiki_monitoring"}
{"timestamp":"2025-06-24T07:58:53.582029","level":"info","event":"----------------Processing messages: <cimpl.Message object at 0x78e1ecd7d3c0>------------","logger":"unusual_prefix_05f7c68866a4b9981d661b83f7c582db0b838856_wiki_monitoring"}
{"timestamp":"2025-06-24T07:58:53.582131","level":"info","event":"-----------edit: {'title': 'forboding', 'user': 'WingerBot', 'is_bot': True, 'server_name': 'en.wiktionary.org', 'timestamp': 1750749202}-------------","logger":"unusual_prefix_05f7c68866a4b9981d661b83f7c582db0b838856_wiki_monitoring"}
{"timestamp":"2025-06-24T07:58:53.584624","level":"info","event":"----------------Processing messages: <cimpl.Message object at 0x78e1ecd7c140>------------","logger":"unusual_prefix_05f7c68866a4b9981d661b83f7c582db0b838856_wiki_monitoring"}
{"timestamp":"2025-06-24T07:58:53.584729","level":"info","event":"-----------edit: {'title': 'Page:Poems Louisa Blake.djvu/38', 'user': 'Alien333', 'is_bot': False, 'server_name': 'en.wikisource.org', 'timestamp': 1750749203}-------------","logger":"unusual_prefix_05f7c68866a4b9981d661b83f7c582db0b838856_wiki_monitoring"}
{"timestamp":"2025-06-24T07:58:53.587114","level":"info","event":"----------------Processing messages: <cimpl.Message object at 0x78e1ecd7d740>------------","logger":"unusual_prefix_05f7c68866a4b9981d661b83f7c582db0b838856_wiki_monitoring"}
{"timestamp":"2025-06-24T07:58:53.587212","level":"info","event":"-----------edit: {'title': 'Category:Creative Commons Attribution-Share Alike 4.0 missing SDC copyright license', 'user': 'TyranCometh', 'is_bot': False, 'server_name': 'commons.wikimedia.org', 'timestamp': 1750749202}-------------","logger":"unusual_prefix_05f7c68866a4b9981d661b83f7c582db0b838856_wiki_monitoring"}
{"timestamp":"2025-06-24T07:58:53.589585","level":"info","event":"----------------Processing messages: <cimpl.Message object at 0x78e1ecd7c540>------------","logger":"unusual_prefix_05f7c68866a4b9981d661b83f7c582db0b838856_wiki_monitoring"}
{"timestamp":"2025-06-24T07:58:53.589688","level":"info","event":"-----------edit: {'title': 'Thể loại:Trang có lỗi chú thích', 'user': 'Lou.v1012', 'is_bot': False, 'server_name': 'vi.wikipedia.org', 'timestamp': 1750749200}-------------","logger":"unusual_prefix_05f7c68866a4b9981d661b83f7c582db0b838856_wiki_monitoring"}
{"timestamp":"2025-06-24T07:58:53.592648","level":"info","event":"----------------Processing messages: <cimpl.Message object at 0x78e1ecd7d6c0>------------","logger":"unusual_prefix_05f7c68866a4b9981d661b83f7c582db0b838856_wiki_monitoring"}
{"timestamp":"2025-06-24T07:58:53.592760","level":"info","event":"-----------edit: {'title': 'Category:Mycology', 'user': 'TyranCometh', 'is_bot': False, 'server_name': 'commons.wikimedia.org', 'timestamp': 1750749202}-------------","logger":"unusual_prefix_05f7c68866a4b9981d661b83f7c582db0b838856_wiki_monitoring"}
{"timestamp":"2025-06-24T07:58:53.595193","level":"info","event":"----------------Processing messages: <cimpl.Message object at 0x78e1ecd7d640>------------","logger":"unusual_prefix_05f7c68866a4b9981d661b83f7c582db0b838856_wiki_monitoring"}
{"timestamp":"2025-06-24T07:58:53.595298","level":"info","event":"-----------edit: {'title': 'Thể loại:Tọa độ không có sẵn trên Wikidata', 'user': 'Lou.v1012', 'is_bot': False, 'server_name': 'vi.wikipedia.org', 'timestamp': 1750749200}-------------","logger":"unusual_prefix_05f7c68866a4b9981d661b83f7c582db0b838856_wiki_monitoring"}
{"timestamp":"2025-06-24T07:58:53.597526","level":"info","event":"----------------Processing messages: <cimpl.Message object at 0x78e1ecd7cbc0>------------","logger":"unusual_prefix_05f7c68866a4b9981d661b83f7c582db0b838856_wiki_monitoring"}
{"timestamp":"2025-06-24T07:58:53.597630","level":"info","event":"-----------edit: {'title': 'Thể loại:Danh sách xã Việt Nam', 'user': 'Lou.v1012', 'is_bot': False, 'server_name': 'vi.wikipedia.org', 'timestamp': 1750749200}-------------","logger":"unusual_prefix_05f7c68866a4b9981d661b83f7c582db0b838856_wiki_monitoring"}
{"timestamp":"2025-06-24T07:58:53.599755","level":"info","event":"----------------Processing messages: <cimpl.Message object at 0x78e1ecd7ce40>------------","logger":"unusual_prefix_05f7c68866a4b9981d661b83f7c582db0b838856_wiki_monitoring"}
{"timestamp":"2025-06-24T07:58:53.599852","level":"info","event":"-----------edit: {'title': 'Q3726043', 'user': 'Danielyepezgarces', 'is_bot': False, 'server_name': 'www.wikidata.org', 'timestamp': 1750749203}-------------","logger":"unusual_prefix_05f7c68866a4b9981d661b83f7c582db0b838856_wiki_monitoring"}
{"timestamp":"2025-06-24T07:58:53.601907","level":"info","event":"----------------Processing messages: <cimpl.Message object at 0x78e1ecd7d840>------------","logger":"unusual_prefix_05f7c68866a4b9981d661b83f7c582db0b838856_wiki_monitoring"}
{"timestamp":"2025-06-24T07:58:53.602006","level":"info","event":"-----------edit: {'title': 'La promesa (serie de televisión española)', 'user': 'AdriánDíaz91', 'is_bot': False, 'server_name': 'es.wikipedia.org', 'timestamp': 1750749201}-------------","logger":"unusual_prefix_05f7c68866a4b9981d661b83f7c582db0b838856_wiki_monitoring"}
{"timestamp":"2025-06-24T07:58:53.604159","level":"info","event":"----------------Processing messages: <cimpl.Message object at 0x78e1ecd7cfc0>------------","logger":"unusual_prefix_05f7c68866a4b9981d661b83f7c582db0b838856_wiki_monitoring"}
{"timestamp":"2025-06-24T07:58:53.604262","level":"info","event":"-----------edit: {'title': 'Thể loại:Tất cả bài viết sơ khai', 'user': 'Lou.v1012', 'is_bot': False, 'server_name': 'vi.wikipedia.org', 'timestamp': 1750749200}-------------","logger":"unusual_prefix_05f7c68866a4b9981d661b83f7c582db0b838856_wiki_monitoring"}
{"timestamp":"2025-06-24T07:58:53.606588","level":"info","event":"----------------Processing messages: <cimpl.Message object at 0x78e1ecd3fdc0>------------","logger":"unusual_prefix_05f7c68866a4b9981d661b83f7c582db0b838856_wiki_monitoring"}
{"timestamp":"2025-06-24T07:58:53.606685","level":"info","event":"-----------edit: {'title': 'Thể loại:Sơ khai Bắc Ninh', 'user': 'Lou.v1012', 'is_bot': False, 'server_name': 'vi.wikipedia.org', 'timestamp': 1750749200}-------------","logger":"unusual_prefix_05f7c68866a4b9981d661b83f7c582db0b838856_wiki_monitoring"}
{"timestamp":"2025-06-24T07:58:53.608751","level":"info","event":"----------------Processing messages: <cimpl.Message object at 0x78e1ecd3f140>------------","logger":"unusual_prefix_05f7c68866a4b9981d661b83f7c582db0b838856_wiki_monitoring"}
{"timestamp":"2025-06-24T07:58:53.608847","level":"info","event":"-----------edit: {'title': 'Thể loại:Xã, phường, thị trấn Bắc Ninh', 'user': 'Lou.v1012', 'is_bot': False, 'server_name': 'vi.wikipedia.org', 'timestamp': 1750749200}-------------","logger":"unusual_prefix_05f7c68866a4b9981d661b83f7c582db0b838856_wiki_monitoring"}
{"timestamp":"2025-06-24T07:58:53.611008","level":"info","event":"----------------Processing messages: <cimpl.Message object at 0x78e1ecd3fe40>------------","logger":"unusual_prefix_05f7c68866a4b9981d661b83f7c582db0b838856_wiki_monitoring"}
{"timestamp":"2025-06-24T07:58:53.611112","level":"info","event":"-----------edit: {'title': 'Thể loại:Phường, xã, đặc khu Bắc Ninh', 'user': 'Lou.v1012', 'is_bot': False, 'server_name': 'vi.wikipedia.org', 'timestamp': 1750749200}-------------","logger":"unusual_prefix_05f7c68866a4b9981d661b83f7c582db0b838856_wiki_monitoring"}
{"timestamp":"2025-06-24T07:58:53.617929","level":"info","event":"Done. Returned value was: None","logger":"airflow.task.operators.airflow.providers.standard.operators.python.PythonOperator"}
